[2025-04-14T14:36:55.616+0000] {local_task_job_runner.py:123} INFO - ::group::Pre task execution logs
[2025-04-14T14:36:55.662+0000] {taskinstance.py:2614} INFO - Dependencies all met for dep_context=non-requeueable deps ti=<TaskInstance: dbt_airflow_example.run_dbt_staging manual__2025-04-14T14:21:35.452685+00:00 [queued]>
[2025-04-14T14:36:55.693+0000] {taskinstance.py:2614} INFO - Dependencies all met for dep_context=requeueable deps ti=<TaskInstance: dbt_airflow_example.run_dbt_staging manual__2025-04-14T14:21:35.452685+00:00 [queued]>
[2025-04-14T14:36:55.695+0000] {taskinstance.py:2867} INFO - Starting attempt 10 of 11
[2025-04-14T14:36:55.736+0000] {taskinstance.py:2890} INFO - Executing <Task(BashOperator): run_dbt_staging> on 2025-04-14 14:21:35.452685+00:00
[2025-04-14T14:36:55.755+0000] {standard_task_runner.py:104} INFO - Running: ['***', 'tasks', 'run', 'dbt_***_example', 'run_dbt_staging', 'manual__2025-04-14T14:21:35.452685+00:00', '--job-id', '464', '--raw', '--subdir', 'DAGS_FOLDER/run_dbt_model.py', '--cfg-path', '/tmp/tmphd47o_os']
[2025-04-14T14:36:55.774+0000] {logging_mixin.py:190} WARNING - /home/***/.local/lib/python3.12/site-packages/***/task/task_runner/standard_task_runner.py:70 DeprecationWarning: This process (pid=4751) is multi-threaded, use of fork() may lead to deadlocks in the child.
[2025-04-14T14:36:55.789+0000] {standard_task_runner.py:105} INFO - Job 464: Subtask run_dbt_staging
[2025-04-14T14:36:55.790+0000] {standard_task_runner.py:72} INFO - Started process 4752 to run task
[2025-04-14T14:36:55.881+0000] {task_command.py:467} INFO - Running <TaskInstance: dbt_airflow_example.run_dbt_staging manual__2025-04-14T14:21:35.452685+00:00 [running]> on host b7be566335ce
[2025-04-14T14:36:55.991+0000] {taskinstance.py:3134} INFO - Exporting env vars: AIRFLOW_CTX_DAG_OWNER='***' AIRFLOW_CTX_DAG_ID='dbt_***_example' AIRFLOW_CTX_TASK_ID='run_dbt_staging' AIRFLOW_CTX_EXECUTION_DATE='2025-04-14T14:21:35.452685+00:00' AIRFLOW_CTX_TRY_NUMBER='10' AIRFLOW_CTX_DAG_RUN_ID='manual__2025-04-14T14:21:35.452685+00:00'
[2025-04-14T14:36:55.992+0000] {taskinstance.py:732} INFO - ::endgroup::
[2025-04-14T14:36:56.009+0000] {subprocess.py:78} INFO - Tmp dir root location: /tmp
[2025-04-14T14:36:56.011+0000] {subprocess.py:88} INFO - Running command: ['/usr/bin/bash', '-c', 'cd /opt/***/dbt && dbt run --models stg_flights']
[2025-04-14T14:36:56.021+0000] {subprocess.py:99} INFO - Output:
[2025-04-14T14:37:01.730+0000] {subprocess.py:106} INFO - [0m14:37:01  Running with dbt=1.7.9
[2025-04-14T14:37:04.136+0000] {subprocess.py:106} INFO - [0m14:37:04  Registered adapter: bigquery=1.7.9
[2025-04-14T14:37:05.260+0000] {subprocess.py:106} INFO - [0m14:37:05  Found 2 models, 1 source, 0 exposures, 0 metrics, 454 macros, 0 groups, 0 semantic models
[2025-04-14T14:37:05.268+0000] {subprocess.py:106} INFO - [0m14:37:05
[2025-04-14T14:37:06.093+0000] {subprocess.py:106} INFO - [0m14:37:06  Concurrency: 1 threads (target='dev')
[2025-04-14T14:37:06.096+0000] {subprocess.py:106} INFO - [0m14:37:06
[2025-04-14T14:37:06.493+0000] {subprocess.py:106} INFO - [0m14:37:06  1 of 1 START sql view model db_project_dataset.stg_flights ..................... [RUN]
[2025-04-14T14:37:07.701+0000] {subprocess.py:106} INFO - [0m14:37:07  1 of 1 OK created sql view model db_project_dataset.stg_flights ................ [[32mCREATE VIEW (0 processed)[0m in 1.21s]
[2025-04-14T14:37:07.708+0000] {subprocess.py:106} INFO - [0m14:37:07
[2025-04-14T14:37:07.709+0000] {subprocess.py:106} INFO - [0m14:37:07  Finished running 1 view model in 0 hours 0 minutes and 2.44 seconds (2.44s).
[2025-04-14T14:37:07.732+0000] {subprocess.py:106} INFO - [0m14:37:07
[2025-04-14T14:37:07.733+0000] {subprocess.py:106} INFO - [0m14:37:07  [32mCompleted successfully[0m
[2025-04-14T14:37:07.734+0000] {subprocess.py:106} INFO - [0m14:37:07
[2025-04-14T14:37:07.736+0000] {subprocess.py:106} INFO - [0m14:37:07  Done. PASS=1 WARN=0 ERROR=0 SKIP=0 TOTAL=1
[2025-04-14T14:37:09.829+0000] {subprocess.py:110} INFO - Command exited with return code 0
[2025-04-14T14:37:10.013+0000] {taskinstance.py:341} INFO - ::group::Post task execution logs
[2025-04-14T14:37:10.014+0000] {taskinstance.py:353} INFO - Marking task as SUCCESS. dag_id=dbt_***_example, task_id=run_dbt_staging, run_id=manual__2025-04-14T14:21:35.452685+00:00, execution_date=20250414T142135, start_date=20250414T143655, end_date=20250414T143710
[2025-04-14T14:37:10.103+0000] {local_task_job_runner.py:266} INFO - Task exited with return code 0
[2025-04-14T14:37:10.137+0000] {taskinstance.py:3901} INFO - 0 downstream tasks scheduled from follow-on schedule check
[2025-04-14T14:37:10.141+0000] {local_task_job_runner.py:245} INFO - ::endgroup::
