[2025-04-18T12:06:02.687+0000] {local_task_job_runner.py:123} INFO - ::group::Pre task execution logs
[2025-04-18T12:06:02.736+0000] {taskinstance.py:2614} INFO - Dependencies all met for dep_context=non-requeueable deps ti=<TaskInstance: kaggle_to_gcs.download_csv_from_kaggle scheduled__2005-01-01T00:00:00+00:00 [queued]>
[2025-04-18T12:06:02.766+0000] {taskinstance.py:2614} INFO - Dependencies all met for dep_context=requeueable deps ti=<TaskInstance: kaggle_to_gcs.download_csv_from_kaggle scheduled__2005-01-01T00:00:00+00:00 [queued]>
[2025-04-18T12:06:02.768+0000] {taskinstance.py:2867} INFO - Starting attempt 1 of 2
[2025-04-18T12:06:02.829+0000] {taskinstance.py:2890} INFO - Executing <Task(PythonOperator): download_csv_from_kaggle> on 2005-01-01 00:00:00+00:00
[2025-04-18T12:06:02.857+0000] {standard_task_runner.py:104} INFO - Running: ['***', 'tasks', 'run', 'kaggle_to_gcs', 'download_csv_from_kaggle', 'scheduled__2005-01-01T00:00:00+00:00', '--job-id', '567', '--raw', '--subdir', 'DAGS_FOLDER/kaggle_to_gcs.py', '--cfg-path', '/tmp/tmp1k85273l']
[2025-04-18T12:06:02.857+0000] {logging_mixin.py:190} WARNING - /home/***/.local/lib/python3.12/site-packages/***/task/task_runner/standard_task_runner.py:70 DeprecationWarning: This process (pid=2410) is multi-threaded, use of fork() may lead to deadlocks in the child.
[2025-04-18T12:06:02.866+0000] {standard_task_runner.py:72} INFO - Started process 2412 to run task
[2025-04-18T12:06:02.865+0000] {standard_task_runner.py:105} INFO - Job 567: Subtask download_csv_from_kaggle
[2025-04-18T12:06:03.580+0000] {task_command.py:467} INFO - Running <TaskInstance: kaggle_to_gcs.download_csv_from_kaggle scheduled__2005-01-01T00:00:00+00:00 [running]> on host f21ba0bbe878
[2025-04-18T12:06:06.548+0000] {taskinstance.py:3134} INFO - Exporting env vars: AIRFLOW_CTX_DAG_OWNER='***' AIRFLOW_CTX_DAG_ID='kaggle_to_gcs' AIRFLOW_CTX_TASK_ID='download_csv_from_kaggle' AIRFLOW_CTX_EXECUTION_DATE='2005-01-01T00:00:00+00:00' AIRFLOW_CTX_TRY_NUMBER='1' AIRFLOW_CTX_DAG_RUN_ID='scheduled__2005-01-01T00:00:00+00:00'
[2025-04-18T12:06:06.552+0000] {taskinstance.py:732} INFO - ::endgroup::
[2025-04-18T12:06:06.622+0000] {logging_mixin.py:190} INFO - Dataset URL: https://www.kaggle.com/datasets/viggo123/data-fight-usa-dataset
[2025-04-18T12:07:43.516+0000] {logging_mixin.py:190} INFO - Downloading 2005.csv to /tmp/kaggle_downloads
[2025-04-18T12:07:43.555+0000] {logging_mixin.py:190} WARNING -   0%|          | 0.00/640M [00:00<?, ?B/s]
[2025-04-18T12:07:43.657+0000] {logging_mixin.py:190} WARNING -   7%|7         | 47.0M/640M [00:00<00:01, 491MB/s]
[2025-04-18T12:07:43.757+0000] {logging_mixin.py:190} WARNING -  18%|#8        | 116M/640M [00:00<00:00, 626MB/s] 
[2025-04-18T12:07:43.858+0000] {logging_mixin.py:190} WARNING -  28%|##8       | 182M/640M [00:00<00:00, 652MB/s]
[2025-04-18T12:07:44.240+0000] {logging_mixin.py:190} WARNING -  38%|###8      | 245M/640M [00:00<00:01, 311MB/s]
[2025-04-18T12:07:44.422+0000] {logging_mixin.py:190} WARNING -  45%|####5     | 290M/640M [00:00<00:01, 294MB/s]
[2025-04-18T12:07:44.532+0000] {logging_mixin.py:190} WARNING -  51%|#####1    | 328M/640M [00:00<00:01, 309MB/s]
[2025-04-18T12:07:44.636+0000] {logging_mixin.py:190} WARNING -  60%|#####9    | 383M/640M [00:01<00:00, 365MB/s]
[2025-04-18T12:07:44.850+0000] {logging_mixin.py:190} WARNING -  66%|######6   | 425M/640M [00:01<00:00, 301MB/s]
[2025-04-18T12:07:44.956+0000] {logging_mixin.py:190} WARNING -  75%|#######4  | 478M/640M [00:01<00:00, 350MB/s]
[2025-04-18T12:07:45.058+0000] {logging_mixin.py:190} WARNING -  82%|########2 | 525M/640M [00:01<00:00, 382MB/s]
[2025-04-18T12:07:45.159+0000] {logging_mixin.py:190} WARNING -  93%|#########2| 593M/640M [00:01<00:00, 462MB/s]
[2025-04-18T12:07:45.255+0000] {logging_mixin.py:190} WARNING - 100%|##########| 640M/640M [00:01<00:00, 395MB/s]
[2025-04-18T12:07:45.313+0000] {python.py:240} INFO - Done. Returned value was: /tmp/kaggle_downloads/2005.csv
[2025-04-18T12:07:45.361+0000] {taskinstance.py:341} INFO - ::group::Post task execution logs
[2025-04-18T12:07:45.362+0000] {taskinstance.py:353} INFO - Marking task as SUCCESS. dag_id=kaggle_to_gcs, task_id=download_csv_from_kaggle, run_id=scheduled__2005-01-01T00:00:00+00:00, execution_date=20050101T000000, start_date=20250418T120602, end_date=20250418T120745
[2025-04-18T12:07:45.435+0000] {local_task_job_runner.py:266} INFO - Task exited with return code 0
[2025-04-18T12:07:45.508+0000] {taskinstance.py:3901} INFO - 1 downstream tasks scheduled from follow-on schedule check
[2025-04-18T12:07:45.512+0000] {local_task_job_runner.py:245} INFO - ::endgroup::
