[2025-04-18T20:32:16.576+0000] {local_task_job_runner.py:123} INFO - ::group::Pre task execution logs
[2025-04-18T20:32:16.596+0000] {taskinstance.py:2614} INFO - Dependencies all met for dep_context=non-requeueable deps ti=<TaskInstance: run_dbt.run_dbt_deps manual__2025-04-18T19:56:57.798037+00:00 [queued]>
[2025-04-18T20:32:16.605+0000] {taskinstance.py:2614} INFO - Dependencies all met for dep_context=requeueable deps ti=<TaskInstance: run_dbt.run_dbt_deps manual__2025-04-18T19:56:57.798037+00:00 [queued]>
[2025-04-18T20:32:16.606+0000] {taskinstance.py:2867} INFO - Starting attempt 7 of 8
[2025-04-18T20:32:16.623+0000] {taskinstance.py:2890} INFO - Executing <Task(BashOperator): run_dbt_deps> on 2025-04-18 19:56:57.798037+00:00
[2025-04-18T20:32:16.632+0000] {logging_mixin.py:190} WARNING - /home/***/.local/lib/python3.12/site-packages/***/task/task_runner/standard_task_runner.py:70 DeprecationWarning: This process (pid=44426) is multi-threaded, use of fork() may lead to deadlocks in the child.
[2025-04-18T20:32:16.631+0000] {standard_task_runner.py:104} INFO - Running: ['***', 'tasks', 'run', 'run_dbt', 'run_dbt_deps', 'manual__2025-04-18T19:56:57.798037+00:00', '--job-id', '638', '--raw', '--subdir', 'DAGS_FOLDER/run_dbt_model.py', '--cfg-path', '/tmp/tmptwyk26ua']
[2025-04-18T20:32:16.633+0000] {standard_task_runner.py:72} INFO - Started process 44427 to run task
[2025-04-18T20:32:16.633+0000] {standard_task_runner.py:105} INFO - Job 638: Subtask run_dbt_deps
[2025-04-18T20:32:16.699+0000] {task_command.py:467} INFO - Running <TaskInstance: run_dbt.run_dbt_deps manual__2025-04-18T19:56:57.798037+00:00 [running]> on host f21ba0bbe878
[2025-04-18T20:32:16.829+0000] {taskinstance.py:3134} INFO - Exporting env vars: AIRFLOW_CTX_DAG_OWNER='***' AIRFLOW_CTX_DAG_ID='run_dbt' AIRFLOW_CTX_TASK_ID='run_dbt_deps' AIRFLOW_CTX_EXECUTION_DATE='2025-04-18T19:56:57.798037+00:00' AIRFLOW_CTX_TRY_NUMBER='7' AIRFLOW_CTX_DAG_RUN_ID='manual__2025-04-18T19:56:57.798037+00:00'
[2025-04-18T20:32:16.832+0000] {taskinstance.py:732} INFO - ::endgroup::
[2025-04-18T20:32:16.861+0000] {subprocess.py:78} INFO - Tmp dir root location: /tmp
[2025-04-18T20:32:16.864+0000] {subprocess.py:88} INFO - Running command: ['/usr/bin/bash', '-c', 'cd /opt/***/dbt && dbt deps']
[2025-04-18T20:32:16.877+0000] {subprocess.py:99} INFO - Output:
[2025-04-18T20:32:19.814+0000] {subprocess.py:106} INFO - [0m20:32:19  Running with dbt=1.8.1
[2025-04-18T20:32:20.629+0000] {subprocess.py:106} INFO - [0m20:32:20  Installing dbt-labs/dbt_utils
[2025-04-18T20:32:24.400+0000] {subprocess.py:106} INFO - [0m20:32:24  Installed from version 1.3.0
[2025-04-18T20:32:24.401+0000] {subprocess.py:106} INFO - [0m20:32:24  Up to date!
[2025-04-18T20:32:25.276+0000] {subprocess.py:110} INFO - Command exited with return code 0
[2025-04-18T20:32:25.301+0000] {taskinstance.py:341} INFO - ::group::Post task execution logs
[2025-04-18T20:32:25.302+0000] {taskinstance.py:353} INFO - Marking task as SUCCESS. dag_id=run_dbt, task_id=run_dbt_deps, run_id=manual__2025-04-18T19:56:57.798037+00:00, execution_date=20250418T195657, start_date=20250418T203216, end_date=20250418T203225
[2025-04-18T20:32:25.366+0000] {local_task_job_runner.py:266} INFO - Task exited with return code 0
[2025-04-18T20:32:25.375+0000] {local_task_job_runner.py:245} INFO - ::endgroup::
