[2025-04-18T20:19:50.847+0000] {local_task_job_runner.py:123} INFO - ::group::Pre task execution logs
[2025-04-18T20:19:50.867+0000] {taskinstance.py:2614} INFO - Dependencies all met for dep_context=non-requeueable deps ti=<TaskInstance: run_dbt.run_dbt_deps manual__2025-04-18T19:56:57.798037+00:00 [queued]>
[2025-04-18T20:19:50.876+0000] {taskinstance.py:2614} INFO - Dependencies all met for dep_context=requeueable deps ti=<TaskInstance: run_dbt.run_dbt_deps manual__2025-04-18T19:56:57.798037+00:00 [queued]>
[2025-04-18T20:19:50.877+0000] {taskinstance.py:2867} INFO - Starting attempt 3 of 4
[2025-04-18T20:19:50.891+0000] {taskinstance.py:2890} INFO - Executing <Task(BashOperator): run_dbt_deps> on 2025-04-18 19:56:57.798037+00:00
[2025-04-18T20:19:50.899+0000] {logging_mixin.py:190} WARNING - /home/***/.local/lib/python3.12/site-packages/***/task/task_runner/standard_task_runner.py:70 DeprecationWarning: This process (pid=43431) is multi-threaded, use of fork() may lead to deadlocks in the child.
[2025-04-18T20:19:50.900+0000] {standard_task_runner.py:72} INFO - Started process 43434 to run task
[2025-04-18T20:19:50.899+0000] {standard_task_runner.py:104} INFO - Running: ['***', 'tasks', 'run', 'run_dbt', 'run_dbt_deps', 'manual__2025-04-18T19:56:57.798037+00:00', '--job-id', '626', '--raw', '--subdir', 'DAGS_FOLDER/run_dbt_model.py', '--cfg-path', '/tmp/tmptzxay4ji']
[2025-04-18T20:19:50.901+0000] {standard_task_runner.py:105} INFO - Job 626: Subtask run_dbt_deps
[2025-04-18T20:19:50.955+0000] {task_command.py:467} INFO - Running <TaskInstance: run_dbt.run_dbt_deps manual__2025-04-18T19:56:57.798037+00:00 [running]> on host f21ba0bbe878
[2025-04-18T20:19:51.043+0000] {taskinstance.py:3134} INFO - Exporting env vars: AIRFLOW_CTX_DAG_OWNER='***' AIRFLOW_CTX_DAG_ID='run_dbt' AIRFLOW_CTX_TASK_ID='run_dbt_deps' AIRFLOW_CTX_EXECUTION_DATE='2025-04-18T19:56:57.798037+00:00' AIRFLOW_CTX_TRY_NUMBER='3' AIRFLOW_CTX_DAG_RUN_ID='manual__2025-04-18T19:56:57.798037+00:00'
[2025-04-18T20:19:51.044+0000] {taskinstance.py:732} INFO - ::endgroup::
[2025-04-18T20:19:51.060+0000] {subprocess.py:78} INFO - Tmp dir root location: /tmp
[2025-04-18T20:19:51.061+0000] {subprocess.py:88} INFO - Running command: ['/usr/bin/bash', '-c', 'cd /opt/***/dbt && dbt deps']
[2025-04-18T20:19:51.071+0000] {subprocess.py:99} INFO - Output:
[2025-04-18T20:19:53.549+0000] {subprocess.py:106} INFO - [0m20:19:53  Running with dbt=1.8.1
[2025-04-18T20:19:56.651+0000] {subprocess.py:106} INFO - [0m20:19:56  Installing dbt-labs/dbt_utils
[2025-04-18T20:20:00.211+0000] {subprocess.py:106} INFO - [0m20:20:00  Installed from version 1.3.0
[2025-04-18T20:20:00.212+0000] {subprocess.py:106} INFO - [0m20:20:00  Up to date!
[2025-04-18T20:20:01.452+0000] {subprocess.py:110} INFO - Command exited with return code 0
[2025-04-18T20:20:01.490+0000] {taskinstance.py:341} INFO - ::group::Post task execution logs
[2025-04-18T20:20:01.491+0000] {taskinstance.py:353} INFO - Marking task as SUCCESS. dag_id=run_dbt, task_id=run_dbt_deps, run_id=manual__2025-04-18T19:56:57.798037+00:00, execution_date=20250418T195657, start_date=20250418T201950, end_date=20250418T202001
[2025-04-18T20:20:01.572+0000] {local_task_job_runner.py:266} INFO - Task exited with return code 0
[2025-04-18T20:20:01.612+0000] {taskinstance.py:3901} INFO - 1 downstream tasks scheduled from follow-on schedule check
[2025-04-18T20:20:01.615+0000] {local_task_job_runner.py:245} INFO - ::endgroup::
