[2025-04-14T17:20:45.239+0000] {local_task_job_runner.py:123} INFO - ::group::Pre task execution logs
[2025-04-14T17:20:45.289+0000] {taskinstance.py:2614} INFO - Dependencies all met for dep_context=non-requeueable deps ti=<TaskInstance: dbt_airflow.run_dbt_core manual__2025-04-14T15:18:53.940263+00:00 [queued]>
[2025-04-14T17:20:45.317+0000] {taskinstance.py:2614} INFO - Dependencies all met for dep_context=requeueable deps ti=<TaskInstance: dbt_airflow.run_dbt_core manual__2025-04-14T15:18:53.940263+00:00 [queued]>
[2025-04-14T17:20:45.319+0000] {taskinstance.py:2867} INFO - Starting attempt 12 of 13
[2025-04-14T17:20:45.350+0000] {taskinstance.py:2890} INFO - Executing <Task(BashOperator): run_dbt_core> on 2025-04-14 15:18:53.940263+00:00
[2025-04-14T17:20:45.363+0000] {standard_task_runner.py:104} INFO - Running: ['***', 'tasks', 'run', 'dbt_***', 'run_dbt_core', 'manual__2025-04-14T15:18:53.940263+00:00', '--job-id', '514', '--raw', '--subdir', 'DAGS_FOLDER/run_dbt_model.py', '--cfg-path', '/tmp/tmp2iezzv6x']
[2025-04-14T17:20:45.368+0000] {standard_task_runner.py:105} INFO - Job 514: Subtask run_dbt_core
[2025-04-14T17:20:45.368+0000] {logging_mixin.py:190} WARNING - /home/***/.local/lib/python3.12/site-packages/***/task/task_runner/standard_task_runner.py:70 DeprecationWarning: This process (pid=13767) is multi-threaded, use of fork() may lead to deadlocks in the child.
[2025-04-14T17:20:45.372+0000] {standard_task_runner.py:72} INFO - Started process 13770 to run task
[2025-04-14T17:20:45.477+0000] {task_command.py:467} INFO - Running <TaskInstance: dbt_airflow.run_dbt_core manual__2025-04-14T15:18:53.940263+00:00 [running]> on host b7be566335ce
[2025-04-14T17:20:45.768+0000] {taskinstance.py:3134} INFO - Exporting env vars: AIRFLOW_CTX_DAG_OWNER='***' AIRFLOW_CTX_DAG_ID='dbt_***' AIRFLOW_CTX_TASK_ID='run_dbt_core' AIRFLOW_CTX_EXECUTION_DATE='2025-04-14T15:18:53.940263+00:00' AIRFLOW_CTX_TRY_NUMBER='12' AIRFLOW_CTX_DAG_RUN_ID='manual__2025-04-14T15:18:53.940263+00:00'
[2025-04-14T17:20:45.774+0000] {taskinstance.py:732} INFO - ::endgroup::
[2025-04-14T17:20:45.801+0000] {subprocess.py:78} INFO - Tmp dir root location: /tmp
[2025-04-14T17:20:45.805+0000] {subprocess.py:88} INFO - Running command: ['/usr/bin/bash', '-c', 'cd /opt/***/dbt && dbt run --models core_flights']
[2025-04-14T17:20:45.820+0000] {subprocess.py:99} INFO - Output:
[2025-04-14T17:20:51.429+0000] {subprocess.py:106} INFO - [0m17:20:51  Running with dbt=1.7.9
[2025-04-14T17:20:55.463+0000] {subprocess.py:106} INFO - [0m17:20:55  Registered adapter: bigquery=1.7.9
[2025-04-14T17:20:56.979+0000] {subprocess.py:106} INFO - [0m17:20:56  Found 1 seed, 3 models, 1 source, 0 exposures, 0 metrics, 571 macros, 0 groups, 0 semantic models
[2025-04-14T17:20:56.985+0000] {subprocess.py:106} INFO - [0m17:20:56
[2025-04-14T17:20:57.855+0000] {subprocess.py:106} INFO - [0m17:20:57  Concurrency: 1 threads (target='dev')
[2025-04-14T17:20:57.857+0000] {subprocess.py:106} INFO - [0m17:20:57
[2025-04-14T17:20:57.888+0000] {subprocess.py:106} INFO - [0m17:20:57  1 of 1 START sql table model db_project_dataset.core_flights ................... [RUN]
[2025-04-14T17:21:02.173+0000] {subprocess.py:106} INFO - [0m17:21:02  1 of 1 OK created sql table model db_project_dataset.core_flights .............. [[32mCREATE TABLE (27.0m rows, 2.6 GiB processed)[0m in 4.28s]
[2025-04-14T17:21:02.182+0000] {subprocess.py:106} INFO - [0m17:21:02
[2025-04-14T17:21:02.184+0000] {subprocess.py:106} INFO - [0m17:21:02  Finished running 1 table model in 0 hours 0 minutes and 5.20 seconds (5.20s).
[2025-04-14T17:21:02.226+0000] {subprocess.py:106} INFO - [0m17:21:02
[2025-04-14T17:21:02.228+0000] {subprocess.py:106} INFO - [0m17:21:02  [32mCompleted successfully[0m
[2025-04-14T17:21:02.233+0000] {subprocess.py:106} INFO - [0m17:21:02
[2025-04-14T17:21:02.235+0000] {subprocess.py:106} INFO - [0m17:21:02  Done. PASS=1 WARN=0 ERROR=0 SKIP=0 TOTAL=1
[2025-04-14T17:21:03.288+0000] {subprocess.py:110} INFO - Command exited with return code 0
[2025-04-14T17:21:03.313+0000] {taskinstance.py:341} INFO - ::group::Post task execution logs
[2025-04-14T17:21:03.314+0000] {taskinstance.py:353} INFO - Marking task as SUCCESS. dag_id=dbt_***, task_id=run_dbt_core, run_id=manual__2025-04-14T15:18:53.940263+00:00, execution_date=20250414T151853, start_date=20250414T172045, end_date=20250414T172103
[2025-04-14T17:21:03.367+0000] {local_task_job_runner.py:266} INFO - Task exited with return code 0
[2025-04-14T17:21:03.386+0000] {taskinstance.py:3901} INFO - 0 downstream tasks scheduled from follow-on schedule check
[2025-04-14T17:21:03.389+0000] {local_task_job_runner.py:245} INFO - ::endgroup::
