[2025-04-14T17:41:01.834+0000] {local_task_job_runner.py:123} INFO - ::group::Pre task execution logs
[2025-04-14T17:41:01.858+0000] {taskinstance.py:2614} INFO - Dependencies all met for dep_context=non-requeueable deps ti=<TaskInstance: dbt_airflow.run_dbt_core manual__2025-04-14T15:18:53.940263+00:00 [queued]>
[2025-04-14T17:41:01.869+0000] {taskinstance.py:2614} INFO - Dependencies all met for dep_context=requeueable deps ti=<TaskInstance: dbt_airflow.run_dbt_core manual__2025-04-14T15:18:53.940263+00:00 [queued]>
[2025-04-14T17:41:01.870+0000] {taskinstance.py:2867} INFO - Starting attempt 15 of 16
[2025-04-14T17:41:01.884+0000] {taskinstance.py:2890} INFO - Executing <Task(BashOperator): run_dbt_core> on 2025-04-14 15:18:53.940263+00:00
[2025-04-14T17:41:01.892+0000] {logging_mixin.py:190} WARNING - /home/***/.local/lib/python3.12/site-packages/***/task/task_runner/standard_task_runner.py:70 DeprecationWarning: This process (pid=14921) is multi-threaded, use of fork() may lead to deadlocks in the child.
[2025-04-14T17:41:01.893+0000] {standard_task_runner.py:72} INFO - Started process 14922 to run task
[2025-04-14T17:41:01.892+0000] {standard_task_runner.py:104} INFO - Running: ['***', 'tasks', 'run', 'dbt_***', 'run_dbt_core', 'manual__2025-04-14T15:18:53.940263+00:00', '--job-id', '525', '--raw', '--subdir', 'DAGS_FOLDER/run_dbt_model.py', '--cfg-path', '/tmp/tmpqs3ulul_']
[2025-04-14T17:41:01.894+0000] {standard_task_runner.py:105} INFO - Job 525: Subtask run_dbt_core
[2025-04-14T17:41:01.948+0000] {task_command.py:467} INFO - Running <TaskInstance: dbt_airflow.run_dbt_core manual__2025-04-14T15:18:53.940263+00:00 [running]> on host b7be566335ce
[2025-04-14T17:41:02.036+0000] {taskinstance.py:3134} INFO - Exporting env vars: AIRFLOW_CTX_DAG_OWNER='***' AIRFLOW_CTX_DAG_ID='dbt_***' AIRFLOW_CTX_TASK_ID='run_dbt_core' AIRFLOW_CTX_EXECUTION_DATE='2025-04-14T15:18:53.940263+00:00' AIRFLOW_CTX_TRY_NUMBER='15' AIRFLOW_CTX_DAG_RUN_ID='manual__2025-04-14T15:18:53.940263+00:00'
[2025-04-14T17:41:02.037+0000] {taskinstance.py:732} INFO - ::endgroup::
[2025-04-14T17:41:02.054+0000] {subprocess.py:78} INFO - Tmp dir root location: /tmp
[2025-04-14T17:41:02.055+0000] {subprocess.py:88} INFO - Running command: ['/usr/bin/bash', '-c', 'cd /opt/***/dbt && dbt run --models core_flights']
[2025-04-14T17:41:02.064+0000] {subprocess.py:99} INFO - Output:
[2025-04-14T17:41:06.730+0000] {subprocess.py:106} INFO - [0m17:41:06  Running with dbt=1.7.9
[2025-04-14T17:41:08.757+0000] {subprocess.py:106} INFO - [0m17:41:08  Registered adapter: bigquery=1.7.9
[2025-04-14T17:41:09.928+0000] {subprocess.py:106} INFO - [0m17:41:09  Found 1 seed, 3 models, 1 source, 0 exposures, 0 metrics, 571 macros, 0 groups, 0 semantic models
[2025-04-14T17:41:09.933+0000] {subprocess.py:106} INFO - [0m17:41:09
[2025-04-14T17:41:10.785+0000] {subprocess.py:106} INFO - [0m17:41:10  Concurrency: 1 threads (target='dev')
[2025-04-14T17:41:10.787+0000] {subprocess.py:106} INFO - [0m17:41:10
[2025-04-14T17:41:10.801+0000] {subprocess.py:106} INFO - [0m17:41:10  1 of 1 START sql table model db_project_dataset.core_flights ................... [RUN]
[2025-04-14T17:41:15.060+0000] {subprocess.py:106} INFO - [0m17:41:15  1 of 1 OK created sql table model db_project_dataset.core_flights .............. [[32mCREATE TABLE (27.0m rows, 2.6 GiB processed)[0m in 4.26s]
[2025-04-14T17:41:15.066+0000] {subprocess.py:106} INFO - [0m17:41:15
[2025-04-14T17:41:15.068+0000] {subprocess.py:106} INFO - [0m17:41:15  Finished running 1 table model in 0 hours 0 minutes and 5.13 seconds (5.13s).
[2025-04-14T17:41:15.096+0000] {subprocess.py:106} INFO - [0m17:41:15
[2025-04-14T17:41:15.097+0000] {subprocess.py:106} INFO - [0m17:41:15  [32mCompleted successfully[0m
[2025-04-14T17:41:15.098+0000] {subprocess.py:106} INFO - [0m17:41:15
[2025-04-14T17:41:15.099+0000] {subprocess.py:106} INFO - [0m17:41:15  Done. PASS=1 WARN=0 ERROR=0 SKIP=0 TOTAL=1
[2025-04-14T17:41:16.223+0000] {subprocess.py:110} INFO - Command exited with return code 0
[2025-04-14T17:41:16.259+0000] {taskinstance.py:341} INFO - ::group::Post task execution logs
[2025-04-14T17:41:16.261+0000] {taskinstance.py:353} INFO - Marking task as SUCCESS. dag_id=dbt_***, task_id=run_dbt_core, run_id=manual__2025-04-14T15:18:53.940263+00:00, execution_date=20250414T151853, start_date=20250414T174101, end_date=20250414T174116
[2025-04-14T17:41:16.328+0000] {local_task_job_runner.py:266} INFO - Task exited with return code 0
[2025-04-14T17:41:16.344+0000] {taskinstance.py:3901} INFO - 0 downstream tasks scheduled from follow-on schedule check
[2025-04-14T17:41:16.346+0000] {local_task_job_runner.py:245} INFO - ::endgroup::
