[2025-04-18T16:48:11.277+0000] {local_task_job_runner.py:123} INFO - ::group::Pre task execution logs
[2025-04-18T16:48:11.327+0000] {taskinstance.py:2614} INFO - Dependencies all met for dep_context=non-requeueable deps ti=<TaskInstance: kaggle_seeds_to_gcs.download_seeds_from_kaggle scheduled__2025-01-01T00:00:00+00:00 [queued]>
[2025-04-18T16:48:11.357+0000] {taskinstance.py:2614} INFO - Dependencies all met for dep_context=requeueable deps ti=<TaskInstance: kaggle_seeds_to_gcs.download_seeds_from_kaggle scheduled__2025-01-01T00:00:00+00:00 [queued]>
[2025-04-18T16:48:11.359+0000] {taskinstance.py:2867} INFO - Starting attempt 4 of 5
[2025-04-18T16:48:11.412+0000] {taskinstance.py:2890} INFO - Executing <Task(PythonOperator): download_seeds_from_kaggle> on 2025-01-01 00:00:00+00:00
[2025-04-18T16:48:11.447+0000] {standard_task_runner.py:104} INFO - Running: ['***', 'tasks', 'run', 'kaggle_seeds_to_gcs', 'download_seeds_from_kaggle', 'scheduled__2025-01-01T00:00:00+00:00', '--job-id', '589', '--raw', '--subdir', 'DAGS_FOLDER/kaggle_seeds_to_gcs.py', '--cfg-path', '/tmp/tmpk05kis_0']
[2025-04-18T16:48:11.452+0000] {standard_task_runner.py:105} INFO - Job 589: Subtask download_seeds_from_kaggle
[2025-04-18T16:48:11.503+0000] {logging_mixin.py:190} WARNING - /home/***/.local/lib/python3.12/site-packages/***/task/task_runner/standard_task_runner.py:70 DeprecationWarning: This process (pid=18205) is multi-threaded, use of fork() may lead to deadlocks in the child.
[2025-04-18T16:48:11.505+0000] {standard_task_runner.py:72} INFO - Started process 18206 to run task
[2025-04-18T16:48:11.557+0000] {task_command.py:467} INFO - Running <TaskInstance: kaggle_seeds_to_gcs.download_seeds_from_kaggle scheduled__2025-01-01T00:00:00+00:00 [running]> on host f21ba0bbe878
[2025-04-18T16:48:11.877+0000] {taskinstance.py:3134} INFO - Exporting env vars: AIRFLOW_CTX_DAG_OWNER='***' AIRFLOW_CTX_DAG_ID='kaggle_seeds_to_gcs' AIRFLOW_CTX_TASK_ID='download_seeds_from_kaggle' AIRFLOW_CTX_EXECUTION_DATE='2025-01-01T00:00:00+00:00' AIRFLOW_CTX_TRY_NUMBER='4' AIRFLOW_CTX_DAG_RUN_ID='scheduled__2025-01-01T00:00:00+00:00'
[2025-04-18T16:48:11.879+0000] {taskinstance.py:732} INFO - ::endgroup::
[2025-04-18T16:48:11.898+0000] {logging_mixin.py:190} INFO - Dataset URL: https://www.kaggle.com/datasets/viggo123/data-fight-usa-dataset
[2025-04-18T16:48:12.759+0000] {logging_mixin.py:190} INFO - Downloading carriers.csv to /tmp/kaggle_downloads
[2025-04-18T16:48:12.778+0000] {logging_mixin.py:190} WARNING -   0%|          | 0.00/42.7k [00:00<?, ?B/s]
[2025-04-18T16:48:12.780+0000] {logging_mixin.py:190} WARNING - 100%|##########| 42.7k/42.7k [00:00<00:00, 85.2MB/s]
[2025-04-18T16:48:12.782+0000] {logging_mixin.py:190} INFO - Dataset URL: https://www.kaggle.com/datasets/viggo123/data-fight-usa-dataset
[2025-04-18T16:48:13.908+0000] {logging_mixin.py:190} INFO - Downloading airports.csv to /tmp/kaggle_downloads
[2025-04-18T16:48:13.909+0000] {logging_mixin.py:190} WARNING -   0%|          | 0.00/239k [00:00<?, ?B/s]
[2025-04-18T16:48:13.911+0000] {logging_mixin.py:190} WARNING - 100%|##########| 239k/239k [00:00<00:00, 145MB/s]
[2025-04-18T16:48:13.914+0000] {logging_mixin.py:190} INFO - Dataset URL: https://www.kaggle.com/datasets/viggo123/data-fight-usa-dataset
[2025-04-18T16:48:15.300+0000] {logging_mixin.py:190} INFO - Downloading plane-data.csv to /tmp/kaggle_downloads
[2025-04-18T16:48:15.301+0000] {logging_mixin.py:190} WARNING -   0%|          | 0.00/419k [00:00<?, ?B/s]
[2025-04-18T16:48:15.302+0000] {logging_mixin.py:190} WARNING - 100%|##########| 419k/419k [00:00<00:00, 861MB/s]
[2025-04-18T16:48:15.304+0000] {python.py:240} INFO - Done. Returned value was: ['/tmp/kaggle_downloads/carriers.csv', '/tmp/kaggle_downloads/airports.csv', '/tmp/kaggle_downloads/plane-data.csv']
[2025-04-18T16:48:15.337+0000] {taskinstance.py:341} INFO - ::group::Post task execution logs
[2025-04-18T16:48:15.338+0000] {taskinstance.py:353} INFO - Marking task as SUCCESS. dag_id=kaggle_seeds_to_gcs, task_id=download_seeds_from_kaggle, run_id=scheduled__2025-01-01T00:00:00+00:00, execution_date=20250101T000000, start_date=20250418T164811, end_date=20250418T164815
[2025-04-18T16:48:15.421+0000] {local_task_job_runner.py:266} INFO - Task exited with return code 0
[2025-04-18T16:48:15.475+0000] {taskinstance.py:3901} INFO - 1 downstream tasks scheduled from follow-on schedule check
[2025-04-18T16:48:15.483+0000] {local_task_job_runner.py:245} INFO - ::endgroup::
