[2025-04-17T20:33:05.429+0000] {processor.py:186} INFO - Started process (PID=220) to work on /opt/airflow/dags/kaggle_to_gcs.py
[2025-04-17T20:33:05.430+0000] {processor.py:914} INFO - Processing file /opt/airflow/dags/kaggle_to_gcs.py for tasks to queue
[2025-04-17T20:33:05.433+0000] {logging_mixin.py:190} INFO - [2025-04-17T20:33:05.432+0000] {dagbag.py:588} INFO - Filling up the DagBag from /opt/airflow/dags/kaggle_to_gcs.py
[2025-04-17T20:33:05.465+0000] {logging_mixin.py:190} INFO - [2025-04-17T20:33:05.458+0000] {dagbag.py:387} ERROR - Failed to import: /opt/airflow/dags/kaggle_to_gcs.py
Traceback (most recent call last):
  File "/home/airflow/.local/lib/python3.12/site-packages/airflow/models/dagbag.py", line 383, in parse
    loader.exec_module(new_module)
  File "<frozen importlib._bootstrap_external>", line 999, in exec_module
  File "<frozen importlib._bootstrap>", line 488, in _call_with_frames_removed
  File "/opt/airflow/dags/kaggle_to_gcs.py", line 2, in <module>
    from airflow.operators import PythonOperator
ImportError: cannot import name 'PythonOperator' from 'airflow.operators' (/home/airflow/.local/lib/python3.12/site-packages/airflow/operators/__init__.py)
[2025-04-17T20:33:05.470+0000] {processor.py:927} WARNING - No viable dags retrieved from /opt/airflow/dags/kaggle_to_gcs.py
[2025-04-17T20:33:05.496+0000] {processor.py:208} INFO - Processing /opt/airflow/dags/kaggle_to_gcs.py took 0.074 seconds
[2025-04-17T20:33:35.678+0000] {processor.py:186} INFO - Started process (PID=247) to work on /opt/airflow/dags/kaggle_to_gcs.py
[2025-04-17T20:33:35.679+0000] {processor.py:914} INFO - Processing file /opt/airflow/dags/kaggle_to_gcs.py for tasks to queue
[2025-04-17T20:33:35.682+0000] {logging_mixin.py:190} INFO - [2025-04-17T20:33:35.681+0000] {dagbag.py:588} INFO - Filling up the DagBag from /opt/airflow/dags/kaggle_to_gcs.py
[2025-04-17T20:33:35.718+0000] {logging_mixin.py:190} INFO - [2025-04-17T20:33:35.712+0000] {dagbag.py:387} ERROR - Failed to import: /opt/airflow/dags/kaggle_to_gcs.py
Traceback (most recent call last):
  File "/home/airflow/.local/lib/python3.12/site-packages/airflow/models/dagbag.py", line 383, in parse
    loader.exec_module(new_module)
  File "<frozen importlib._bootstrap_external>", line 999, in exec_module
  File "<frozen importlib._bootstrap>", line 488, in _call_with_frames_removed
  File "/opt/airflow/dags/kaggle_to_gcs.py", line 2, in <module>
    from airflow.operators import PythonOperator
ImportError: cannot import name 'PythonOperator' from 'airflow.operators' (/home/airflow/.local/lib/python3.12/site-packages/airflow/operators/__init__.py)
[2025-04-17T20:33:35.722+0000] {processor.py:927} WARNING - No viable dags retrieved from /opt/airflow/dags/kaggle_to_gcs.py
[2025-04-17T20:33:35.744+0000] {processor.py:208} INFO - Processing /opt/airflow/dags/kaggle_to_gcs.py took 0.074 seconds
[2025-04-17T20:34:06.439+0000] {processor.py:186} INFO - Started process (PID=274) to work on /opt/airflow/dags/kaggle_to_gcs.py
[2025-04-17T20:34:06.442+0000] {processor.py:914} INFO - Processing file /opt/airflow/dags/kaggle_to_gcs.py for tasks to queue
[2025-04-17T20:34:06.445+0000] {logging_mixin.py:190} INFO - [2025-04-17T20:34:06.445+0000] {dagbag.py:588} INFO - Filling up the DagBag from /opt/airflow/dags/kaggle_to_gcs.py
[2025-04-17T20:34:06.470+0000] {logging_mixin.py:190} INFO - [2025-04-17T20:34:06.464+0000] {dagbag.py:387} ERROR - Failed to import: /opt/airflow/dags/kaggle_to_gcs.py
Traceback (most recent call last):
  File "/home/airflow/.local/lib/python3.12/site-packages/airflow/models/dagbag.py", line 383, in parse
    loader.exec_module(new_module)
  File "<frozen importlib._bootstrap_external>", line 999, in exec_module
  File "<frozen importlib._bootstrap>", line 488, in _call_with_frames_removed
  File "/opt/airflow/dags/kaggle_to_gcs.py", line 2, in <module>
    from airflow.operators import PythonOperator
ImportError: cannot import name 'PythonOperator' from 'airflow.operators' (/home/airflow/.local/lib/python3.12/site-packages/airflow/operators/__init__.py)
[2025-04-17T20:34:06.475+0000] {processor.py:927} WARNING - No viable dags retrieved from /opt/airflow/dags/kaggle_to_gcs.py
[2025-04-17T20:34:06.500+0000] {processor.py:208} INFO - Processing /opt/airflow/dags/kaggle_to_gcs.py took 0.067 seconds
[2025-04-17T20:34:24.115+0000] {processor.py:186} INFO - Started process (PID=295) to work on /opt/airflow/dags/kaggle_to_gcs.py
[2025-04-17T20:34:24.116+0000] {processor.py:914} INFO - Processing file /opt/airflow/dags/kaggle_to_gcs.py for tasks to queue
[2025-04-17T20:34:24.119+0000] {logging_mixin.py:190} INFO - [2025-04-17T20:34:24.119+0000] {dagbag.py:588} INFO - Filling up the DagBag from /opt/airflow/dags/kaggle_to_gcs.py
[2025-04-17T20:34:24.152+0000] {logging_mixin.py:190} INFO - [2025-04-17T20:34:24.147+0000] {dagbag.py:387} ERROR - Failed to import: /opt/airflow/dags/kaggle_to_gcs.py
Traceback (most recent call last):
  File "/home/airflow/.local/lib/python3.12/site-packages/airflow/models/dagbag.py", line 383, in parse
    loader.exec_module(new_module)
  File "<frozen importlib._bootstrap_external>", line 999, in exec_module
  File "<frozen importlib._bootstrap>", line 488, in _call_with_frames_removed
  File "/opt/airflow/dags/kaggle_to_gcs.py", line 2, in <module>
    from airflow.operators.Python import PythonOperator
ModuleNotFoundError: No module named 'airflow.operators.Python'
[2025-04-17T20:34:24.155+0000] {processor.py:927} WARNING - No viable dags retrieved from /opt/airflow/dags/kaggle_to_gcs.py
[2025-04-17T20:34:24.181+0000] {processor.py:208} INFO - Processing /opt/airflow/dags/kaggle_to_gcs.py took 0.078 seconds
[2025-04-17T20:34:37.885+0000] {processor.py:186} INFO - Started process (PID=306) to work on /opt/airflow/dags/kaggle_to_gcs.py
[2025-04-17T20:34:37.886+0000] {processor.py:914} INFO - Processing file /opt/airflow/dags/kaggle_to_gcs.py for tasks to queue
[2025-04-17T20:34:37.890+0000] {logging_mixin.py:190} INFO - [2025-04-17T20:34:37.890+0000] {dagbag.py:588} INFO - Filling up the DagBag from /opt/airflow/dags/kaggle_to_gcs.py
[2025-04-17T20:34:38.814+0000] {logging_mixin.py:190} INFO - [2025-04-17T20:34:38.805+0000] {dagbag.py:387} ERROR - Failed to import: /opt/airflow/dags/kaggle_to_gcs.py
Traceback (most recent call last):
  File "/home/airflow/.local/lib/python3.12/site-packages/airflow/models/dagbag.py", line 383, in parse
    loader.exec_module(new_module)
  File "<frozen importlib._bootstrap_external>", line 999, in exec_module
  File "<frozen importlib._bootstrap>", line 488, in _call_with_frames_removed
  File "/opt/airflow/dags/kaggle_to_gcs.py", line 65, in <module>
    download_from_kaggle = PythonOperator(
                           ^^^^^^^^^^^^^^^
  File "/home/airflow/.local/lib/python3.12/site-packages/airflow/models/baseoperator.py", line 508, in apply_defaults
    result = func(self, **kwargs, default_args=default_args)
             ^^^^^^^^^^^^^^^^^^^^^^^^^^^^^^^^^^^^^^^^^^^^^^^
  File "/home/airflow/.local/lib/python3.12/site-packages/airflow/operators/python.py", line 222, in __init__
    super().__init__(**kwargs)
  File "/home/airflow/.local/lib/python3.12/site-packages/airflow/models/baseoperator.py", line 508, in apply_defaults
    result = func(self, **kwargs, default_args=default_args)
             ^^^^^^^^^^^^^^^^^^^^^^^^^^^^^^^^^^^^^^^^^^^^^^^
TypeError: BaseOperator.__init__() missing 1 required positional argument: 'task_id'
[2025-04-17T20:34:38.817+0000] {processor.py:927} WARNING - No viable dags retrieved from /opt/airflow/dags/kaggle_to_gcs.py
[2025-04-17T20:34:38.841+0000] {processor.py:208} INFO - Processing /opt/airflow/dags/kaggle_to_gcs.py took 0.965 seconds
[2025-04-17T20:34:53.039+0000] {processor.py:186} INFO - Started process (PID=328) to work on /opt/airflow/dags/kaggle_to_gcs.py
[2025-04-17T20:34:53.040+0000] {processor.py:914} INFO - Processing file /opt/airflow/dags/kaggle_to_gcs.py for tasks to queue
[2025-04-17T20:34:53.043+0000] {logging_mixin.py:190} INFO - [2025-04-17T20:34:53.043+0000] {dagbag.py:588} INFO - Filling up the DagBag from /opt/airflow/dags/kaggle_to_gcs.py
[2025-04-17T20:34:53.958+0000] {processor.py:925} INFO - DAG(s) 'kaggle_to_gcs' retrieved from /opt/airflow/dags/kaggle_to_gcs.py
[2025-04-17T20:34:54.208+0000] {logging_mixin.py:190} INFO - [2025-04-17T20:34:54.207+0000] {override.py:1912} INFO - Created Permission View: can delete on DAG:kaggle_to_gcs
[2025-04-17T20:34:54.225+0000] {logging_mixin.py:190} INFO - [2025-04-17T20:34:54.225+0000] {override.py:1912} INFO - Created Permission View: can edit on DAG:kaggle_to_gcs
[2025-04-17T20:34:54.239+0000] {logging_mixin.py:190} INFO - [2025-04-17T20:34:54.238+0000] {override.py:1912} INFO - Created Permission View: can read on DAG:kaggle_to_gcs
[2025-04-17T20:34:54.253+0000] {logging_mixin.py:190} INFO - [2025-04-17T20:34:54.252+0000] {override.py:1912} INFO - Created Permission View: can delete on DAG Run:kaggle_to_gcs
[2025-04-17T20:34:54.265+0000] {logging_mixin.py:190} INFO - [2025-04-17T20:34:54.265+0000] {override.py:1912} INFO - Created Permission View: can create on DAG Run:kaggle_to_gcs
[2025-04-17T20:34:54.274+0000] {logging_mixin.py:190} INFO - [2025-04-17T20:34:54.273+0000] {override.py:1912} INFO - Created Permission View: menu access on DAG Run:kaggle_to_gcs
[2025-04-17T20:34:54.284+0000] {logging_mixin.py:190} INFO - [2025-04-17T20:34:54.284+0000] {override.py:1912} INFO - Created Permission View: can read on DAG Run:kaggle_to_gcs
[2025-04-17T20:34:54.285+0000] {logging_mixin.py:190} INFO - [2025-04-17T20:34:54.284+0000] {dag.py:3239} INFO - Sync 1 DAGs
[2025-04-17T20:34:54.301+0000] {logging_mixin.py:190} INFO - [2025-04-17T20:34:54.300+0000] {dag.py:3262} INFO - Creating ORM DAG for kaggle_to_gcs
[2025-04-17T20:34:54.314+0000] {logging_mixin.py:190} INFO - [2025-04-17T20:34:54.313+0000] {dag.py:4180} INFO - Setting next_dagrun for kaggle_to_gcs to 1987-01-01 00:00:00+00:00, run_after=1988-01-01 00:00:00+00:00
[2025-04-17T20:34:54.339+0000] {processor.py:208} INFO - Processing /opt/airflow/dags/kaggle_to_gcs.py took 1.307 seconds
[2025-04-17T20:35:24.841+0000] {processor.py:186} INFO - Started process (PID=365) to work on /opt/airflow/dags/kaggle_to_gcs.py
[2025-04-17T20:35:24.843+0000] {processor.py:914} INFO - Processing file /opt/airflow/dags/kaggle_to_gcs.py for tasks to queue
[2025-04-17T20:35:24.845+0000] {logging_mixin.py:190} INFO - [2025-04-17T20:35:24.845+0000] {dagbag.py:588} INFO - Filling up the DagBag from /opt/airflow/dags/kaggle_to_gcs.py
[2025-04-17T20:35:25.422+0000] {processor.py:925} INFO - DAG(s) 'kaggle_to_gcs' retrieved from /opt/airflow/dags/kaggle_to_gcs.py
[2025-04-17T20:35:25.446+0000] {logging_mixin.py:190} INFO - [2025-04-17T20:35:25.445+0000] {dag.py:3239} INFO - Sync 1 DAGs
[2025-04-17T20:35:25.476+0000] {logging_mixin.py:190} INFO - [2025-04-17T20:35:25.476+0000] {dag.py:4180} INFO - Setting next_dagrun for kaggle_to_gcs to None, run_after=None
[2025-04-17T20:35:25.499+0000] {processor.py:208} INFO - Processing /opt/airflow/dags/kaggle_to_gcs.py took 0.664 seconds
[2025-04-17T20:35:50.229+0000] {processor.py:186} INFO - Started process (PID=393) to work on /opt/airflow/dags/kaggle_to_gcs.py
[2025-04-17T20:35:50.231+0000] {processor.py:914} INFO - Processing file /opt/airflow/dags/kaggle_to_gcs.py for tasks to queue
[2025-04-17T20:35:50.235+0000] {logging_mixin.py:190} INFO - [2025-04-17T20:35:50.234+0000] {dagbag.py:588} INFO - Filling up the DagBag from /opt/airflow/dags/kaggle_to_gcs.py
[2025-04-17T20:35:51.341+0000] {processor.py:925} INFO - DAG(s) 'kaggle_to_gcs' retrieved from /opt/airflow/dags/kaggle_to_gcs.py
[2025-04-17T20:35:51.377+0000] {logging_mixin.py:190} INFO - [2025-04-17T20:35:51.374+0000] {dag.py:3239} INFO - Sync 1 DAGs
[2025-04-17T20:35:51.433+0000] {logging_mixin.py:190} INFO - [2025-04-17T20:35:51.433+0000] {dag.py:4180} INFO - Setting next_dagrun for kaggle_to_gcs to None, run_after=None
[2025-04-17T20:35:51.459+0000] {processor.py:208} INFO - Processing /opt/airflow/dags/kaggle_to_gcs.py took 1.241 seconds
[2025-04-17T20:36:21.927+0000] {processor.py:186} INFO - Started process (PID=426) to work on /opt/airflow/dags/kaggle_to_gcs.py
[2025-04-17T20:36:21.929+0000] {processor.py:914} INFO - Processing file /opt/airflow/dags/kaggle_to_gcs.py for tasks to queue
[2025-04-17T20:36:21.932+0000] {logging_mixin.py:190} INFO - [2025-04-17T20:36:21.932+0000] {dagbag.py:588} INFO - Filling up the DagBag from /opt/airflow/dags/kaggle_to_gcs.py
[2025-04-17T20:36:23.601+0000] {processor.py:925} INFO - DAG(s) 'kaggle_to_gcs' retrieved from /opt/airflow/dags/kaggle_to_gcs.py
[2025-04-17T20:36:23.628+0000] {logging_mixin.py:190} INFO - [2025-04-17T20:36:23.628+0000] {dag.py:3239} INFO - Sync 1 DAGs
[2025-04-17T20:36:23.658+0000] {logging_mixin.py:190} INFO - [2025-04-17T20:36:23.657+0000] {dag.py:4180} INFO - Setting next_dagrun for kaggle_to_gcs to None, run_after=None
[2025-04-17T20:36:23.680+0000] {processor.py:208} INFO - Processing /opt/airflow/dags/kaggle_to_gcs.py took 1.759 seconds
[2025-04-17T20:36:54.003+0000] {processor.py:186} INFO - Started process (PID=455) to work on /opt/airflow/dags/kaggle_to_gcs.py
[2025-04-17T20:36:54.004+0000] {processor.py:914} INFO - Processing file /opt/airflow/dags/kaggle_to_gcs.py for tasks to queue
[2025-04-17T20:36:54.006+0000] {logging_mixin.py:190} INFO - [2025-04-17T20:36:54.006+0000] {dagbag.py:588} INFO - Filling up the DagBag from /opt/airflow/dags/kaggle_to_gcs.py
[2025-04-17T20:36:54.628+0000] {processor.py:925} INFO - DAG(s) 'kaggle_to_gcs' retrieved from /opt/airflow/dags/kaggle_to_gcs.py
[2025-04-17T20:36:54.658+0000] {logging_mixin.py:190} INFO - [2025-04-17T20:36:54.658+0000] {dag.py:3239} INFO - Sync 1 DAGs
[2025-04-17T20:36:54.685+0000] {logging_mixin.py:190} INFO - [2025-04-17T20:36:54.685+0000] {dag.py:4180} INFO - Setting next_dagrun for kaggle_to_gcs to None, run_after=None
[2025-04-17T20:36:54.707+0000] {processor.py:208} INFO - Processing /opt/airflow/dags/kaggle_to_gcs.py took 0.711 seconds
[2025-04-17T20:37:24.848+0000] {processor.py:186} INFO - Started process (PID=483) to work on /opt/airflow/dags/kaggle_to_gcs.py
[2025-04-17T20:37:24.850+0000] {processor.py:914} INFO - Processing file /opt/airflow/dags/kaggle_to_gcs.py for tasks to queue
[2025-04-17T20:37:24.853+0000] {logging_mixin.py:190} INFO - [2025-04-17T20:37:24.853+0000] {dagbag.py:588} INFO - Filling up the DagBag from /opt/airflow/dags/kaggle_to_gcs.py
[2025-04-17T20:37:25.561+0000] {processor.py:925} INFO - DAG(s) 'kaggle_to_gcs' retrieved from /opt/airflow/dags/kaggle_to_gcs.py
[2025-04-17T20:37:25.581+0000] {logging_mixin.py:190} INFO - [2025-04-17T20:37:25.580+0000] {dag.py:3239} INFO - Sync 1 DAGs
[2025-04-17T20:37:25.604+0000] {logging_mixin.py:190} INFO - [2025-04-17T20:37:25.604+0000] {dag.py:4180} INFO - Setting next_dagrun for kaggle_to_gcs to None, run_after=None
[2025-04-17T20:37:25.622+0000] {processor.py:208} INFO - Processing /opt/airflow/dags/kaggle_to_gcs.py took 0.781 seconds
[2025-04-17T20:37:26.732+0000] {processor.py:186} INFO - Started process (PID=489) to work on /opt/airflow/dags/kaggle_to_gcs.py
[2025-04-17T20:37:26.733+0000] {processor.py:914} INFO - Processing file /opt/airflow/dags/kaggle_to_gcs.py for tasks to queue
[2025-04-17T20:37:26.736+0000] {logging_mixin.py:190} INFO - [2025-04-17T20:37:26.736+0000] {dagbag.py:588} INFO - Filling up the DagBag from /opt/airflow/dags/kaggle_to_gcs.py
[2025-04-17T20:37:27.405+0000] {processor.py:925} INFO - DAG(s) 'kaggle_to_gcs' retrieved from /opt/airflow/dags/kaggle_to_gcs.py
[2025-04-17T20:37:27.432+0000] {logging_mixin.py:190} INFO - [2025-04-17T20:37:27.431+0000] {dag.py:3239} INFO - Sync 1 DAGs
[2025-04-17T20:37:27.463+0000] {logging_mixin.py:190} INFO - [2025-04-17T20:37:27.463+0000] {dag.py:4180} INFO - Setting next_dagrun for kaggle_to_gcs to None, run_after=None
[2025-04-17T20:37:27.489+0000] {processor.py:208} INFO - Processing /opt/airflow/dags/kaggle_to_gcs.py took 0.764 seconds
[2025-04-17T20:37:45.813+0000] {processor.py:186} INFO - Started process (PID=506) to work on /opt/airflow/dags/kaggle_to_gcs.py
[2025-04-17T20:37:45.820+0000] {processor.py:914} INFO - Processing file /opt/airflow/dags/kaggle_to_gcs.py for tasks to queue
[2025-04-17T20:37:45.825+0000] {logging_mixin.py:190} INFO - [2025-04-17T20:37:45.825+0000] {dagbag.py:588} INFO - Filling up the DagBag from /opt/airflow/dags/kaggle_to_gcs.py
[2025-04-17T20:37:45.867+0000] {logging_mixin.py:190} INFO - [2025-04-17T20:37:45.865+0000] {dagbag.py:387} ERROR - Failed to import: /opt/airflow/dags/kaggle_to_gcs.py
Traceback (most recent call last):
  File "/home/airflow/.local/lib/python3.12/site-packages/airflow/models/dagbag.py", line 383, in parse
    loader.exec_module(new_module)
  File "<frozen importlib._bootstrap_external>", line 995, in exec_module
  File "<frozen importlib._bootstrap_external>", line 1133, in get_code
  File "<frozen importlib._bootstrap_external>", line 1063, in source_to_code
  File "<frozen importlib._bootstrap>", line 488, in _call_with_frames_removed
  File "/opt/airflow/dags/kaggle_to_gcs.py", line 45
    def transform_csv(filepath)
                               ^
SyntaxError: expected ':'
[2025-04-17T20:37:45.871+0000] {processor.py:927} WARNING - No viable dags retrieved from /opt/airflow/dags/kaggle_to_gcs.py
[2025-04-17T20:37:45.929+0000] {processor.py:208} INFO - Processing /opt/airflow/dags/kaggle_to_gcs.py took 0.126 seconds
[2025-04-17T20:38:16.154+0000] {processor.py:186} INFO - Started process (PID=533) to work on /opt/airflow/dags/kaggle_to_gcs.py
[2025-04-17T20:38:16.155+0000] {processor.py:914} INFO - Processing file /opt/airflow/dags/kaggle_to_gcs.py for tasks to queue
[2025-04-17T20:38:16.159+0000] {logging_mixin.py:190} INFO - [2025-04-17T20:38:16.159+0000] {dagbag.py:588} INFO - Filling up the DagBag from /opt/airflow/dags/kaggle_to_gcs.py
[2025-04-17T20:38:16.187+0000] {logging_mixin.py:190} INFO - [2025-04-17T20:38:16.185+0000] {dagbag.py:387} ERROR - Failed to import: /opt/airflow/dags/kaggle_to_gcs.py
Traceback (most recent call last):
  File "/home/airflow/.local/lib/python3.12/site-packages/airflow/models/dagbag.py", line 383, in parse
    loader.exec_module(new_module)
  File "<frozen importlib._bootstrap_external>", line 995, in exec_module
  File "<frozen importlib._bootstrap_external>", line 1133, in get_code
  File "<frozen importlib._bootstrap_external>", line 1063, in source_to_code
  File "<frozen importlib._bootstrap>", line 488, in _call_with_frames_removed
  File "/opt/airflow/dags/kaggle_to_gcs.py", line 45
    def transform_csv(filepath)
                               ^
SyntaxError: expected ':'
[2025-04-17T20:38:16.189+0000] {processor.py:927} WARNING - No viable dags retrieved from /opt/airflow/dags/kaggle_to_gcs.py
[2025-04-17T20:38:16.228+0000] {processor.py:208} INFO - Processing /opt/airflow/dags/kaggle_to_gcs.py took 0.082 seconds
[2025-04-17T20:38:21.545+0000] {processor.py:186} INFO - Started process (PID=543) to work on /opt/airflow/dags/kaggle_to_gcs.py
[2025-04-17T20:38:21.547+0000] {processor.py:914} INFO - Processing file /opt/airflow/dags/kaggle_to_gcs.py for tasks to queue
[2025-04-17T20:38:21.550+0000] {logging_mixin.py:190} INFO - [2025-04-17T20:38:21.550+0000] {dagbag.py:588} INFO - Filling up the DagBag from /opt/airflow/dags/kaggle_to_gcs.py
[2025-04-17T20:38:22.374+0000] {processor.py:925} INFO - DAG(s) 'kaggle_to_gcs' retrieved from /opt/airflow/dags/kaggle_to_gcs.py
[2025-04-17T20:38:22.400+0000] {logging_mixin.py:190} INFO - [2025-04-17T20:38:22.399+0000] {dag.py:3239} INFO - Sync 1 DAGs
[2025-04-17T20:38:22.425+0000] {logging_mixin.py:190} INFO - [2025-04-17T20:38:22.425+0000] {dag.py:4180} INFO - Setting next_dagrun for kaggle_to_gcs to None, run_after=None
[2025-04-17T20:38:22.462+0000] {processor.py:208} INFO - Processing /opt/airflow/dags/kaggle_to_gcs.py took 0.928 seconds
[2025-04-17T20:38:52.710+0000] {processor.py:186} INFO - Started process (PID=571) to work on /opt/airflow/dags/kaggle_to_gcs.py
[2025-04-17T20:38:52.713+0000] {processor.py:914} INFO - Processing file /opt/airflow/dags/kaggle_to_gcs.py for tasks to queue
[2025-04-17T20:38:52.717+0000] {logging_mixin.py:190} INFO - [2025-04-17T20:38:52.717+0000] {dagbag.py:588} INFO - Filling up the DagBag from /opt/airflow/dags/kaggle_to_gcs.py
[2025-04-17T20:38:53.535+0000] {processor.py:925} INFO - DAG(s) 'kaggle_to_gcs' retrieved from /opt/airflow/dags/kaggle_to_gcs.py
[2025-04-17T20:38:53.556+0000] {logging_mixin.py:190} INFO - [2025-04-17T20:38:53.556+0000] {dag.py:3239} INFO - Sync 1 DAGs
[2025-04-17T20:38:53.579+0000] {logging_mixin.py:190} INFO - [2025-04-17T20:38:53.579+0000] {dag.py:4180} INFO - Setting next_dagrun for kaggle_to_gcs to None, run_after=None
[2025-04-17T20:38:53.603+0000] {processor.py:208} INFO - Processing /opt/airflow/dags/kaggle_to_gcs.py took 0.904 seconds
[2025-04-17T20:38:57.558+0000] {processor.py:186} INFO - Started process (PID=583) to work on /opt/airflow/dags/kaggle_to_gcs.py
[2025-04-17T20:38:57.560+0000] {processor.py:914} INFO - Processing file /opt/airflow/dags/kaggle_to_gcs.py for tasks to queue
[2025-04-17T20:38:57.567+0000] {logging_mixin.py:190} INFO - [2025-04-17T20:38:57.566+0000] {dagbag.py:588} INFO - Filling up the DagBag from /opt/airflow/dags/kaggle_to_gcs.py
[2025-04-17T20:38:58.296+0000] {processor.py:925} INFO - DAG(s) 'kaggle_to_gcs' retrieved from /opt/airflow/dags/kaggle_to_gcs.py
[2025-04-17T20:38:58.318+0000] {logging_mixin.py:190} INFO - [2025-04-17T20:38:58.318+0000] {dag.py:3239} INFO - Sync 1 DAGs
[2025-04-17T20:38:58.346+0000] {logging_mixin.py:190} INFO - [2025-04-17T20:38:58.345+0000] {dag.py:4180} INFO - Setting next_dagrun for kaggle_to_gcs to None, run_after=None
[2025-04-17T20:38:58.385+0000] {processor.py:208} INFO - Processing /opt/airflow/dags/kaggle_to_gcs.py took 0.838 seconds
[2025-04-17T20:39:29.021+0000] {processor.py:186} INFO - Started process (PID=611) to work on /opt/airflow/dags/kaggle_to_gcs.py
[2025-04-17T20:39:29.022+0000] {processor.py:914} INFO - Processing file /opt/airflow/dags/kaggle_to_gcs.py for tasks to queue
[2025-04-17T20:39:29.024+0000] {logging_mixin.py:190} INFO - [2025-04-17T20:39:29.024+0000] {dagbag.py:588} INFO - Filling up the DagBag from /opt/airflow/dags/kaggle_to_gcs.py
[2025-04-17T20:39:29.645+0000] {processor.py:925} INFO - DAG(s) 'kaggle_to_gcs' retrieved from /opt/airflow/dags/kaggle_to_gcs.py
[2025-04-17T20:39:29.671+0000] {logging_mixin.py:190} INFO - [2025-04-17T20:39:29.670+0000] {dag.py:3239} INFO - Sync 1 DAGs
[2025-04-17T20:39:29.692+0000] {logging_mixin.py:190} INFO - [2025-04-17T20:39:29.692+0000] {dag.py:4180} INFO - Setting next_dagrun for kaggle_to_gcs to None, run_after=None
[2025-04-17T20:39:29.712+0000] {processor.py:208} INFO - Processing /opt/airflow/dags/kaggle_to_gcs.py took 0.698 seconds
[2025-04-17T20:39:53.251+0000] {processor.py:186} INFO - Started process (PID=633) to work on /opt/airflow/dags/kaggle_to_gcs.py
[2025-04-17T20:39:53.252+0000] {processor.py:914} INFO - Processing file /opt/airflow/dags/kaggle_to_gcs.py for tasks to queue
[2025-04-17T20:39:53.255+0000] {logging_mixin.py:190} INFO - [2025-04-17T20:39:53.254+0000] {dagbag.py:588} INFO - Filling up the DagBag from /opt/airflow/dags/kaggle_to_gcs.py
[2025-04-17T20:39:54.189+0000] {processor.py:925} INFO - DAG(s) 'kaggle_to_gcs' retrieved from /opt/airflow/dags/kaggle_to_gcs.py
[2025-04-17T20:39:54.209+0000] {logging_mixin.py:190} INFO - [2025-04-17T20:39:54.209+0000] {dag.py:3239} INFO - Sync 1 DAGs
[2025-04-17T20:39:54.238+0000] {logging_mixin.py:190} INFO - [2025-04-17T20:39:54.237+0000] {dag.py:4180} INFO - Setting next_dagrun for kaggle_to_gcs to None, run_after=None
[2025-04-17T20:39:54.265+0000] {processor.py:208} INFO - Processing /opt/airflow/dags/kaggle_to_gcs.py took 1.021 seconds
[2025-04-17T20:39:59.353+0000] {processor.py:186} INFO - Started process (PID=639) to work on /opt/airflow/dags/kaggle_to_gcs.py
[2025-04-17T20:39:59.354+0000] {processor.py:914} INFO - Processing file /opt/airflow/dags/kaggle_to_gcs.py for tasks to queue
[2025-04-17T20:39:59.358+0000] {logging_mixin.py:190} INFO - [2025-04-17T20:39:59.357+0000] {dagbag.py:588} INFO - Filling up the DagBag from /opt/airflow/dags/kaggle_to_gcs.py
[2025-04-17T20:40:00.110+0000] {processor.py:925} INFO - DAG(s) 'kaggle_to_gcs' retrieved from /opt/airflow/dags/kaggle_to_gcs.py
[2025-04-17T20:40:00.132+0000] {logging_mixin.py:190} INFO - [2025-04-17T20:40:00.131+0000] {dag.py:3239} INFO - Sync 1 DAGs
[2025-04-17T20:40:00.159+0000] {logging_mixin.py:190} INFO - [2025-04-17T20:40:00.159+0000] {dag.py:4180} INFO - Setting next_dagrun for kaggle_to_gcs to None, run_after=None
[2025-04-17T20:40:00.187+0000] {processor.py:208} INFO - Processing /opt/airflow/dags/kaggle_to_gcs.py took 0.842 seconds
[2025-04-17T20:40:07.223+0000] {processor.py:186} INFO - Started process (PID=657) to work on /opt/airflow/dags/kaggle_to_gcs.py
[2025-04-17T20:40:07.225+0000] {processor.py:914} INFO - Processing file /opt/airflow/dags/kaggle_to_gcs.py for tasks to queue
[2025-04-17T20:40:07.228+0000] {logging_mixin.py:190} INFO - [2025-04-17T20:40:07.228+0000] {dagbag.py:588} INFO - Filling up the DagBag from /opt/airflow/dags/kaggle_to_gcs.py
[2025-04-17T20:40:08.216+0000] {processor.py:925} INFO - DAG(s) 'kaggle_to_gcs' retrieved from /opt/airflow/dags/kaggle_to_gcs.py
[2025-04-17T20:40:08.241+0000] {logging_mixin.py:190} INFO - [2025-04-17T20:40:08.240+0000] {dag.py:3239} INFO - Sync 1 DAGs
[2025-04-17T20:40:08.274+0000] {logging_mixin.py:190} INFO - [2025-04-17T20:40:08.274+0000] {dag.py:4180} INFO - Setting next_dagrun for kaggle_to_gcs to None, run_after=None
[2025-04-17T20:40:08.302+0000] {processor.py:208} INFO - Processing /opt/airflow/dags/kaggle_to_gcs.py took 1.089 seconds
[2025-04-17T20:40:38.540+0000] {processor.py:186} INFO - Started process (PID=689) to work on /opt/airflow/dags/kaggle_to_gcs.py
[2025-04-17T20:40:38.541+0000] {processor.py:914} INFO - Processing file /opt/airflow/dags/kaggle_to_gcs.py for tasks to queue
[2025-04-17T20:40:38.544+0000] {logging_mixin.py:190} INFO - [2025-04-17T20:40:38.544+0000] {dagbag.py:588} INFO - Filling up the DagBag from /opt/airflow/dags/kaggle_to_gcs.py
[2025-04-17T20:40:40.074+0000] {processor.py:925} INFO - DAG(s) 'kaggle_to_gcs' retrieved from /opt/airflow/dags/kaggle_to_gcs.py
[2025-04-17T20:40:40.434+0000] {logging_mixin.py:190} INFO - [2025-04-17T20:40:40.433+0000] {dag.py:3239} INFO - Sync 1 DAGs
[2025-04-17T20:40:40.757+0000] {logging_mixin.py:190} INFO - [2025-04-17T20:40:40.757+0000] {dag.py:4180} INFO - Setting next_dagrun for kaggle_to_gcs to None, run_after=None
[2025-04-17T20:40:42.990+0000] {processor.py:208} INFO - Processing /opt/airflow/dags/kaggle_to_gcs.py took 4.458 seconds
[2025-04-17T20:41:05.808+0000] {processor.py:186} INFO - Started process (PID=718) to work on /opt/airflow/dags/kaggle_to_gcs.py
[2025-04-17T20:41:05.810+0000] {processor.py:914} INFO - Processing file /opt/airflow/dags/kaggle_to_gcs.py for tasks to queue
[2025-04-17T20:41:05.814+0000] {logging_mixin.py:190} INFO - [2025-04-17T20:41:05.812+0000] {dagbag.py:588} INFO - Filling up the DagBag from /opt/airflow/dags/kaggle_to_gcs.py
[2025-04-17T20:41:06.514+0000] {processor.py:925} INFO - DAG(s) 'kaggle_to_gcs' retrieved from /opt/airflow/dags/kaggle_to_gcs.py
[2025-04-17T20:41:06.707+0000] {logging_mixin.py:190} INFO - [2025-04-17T20:41:06.706+0000] {dag.py:3239} INFO - Sync 1 DAGs
[2025-04-17T20:41:06.730+0000] {logging_mixin.py:190} INFO - [2025-04-17T20:41:06.729+0000] {dag.py:4180} INFO - Setting next_dagrun for kaggle_to_gcs to None, run_after=None
[2025-04-17T20:41:06.756+0000] {processor.py:208} INFO - Processing /opt/airflow/dags/kaggle_to_gcs.py took 0.960 seconds
[2025-04-17T20:41:20.211+0000] {processor.py:186} INFO - Started process (PID=734) to work on /opt/airflow/dags/kaggle_to_gcs.py
[2025-04-17T20:41:20.212+0000] {processor.py:914} INFO - Processing file /opt/airflow/dags/kaggle_to_gcs.py for tasks to queue
[2025-04-17T20:41:20.215+0000] {logging_mixin.py:190} INFO - [2025-04-17T20:41:20.215+0000] {dagbag.py:588} INFO - Filling up the DagBag from /opt/airflow/dags/kaggle_to_gcs.py
[2025-04-17T20:41:20.238+0000] {logging_mixin.py:190} INFO - [2025-04-17T20:41:20.236+0000] {dagbag.py:387} ERROR - Failed to import: /opt/airflow/dags/kaggle_to_gcs.py
Traceback (most recent call last):
  File "/home/airflow/.local/lib/python3.12/site-packages/airflow/models/dagbag.py", line 383, in parse
    loader.exec_module(new_module)
  File "<frozen importlib._bootstrap_external>", line 995, in exec_module
  File "<frozen importlib._bootstrap_external>", line 1133, in get_code
  File "<frozen importlib._bootstrap_external>", line 1063, in source_to_code
  File "<frozen importlib._bootstrap>", line 488, in _call_with_frames_removed
  File "/opt/airflow/dags/kaggle_to_gcs.py", line 86
    download_from_kaggle > 
                           ^
SyntaxError: invalid syntax
[2025-04-17T20:41:20.239+0000] {processor.py:927} WARNING - No viable dags retrieved from /opt/airflow/dags/kaggle_to_gcs.py
[2025-04-17T20:41:20.263+0000] {processor.py:208} INFO - Processing /opt/airflow/dags/kaggle_to_gcs.py took 0.058 seconds
[2025-04-17T20:41:27.340+0000] {processor.py:186} INFO - Started process (PID=739) to work on /opt/airflow/dags/kaggle_to_gcs.py
[2025-04-17T20:41:27.342+0000] {processor.py:914} INFO - Processing file /opt/airflow/dags/kaggle_to_gcs.py for tasks to queue
[2025-04-17T20:41:27.345+0000] {logging_mixin.py:190} INFO - [2025-04-17T20:41:27.344+0000] {dagbag.py:588} INFO - Filling up the DagBag from /opt/airflow/dags/kaggle_to_gcs.py
[2025-04-17T20:41:28.291+0000] {processor.py:925} INFO - DAG(s) 'kaggle_to_gcs' retrieved from /opt/airflow/dags/kaggle_to_gcs.py
[2025-04-17T20:41:28.307+0000] {logging_mixin.py:190} INFO - [2025-04-17T20:41:28.306+0000] {dag.py:3239} INFO - Sync 1 DAGs
[2025-04-17T20:41:28.348+0000] {logging_mixin.py:190} INFO - [2025-04-17T20:41:28.348+0000] {dag.py:4180} INFO - Setting next_dagrun for kaggle_to_gcs to None, run_after=None
[2025-04-17T20:41:28.376+0000] {processor.py:208} INFO - Processing /opt/airflow/dags/kaggle_to_gcs.py took 1.043 seconds
[2025-04-17T20:41:59.105+0000] {processor.py:186} INFO - Started process (PID=773) to work on /opt/airflow/dags/kaggle_to_gcs.py
[2025-04-17T20:41:59.107+0000] {processor.py:914} INFO - Processing file /opt/airflow/dags/kaggle_to_gcs.py for tasks to queue
[2025-04-17T20:41:59.113+0000] {logging_mixin.py:190} INFO - [2025-04-17T20:41:59.112+0000] {dagbag.py:588} INFO - Filling up the DagBag from /opt/airflow/dags/kaggle_to_gcs.py
[2025-04-17T20:42:02.809+0000] {processor.py:925} INFO - DAG(s) 'kaggle_to_gcs' retrieved from /opt/airflow/dags/kaggle_to_gcs.py
[2025-04-17T20:42:02.987+0000] {logging_mixin.py:190} INFO - [2025-04-17T20:42:02.986+0000] {dag.py:3239} INFO - Sync 1 DAGs
[2025-04-17T20:42:03.032+0000] {logging_mixin.py:190} INFO - [2025-04-17T20:42:03.032+0000] {dag.py:4180} INFO - Setting next_dagrun for kaggle_to_gcs to None, run_after=None
[2025-04-17T20:42:03.264+0000] {processor.py:208} INFO - Processing /opt/airflow/dags/kaggle_to_gcs.py took 4.171 seconds
[2025-04-17T20:42:33.450+0000] {processor.py:186} INFO - Started process (PID=802) to work on /opt/airflow/dags/kaggle_to_gcs.py
[2025-04-17T20:42:33.452+0000] {processor.py:914} INFO - Processing file /opt/airflow/dags/kaggle_to_gcs.py for tasks to queue
[2025-04-17T20:42:33.455+0000] {logging_mixin.py:190} INFO - [2025-04-17T20:42:33.455+0000] {dagbag.py:588} INFO - Filling up the DagBag from /opt/airflow/dags/kaggle_to_gcs.py
[2025-04-17T20:42:34.265+0000] {processor.py:925} INFO - DAG(s) 'kaggle_to_gcs' retrieved from /opt/airflow/dags/kaggle_to_gcs.py
[2025-04-17T20:42:34.291+0000] {logging_mixin.py:190} INFO - [2025-04-17T20:42:34.290+0000] {dag.py:3239} INFO - Sync 1 DAGs
[2025-04-17T20:42:34.320+0000] {logging_mixin.py:190} INFO - [2025-04-17T20:42:34.320+0000] {dag.py:4180} INFO - Setting next_dagrun for kaggle_to_gcs to None, run_after=None
[2025-04-17T20:42:34.341+0000] {processor.py:208} INFO - Processing /opt/airflow/dags/kaggle_to_gcs.py took 0.898 seconds
[2025-04-17T20:43:04.792+0000] {processor.py:186} INFO - Started process (PID=834) to work on /opt/airflow/dags/kaggle_to_gcs.py
[2025-04-17T20:43:04.793+0000] {processor.py:914} INFO - Processing file /opt/airflow/dags/kaggle_to_gcs.py for tasks to queue
[2025-04-17T20:43:04.797+0000] {logging_mixin.py:190} INFO - [2025-04-17T20:43:04.797+0000] {dagbag.py:588} INFO - Filling up the DagBag from /opt/airflow/dags/kaggle_to_gcs.py
[2025-04-17T20:43:10.563+0000] {processor.py:925} INFO - DAG(s) 'kaggle_to_gcs' retrieved from /opt/airflow/dags/kaggle_to_gcs.py
[2025-04-17T20:43:10.588+0000] {logging_mixin.py:190} INFO - [2025-04-17T20:43:10.588+0000] {dag.py:3239} INFO - Sync 1 DAGs
[2025-04-17T20:43:10.617+0000] {logging_mixin.py:190} INFO - [2025-04-17T20:43:10.617+0000] {dag.py:4180} INFO - Setting next_dagrun for kaggle_to_gcs to None, run_after=None
[2025-04-17T20:43:10.638+0000] {processor.py:208} INFO - Processing /opt/airflow/dags/kaggle_to_gcs.py took 5.856 seconds
[2025-04-17T20:43:14.394+0000] {processor.py:186} INFO - Started process (PID=853) to work on /opt/airflow/dags/kaggle_to_gcs.py
[2025-04-17T20:43:14.396+0000] {processor.py:914} INFO - Processing file /opt/airflow/dags/kaggle_to_gcs.py for tasks to queue
[2025-04-17T20:43:14.401+0000] {logging_mixin.py:190} INFO - [2025-04-17T20:43:14.399+0000] {dagbag.py:588} INFO - Filling up the DagBag from /opt/airflow/dags/kaggle_to_gcs.py
[2025-04-17T20:43:15.362+0000] {processor.py:925} INFO - DAG(s) 'kaggle_to_gcs' retrieved from /opt/airflow/dags/kaggle_to_gcs.py
[2025-04-17T20:43:15.385+0000] {logging_mixin.py:190} INFO - [2025-04-17T20:43:15.384+0000] {dag.py:3239} INFO - Sync 1 DAGs
[2025-04-17T20:43:15.416+0000] {logging_mixin.py:190} INFO - [2025-04-17T20:43:15.416+0000] {dag.py:4180} INFO - Setting next_dagrun for kaggle_to_gcs to None, run_after=None
[2025-04-17T20:43:15.444+0000] {processor.py:208} INFO - Processing /opt/airflow/dags/kaggle_to_gcs.py took 1.061 seconds
[2025-04-17T20:43:31.788+0000] {processor.py:186} INFO - Started process (PID=873) to work on /opt/airflow/dags/kaggle_to_gcs.py
[2025-04-17T20:43:31.791+0000] {processor.py:914} INFO - Processing file /opt/airflow/dags/kaggle_to_gcs.py for tasks to queue
[2025-04-17T20:43:31.797+0000] {logging_mixin.py:190} INFO - [2025-04-17T20:43:31.796+0000] {dagbag.py:588} INFO - Filling up the DagBag from /opt/airflow/dags/kaggle_to_gcs.py
[2025-04-17T20:43:33.003+0000] {processor.py:925} INFO - DAG(s) 'kaggle_to_gcs' retrieved from /opt/airflow/dags/kaggle_to_gcs.py
[2025-04-17T20:43:33.029+0000] {logging_mixin.py:190} INFO - [2025-04-17T20:43:33.029+0000] {dag.py:3239} INFO - Sync 1 DAGs
[2025-04-17T20:43:33.062+0000] {logging_mixin.py:190} INFO - [2025-04-17T20:43:33.062+0000] {dag.py:4180} INFO - Setting next_dagrun for kaggle_to_gcs to None, run_after=None
[2025-04-17T20:43:33.103+0000] {processor.py:208} INFO - Processing /opt/airflow/dags/kaggle_to_gcs.py took 1.325 seconds
[2025-04-17T20:44:04.037+0000] {processor.py:186} INFO - Started process (PID=907) to work on /opt/airflow/dags/kaggle_to_gcs.py
[2025-04-17T20:44:04.039+0000] {processor.py:914} INFO - Processing file /opt/airflow/dags/kaggle_to_gcs.py for tasks to queue
[2025-04-17T20:44:04.042+0000] {logging_mixin.py:190} INFO - [2025-04-17T20:44:04.042+0000] {dagbag.py:588} INFO - Filling up the DagBag from /opt/airflow/dags/kaggle_to_gcs.py
[2025-04-17T20:44:04.687+0000] {processor.py:925} INFO - DAG(s) 'kaggle_to_gcs' retrieved from /opt/airflow/dags/kaggle_to_gcs.py
[2025-04-17T20:44:04.717+0000] {logging_mixin.py:190} INFO - [2025-04-17T20:44:04.717+0000] {dag.py:3239} INFO - Sync 1 DAGs
[2025-04-17T20:44:04.744+0000] {logging_mixin.py:190} INFO - [2025-04-17T20:44:04.744+0000] {dag.py:4180} INFO - Setting next_dagrun for kaggle_to_gcs to None, run_after=None
[2025-04-17T20:44:04.763+0000] {processor.py:208} INFO - Processing /opt/airflow/dags/kaggle_to_gcs.py took 0.733 seconds
[2025-04-17T20:44:35.701+0000] {processor.py:186} INFO - Started process (PID=935) to work on /opt/airflow/dags/kaggle_to_gcs.py
[2025-04-17T20:44:35.703+0000] {processor.py:914} INFO - Processing file /opt/airflow/dags/kaggle_to_gcs.py for tasks to queue
[2025-04-17T20:44:35.705+0000] {logging_mixin.py:190} INFO - [2025-04-17T20:44:35.705+0000] {dagbag.py:588} INFO - Filling up the DagBag from /opt/airflow/dags/kaggle_to_gcs.py
[2025-04-17T20:44:36.308+0000] {processor.py:925} INFO - DAG(s) 'kaggle_to_gcs' retrieved from /opt/airflow/dags/kaggle_to_gcs.py
[2025-04-17T20:44:36.332+0000] {logging_mixin.py:190} INFO - [2025-04-17T20:44:36.331+0000] {dag.py:3239} INFO - Sync 1 DAGs
[2025-04-17T20:44:36.356+0000] {logging_mixin.py:190} INFO - [2025-04-17T20:44:36.356+0000] {dag.py:4180} INFO - Setting next_dagrun for kaggle_to_gcs to None, run_after=None
[2025-04-17T20:44:36.375+0000] {processor.py:208} INFO - Processing /opt/airflow/dags/kaggle_to_gcs.py took 0.681 seconds
[2025-04-17T20:45:07.269+0000] {processor.py:186} INFO - Started process (PID=966) to work on /opt/airflow/dags/kaggle_to_gcs.py
[2025-04-17T20:45:07.270+0000] {processor.py:914} INFO - Processing file /opt/airflow/dags/kaggle_to_gcs.py for tasks to queue
[2025-04-17T20:45:07.273+0000] {logging_mixin.py:190} INFO - [2025-04-17T20:45:07.273+0000] {dagbag.py:588} INFO - Filling up the DagBag from /opt/airflow/dags/kaggle_to_gcs.py
[2025-04-17T20:45:08.037+0000] {processor.py:925} INFO - DAG(s) 'kaggle_to_gcs' retrieved from /opt/airflow/dags/kaggle_to_gcs.py
[2025-04-17T20:45:08.063+0000] {logging_mixin.py:190} INFO - [2025-04-17T20:45:08.062+0000] {dag.py:3239} INFO - Sync 1 DAGs
[2025-04-17T20:45:08.092+0000] {logging_mixin.py:190} INFO - [2025-04-17T20:45:08.092+0000] {dag.py:4180} INFO - Setting next_dagrun for kaggle_to_gcs to None, run_after=None
[2025-04-17T20:45:08.117+0000] {processor.py:208} INFO - Processing /opt/airflow/dags/kaggle_to_gcs.py took 0.857 seconds
[2025-04-17T20:45:38.704+0000] {processor.py:186} INFO - Started process (PID=1007) to work on /opt/airflow/dags/kaggle_to_gcs.py
[2025-04-17T20:45:38.705+0000] {processor.py:914} INFO - Processing file /opt/airflow/dags/kaggle_to_gcs.py for tasks to queue
[2025-04-17T20:45:38.711+0000] {logging_mixin.py:190} INFO - [2025-04-17T20:45:38.710+0000] {dagbag.py:588} INFO - Filling up the DagBag from /opt/airflow/dags/kaggle_to_gcs.py
[2025-04-17T20:45:39.919+0000] {processor.py:925} INFO - DAG(s) 'kaggle_to_gcs' retrieved from /opt/airflow/dags/kaggle_to_gcs.py
[2025-04-17T20:45:39.967+0000] {logging_mixin.py:190} INFO - [2025-04-17T20:45:39.966+0000] {dag.py:3239} INFO - Sync 1 DAGs
[2025-04-17T20:45:39.998+0000] {logging_mixin.py:190} INFO - [2025-04-17T20:45:39.998+0000] {dag.py:4180} INFO - Setting next_dagrun for kaggle_to_gcs to None, run_after=None
[2025-04-17T20:45:40.022+0000] {processor.py:208} INFO - Processing /opt/airflow/dags/kaggle_to_gcs.py took 1.326 seconds
[2025-04-17T20:46:10.594+0000] {processor.py:186} INFO - Started process (PID=1050) to work on /opt/airflow/dags/kaggle_to_gcs.py
[2025-04-17T20:46:10.597+0000] {processor.py:914} INFO - Processing file /opt/airflow/dags/kaggle_to_gcs.py for tasks to queue
[2025-04-17T20:46:10.601+0000] {logging_mixin.py:190} INFO - [2025-04-17T20:46:10.600+0000] {dagbag.py:588} INFO - Filling up the DagBag from /opt/airflow/dags/kaggle_to_gcs.py
[2025-04-17T20:46:11.428+0000] {processor.py:925} INFO - DAG(s) 'kaggle_to_gcs' retrieved from /opt/airflow/dags/kaggle_to_gcs.py
[2025-04-17T20:46:11.460+0000] {logging_mixin.py:190} INFO - [2025-04-17T20:46:11.459+0000] {dag.py:3239} INFO - Sync 1 DAGs
[2025-04-17T20:46:11.488+0000] {logging_mixin.py:190} INFO - [2025-04-17T20:46:11.488+0000] {dag.py:4180} INFO - Setting next_dagrun for kaggle_to_gcs to None, run_after=None
[2025-04-17T20:46:11.507+0000] {processor.py:208} INFO - Processing /opt/airflow/dags/kaggle_to_gcs.py took 0.921 seconds
[2025-04-17T20:46:20.767+0000] {processor.py:186} INFO - Started process (PID=1062) to work on /opt/airflow/dags/kaggle_to_gcs.py
[2025-04-17T20:46:20.769+0000] {processor.py:914} INFO - Processing file /opt/airflow/dags/kaggle_to_gcs.py for tasks to queue
[2025-04-17T20:46:20.772+0000] {logging_mixin.py:190} INFO - [2025-04-17T20:46:20.771+0000] {dagbag.py:588} INFO - Filling up the DagBag from /opt/airflow/dags/kaggle_to_gcs.py
[2025-04-17T20:46:21.783+0000] {processor.py:925} INFO - DAG(s) 'kaggle_to_gcs' retrieved from /opt/airflow/dags/kaggle_to_gcs.py
[2025-04-17T20:46:21.806+0000] {logging_mixin.py:190} INFO - [2025-04-17T20:46:21.806+0000] {dag.py:3239} INFO - Sync 1 DAGs
[2025-04-17T20:46:21.833+0000] {logging_mixin.py:190} INFO - [2025-04-17T20:46:21.833+0000] {dag.py:4180} INFO - Setting next_dagrun for kaggle_to_gcs to None, run_after=None
[2025-04-17T20:46:21.858+0000] {processor.py:208} INFO - Processing /opt/airflow/dags/kaggle_to_gcs.py took 1.100 seconds
[2025-04-17T20:46:52.609+0000] {processor.py:186} INFO - Started process (PID=1094) to work on /opt/airflow/dags/kaggle_to_gcs.py
[2025-04-17T20:46:52.610+0000] {processor.py:914} INFO - Processing file /opt/airflow/dags/kaggle_to_gcs.py for tasks to queue
[2025-04-17T20:46:52.613+0000] {logging_mixin.py:190} INFO - [2025-04-17T20:46:52.613+0000] {dagbag.py:588} INFO - Filling up the DagBag from /opt/airflow/dags/kaggle_to_gcs.py
[2025-04-17T20:46:53.343+0000] {processor.py:925} INFO - DAG(s) 'kaggle_to_gcs' retrieved from /opt/airflow/dags/kaggle_to_gcs.py
[2025-04-17T20:46:53.371+0000] {logging_mixin.py:190} INFO - [2025-04-17T20:46:53.371+0000] {dag.py:3239} INFO - Sync 1 DAGs
[2025-04-17T20:46:53.399+0000] {logging_mixin.py:190} INFO - [2025-04-17T20:46:53.399+0000] {dag.py:4180} INFO - Setting next_dagrun for kaggle_to_gcs to None, run_after=None
[2025-04-17T20:46:53.419+0000] {processor.py:208} INFO - Processing /opt/airflow/dags/kaggle_to_gcs.py took 0.817 seconds
[2025-04-17T20:46:56.591+0000] {processor.py:186} INFO - Started process (PID=1110) to work on /opt/airflow/dags/kaggle_to_gcs.py
[2025-04-17T20:46:56.592+0000] {processor.py:914} INFO - Processing file /opt/airflow/dags/kaggle_to_gcs.py for tasks to queue
[2025-04-17T20:46:56.596+0000] {logging_mixin.py:190} INFO - [2025-04-17T20:46:56.595+0000] {dagbag.py:588} INFO - Filling up the DagBag from /opt/airflow/dags/kaggle_to_gcs.py
[2025-04-17T20:46:57.679+0000] {processor.py:925} INFO - DAG(s) 'kaggle_to_gcs' retrieved from /opt/airflow/dags/kaggle_to_gcs.py
[2025-04-17T20:46:57.726+0000] {logging_mixin.py:190} INFO - [2025-04-17T20:46:57.725+0000] {dag.py:3239} INFO - Sync 1 DAGs
[2025-04-17T20:46:57.786+0000] {logging_mixin.py:190} INFO - [2025-04-17T20:46:57.785+0000] {dag.py:4180} INFO - Setting next_dagrun for kaggle_to_gcs to None, run_after=None
[2025-04-17T20:46:57.857+0000] {processor.py:208} INFO - Processing /opt/airflow/dags/kaggle_to_gcs.py took 1.273 seconds
[2025-04-17T20:47:27.152+0000] {processor.py:186} INFO - Started process (PID=1142) to work on /opt/airflow/dags/kaggle_to_gcs.py
[2025-04-17T20:47:27.153+0000] {processor.py:914} INFO - Processing file /opt/airflow/dags/kaggle_to_gcs.py for tasks to queue
[2025-04-17T20:47:27.156+0000] {logging_mixin.py:190} INFO - [2025-04-17T20:47:27.156+0000] {dagbag.py:588} INFO - Filling up the DagBag from /opt/airflow/dags/kaggle_to_gcs.py
[2025-04-17T20:47:28.115+0000] {processor.py:925} INFO - DAG(s) 'kaggle_to_gcs' retrieved from /opt/airflow/dags/kaggle_to_gcs.py
[2025-04-17T20:47:28.139+0000] {logging_mixin.py:190} INFO - [2025-04-17T20:47:28.139+0000] {dag.py:3239} INFO - Sync 1 DAGs
[2025-04-17T20:47:28.165+0000] {logging_mixin.py:190} INFO - [2025-04-17T20:47:28.165+0000] {dag.py:4180} INFO - Setting next_dagrun for kaggle_to_gcs to None, run_after=None
[2025-04-17T20:47:28.198+0000] {processor.py:208} INFO - Processing /opt/airflow/dags/kaggle_to_gcs.py took 1.054 seconds
[2025-04-17T20:47:58.708+0000] {processor.py:186} INFO - Started process (PID=1170) to work on /opt/airflow/dags/kaggle_to_gcs.py
[2025-04-17T20:47:58.709+0000] {processor.py:914} INFO - Processing file /opt/airflow/dags/kaggle_to_gcs.py for tasks to queue
[2025-04-17T20:47:58.712+0000] {logging_mixin.py:190} INFO - [2025-04-17T20:47:58.711+0000] {dagbag.py:588} INFO - Filling up the DagBag from /opt/airflow/dags/kaggle_to_gcs.py
[2025-04-17T20:47:59.349+0000] {processor.py:925} INFO - DAG(s) 'kaggle_to_gcs' retrieved from /opt/airflow/dags/kaggle_to_gcs.py
[2025-04-17T20:47:59.371+0000] {logging_mixin.py:190} INFO - [2025-04-17T20:47:59.370+0000] {dag.py:3239} INFO - Sync 1 DAGs
[2025-04-17T20:47:59.394+0000] {logging_mixin.py:190} INFO - [2025-04-17T20:47:59.394+0000] {dag.py:4180} INFO - Setting next_dagrun for kaggle_to_gcs to None, run_after=None
[2025-04-17T20:47:59.416+0000] {processor.py:208} INFO - Processing /opt/airflow/dags/kaggle_to_gcs.py took 0.717 seconds
[2025-04-17T20:48:29.579+0000] {processor.py:186} INFO - Started process (PID=1198) to work on /opt/airflow/dags/kaggle_to_gcs.py
[2025-04-17T20:48:29.580+0000] {processor.py:914} INFO - Processing file /opt/airflow/dags/kaggle_to_gcs.py for tasks to queue
[2025-04-17T20:48:29.584+0000] {logging_mixin.py:190} INFO - [2025-04-17T20:48:29.584+0000] {dagbag.py:588} INFO - Filling up the DagBag from /opt/airflow/dags/kaggle_to_gcs.py
[2025-04-17T20:48:30.316+0000] {processor.py:925} INFO - DAG(s) 'kaggle_to_gcs' retrieved from /opt/airflow/dags/kaggle_to_gcs.py
[2025-04-17T20:48:30.347+0000] {logging_mixin.py:190} INFO - [2025-04-17T20:48:30.347+0000] {dag.py:3239} INFO - Sync 1 DAGs
[2025-04-17T20:48:30.379+0000] {logging_mixin.py:190} INFO - [2025-04-17T20:48:30.379+0000] {dag.py:4180} INFO - Setting next_dagrun for kaggle_to_gcs to None, run_after=None
[2025-04-17T20:48:30.406+0000] {processor.py:208} INFO - Processing /opt/airflow/dags/kaggle_to_gcs.py took 0.835 seconds
[2025-04-17T20:49:00.835+0000] {processor.py:186} INFO - Started process (PID=1226) to work on /opt/airflow/dags/kaggle_to_gcs.py
[2025-04-17T20:49:00.837+0000] {processor.py:914} INFO - Processing file /opt/airflow/dags/kaggle_to_gcs.py for tasks to queue
[2025-04-17T20:49:00.840+0000] {logging_mixin.py:190} INFO - [2025-04-17T20:49:00.839+0000] {dagbag.py:588} INFO - Filling up the DagBag from /opt/airflow/dags/kaggle_to_gcs.py
[2025-04-17T20:49:01.578+0000] {processor.py:925} INFO - DAG(s) 'kaggle_to_gcs' retrieved from /opt/airflow/dags/kaggle_to_gcs.py
[2025-04-17T20:49:01.602+0000] {logging_mixin.py:190} INFO - [2025-04-17T20:49:01.601+0000] {dag.py:3239} INFO - Sync 1 DAGs
[2025-04-17T20:49:01.634+0000] {logging_mixin.py:190} INFO - [2025-04-17T20:49:01.634+0000] {dag.py:4180} INFO - Setting next_dagrun for kaggle_to_gcs to None, run_after=None
[2025-04-17T20:49:01.661+0000] {processor.py:208} INFO - Processing /opt/airflow/dags/kaggle_to_gcs.py took 0.832 seconds
[2025-04-17T20:49:13.017+0000] {processor.py:186} INFO - Started process (PID=1238) to work on /opt/airflow/dags/kaggle_to_gcs.py
[2025-04-17T20:49:13.019+0000] {processor.py:914} INFO - Processing file /opt/airflow/dags/kaggle_to_gcs.py for tasks to queue
[2025-04-17T20:49:13.023+0000] {logging_mixin.py:190} INFO - [2025-04-17T20:49:13.023+0000] {dagbag.py:588} INFO - Filling up the DagBag from /opt/airflow/dags/kaggle_to_gcs.py
[2025-04-17T20:49:13.740+0000] {processor.py:925} INFO - DAG(s) 'kaggle_to_gcs' retrieved from /opt/airflow/dags/kaggle_to_gcs.py
[2025-04-17T20:49:13.872+0000] {logging_mixin.py:190} INFO - [2025-04-17T20:49:13.871+0000] {dag.py:3239} INFO - Sync 1 DAGs
[2025-04-17T20:49:13.893+0000] {logging_mixin.py:190} INFO - [2025-04-17T20:49:13.893+0000] {dag.py:4180} INFO - Setting next_dagrun for kaggle_to_gcs to None, run_after=None
[2025-04-17T20:49:13.919+0000] {processor.py:208} INFO - Processing /opt/airflow/dags/kaggle_to_gcs.py took 0.916 seconds
[2025-04-17T20:49:26.077+0000] {processor.py:186} INFO - Started process (PID=1250) to work on /opt/airflow/dags/kaggle_to_gcs.py
[2025-04-17T20:49:26.078+0000] {processor.py:914} INFO - Processing file /opt/airflow/dags/kaggle_to_gcs.py for tasks to queue
[2025-04-17T20:49:26.081+0000] {logging_mixin.py:190} INFO - [2025-04-17T20:49:26.081+0000] {dagbag.py:588} INFO - Filling up the DagBag from /opt/airflow/dags/kaggle_to_gcs.py
[2025-04-17T20:49:26.873+0000] {processor.py:925} INFO - DAG(s) 'kaggle_to_gcs' retrieved from /opt/airflow/dags/kaggle_to_gcs.py
[2025-04-17T20:49:26.885+0000] {logging_mixin.py:190} INFO - [2025-04-17T20:49:26.885+0000] {dag.py:3239} INFO - Sync 1 DAGs
[2025-04-17T20:49:26.910+0000] {logging_mixin.py:190} INFO - [2025-04-17T20:49:26.910+0000] {dag.py:4180} INFO - Setting next_dagrun for kaggle_to_gcs to None, run_after=None
[2025-04-17T20:49:26.936+0000] {processor.py:208} INFO - Processing /opt/airflow/dags/kaggle_to_gcs.py took 0.868 seconds
[2025-04-17T20:49:29.189+0000] {processor.py:186} INFO - Started process (PID=1266) to work on /opt/airflow/dags/kaggle_to_gcs.py
[2025-04-17T20:49:29.190+0000] {processor.py:914} INFO - Processing file /opt/airflow/dags/kaggle_to_gcs.py for tasks to queue
[2025-04-17T20:49:29.193+0000] {logging_mixin.py:190} INFO - [2025-04-17T20:49:29.192+0000] {dagbag.py:588} INFO - Filling up the DagBag from /opt/airflow/dags/kaggle_to_gcs.py
[2025-04-17T20:49:29.925+0000] {processor.py:925} INFO - DAG(s) 'kaggle_to_gcs' retrieved from /opt/airflow/dags/kaggle_to_gcs.py
[2025-04-17T20:49:29.936+0000] {logging_mixin.py:190} INFO - [2025-04-17T20:49:29.936+0000] {dag.py:3239} INFO - Sync 1 DAGs
[2025-04-17T20:49:29.961+0000] {logging_mixin.py:190} INFO - [2025-04-17T20:49:29.961+0000] {dag.py:4180} INFO - Setting next_dagrun for kaggle_to_gcs to None, run_after=None
[2025-04-17T20:49:29.986+0000] {processor.py:208} INFO - Processing /opt/airflow/dags/kaggle_to_gcs.py took 0.803 seconds
[2025-04-17T20:49:45.275+0000] {processor.py:186} INFO - Started process (PID=1284) to work on /opt/airflow/dags/kaggle_to_gcs.py
[2025-04-17T20:49:45.277+0000] {processor.py:914} INFO - Processing file /opt/airflow/dags/kaggle_to_gcs.py for tasks to queue
[2025-04-17T20:49:45.280+0000] {logging_mixin.py:190} INFO - [2025-04-17T20:49:45.279+0000] {dagbag.py:588} INFO - Filling up the DagBag from /opt/airflow/dags/kaggle_to_gcs.py
[2025-04-17T20:49:46.190+0000] {processor.py:925} INFO - DAG(s) 'kaggle_to_gcs' retrieved from /opt/airflow/dags/kaggle_to_gcs.py
[2025-04-17T20:49:46.321+0000] {logging_mixin.py:190} INFO - [2025-04-17T20:49:46.320+0000] {dag.py:3239} INFO - Sync 1 DAGs
[2025-04-17T20:49:46.355+0000] {logging_mixin.py:190} INFO - [2025-04-17T20:49:46.354+0000] {dag.py:4180} INFO - Setting next_dagrun for kaggle_to_gcs to None, run_after=None
[2025-04-17T20:49:46.395+0000] {processor.py:208} INFO - Processing /opt/airflow/dags/kaggle_to_gcs.py took 1.129 seconds
[2025-04-17T20:49:52.390+0000] {processor.py:186} INFO - Started process (PID=1290) to work on /opt/airflow/dags/kaggle_to_gcs.py
[2025-04-17T20:49:52.392+0000] {processor.py:914} INFO - Processing file /opt/airflow/dags/kaggle_to_gcs.py for tasks to queue
[2025-04-17T20:49:52.394+0000] {logging_mixin.py:190} INFO - [2025-04-17T20:49:52.394+0000] {dagbag.py:588} INFO - Filling up the DagBag from /opt/airflow/dags/kaggle_to_gcs.py
[2025-04-17T20:49:53.210+0000] {processor.py:925} INFO - DAG(s) 'kaggle_to_gcs' retrieved from /opt/airflow/dags/kaggle_to_gcs.py
[2025-04-17T20:49:53.220+0000] {logging_mixin.py:190} INFO - [2025-04-17T20:49:53.220+0000] {dag.py:3239} INFO - Sync 1 DAGs
[2025-04-17T20:49:53.244+0000] {logging_mixin.py:190} INFO - [2025-04-17T20:49:53.243+0000] {dag.py:4180} INFO - Setting next_dagrun for kaggle_to_gcs to None, run_after=None
[2025-04-17T20:49:53.266+0000] {processor.py:208} INFO - Processing /opt/airflow/dags/kaggle_to_gcs.py took 0.883 seconds
[2025-04-17T20:50:23.502+0000] {processor.py:186} INFO - Started process (PID=1318) to work on /opt/airflow/dags/kaggle_to_gcs.py
[2025-04-17T20:50:23.503+0000] {processor.py:914} INFO - Processing file /opt/airflow/dags/kaggle_to_gcs.py for tasks to queue
[2025-04-17T20:50:23.506+0000] {logging_mixin.py:190} INFO - [2025-04-17T20:50:23.505+0000] {dagbag.py:588} INFO - Filling up the DagBag from /opt/airflow/dags/kaggle_to_gcs.py
[2025-04-17T20:50:24.190+0000] {processor.py:925} INFO - DAG(s) 'kaggle_to_gcs' retrieved from /opt/airflow/dags/kaggle_to_gcs.py
[2025-04-17T20:50:24.219+0000] {logging_mixin.py:190} INFO - [2025-04-17T20:50:24.218+0000] {dag.py:3239} INFO - Sync 1 DAGs
[2025-04-17T20:50:24.248+0000] {logging_mixin.py:190} INFO - [2025-04-17T20:50:24.247+0000] {dag.py:4180} INFO - Setting next_dagrun for kaggle_to_gcs to None, run_after=None
[2025-04-17T20:50:24.272+0000] {processor.py:208} INFO - Processing /opt/airflow/dags/kaggle_to_gcs.py took 0.776 seconds
[2025-04-17T20:50:54.557+0000] {processor.py:186} INFO - Started process (PID=1346) to work on /opt/airflow/dags/kaggle_to_gcs.py
[2025-04-17T20:50:54.558+0000] {processor.py:914} INFO - Processing file /opt/airflow/dags/kaggle_to_gcs.py for tasks to queue
[2025-04-17T20:50:54.561+0000] {logging_mixin.py:190} INFO - [2025-04-17T20:50:54.560+0000] {dagbag.py:588} INFO - Filling up the DagBag from /opt/airflow/dags/kaggle_to_gcs.py
[2025-04-17T20:50:55.394+0000] {processor.py:925} INFO - DAG(s) 'kaggle_to_gcs' retrieved from /opt/airflow/dags/kaggle_to_gcs.py
[2025-04-17T20:50:55.419+0000] {logging_mixin.py:190} INFO - [2025-04-17T20:50:55.418+0000] {dag.py:3239} INFO - Sync 1 DAGs
[2025-04-17T20:50:55.454+0000] {logging_mixin.py:190} INFO - [2025-04-17T20:50:55.454+0000] {dag.py:4180} INFO - Setting next_dagrun for kaggle_to_gcs to None, run_after=None
[2025-04-17T20:50:55.485+0000] {processor.py:208} INFO - Processing /opt/airflow/dags/kaggle_to_gcs.py took 0.935 seconds
[2025-04-17T20:51:00.378+0000] {processor.py:186} INFO - Started process (PID=1362) to work on /opt/airflow/dags/kaggle_to_gcs.py
[2025-04-17T20:51:00.383+0000] {processor.py:914} INFO - Processing file /opt/airflow/dags/kaggle_to_gcs.py for tasks to queue
[2025-04-17T20:51:00.386+0000] {logging_mixin.py:190} INFO - [2025-04-17T20:51:00.385+0000] {dagbag.py:588} INFO - Filling up the DagBag from /opt/airflow/dags/kaggle_to_gcs.py
[2025-04-17T20:51:01.176+0000] {processor.py:925} INFO - DAG(s) 'kaggle_to_gcs' retrieved from /opt/airflow/dags/kaggle_to_gcs.py
[2025-04-17T20:51:01.198+0000] {logging_mixin.py:190} INFO - [2025-04-17T20:51:01.198+0000] {dag.py:3239} INFO - Sync 1 DAGs
[2025-04-17T20:51:01.226+0000] {logging_mixin.py:190} INFO - [2025-04-17T20:51:01.226+0000] {dag.py:4180} INFO - Setting next_dagrun for kaggle_to_gcs to None, run_after=None
[2025-04-17T20:51:01.259+0000] {processor.py:208} INFO - Processing /opt/airflow/dags/kaggle_to_gcs.py took 0.890 seconds
[2025-04-17T20:51:10.459+0000] {processor.py:186} INFO - Started process (PID=1368) to work on /opt/airflow/dags/kaggle_to_gcs.py
[2025-04-17T20:51:10.460+0000] {processor.py:914} INFO - Processing file /opt/airflow/dags/kaggle_to_gcs.py for tasks to queue
[2025-04-17T20:51:10.464+0000] {logging_mixin.py:190} INFO - [2025-04-17T20:51:10.464+0000] {dagbag.py:588} INFO - Filling up the DagBag from /opt/airflow/dags/kaggle_to_gcs.py
[2025-04-17T20:51:11.225+0000] {processor.py:925} INFO - DAG(s) 'kaggle_to_gcs' retrieved from /opt/airflow/dags/kaggle_to_gcs.py
[2025-04-17T20:51:11.247+0000] {logging_mixin.py:190} INFO - [2025-04-17T20:51:11.247+0000] {dag.py:3239} INFO - Sync 1 DAGs
[2025-04-17T20:51:11.269+0000] {logging_mixin.py:190} INFO - [2025-04-17T20:51:11.269+0000] {dag.py:4180} INFO - Setting next_dagrun for kaggle_to_gcs to None, run_after=None
[2025-04-17T20:51:11.295+0000] {processor.py:208} INFO - Processing /opt/airflow/dags/kaggle_to_gcs.py took 0.843 seconds
[2025-04-17T20:51:17.464+0000] {processor.py:186} INFO - Started process (PID=1380) to work on /opt/airflow/dags/kaggle_to_gcs.py
[2025-04-17T20:51:17.466+0000] {processor.py:914} INFO - Processing file /opt/airflow/dags/kaggle_to_gcs.py for tasks to queue
[2025-04-17T20:51:17.469+0000] {logging_mixin.py:190} INFO - [2025-04-17T20:51:17.468+0000] {dagbag.py:588} INFO - Filling up the DagBag from /opt/airflow/dags/kaggle_to_gcs.py
[2025-04-17T20:51:18.280+0000] {processor.py:925} INFO - DAG(s) 'kaggle_to_gcs' retrieved from /opt/airflow/dags/kaggle_to_gcs.py
[2025-04-17T20:51:18.308+0000] {logging_mixin.py:190} INFO - [2025-04-17T20:51:18.307+0000] {dag.py:3239} INFO - Sync 1 DAGs
[2025-04-17T20:51:18.335+0000] {logging_mixin.py:190} INFO - [2025-04-17T20:51:18.335+0000] {dag.py:4180} INFO - Setting next_dagrun for kaggle_to_gcs to None, run_after=None
[2025-04-17T20:51:18.366+0000] {processor.py:208} INFO - Processing /opt/airflow/dags/kaggle_to_gcs.py took 0.913 seconds
[2025-04-17T20:51:48.871+0000] {processor.py:186} INFO - Started process (PID=1409) to work on /opt/airflow/dags/kaggle_to_gcs.py
[2025-04-17T20:51:48.872+0000] {processor.py:914} INFO - Processing file /opt/airflow/dags/kaggle_to_gcs.py for tasks to queue
[2025-04-17T20:51:48.875+0000] {logging_mixin.py:190} INFO - [2025-04-17T20:51:48.875+0000] {dagbag.py:588} INFO - Filling up the DagBag from /opt/airflow/dags/kaggle_to_gcs.py
[2025-04-17T20:51:49.710+0000] {processor.py:925} INFO - DAG(s) 'kaggle_to_gcs' retrieved from /opt/airflow/dags/kaggle_to_gcs.py
[2025-04-17T20:51:49.742+0000] {logging_mixin.py:190} INFO - [2025-04-17T20:51:49.741+0000] {dag.py:3239} INFO - Sync 1 DAGs
[2025-04-17T20:51:49.767+0000] {logging_mixin.py:190} INFO - [2025-04-17T20:51:49.767+0000] {dag.py:4180} INFO - Setting next_dagrun for kaggle_to_gcs to None, run_after=None
[2025-04-17T20:51:49.785+0000] {processor.py:208} INFO - Processing /opt/airflow/dags/kaggle_to_gcs.py took 0.922 seconds
[2025-04-17T20:51:53.850+0000] {processor.py:186} INFO - Started process (PID=1421) to work on /opt/airflow/dags/kaggle_to_gcs.py
[2025-04-17T20:51:53.852+0000] {processor.py:914} INFO - Processing file /opt/airflow/dags/kaggle_to_gcs.py for tasks to queue
[2025-04-17T20:51:53.858+0000] {logging_mixin.py:190} INFO - [2025-04-17T20:51:53.857+0000] {dagbag.py:588} INFO - Filling up the DagBag from /opt/airflow/dags/kaggle_to_gcs.py
[2025-04-17T20:51:54.773+0000] {processor.py:925} INFO - DAG(s) 'kaggle_to_gcs' retrieved from /opt/airflow/dags/kaggle_to_gcs.py
[2025-04-17T20:51:54.798+0000] {logging_mixin.py:190} INFO - [2025-04-17T20:51:54.797+0000] {dag.py:3239} INFO - Sync 1 DAGs
[2025-04-17T20:51:54.830+0000] {logging_mixin.py:190} INFO - [2025-04-17T20:51:54.830+0000] {dag.py:4180} INFO - Setting next_dagrun for kaggle_to_gcs to None, run_after=None
[2025-04-17T20:51:54.859+0000] {processor.py:208} INFO - Processing /opt/airflow/dags/kaggle_to_gcs.py took 1.018 seconds
[2025-04-17T20:52:08.122+0000] {processor.py:186} INFO - Started process (PID=1437) to work on /opt/airflow/dags/kaggle_to_gcs.py
[2025-04-17T20:52:08.123+0000] {processor.py:914} INFO - Processing file /opt/airflow/dags/kaggle_to_gcs.py for tasks to queue
[2025-04-17T20:52:08.126+0000] {logging_mixin.py:190} INFO - [2025-04-17T20:52:08.126+0000] {dagbag.py:588} INFO - Filling up the DagBag from /opt/airflow/dags/kaggle_to_gcs.py
[2025-04-17T20:52:08.864+0000] {processor.py:925} INFO - DAG(s) 'kaggle_to_gcs' retrieved from /opt/airflow/dags/kaggle_to_gcs.py
[2025-04-17T20:52:08.896+0000] {logging_mixin.py:190} INFO - [2025-04-17T20:52:08.896+0000] {dag.py:3239} INFO - Sync 1 DAGs
[2025-04-17T20:52:08.927+0000] {logging_mixin.py:190} INFO - [2025-04-17T20:52:08.927+0000] {dag.py:4180} INFO - Setting next_dagrun for kaggle_to_gcs to None, run_after=None
[2025-04-17T20:52:08.955+0000] {processor.py:208} INFO - Processing /opt/airflow/dags/kaggle_to_gcs.py took 0.840 seconds
[2025-04-17T20:52:11.061+0000] {processor.py:186} INFO - Started process (PID=1443) to work on /opt/airflow/dags/kaggle_to_gcs.py
[2025-04-17T20:52:11.062+0000] {processor.py:914} INFO - Processing file /opt/airflow/dags/kaggle_to_gcs.py for tasks to queue
[2025-04-17T20:52:11.065+0000] {logging_mixin.py:190} INFO - [2025-04-17T20:52:11.065+0000] {dagbag.py:588} INFO - Filling up the DagBag from /opt/airflow/dags/kaggle_to_gcs.py
[2025-04-17T20:52:11.956+0000] {processor.py:925} INFO - DAG(s) 'kaggle_to_gcs' retrieved from /opt/airflow/dags/kaggle_to_gcs.py
[2025-04-17T20:52:11.981+0000] {logging_mixin.py:190} INFO - [2025-04-17T20:52:11.981+0000] {dag.py:3239} INFO - Sync 1 DAGs
[2025-04-17T20:52:12.005+0000] {logging_mixin.py:190} INFO - [2025-04-17T20:52:12.005+0000] {dag.py:4180} INFO - Setting next_dagrun for kaggle_to_gcs to None, run_after=None
[2025-04-17T20:52:12.031+0000] {processor.py:208} INFO - Processing /opt/airflow/dags/kaggle_to_gcs.py took 0.978 seconds
[2025-04-17T20:52:42.498+0000] {processor.py:186} INFO - Started process (PID=1477) to work on /opt/airflow/dags/kaggle_to_gcs.py
[2025-04-17T20:52:42.499+0000] {processor.py:914} INFO - Processing file /opt/airflow/dags/kaggle_to_gcs.py for tasks to queue
[2025-04-17T20:52:42.502+0000] {logging_mixin.py:190} INFO - [2025-04-17T20:52:42.501+0000] {dagbag.py:588} INFO - Filling up the DagBag from /opt/airflow/dags/kaggle_to_gcs.py
[2025-04-17T20:52:43.191+0000] {processor.py:925} INFO - DAG(s) 'kaggle_to_gcs' retrieved from /opt/airflow/dags/kaggle_to_gcs.py
[2025-04-17T20:52:43.217+0000] {logging_mixin.py:190} INFO - [2025-04-17T20:52:43.216+0000] {dag.py:3239} INFO - Sync 1 DAGs
[2025-04-17T20:52:43.243+0000] {logging_mixin.py:190} INFO - [2025-04-17T20:52:43.243+0000] {dag.py:4180} INFO - Setting next_dagrun for kaggle_to_gcs to None, run_after=None
[2025-04-17T20:52:43.269+0000] {processor.py:208} INFO - Processing /opt/airflow/dags/kaggle_to_gcs.py took 0.778 seconds
[2025-04-17T20:53:14.170+0000] {processor.py:186} INFO - Started process (PID=1505) to work on /opt/airflow/dags/kaggle_to_gcs.py
[2025-04-17T20:53:14.172+0000] {processor.py:914} INFO - Processing file /opt/airflow/dags/kaggle_to_gcs.py for tasks to queue
[2025-04-17T20:53:14.175+0000] {logging_mixin.py:190} INFO - [2025-04-17T20:53:14.175+0000] {dagbag.py:588} INFO - Filling up the DagBag from /opt/airflow/dags/kaggle_to_gcs.py
[2025-04-17T20:53:15.002+0000] {processor.py:925} INFO - DAG(s) 'kaggle_to_gcs' retrieved from /opt/airflow/dags/kaggle_to_gcs.py
[2025-04-17T20:53:15.035+0000] {logging_mixin.py:190} INFO - [2025-04-17T20:53:15.035+0000] {dag.py:3239} INFO - Sync 1 DAGs
[2025-04-17T20:53:15.077+0000] {logging_mixin.py:190} INFO - [2025-04-17T20:53:15.077+0000] {dag.py:4180} INFO - Setting next_dagrun for kaggle_to_gcs to None, run_after=None
[2025-04-17T20:53:15.110+0000] {processor.py:208} INFO - Processing /opt/airflow/dags/kaggle_to_gcs.py took 0.947 seconds
[2025-04-17T20:53:40.576+0000] {processor.py:186} INFO - Started process (PID=1527) to work on /opt/airflow/dags/kaggle_to_gcs.py
[2025-04-17T20:53:40.578+0000] {processor.py:914} INFO - Processing file /opt/airflow/dags/kaggle_to_gcs.py for tasks to queue
[2025-04-17T20:53:40.581+0000] {logging_mixin.py:190} INFO - [2025-04-17T20:53:40.580+0000] {dagbag.py:588} INFO - Filling up the DagBag from /opt/airflow/dags/kaggle_to_gcs.py
[2025-04-17T20:53:40.602+0000] {logging_mixin.py:190} INFO - [2025-04-17T20:53:40.600+0000] {dagbag.py:387} ERROR - Failed to import: /opt/airflow/dags/kaggle_to_gcs.py
Traceback (most recent call last):
  File "/home/airflow/.local/lib/python3.12/site-packages/airflow/models/dagbag.py", line 383, in parse
    loader.exec_module(new_module)
  File "<frozen importlib._bootstrap_external>", line 995, in exec_module
  File "<frozen importlib._bootstrap_external>", line 1133, in get_code
  File "<frozen importlib._bootstrap_external>", line 1063, in source_to_code
  File "<frozen importlib._bootstrap>", line 488, in _call_with_frames_removed
  File "/opt/airflow/dags/kaggle_to_gcs.py", line 65
    input_filepath = **kwargs['ti'].xcom_pull(task_ids="transform_csv")
                     ^^
SyntaxError: invalid syntax
[2025-04-17T20:53:40.603+0000] {processor.py:927} WARNING - No viable dags retrieved from /opt/airflow/dags/kaggle_to_gcs.py
[2025-04-17T20:53:40.624+0000] {processor.py:208} INFO - Processing /opt/airflow/dags/kaggle_to_gcs.py took 0.055 seconds
[2025-04-17T20:53:44.707+0000] {processor.py:186} INFO - Started process (PID=1538) to work on /opt/airflow/dags/kaggle_to_gcs.py
[2025-04-17T20:53:44.708+0000] {processor.py:914} INFO - Processing file /opt/airflow/dags/kaggle_to_gcs.py for tasks to queue
[2025-04-17T20:53:44.711+0000] {logging_mixin.py:190} INFO - [2025-04-17T20:53:44.711+0000] {dagbag.py:588} INFO - Filling up the DagBag from /opt/airflow/dags/kaggle_to_gcs.py
[2025-04-17T20:53:45.522+0000] {processor.py:925} INFO - DAG(s) 'kaggle_to_gcs' retrieved from /opt/airflow/dags/kaggle_to_gcs.py
[2025-04-17T20:53:45.548+0000] {logging_mixin.py:190} INFO - [2025-04-17T20:53:45.547+0000] {dag.py:3239} INFO - Sync 1 DAGs
[2025-04-17T20:53:45.575+0000] {logging_mixin.py:190} INFO - [2025-04-17T20:53:45.575+0000] {dag.py:4180} INFO - Setting next_dagrun for kaggle_to_gcs to None, run_after=None
[2025-04-17T20:53:45.603+0000] {processor.py:208} INFO - Processing /opt/airflow/dags/kaggle_to_gcs.py took 0.902 seconds
[2025-04-17T20:54:13.057+0000] {processor.py:186} INFO - Started process (PID=1566) to work on /opt/airflow/dags/kaggle_to_gcs.py
[2025-04-17T20:54:13.059+0000] {processor.py:914} INFO - Processing file /opt/airflow/dags/kaggle_to_gcs.py for tasks to queue
[2025-04-17T20:54:13.062+0000] {logging_mixin.py:190} INFO - [2025-04-17T20:54:13.061+0000] {dagbag.py:588} INFO - Filling up the DagBag from /opt/airflow/dags/kaggle_to_gcs.py
[2025-04-17T20:54:13.916+0000] {processor.py:925} INFO - DAG(s) 'kaggle_to_gcs' retrieved from /opt/airflow/dags/kaggle_to_gcs.py
[2025-04-17T20:54:13.942+0000] {logging_mixin.py:190} INFO - [2025-04-17T20:54:13.941+0000] {dag.py:3239} INFO - Sync 1 DAGs
[2025-04-17T20:54:13.965+0000] {logging_mixin.py:190} INFO - [2025-04-17T20:54:13.965+0000] {dag.py:4180} INFO - Setting next_dagrun for kaggle_to_gcs to None, run_after=None
[2025-04-17T20:54:14.012+0000] {processor.py:208} INFO - Processing /opt/airflow/dags/kaggle_to_gcs.py took 0.963 seconds
[2025-04-17T20:54:44.474+0000] {processor.py:186} INFO - Started process (PID=1594) to work on /opt/airflow/dags/kaggle_to_gcs.py
[2025-04-17T20:54:44.475+0000] {processor.py:914} INFO - Processing file /opt/airflow/dags/kaggle_to_gcs.py for tasks to queue
[2025-04-17T20:54:44.478+0000] {logging_mixin.py:190} INFO - [2025-04-17T20:54:44.477+0000] {dagbag.py:588} INFO - Filling up the DagBag from /opt/airflow/dags/kaggle_to_gcs.py
[2025-04-17T20:54:45.217+0000] {processor.py:925} INFO - DAG(s) 'kaggle_to_gcs' retrieved from /opt/airflow/dags/kaggle_to_gcs.py
[2025-04-17T20:54:45.238+0000] {logging_mixin.py:190} INFO - [2025-04-17T20:54:45.238+0000] {dag.py:3239} INFO - Sync 1 DAGs
[2025-04-17T20:54:45.259+0000] {logging_mixin.py:190} INFO - [2025-04-17T20:54:45.258+0000] {dag.py:4180} INFO - Setting next_dagrun for kaggle_to_gcs to None, run_after=None
[2025-04-17T20:54:45.276+0000] {processor.py:208} INFO - Processing /opt/airflow/dags/kaggle_to_gcs.py took 0.809 seconds
[2025-04-17T20:55:15.840+0000] {processor.py:186} INFO - Started process (PID=1622) to work on /opt/airflow/dags/kaggle_to_gcs.py
[2025-04-17T20:55:15.841+0000] {processor.py:914} INFO - Processing file /opt/airflow/dags/kaggle_to_gcs.py for tasks to queue
[2025-04-17T20:55:15.844+0000] {logging_mixin.py:190} INFO - [2025-04-17T20:55:15.843+0000] {dagbag.py:588} INFO - Filling up the DagBag from /opt/airflow/dags/kaggle_to_gcs.py
[2025-04-17T20:55:16.521+0000] {processor.py:925} INFO - DAG(s) 'kaggle_to_gcs' retrieved from /opt/airflow/dags/kaggle_to_gcs.py
[2025-04-17T20:55:16.543+0000] {logging_mixin.py:190} INFO - [2025-04-17T20:55:16.542+0000] {dag.py:3239} INFO - Sync 1 DAGs
[2025-04-17T20:55:16.567+0000] {logging_mixin.py:190} INFO - [2025-04-17T20:55:16.567+0000] {dag.py:4180} INFO - Setting next_dagrun for kaggle_to_gcs to None, run_after=None
[2025-04-17T20:55:16.587+0000] {processor.py:208} INFO - Processing /opt/airflow/dags/kaggle_to_gcs.py took 0.754 seconds
[2025-04-17T20:55:47.338+0000] {processor.py:186} INFO - Started process (PID=1650) to work on /opt/airflow/dags/kaggle_to_gcs.py
[2025-04-17T20:55:47.339+0000] {processor.py:914} INFO - Processing file /opt/airflow/dags/kaggle_to_gcs.py for tasks to queue
[2025-04-17T20:55:47.342+0000] {logging_mixin.py:190} INFO - [2025-04-17T20:55:47.341+0000] {dagbag.py:588} INFO - Filling up the DagBag from /opt/airflow/dags/kaggle_to_gcs.py
[2025-04-17T20:55:48.163+0000] {processor.py:925} INFO - DAG(s) 'kaggle_to_gcs' retrieved from /opt/airflow/dags/kaggle_to_gcs.py
[2025-04-17T20:55:48.189+0000] {logging_mixin.py:190} INFO - [2025-04-17T20:55:48.187+0000] {dag.py:3239} INFO - Sync 1 DAGs
[2025-04-17T20:55:48.215+0000] {logging_mixin.py:190} INFO - [2025-04-17T20:55:48.215+0000] {dag.py:4180} INFO - Setting next_dagrun for kaggle_to_gcs to None, run_after=None
[2025-04-17T20:55:48.241+0000] {processor.py:208} INFO - Processing /opt/airflow/dags/kaggle_to_gcs.py took 0.911 seconds
[2025-04-17T20:56:18.756+0000] {processor.py:186} INFO - Started process (PID=1678) to work on /opt/airflow/dags/kaggle_to_gcs.py
[2025-04-17T20:56:18.757+0000] {processor.py:914} INFO - Processing file /opt/airflow/dags/kaggle_to_gcs.py for tasks to queue
[2025-04-17T20:56:18.760+0000] {logging_mixin.py:190} INFO - [2025-04-17T20:56:18.759+0000] {dagbag.py:588} INFO - Filling up the DagBag from /opt/airflow/dags/kaggle_to_gcs.py
[2025-04-17T20:56:19.549+0000] {processor.py:925} INFO - DAG(s) 'kaggle_to_gcs' retrieved from /opt/airflow/dags/kaggle_to_gcs.py
[2025-04-17T20:56:19.576+0000] {logging_mixin.py:190} INFO - [2025-04-17T20:56:19.575+0000] {dag.py:3239} INFO - Sync 1 DAGs
[2025-04-17T20:56:19.611+0000] {logging_mixin.py:190} INFO - [2025-04-17T20:56:19.610+0000] {dag.py:4180} INFO - Setting next_dagrun for kaggle_to_gcs to None, run_after=None
[2025-04-17T20:56:19.633+0000] {processor.py:208} INFO - Processing /opt/airflow/dags/kaggle_to_gcs.py took 0.883 seconds
[2025-04-17T20:56:21.747+0000] {processor.py:186} INFO - Started process (PID=1684) to work on /opt/airflow/dags/kaggle_to_gcs.py
[2025-04-17T20:56:21.749+0000] {processor.py:914} INFO - Processing file /opt/airflow/dags/kaggle_to_gcs.py for tasks to queue
[2025-04-17T20:56:21.752+0000] {logging_mixin.py:190} INFO - [2025-04-17T20:56:21.751+0000] {dagbag.py:588} INFO - Filling up the DagBag from /opt/airflow/dags/kaggle_to_gcs.py
[2025-04-17T20:56:22.571+0000] {processor.py:925} INFO - DAG(s) 'kaggle_to_gcs' retrieved from /opt/airflow/dags/kaggle_to_gcs.py
[2025-04-17T20:56:22.611+0000] {logging_mixin.py:190} INFO - [2025-04-17T20:56:22.610+0000] {dag.py:3239} INFO - Sync 1 DAGs
[2025-04-17T20:56:22.646+0000] {logging_mixin.py:190} INFO - [2025-04-17T20:56:22.644+0000] {dag.py:4180} INFO - Setting next_dagrun for kaggle_to_gcs to None, run_after=None
[2025-04-17T20:56:22.672+0000] {processor.py:208} INFO - Processing /opt/airflow/dags/kaggle_to_gcs.py took 0.931 seconds
[2025-04-17T20:56:24.785+0000] {processor.py:186} INFO - Started process (PID=1690) to work on /opt/airflow/dags/kaggle_to_gcs.py
[2025-04-17T20:56:24.786+0000] {processor.py:914} INFO - Processing file /opt/airflow/dags/kaggle_to_gcs.py for tasks to queue
[2025-04-17T20:56:24.789+0000] {logging_mixin.py:190} INFO - [2025-04-17T20:56:24.789+0000] {dagbag.py:588} INFO - Filling up the DagBag from /opt/airflow/dags/kaggle_to_gcs.py
[2025-04-17T20:56:25.517+0000] {processor.py:925} INFO - DAG(s) 'kaggle_to_gcs' retrieved from /opt/airflow/dags/kaggle_to_gcs.py
[2025-04-17T20:56:25.540+0000] {logging_mixin.py:190} INFO - [2025-04-17T20:56:25.540+0000] {dag.py:3239} INFO - Sync 1 DAGs
[2025-04-17T20:56:25.563+0000] {logging_mixin.py:190} INFO - [2025-04-17T20:56:25.562+0000] {dag.py:4180} INFO - Setting next_dagrun for kaggle_to_gcs to None, run_after=None
[2025-04-17T20:56:25.587+0000] {processor.py:208} INFO - Processing /opt/airflow/dags/kaggle_to_gcs.py took 0.809 seconds
[2025-04-17T20:56:32.688+0000] {processor.py:186} INFO - Started process (PID=1702) to work on /opt/airflow/dags/kaggle_to_gcs.py
[2025-04-17T20:56:32.689+0000] {processor.py:914} INFO - Processing file /opt/airflow/dags/kaggle_to_gcs.py for tasks to queue
[2025-04-17T20:56:32.692+0000] {logging_mixin.py:190} INFO - [2025-04-17T20:56:32.692+0000] {dagbag.py:588} INFO - Filling up the DagBag from /opt/airflow/dags/kaggle_to_gcs.py
[2025-04-17T20:56:33.583+0000] {processor.py:925} INFO - DAG(s) 'kaggle_to_gcs' retrieved from /opt/airflow/dags/kaggle_to_gcs.py
[2025-04-17T20:56:33.606+0000] {logging_mixin.py:190} INFO - [2025-04-17T20:56:33.605+0000] {dag.py:3239} INFO - Sync 1 DAGs
[2025-04-17T20:56:33.628+0000] {logging_mixin.py:190} INFO - [2025-04-17T20:56:33.628+0000] {dag.py:4180} INFO - Setting next_dagrun for kaggle_to_gcs to None, run_after=None
[2025-04-17T20:56:33.658+0000] {processor.py:208} INFO - Processing /opt/airflow/dags/kaggle_to_gcs.py took 0.977 seconds
[2025-04-17T20:56:34.740+0000] {processor.py:186} INFO - Started process (PID=1718) to work on /opt/airflow/dags/kaggle_to_gcs.py
[2025-04-17T20:56:34.741+0000] {processor.py:914} INFO - Processing file /opt/airflow/dags/kaggle_to_gcs.py for tasks to queue
[2025-04-17T20:56:34.744+0000] {logging_mixin.py:190} INFO - [2025-04-17T20:56:34.744+0000] {dagbag.py:588} INFO - Filling up the DagBag from /opt/airflow/dags/kaggle_to_gcs.py
[2025-04-17T20:56:35.507+0000] {processor.py:925} INFO - DAG(s) 'kaggle_to_gcs' retrieved from /opt/airflow/dags/kaggle_to_gcs.py
[2025-04-17T20:56:35.529+0000] {logging_mixin.py:190} INFO - [2025-04-17T20:56:35.529+0000] {dag.py:3239} INFO - Sync 1 DAGs
[2025-04-17T20:56:35.551+0000] {logging_mixin.py:190} INFO - [2025-04-17T20:56:35.551+0000] {dag.py:4180} INFO - Setting next_dagrun for kaggle_to_gcs to None, run_after=None
[2025-04-17T20:56:35.577+0000] {processor.py:208} INFO - Processing /opt/airflow/dags/kaggle_to_gcs.py took 0.845 seconds
[2025-04-17T20:57:06.287+0000] {processor.py:186} INFO - Started process (PID=1750) to work on /opt/airflow/dags/kaggle_to_gcs.py
[2025-04-17T20:57:06.288+0000] {processor.py:914} INFO - Processing file /opt/airflow/dags/kaggle_to_gcs.py for tasks to queue
[2025-04-17T20:57:06.292+0000] {logging_mixin.py:190} INFO - [2025-04-17T20:57:06.291+0000] {dagbag.py:588} INFO - Filling up the DagBag from /opt/airflow/dags/kaggle_to_gcs.py
[2025-04-17T20:57:07.107+0000] {processor.py:925} INFO - DAG(s) 'kaggle_to_gcs' retrieved from /opt/airflow/dags/kaggle_to_gcs.py
[2025-04-17T20:57:07.128+0000] {logging_mixin.py:190} INFO - [2025-04-17T20:57:07.128+0000] {dag.py:3239} INFO - Sync 1 DAGs
[2025-04-17T20:57:07.153+0000] {logging_mixin.py:190} INFO - [2025-04-17T20:57:07.153+0000] {dag.py:4180} INFO - Setting next_dagrun for kaggle_to_gcs to None, run_after=None
[2025-04-17T20:57:07.172+0000] {processor.py:208} INFO - Processing /opt/airflow/dags/kaggle_to_gcs.py took 0.895 seconds
[2025-04-17T20:57:37.864+0000] {processor.py:186} INFO - Started process (PID=1782) to work on /opt/airflow/dags/kaggle_to_gcs.py
[2025-04-17T20:57:37.865+0000] {processor.py:914} INFO - Processing file /opt/airflow/dags/kaggle_to_gcs.py for tasks to queue
[2025-04-17T20:57:37.868+0000] {logging_mixin.py:190} INFO - [2025-04-17T20:57:37.868+0000] {dagbag.py:588} INFO - Filling up the DagBag from /opt/airflow/dags/kaggle_to_gcs.py
[2025-04-17T20:57:38.754+0000] {processor.py:925} INFO - DAG(s) 'kaggle_to_gcs' retrieved from /opt/airflow/dags/kaggle_to_gcs.py
[2025-04-17T20:57:38.778+0000] {logging_mixin.py:190} INFO - [2025-04-17T20:57:38.777+0000] {dag.py:3239} INFO - Sync 1 DAGs
[2025-04-17T20:57:38.804+0000] {logging_mixin.py:190} INFO - [2025-04-17T20:57:38.804+0000] {dag.py:4180} INFO - Setting next_dagrun for kaggle_to_gcs to None, run_after=None
[2025-04-17T20:57:38.824+0000] {processor.py:208} INFO - Processing /opt/airflow/dags/kaggle_to_gcs.py took 0.971 seconds
[2025-04-17T20:58:09.557+0000] {processor.py:186} INFO - Started process (PID=1810) to work on /opt/airflow/dags/kaggle_to_gcs.py
[2025-04-17T20:58:09.559+0000] {processor.py:914} INFO - Processing file /opt/airflow/dags/kaggle_to_gcs.py for tasks to queue
[2025-04-17T20:58:09.564+0000] {logging_mixin.py:190} INFO - [2025-04-17T20:58:09.563+0000] {dagbag.py:588} INFO - Filling up the DagBag from /opt/airflow/dags/kaggle_to_gcs.py
[2025-04-17T20:58:10.884+0000] {processor.py:925} INFO - DAG(s) 'kaggle_to_gcs' retrieved from /opt/airflow/dags/kaggle_to_gcs.py
[2025-04-17T20:58:10.918+0000] {logging_mixin.py:190} INFO - [2025-04-17T20:58:10.917+0000] {dag.py:3239} INFO - Sync 1 DAGs
[2025-04-17T20:58:10.947+0000] {logging_mixin.py:190} INFO - [2025-04-17T20:58:10.947+0000] {dag.py:4180} INFO - Setting next_dagrun for kaggle_to_gcs to None, run_after=None
[2025-04-17T20:58:11.336+0000] {processor.py:208} INFO - Processing /opt/airflow/dags/kaggle_to_gcs.py took 1.805 seconds
[2025-04-17T20:58:41.879+0000] {processor.py:186} INFO - Started process (PID=1838) to work on /opt/airflow/dags/kaggle_to_gcs.py
[2025-04-17T20:58:41.882+0000] {processor.py:914} INFO - Processing file /opt/airflow/dags/kaggle_to_gcs.py for tasks to queue
[2025-04-17T20:58:41.887+0000] {logging_mixin.py:190} INFO - [2025-04-17T20:58:41.886+0000] {dagbag.py:588} INFO - Filling up the DagBag from /opt/airflow/dags/kaggle_to_gcs.py
[2025-04-17T20:58:42.897+0000] {processor.py:925} INFO - DAG(s) 'kaggle_to_gcs' retrieved from /opt/airflow/dags/kaggle_to_gcs.py
[2025-04-17T20:58:42.926+0000] {logging_mixin.py:190} INFO - [2025-04-17T20:58:42.926+0000] {dag.py:3239} INFO - Sync 1 DAGs
[2025-04-17T20:58:42.955+0000] {logging_mixin.py:190} INFO - [2025-04-17T20:58:42.955+0000] {dag.py:4180} INFO - Setting next_dagrun for kaggle_to_gcs to None, run_after=None
[2025-04-17T20:58:42.974+0000] {processor.py:208} INFO - Processing /opt/airflow/dags/kaggle_to_gcs.py took 1.106 seconds
[2025-04-17T20:59:13.517+0000] {processor.py:186} INFO - Started process (PID=1872) to work on /opt/airflow/dags/kaggle_to_gcs.py
[2025-04-17T20:59:13.519+0000] {processor.py:914} INFO - Processing file /opt/airflow/dags/kaggle_to_gcs.py for tasks to queue
[2025-04-17T20:59:13.524+0000] {logging_mixin.py:190} INFO - [2025-04-17T20:59:13.523+0000] {dagbag.py:588} INFO - Filling up the DagBag from /opt/airflow/dags/kaggle_to_gcs.py
[2025-04-17T20:59:14.473+0000] {processor.py:925} INFO - DAG(s) 'kaggle_to_gcs' retrieved from /opt/airflow/dags/kaggle_to_gcs.py
[2025-04-17T20:59:14.511+0000] {logging_mixin.py:190} INFO - [2025-04-17T20:59:14.511+0000] {dag.py:3239} INFO - Sync 1 DAGs
[2025-04-17T20:59:14.540+0000] {logging_mixin.py:190} INFO - [2025-04-17T20:59:14.539+0000] {dag.py:4180} INFO - Setting next_dagrun for kaggle_to_gcs to None, run_after=None
[2025-04-17T20:59:14.562+0000] {processor.py:208} INFO - Processing /opt/airflow/dags/kaggle_to_gcs.py took 1.055 seconds
[2025-04-17T20:59:45.216+0000] {processor.py:186} INFO - Started process (PID=1900) to work on /opt/airflow/dags/kaggle_to_gcs.py
[2025-04-17T20:59:45.217+0000] {processor.py:914} INFO - Processing file /opt/airflow/dags/kaggle_to_gcs.py for tasks to queue
[2025-04-17T20:59:45.220+0000] {logging_mixin.py:190} INFO - [2025-04-17T20:59:45.220+0000] {dagbag.py:588} INFO - Filling up the DagBag from /opt/airflow/dags/kaggle_to_gcs.py
[2025-04-17T20:59:46.070+0000] {processor.py:925} INFO - DAG(s) 'kaggle_to_gcs' retrieved from /opt/airflow/dags/kaggle_to_gcs.py
[2025-04-17T20:59:46.102+0000] {logging_mixin.py:190} INFO - [2025-04-17T20:59:46.101+0000] {dag.py:3239} INFO - Sync 1 DAGs
[2025-04-17T20:59:46.129+0000] {logging_mixin.py:190} INFO - [2025-04-17T20:59:46.129+0000] {dag.py:4180} INFO - Setting next_dagrun for kaggle_to_gcs to None, run_after=None
[2025-04-17T20:59:46.152+0000] {processor.py:208} INFO - Processing /opt/airflow/dags/kaggle_to_gcs.py took 0.945 seconds
[2025-04-17T21:00:14.920+0000] {processor.py:186} INFO - Started process (PID=1928) to work on /opt/airflow/dags/kaggle_to_gcs.py
[2025-04-17T21:00:14.924+0000] {processor.py:914} INFO - Processing file /opt/airflow/dags/kaggle_to_gcs.py for tasks to queue
[2025-04-17T21:00:14.928+0000] {logging_mixin.py:190} INFO - [2025-04-17T21:00:14.927+0000] {dagbag.py:588} INFO - Filling up the DagBag from /opt/airflow/dags/kaggle_to_gcs.py
[2025-04-17T21:00:16.021+0000] {processor.py:925} INFO - DAG(s) 'kaggle_to_gcs' retrieved from /opt/airflow/dags/kaggle_to_gcs.py
[2025-04-17T21:00:16.314+0000] {logging_mixin.py:190} INFO - [2025-04-17T21:00:16.312+0000] {dag.py:3239} INFO - Sync 1 DAGs
[2025-04-17T21:00:16.362+0000] {logging_mixin.py:190} INFO - [2025-04-17T21:00:16.362+0000] {dag.py:4180} INFO - Setting next_dagrun for kaggle_to_gcs to 1989-01-01 00:00:00+00:00, run_after=1990-01-01 00:00:00+00:00
[2025-04-17T21:00:16.420+0000] {processor.py:208} INFO - Processing /opt/airflow/dags/kaggle_to_gcs.py took 1.508 seconds
[2025-04-17T21:00:46.603+0000] {processor.py:186} INFO - Started process (PID=1962) to work on /opt/airflow/dags/kaggle_to_gcs.py
[2025-04-17T21:00:46.604+0000] {processor.py:914} INFO - Processing file /opt/airflow/dags/kaggle_to_gcs.py for tasks to queue
[2025-04-17T21:00:46.608+0000] {logging_mixin.py:190} INFO - [2025-04-17T21:00:46.607+0000] {dagbag.py:588} INFO - Filling up the DagBag from /opt/airflow/dags/kaggle_to_gcs.py
[2025-04-17T21:00:56.201+0000] {processor.py:925} INFO - DAG(s) 'kaggle_to_gcs' retrieved from /opt/airflow/dags/kaggle_to_gcs.py
[2025-04-17T21:00:56.235+0000] {logging_mixin.py:190} INFO - [2025-04-17T21:00:56.234+0000] {dag.py:3239} INFO - Sync 1 DAGs
[2025-04-17T21:00:56.276+0000] {logging_mixin.py:190} INFO - [2025-04-17T21:00:56.275+0000] {dag.py:4180} INFO - Setting next_dagrun for kaggle_to_gcs to None, run_after=None
[2025-04-17T21:00:56.343+0000] {processor.py:208} INFO - Processing /opt/airflow/dags/kaggle_to_gcs.py took 9.755 seconds
[2025-04-17T21:01:26.600+0000] {processor.py:186} INFO - Started process (PID=1989) to work on /opt/airflow/dags/kaggle_to_gcs.py
[2025-04-17T21:01:26.605+0000] {processor.py:914} INFO - Processing file /opt/airflow/dags/kaggle_to_gcs.py for tasks to queue
[2025-04-17T21:01:26.614+0000] {logging_mixin.py:190} INFO - [2025-04-17T21:01:26.612+0000] {dagbag.py:588} INFO - Filling up the DagBag from /opt/airflow/dags/kaggle_to_gcs.py
[2025-04-17T21:01:54.411+0000] {processor.py:925} INFO - DAG(s) 'kaggle_to_gcs' retrieved from /opt/airflow/dags/kaggle_to_gcs.py
[2025-04-17T21:01:54.496+0000] {logging_mixin.py:190} INFO - [2025-04-17T21:01:54.495+0000] {dag.py:3239} INFO - Sync 1 DAGs
[2025-04-17T21:01:54.588+0000] {logging_mixin.py:190} INFO - [2025-04-17T21:01:54.587+0000] {dag.py:4180} INFO - Setting next_dagrun for kaggle_to_gcs to None, run_after=None
[2025-04-17T21:01:54.685+0000] {processor.py:208} INFO - Processing /opt/airflow/dags/kaggle_to_gcs.py took 28.110 seconds
[2025-04-17T21:02:01.393+0000] {processor.py:186} INFO - Started process (PID=2015) to work on /opt/airflow/dags/kaggle_to_gcs.py
[2025-04-17T21:02:01.395+0000] {processor.py:914} INFO - Processing file /opt/airflow/dags/kaggle_to_gcs.py for tasks to queue
[2025-04-17T21:02:01.398+0000] {logging_mixin.py:190} INFO - [2025-04-17T21:02:01.397+0000] {dagbag.py:588} INFO - Filling up the DagBag from /opt/airflow/dags/kaggle_to_gcs.py
[2025-04-17T21:02:03.393+0000] {processor.py:925} INFO - DAG(s) 'kaggle_to_gcs' retrieved from /opt/airflow/dags/kaggle_to_gcs.py
[2025-04-17T21:02:03.469+0000] {logging_mixin.py:190} INFO - [2025-04-17T21:02:03.468+0000] {taskinstance.py:3315} ERROR - {'DAG Id': 'kaggle_to_gcs', 'Task Id': 'download_csv_from_kaggle', 'Run Id': 'scheduled__1988-01-01T00:00:00+00:00', 'Hostname': 'f21ba0bbe878'}
[2025-04-17T21:02:03.593+0000] {logging_mixin.py:190} INFO - [2025-04-17T21:02:03.592+0000] {taskinstance.py:1226} INFO - Marking task as UP_FOR_RETRY. dag_id=kaggle_to_gcs, task_id=download_csv_from_kaggle, run_id=scheduled__1988-01-01T00:00:00+00:00, execution_date=19880101T000000, start_date=20250417T210023, end_date=20250417T210203
[2025-04-17T21:02:03.651+0000] {logging_mixin.py:190} INFO - [2025-04-17T21:02:03.651+0000] {processor.py:876} INFO - Executed callback for <TaskInstance: kaggle_to_gcs.download_csv_from_kaggle scheduled__1988-01-01T00:00:00+00:00 [up_for_retry]> in state up_for_retry
[2025-04-17T21:02:03.669+0000] {logging_mixin.py:190} INFO - [2025-04-17T21:02:03.668+0000] {dag.py:3239} INFO - Sync 1 DAGs
[2025-04-17T21:02:03.698+0000] {logging_mixin.py:190} INFO - [2025-04-17T21:02:03.698+0000] {dag.py:4180} INFO - Setting next_dagrun for kaggle_to_gcs to None, run_after=None
[2025-04-17T21:02:03.727+0000] {processor.py:208} INFO - Processing /opt/airflow/dags/kaggle_to_gcs.py took 2.343 seconds
[2025-04-17T21:02:31.540+0000] {processor.py:186} INFO - Started process (PID=2046) to work on /opt/airflow/dags/kaggle_to_gcs.py
[2025-04-17T21:02:31.542+0000] {processor.py:914} INFO - Processing file /opt/airflow/dags/kaggle_to_gcs.py for tasks to queue
[2025-04-17T21:02:31.546+0000] {logging_mixin.py:190} INFO - [2025-04-17T21:02:31.546+0000] {dagbag.py:588} INFO - Filling up the DagBag from /opt/airflow/dags/kaggle_to_gcs.py
[2025-04-17T21:02:32.376+0000] {processor.py:925} INFO - DAG(s) 'kaggle_to_gcs' retrieved from /opt/airflow/dags/kaggle_to_gcs.py
[2025-04-17T21:02:32.394+0000] {logging_mixin.py:190} INFO - [2025-04-17T21:02:32.393+0000] {taskinstance.py:3315} ERROR - {'DAG Id': 'kaggle_to_gcs', 'Task Id': 'transform_csv', 'Run Id': 'scheduled__1989-01-01T00:00:00+00:00', 'Hostname': 'f21ba0bbe878'}
[2025-04-17T21:02:32.433+0000] {logging_mixin.py:190} INFO - [2025-04-17T21:02:32.433+0000] {taskinstance.py:1226} INFO - Marking task as UP_FOR_RETRY. dag_id=kaggle_to_gcs, task_id=transform_csv, run_id=scheduled__1989-01-01T00:00:00+00:00, execution_date=19890101T000000, start_date=20250417T210204, end_date=20250417T210232
[2025-04-17T21:02:32.463+0000] {logging_mixin.py:190} INFO - [2025-04-17T21:02:32.462+0000] {processor.py:876} INFO - Executed callback for <TaskInstance: kaggle_to_gcs.transform_csv scheduled__1989-01-01T00:00:00+00:00 [up_for_retry]> in state up_for_retry
[2025-04-17T21:02:32.480+0000] {logging_mixin.py:190} INFO - [2025-04-17T21:02:32.480+0000] {dag.py:3239} INFO - Sync 1 DAGs
[2025-04-17T21:02:32.501+0000] {logging_mixin.py:190} INFO - [2025-04-17T21:02:32.501+0000] {dag.py:4180} INFO - Setting next_dagrun for kaggle_to_gcs to None, run_after=None
[2025-04-17T21:02:32.523+0000] {processor.py:208} INFO - Processing /opt/airflow/dags/kaggle_to_gcs.py took 0.992 seconds
[2025-04-17T21:03:02.603+0000] {processor.py:186} INFO - Started process (PID=2074) to work on /opt/airflow/dags/kaggle_to_gcs.py
[2025-04-17T21:03:02.606+0000] {processor.py:914} INFO - Processing file /opt/airflow/dags/kaggle_to_gcs.py for tasks to queue
[2025-04-17T21:03:02.610+0000] {logging_mixin.py:190} INFO - [2025-04-17T21:03:02.609+0000] {dagbag.py:588} INFO - Filling up the DagBag from /opt/airflow/dags/kaggle_to_gcs.py
[2025-04-17T21:03:03.574+0000] {processor.py:925} INFO - DAG(s) 'kaggle_to_gcs' retrieved from /opt/airflow/dags/kaggle_to_gcs.py
[2025-04-17T21:03:03.600+0000] {logging_mixin.py:190} INFO - [2025-04-17T21:03:03.600+0000] {dag.py:3239} INFO - Sync 1 DAGs
[2025-04-17T21:03:03.625+0000] {logging_mixin.py:190} INFO - [2025-04-17T21:03:03.625+0000] {dag.py:4180} INFO - Setting next_dagrun for kaggle_to_gcs to None, run_after=None
[2025-04-17T21:03:03.648+0000] {processor.py:208} INFO - Processing /opt/airflow/dags/kaggle_to_gcs.py took 1.053 seconds
[2025-04-17T21:03:33.938+0000] {processor.py:186} INFO - Started process (PID=2106) to work on /opt/airflow/dags/kaggle_to_gcs.py
[2025-04-17T21:03:33.941+0000] {processor.py:914} INFO - Processing file /opt/airflow/dags/kaggle_to_gcs.py for tasks to queue
[2025-04-17T21:03:33.948+0000] {logging_mixin.py:190} INFO - [2025-04-17T21:03:33.947+0000] {dagbag.py:588} INFO - Filling up the DagBag from /opt/airflow/dags/kaggle_to_gcs.py
[2025-04-17T21:03:35.350+0000] {processor.py:925} INFO - DAG(s) 'kaggle_to_gcs' retrieved from /opt/airflow/dags/kaggle_to_gcs.py
[2025-04-17T21:03:35.387+0000] {logging_mixin.py:190} INFO - [2025-04-17T21:03:35.387+0000] {dag.py:3239} INFO - Sync 1 DAGs
[2025-04-17T21:03:35.448+0000] {logging_mixin.py:190} INFO - [2025-04-17T21:03:35.447+0000] {dag.py:4180} INFO - Setting next_dagrun for kaggle_to_gcs to None, run_after=None
[2025-04-17T21:03:35.491+0000] {processor.py:208} INFO - Processing /opt/airflow/dags/kaggle_to_gcs.py took 1.567 seconds
[2025-04-17T21:04:05.896+0000] {processor.py:186} INFO - Started process (PID=2135) to work on /opt/airflow/dags/kaggle_to_gcs.py
[2025-04-17T21:04:05.897+0000] {processor.py:914} INFO - Processing file /opt/airflow/dags/kaggle_to_gcs.py for tasks to queue
[2025-04-17T21:04:05.900+0000] {logging_mixin.py:190} INFO - [2025-04-17T21:04:05.900+0000] {dagbag.py:588} INFO - Filling up the DagBag from /opt/airflow/dags/kaggle_to_gcs.py
[2025-04-17T21:04:06.916+0000] {processor.py:925} INFO - DAG(s) 'kaggle_to_gcs' retrieved from /opt/airflow/dags/kaggle_to_gcs.py
[2025-04-17T21:04:06.955+0000] {logging_mixin.py:190} INFO - [2025-04-17T21:04:06.954+0000] {dag.py:3239} INFO - Sync 1 DAGs
[2025-04-17T21:04:06.998+0000] {logging_mixin.py:190} INFO - [2025-04-17T21:04:06.998+0000] {dag.py:4180} INFO - Setting next_dagrun for kaggle_to_gcs to None, run_after=None
[2025-04-17T21:04:07.031+0000] {processor.py:208} INFO - Processing /opt/airflow/dags/kaggle_to_gcs.py took 1.145 seconds
[2025-04-17T21:04:37.565+0000] {processor.py:186} INFO - Started process (PID=2168) to work on /opt/airflow/dags/kaggle_to_gcs.py
[2025-04-17T21:04:37.566+0000] {processor.py:914} INFO - Processing file /opt/airflow/dags/kaggle_to_gcs.py for tasks to queue
[2025-04-17T21:04:37.570+0000] {logging_mixin.py:190} INFO - [2025-04-17T21:04:37.569+0000] {dagbag.py:588} INFO - Filling up the DagBag from /opt/airflow/dags/kaggle_to_gcs.py
[2025-04-17T21:04:38.982+0000] {processor.py:925} INFO - DAG(s) 'kaggle_to_gcs' retrieved from /opt/airflow/dags/kaggle_to_gcs.py
[2025-04-17T21:04:39.013+0000] {logging_mixin.py:190} INFO - [2025-04-17T21:04:39.012+0000] {dag.py:3239} INFO - Sync 1 DAGs
[2025-04-17T21:04:39.035+0000] {logging_mixin.py:190} INFO - [2025-04-17T21:04:39.035+0000] {dag.py:4180} INFO - Setting next_dagrun for kaggle_to_gcs to None, run_after=None
[2025-04-17T21:04:39.055+0000] {processor.py:208} INFO - Processing /opt/airflow/dags/kaggle_to_gcs.py took 1.507 seconds
[2025-04-17T21:04:42.866+0000] {processor.py:186} INFO - Started process (PID=2174) to work on /opt/airflow/dags/kaggle_to_gcs.py
[2025-04-17T21:04:42.868+0000] {processor.py:914} INFO - Processing file /opt/airflow/dags/kaggle_to_gcs.py for tasks to queue
[2025-04-17T21:04:42.870+0000] {logging_mixin.py:190} INFO - [2025-04-17T21:04:42.870+0000] {dagbag.py:588} INFO - Filling up the DagBag from /opt/airflow/dags/kaggle_to_gcs.py
[2025-04-17T21:04:43.574+0000] {processor.py:925} INFO - DAG(s) 'kaggle_to_gcs' retrieved from /opt/airflow/dags/kaggle_to_gcs.py
[2025-04-17T21:04:43.592+0000] {logging_mixin.py:190} INFO - [2025-04-17T21:04:43.591+0000] {taskinstance.py:3315} ERROR - {'DAG Id': 'kaggle_to_gcs', 'Task Id': 'transform_csv', 'Run Id': 'scheduled__1988-01-01T00:00:00+00:00', 'Hostname': 'f21ba0bbe878'}
[2025-04-17T21:04:43.629+0000] {logging_mixin.py:190} INFO - [2025-04-17T21:04:43.629+0000] {taskinstance.py:1226} INFO - Marking task as UP_FOR_RETRY. dag_id=kaggle_to_gcs, task_id=transform_csv, run_id=scheduled__1988-01-01T00:00:00+00:00, execution_date=19880101T000000, start_date=20250417T210420, end_date=20250417T210443
[2025-04-17T21:04:43.660+0000] {logging_mixin.py:190} INFO - [2025-04-17T21:04:43.660+0000] {processor.py:876} INFO - Executed callback for <TaskInstance: kaggle_to_gcs.transform_csv scheduled__1988-01-01T00:00:00+00:00 [up_for_retry]> in state up_for_retry
[2025-04-17T21:04:43.675+0000] {logging_mixin.py:190} INFO - [2025-04-17T21:04:43.674+0000] {dag.py:3239} INFO - Sync 1 DAGs
[2025-04-17T21:04:43.693+0000] {logging_mixin.py:190} INFO - [2025-04-17T21:04:43.693+0000] {dag.py:4180} INFO - Setting next_dagrun for kaggle_to_gcs to None, run_after=None
[2025-04-17T21:04:43.708+0000] {processor.py:208} INFO - Processing /opt/airflow/dags/kaggle_to_gcs.py took 0.849 seconds
[2025-04-17T21:05:14.211+0000] {processor.py:186} INFO - Started process (PID=2202) to work on /opt/airflow/dags/kaggle_to_gcs.py
[2025-04-17T21:05:14.213+0000] {processor.py:914} INFO - Processing file /opt/airflow/dags/kaggle_to_gcs.py for tasks to queue
[2025-04-17T21:05:14.216+0000] {logging_mixin.py:190} INFO - [2025-04-17T21:05:14.216+0000] {dagbag.py:588} INFO - Filling up the DagBag from /opt/airflow/dags/kaggle_to_gcs.py
[2025-04-17T21:05:15.328+0000] {processor.py:925} INFO - DAG(s) 'kaggle_to_gcs' retrieved from /opt/airflow/dags/kaggle_to_gcs.py
[2025-04-17T21:05:15.353+0000] {logging_mixin.py:190} INFO - [2025-04-17T21:05:15.353+0000] {dag.py:3239} INFO - Sync 1 DAGs
[2025-04-17T21:05:15.381+0000] {logging_mixin.py:190} INFO - [2025-04-17T21:05:15.380+0000] {dag.py:4180} INFO - Setting next_dagrun for kaggle_to_gcs to None, run_after=None
[2025-04-17T21:05:15.406+0000] {processor.py:208} INFO - Processing /opt/airflow/dags/kaggle_to_gcs.py took 1.205 seconds
