[2025-04-17T20:33:09.302+0000] {processor.py:186} INFO - Started process (PID=229) to work on /opt/airflow/dags/spark_job/spark_job.py
[2025-04-17T20:33:09.303+0000] {processor.py:914} INFO - Processing file /opt/airflow/dags/spark_job/spark_job.py for tasks to queue
[2025-04-17T20:33:09.306+0000] {logging_mixin.py:190} INFO - [2025-04-17T20:33:09.306+0000] {dagbag.py:588} INFO - Filling up the DagBag from /opt/airflow/dags/spark_job/spark_job.py
[2025-04-17T20:33:09.355+0000] {processor.py:925} INFO - DAG(s) 'spark_csv_to_bigquery' retrieved from /opt/airflow/dags/spark_job/spark_job.py
[2025-04-17T20:33:09.900+0000] {logging_mixin.py:190} INFO - [2025-04-17T20:33:09.899+0000] {dag.py:3239} INFO - Sync 1 DAGs
[2025-04-17T20:33:09.925+0000] {logging_mixin.py:190} INFO - [2025-04-17T20:33:09.925+0000] {dag.py:4180} INFO - Setting next_dagrun for spark_csv_to_bigquery to None, run_after=None
[2025-04-17T20:33:09.960+0000] {processor.py:208} INFO - Processing /opt/airflow/dags/spark_job/spark_job.py took 0.665 seconds
[2025-04-17T20:33:40.789+0000] {processor.py:186} INFO - Started process (PID=255) to work on /opt/airflow/dags/spark_job/spark_job.py
[2025-04-17T20:33:40.790+0000] {processor.py:914} INFO - Processing file /opt/airflow/dags/spark_job/spark_job.py for tasks to queue
[2025-04-17T20:33:40.794+0000] {logging_mixin.py:190} INFO - [2025-04-17T20:33:40.793+0000] {dagbag.py:588} INFO - Filling up the DagBag from /opt/airflow/dags/spark_job/spark_job.py
[2025-04-17T20:33:40.817+0000] {processor.py:925} INFO - DAG(s) 'spark_csv_to_bigquery' retrieved from /opt/airflow/dags/spark_job/spark_job.py
[2025-04-17T20:33:40.846+0000] {logging_mixin.py:190} INFO - [2025-04-17T20:33:40.846+0000] {dag.py:3239} INFO - Sync 1 DAGs
[2025-04-17T20:33:40.869+0000] {logging_mixin.py:190} INFO - [2025-04-17T20:33:40.869+0000] {dag.py:4180} INFO - Setting next_dagrun for spark_csv_to_bigquery to None, run_after=None
[2025-04-17T20:33:40.892+0000] {processor.py:208} INFO - Processing /opt/airflow/dags/spark_job/spark_job.py took 0.112 seconds
[2025-04-17T20:34:11.533+0000] {processor.py:186} INFO - Started process (PID=282) to work on /opt/airflow/dags/spark_job/spark_job.py
[2025-04-17T20:34:11.535+0000] {processor.py:914} INFO - Processing file /opt/airflow/dags/spark_job/spark_job.py for tasks to queue
[2025-04-17T20:34:11.539+0000] {logging_mixin.py:190} INFO - [2025-04-17T20:34:11.538+0000] {dagbag.py:588} INFO - Filling up the DagBag from /opt/airflow/dags/spark_job/spark_job.py
[2025-04-17T20:34:11.563+0000] {processor.py:925} INFO - DAG(s) 'spark_csv_to_bigquery' retrieved from /opt/airflow/dags/spark_job/spark_job.py
[2025-04-17T20:34:11.594+0000] {logging_mixin.py:190} INFO - [2025-04-17T20:34:11.594+0000] {dag.py:3239} INFO - Sync 1 DAGs
[2025-04-17T20:34:11.618+0000] {logging_mixin.py:190} INFO - [2025-04-17T20:34:11.618+0000] {dag.py:4180} INFO - Setting next_dagrun for spark_csv_to_bigquery to None, run_after=None
[2025-04-17T20:34:11.647+0000] {processor.py:208} INFO - Processing /opt/airflow/dags/spark_job/spark_job.py took 0.124 seconds
[2025-04-17T20:34:41.980+0000] {processor.py:186} INFO - Started process (PID=312) to work on /opt/airflow/dags/spark_job/spark_job.py
[2025-04-17T20:34:41.983+0000] {processor.py:914} INFO - Processing file /opt/airflow/dags/spark_job/spark_job.py for tasks to queue
[2025-04-17T20:34:41.986+0000] {logging_mixin.py:190} INFO - [2025-04-17T20:34:41.986+0000] {dagbag.py:588} INFO - Filling up the DagBag from /opt/airflow/dags/spark_job/spark_job.py
[2025-04-17T20:34:42.021+0000] {processor.py:925} INFO - DAG(s) 'spark_csv_to_bigquery' retrieved from /opt/airflow/dags/spark_job/spark_job.py
[2025-04-17T20:34:42.057+0000] {logging_mixin.py:190} INFO - [2025-04-17T20:34:42.057+0000] {dag.py:3239} INFO - Sync 1 DAGs
[2025-04-17T20:34:42.075+0000] {logging_mixin.py:190} INFO - [2025-04-17T20:34:42.075+0000] {dag.py:4180} INFO - Setting next_dagrun for spark_csv_to_bigquery to None, run_after=None
[2025-04-17T20:34:42.101+0000] {processor.py:208} INFO - Processing /opt/airflow/dags/spark_job/spark_job.py took 0.130 seconds
[2025-04-17T20:35:12.328+0000] {processor.py:186} INFO - Started process (PID=349) to work on /opt/airflow/dags/spark_job/spark_job.py
[2025-04-17T20:35:12.330+0000] {processor.py:914} INFO - Processing file /opt/airflow/dags/spark_job/spark_job.py for tasks to queue
[2025-04-17T20:35:12.333+0000] {logging_mixin.py:190} INFO - [2025-04-17T20:35:12.333+0000] {dagbag.py:588} INFO - Filling up the DagBag from /opt/airflow/dags/spark_job/spark_job.py
[2025-04-17T20:35:12.366+0000] {processor.py:925} INFO - DAG(s) 'spark_csv_to_bigquery' retrieved from /opt/airflow/dags/spark_job/spark_job.py
[2025-04-17T20:35:12.397+0000] {logging_mixin.py:190} INFO - [2025-04-17T20:35:12.397+0000] {dag.py:3239} INFO - Sync 1 DAGs
[2025-04-17T20:35:12.416+0000] {logging_mixin.py:190} INFO - [2025-04-17T20:35:12.416+0000] {dag.py:4180} INFO - Setting next_dagrun for spark_csv_to_bigquery to None, run_after=None
[2025-04-17T20:35:12.444+0000] {processor.py:208} INFO - Processing /opt/airflow/dags/spark_job/spark_job.py took 0.125 seconds
[2025-04-17T20:35:42.780+0000] {processor.py:186} INFO - Started process (PID=377) to work on /opt/airflow/dags/spark_job/spark_job.py
[2025-04-17T20:35:42.782+0000] {processor.py:914} INFO - Processing file /opt/airflow/dags/spark_job/spark_job.py for tasks to queue
[2025-04-17T20:35:42.785+0000] {logging_mixin.py:190} INFO - [2025-04-17T20:35:42.785+0000] {dagbag.py:588} INFO - Filling up the DagBag from /opt/airflow/dags/spark_job/spark_job.py
[2025-04-17T20:35:42.814+0000] {processor.py:925} INFO - DAG(s) 'spark_csv_to_bigquery' retrieved from /opt/airflow/dags/spark_job/spark_job.py
[2025-04-17T20:35:42.850+0000] {logging_mixin.py:190} INFO - [2025-04-17T20:35:42.849+0000] {dag.py:3239} INFO - Sync 1 DAGs
[2025-04-17T20:35:42.869+0000] {logging_mixin.py:190} INFO - [2025-04-17T20:35:42.868+0000] {dag.py:4180} INFO - Setting next_dagrun for spark_csv_to_bigquery to None, run_after=None
[2025-04-17T20:35:42.900+0000] {processor.py:208} INFO - Processing /opt/airflow/dags/spark_job/spark_job.py took 0.130 seconds
[2025-04-17T20:36:13.151+0000] {processor.py:186} INFO - Started process (PID=409) to work on /opt/airflow/dags/spark_job/spark_job.py
[2025-04-17T20:36:13.154+0000] {processor.py:914} INFO - Processing file /opt/airflow/dags/spark_job/spark_job.py for tasks to queue
[2025-04-17T20:36:13.159+0000] {logging_mixin.py:190} INFO - [2025-04-17T20:36:13.158+0000] {dagbag.py:588} INFO - Filling up the DagBag from /opt/airflow/dags/spark_job/spark_job.py
[2025-04-17T20:36:13.193+0000] {processor.py:925} INFO - DAG(s) 'spark_csv_to_bigquery' retrieved from /opt/airflow/dags/spark_job/spark_job.py
[2025-04-17T20:36:13.264+0000] {logging_mixin.py:190} INFO - [2025-04-17T20:36:13.263+0000] {dag.py:3239} INFO - Sync 1 DAGs
[2025-04-17T20:36:13.298+0000] {logging_mixin.py:190} INFO - [2025-04-17T20:36:13.297+0000] {dag.py:4180} INFO - Setting next_dagrun for spark_csv_to_bigquery to None, run_after=None
[2025-04-17T20:36:13.326+0000] {processor.py:208} INFO - Processing /opt/airflow/dags/spark_job/spark_job.py took 0.195 seconds
[2025-04-17T20:36:44.005+0000] {processor.py:186} INFO - Started process (PID=439) to work on /opt/airflow/dags/spark_job/spark_job.py
[2025-04-17T20:36:44.007+0000] {processor.py:914} INFO - Processing file /opt/airflow/dags/spark_job/spark_job.py for tasks to queue
[2025-04-17T20:36:44.012+0000] {logging_mixin.py:190} INFO - [2025-04-17T20:36:44.010+0000] {dagbag.py:588} INFO - Filling up the DagBag from /opt/airflow/dags/spark_job/spark_job.py
[2025-04-17T20:36:44.045+0000] {processor.py:925} INFO - DAG(s) 'spark_csv_to_bigquery' retrieved from /opt/airflow/dags/spark_job/spark_job.py
[2025-04-17T20:36:44.084+0000] {logging_mixin.py:190} INFO - [2025-04-17T20:36:44.083+0000] {dag.py:3239} INFO - Sync 1 DAGs
[2025-04-17T20:36:44.121+0000] {logging_mixin.py:190} INFO - [2025-04-17T20:36:44.121+0000] {dag.py:4180} INFO - Setting next_dagrun for spark_csv_to_bigquery to None, run_after=None
[2025-04-17T20:36:44.151+0000] {processor.py:208} INFO - Processing /opt/airflow/dags/spark_job/spark_job.py took 0.160 seconds
[2025-04-17T20:37:14.579+0000] {processor.py:186} INFO - Started process (PID=467) to work on /opt/airflow/dags/spark_job/spark_job.py
[2025-04-17T20:37:14.580+0000] {processor.py:914} INFO - Processing file /opt/airflow/dags/spark_job/spark_job.py for tasks to queue
[2025-04-17T20:37:14.583+0000] {logging_mixin.py:190} INFO - [2025-04-17T20:37:14.582+0000] {dagbag.py:588} INFO - Filling up the DagBag from /opt/airflow/dags/spark_job/spark_job.py
[2025-04-17T20:37:14.604+0000] {processor.py:925} INFO - DAG(s) 'spark_csv_to_bigquery' retrieved from /opt/airflow/dags/spark_job/spark_job.py
[2025-04-17T20:37:14.629+0000] {logging_mixin.py:190} INFO - [2025-04-17T20:37:14.628+0000] {dag.py:3239} INFO - Sync 1 DAGs
[2025-04-17T20:37:14.644+0000] {logging_mixin.py:190} INFO - [2025-04-17T20:37:14.644+0000] {dag.py:4180} INFO - Setting next_dagrun for spark_csv_to_bigquery to None, run_after=None
[2025-04-17T20:37:14.667+0000] {processor.py:208} INFO - Processing /opt/airflow/dags/spark_job/spark_job.py took 0.094 seconds
[2025-04-17T20:37:44.756+0000] {processor.py:186} INFO - Started process (PID=501) to work on /opt/airflow/dags/spark_job/spark_job.py
[2025-04-17T20:37:44.758+0000] {processor.py:914} INFO - Processing file /opt/airflow/dags/spark_job/spark_job.py for tasks to queue
[2025-04-17T20:37:44.761+0000] {logging_mixin.py:190} INFO - [2025-04-17T20:37:44.760+0000] {dagbag.py:588} INFO - Filling up the DagBag from /opt/airflow/dags/spark_job/spark_job.py
[2025-04-17T20:37:44.783+0000] {processor.py:925} INFO - DAG(s) 'spark_csv_to_bigquery' retrieved from /opt/airflow/dags/spark_job/spark_job.py
[2025-04-17T20:37:44.810+0000] {logging_mixin.py:190} INFO - [2025-04-17T20:37:44.810+0000] {dag.py:3239} INFO - Sync 1 DAGs
[2025-04-17T20:37:44.826+0000] {logging_mixin.py:190} INFO - [2025-04-17T20:37:44.825+0000] {dag.py:4180} INFO - Setting next_dagrun for spark_csv_to_bigquery to None, run_after=None
[2025-04-17T20:37:44.847+0000] {processor.py:208} INFO - Processing /opt/airflow/dags/spark_job/spark_job.py took 0.099 seconds
[2025-04-17T20:38:14.974+0000] {processor.py:186} INFO - Started process (PID=528) to work on /opt/airflow/dags/spark_job/spark_job.py
[2025-04-17T20:38:14.976+0000] {processor.py:914} INFO - Processing file /opt/airflow/dags/spark_job/spark_job.py for tasks to queue
[2025-04-17T20:38:14.978+0000] {logging_mixin.py:190} INFO - [2025-04-17T20:38:14.978+0000] {dagbag.py:588} INFO - Filling up the DagBag from /opt/airflow/dags/spark_job/spark_job.py
[2025-04-17T20:38:15.002+0000] {processor.py:925} INFO - DAG(s) 'spark_csv_to_bigquery' retrieved from /opt/airflow/dags/spark_job/spark_job.py
[2025-04-17T20:38:15.031+0000] {logging_mixin.py:190} INFO - [2025-04-17T20:38:15.030+0000] {dag.py:3239} INFO - Sync 1 DAGs
[2025-04-17T20:38:15.046+0000] {logging_mixin.py:190} INFO - [2025-04-17T20:38:15.046+0000] {dag.py:4180} INFO - Setting next_dagrun for spark_csv_to_bigquery to None, run_after=None
[2025-04-17T20:38:15.075+0000] {processor.py:208} INFO - Processing /opt/airflow/dags/spark_job/spark_job.py took 0.109 seconds
[2025-04-17T20:38:45.461+0000] {processor.py:186} INFO - Started process (PID=561) to work on /opt/airflow/dags/spark_job/spark_job.py
[2025-04-17T20:38:45.462+0000] {processor.py:914} INFO - Processing file /opt/airflow/dags/spark_job/spark_job.py for tasks to queue
[2025-04-17T20:38:45.465+0000] {logging_mixin.py:190} INFO - [2025-04-17T20:38:45.465+0000] {dagbag.py:588} INFO - Filling up the DagBag from /opt/airflow/dags/spark_job/spark_job.py
[2025-04-17T20:38:45.490+0000] {processor.py:925} INFO - DAG(s) 'spark_csv_to_bigquery' retrieved from /opt/airflow/dags/spark_job/spark_job.py
[2025-04-17T20:38:45.517+0000] {logging_mixin.py:190} INFO - [2025-04-17T20:38:45.516+0000] {dag.py:3239} INFO - Sync 1 DAGs
[2025-04-17T20:38:45.534+0000] {logging_mixin.py:190} INFO - [2025-04-17T20:38:45.534+0000] {dag.py:4180} INFO - Setting next_dagrun for spark_csv_to_bigquery to None, run_after=None
[2025-04-17T20:38:45.556+0000] {processor.py:208} INFO - Processing /opt/airflow/dags/spark_job/spark_job.py took 0.101 seconds
[2025-04-17T20:39:15.696+0000] {processor.py:186} INFO - Started process (PID=595) to work on /opt/airflow/dags/spark_job/spark_job.py
[2025-04-17T20:39:15.697+0000] {processor.py:914} INFO - Processing file /opt/airflow/dags/spark_job/spark_job.py for tasks to queue
[2025-04-17T20:39:15.699+0000] {logging_mixin.py:190} INFO - [2025-04-17T20:39:15.699+0000] {dagbag.py:588} INFO - Filling up the DagBag from /opt/airflow/dags/spark_job/spark_job.py
[2025-04-17T20:39:15.729+0000] {processor.py:925} INFO - DAG(s) 'spark_csv_to_bigquery' retrieved from /opt/airflow/dags/spark_job/spark_job.py
[2025-04-17T20:39:15.759+0000] {logging_mixin.py:190} INFO - [2025-04-17T20:39:15.758+0000] {dag.py:3239} INFO - Sync 1 DAGs
[2025-04-17T20:39:15.777+0000] {logging_mixin.py:190} INFO - [2025-04-17T20:39:15.777+0000] {dag.py:4180} INFO - Setting next_dagrun for spark_csv_to_bigquery to None, run_after=None
[2025-04-17T20:39:15.800+0000] {processor.py:208} INFO - Processing /opt/airflow/dags/spark_job/spark_job.py took 0.110 seconds
[2025-04-17T20:39:45.974+0000] {processor.py:186} INFO - Started process (PID=623) to work on /opt/airflow/dags/spark_job/spark_job.py
[2025-04-17T20:39:45.976+0000] {processor.py:914} INFO - Processing file /opt/airflow/dags/spark_job/spark_job.py for tasks to queue
[2025-04-17T20:39:45.980+0000] {logging_mixin.py:190} INFO - [2025-04-17T20:39:45.978+0000] {dagbag.py:588} INFO - Filling up the DagBag from /opt/airflow/dags/spark_job/spark_job.py
[2025-04-17T20:39:46.005+0000] {processor.py:925} INFO - DAG(s) 'spark_csv_to_bigquery' retrieved from /opt/airflow/dags/spark_job/spark_job.py
[2025-04-17T20:39:46.030+0000] {logging_mixin.py:190} INFO - [2025-04-17T20:39:46.030+0000] {dag.py:3239} INFO - Sync 1 DAGs
[2025-04-17T20:39:46.052+0000] {logging_mixin.py:190} INFO - [2025-04-17T20:39:46.052+0000] {dag.py:4180} INFO - Setting next_dagrun for spark_csv_to_bigquery to None, run_after=None
[2025-04-17T20:39:46.073+0000] {processor.py:208} INFO - Processing /opt/airflow/dags/spark_job/spark_job.py took 0.105 seconds
[2025-04-17T20:40:16.393+0000] {processor.py:186} INFO - Started process (PID=667) to work on /opt/airflow/dags/spark_job/spark_job.py
[2025-04-17T20:40:16.395+0000] {processor.py:914} INFO - Processing file /opt/airflow/dags/spark_job/spark_job.py for tasks to queue
[2025-04-17T20:40:16.402+0000] {logging_mixin.py:190} INFO - [2025-04-17T20:40:16.401+0000] {dagbag.py:588} INFO - Filling up the DagBag from /opt/airflow/dags/spark_job/spark_job.py
[2025-04-17T20:40:16.447+0000] {processor.py:925} INFO - DAG(s) 'spark_csv_to_bigquery' retrieved from /opt/airflow/dags/spark_job/spark_job.py
[2025-04-17T20:40:16.531+0000] {logging_mixin.py:190} INFO - [2025-04-17T20:40:16.530+0000] {dag.py:3239} INFO - Sync 1 DAGs
[2025-04-17T20:40:16.594+0000] {logging_mixin.py:190} INFO - [2025-04-17T20:40:16.593+0000] {dag.py:4180} INFO - Setting next_dagrun for spark_csv_to_bigquery to None, run_after=None
[2025-04-17T20:40:16.652+0000] {processor.py:208} INFO - Processing /opt/airflow/dags/spark_job/spark_job.py took 0.277 seconds
[2025-04-17T20:40:46.888+0000] {processor.py:186} INFO - Started process (PID=695) to work on /opt/airflow/dags/spark_job/spark_job.py
[2025-04-17T20:40:46.890+0000] {processor.py:914} INFO - Processing file /opt/airflow/dags/spark_job/spark_job.py for tasks to queue
[2025-04-17T20:40:46.894+0000] {logging_mixin.py:190} INFO - [2025-04-17T20:40:46.893+0000] {dagbag.py:588} INFO - Filling up the DagBag from /opt/airflow/dags/spark_job/spark_job.py
[2025-04-17T20:40:46.931+0000] {processor.py:925} INFO - DAG(s) 'spark_csv_to_bigquery' retrieved from /opt/airflow/dags/spark_job/spark_job.py
[2025-04-17T20:40:46.968+0000] {logging_mixin.py:190} INFO - [2025-04-17T20:40:46.968+0000] {dag.py:3239} INFO - Sync 1 DAGs
[2025-04-17T20:40:47.001+0000] {logging_mixin.py:190} INFO - [2025-04-17T20:40:47.001+0000] {dag.py:4180} INFO - Setting next_dagrun for spark_csv_to_bigquery to None, run_after=None
[2025-04-17T20:40:47.031+0000] {processor.py:208} INFO - Processing /opt/airflow/dags/spark_job/spark_job.py took 0.155 seconds
[2025-04-17T20:41:17.968+0000] {processor.py:186} INFO - Started process (PID=724) to work on /opt/airflow/dags/spark_job/spark_job.py
[2025-04-17T20:41:17.971+0000] {processor.py:914} INFO - Processing file /opt/airflow/dags/spark_job/spark_job.py for tasks to queue
[2025-04-17T20:41:17.974+0000] {logging_mixin.py:190} INFO - [2025-04-17T20:41:17.974+0000] {dagbag.py:588} INFO - Filling up the DagBag from /opt/airflow/dags/spark_job/spark_job.py
[2025-04-17T20:41:18.001+0000] {processor.py:925} INFO - DAG(s) 'spark_csv_to_bigquery' retrieved from /opt/airflow/dags/spark_job/spark_job.py
[2025-04-17T20:41:18.034+0000] {logging_mixin.py:190} INFO - [2025-04-17T20:41:18.034+0000] {dag.py:3239} INFO - Sync 1 DAGs
[2025-04-17T20:41:18.062+0000] {logging_mixin.py:190} INFO - [2025-04-17T20:41:18.062+0000] {dag.py:4180} INFO - Setting next_dagrun for spark_csv_to_bigquery to None, run_after=None
[2025-04-17T20:41:18.093+0000] {processor.py:208} INFO - Processing /opt/airflow/dags/spark_job/spark_job.py took 0.132 seconds
[2025-04-17T20:41:48.850+0000] {processor.py:186} INFO - Started process (PID=763) to work on /opt/airflow/dags/spark_job/spark_job.py
[2025-04-17T20:41:48.851+0000] {processor.py:914} INFO - Processing file /opt/airflow/dags/spark_job/spark_job.py for tasks to queue
[2025-04-17T20:41:48.856+0000] {logging_mixin.py:190} INFO - [2025-04-17T20:41:48.855+0000] {dagbag.py:588} INFO - Filling up the DagBag from /opt/airflow/dags/spark_job/spark_job.py
[2025-04-17T20:41:48.890+0000] {processor.py:925} INFO - DAG(s) 'spark_csv_to_bigquery' retrieved from /opt/airflow/dags/spark_job/spark_job.py
[2025-04-17T20:41:48.932+0000] {logging_mixin.py:190} INFO - [2025-04-17T20:41:48.931+0000] {dag.py:3239} INFO - Sync 1 DAGs
[2025-04-17T20:41:48.957+0000] {logging_mixin.py:190} INFO - [2025-04-17T20:41:48.957+0000] {dag.py:4180} INFO - Setting next_dagrun for spark_csv_to_bigquery to None, run_after=None
[2025-04-17T20:41:48.994+0000] {processor.py:208} INFO - Processing /opt/airflow/dags/spark_job/spark_job.py took 0.154 seconds
[2025-04-17T20:42:19.250+0000] {processor.py:186} INFO - Started process (PID=792) to work on /opt/airflow/dags/spark_job/spark_job.py
[2025-04-17T20:42:19.251+0000] {processor.py:914} INFO - Processing file /opt/airflow/dags/spark_job/spark_job.py for tasks to queue
[2025-04-17T20:42:19.254+0000] {logging_mixin.py:190} INFO - [2025-04-17T20:42:19.253+0000] {dagbag.py:588} INFO - Filling up the DagBag from /opt/airflow/dags/spark_job/spark_job.py
[2025-04-17T20:42:19.279+0000] {processor.py:925} INFO - DAG(s) 'spark_csv_to_bigquery' retrieved from /opt/airflow/dags/spark_job/spark_job.py
[2025-04-17T20:42:19.307+0000] {logging_mixin.py:190} INFO - [2025-04-17T20:42:19.306+0000] {dag.py:3239} INFO - Sync 1 DAGs
[2025-04-17T20:42:19.324+0000] {logging_mixin.py:190} INFO - [2025-04-17T20:42:19.324+0000] {dag.py:4180} INFO - Setting next_dagrun for spark_csv_to_bigquery to None, run_after=None
[2025-04-17T20:42:19.348+0000] {processor.py:208} INFO - Processing /opt/airflow/dags/spark_job/spark_job.py took 0.106 seconds
[2025-04-17T20:42:49.413+0000] {processor.py:186} INFO - Started process (PID=824) to work on /opt/airflow/dags/spark_job/spark_job.py
[2025-04-17T20:42:49.414+0000] {processor.py:914} INFO - Processing file /opt/airflow/dags/spark_job/spark_job.py for tasks to queue
[2025-04-17T20:42:49.419+0000] {logging_mixin.py:190} INFO - [2025-04-17T20:42:49.419+0000] {dagbag.py:588} INFO - Filling up the DagBag from /opt/airflow/dags/spark_job/spark_job.py
[2025-04-17T20:42:49.441+0000] {processor.py:925} INFO - DAG(s) 'spark_csv_to_bigquery' retrieved from /opt/airflow/dags/spark_job/spark_job.py
[2025-04-17T20:42:49.477+0000] {logging_mixin.py:190} INFO - [2025-04-17T20:42:49.476+0000] {dag.py:3239} INFO - Sync 1 DAGs
[2025-04-17T20:42:49.502+0000] {logging_mixin.py:190} INFO - [2025-04-17T20:42:49.502+0000] {dag.py:4180} INFO - Setting next_dagrun for spark_csv_to_bigquery to None, run_after=None
[2025-04-17T20:42:49.532+0000] {processor.py:208} INFO - Processing /opt/airflow/dags/spark_job/spark_job.py took 0.128 seconds
[2025-04-17T20:43:20.496+0000] {processor.py:186} INFO - Started process (PID=859) to work on /opt/airflow/dags/spark_job/spark_job.py
[2025-04-17T20:43:20.497+0000] {processor.py:914} INFO - Processing file /opt/airflow/dags/spark_job/spark_job.py for tasks to queue
[2025-04-17T20:43:20.501+0000] {logging_mixin.py:190} INFO - [2025-04-17T20:43:20.500+0000] {dagbag.py:588} INFO - Filling up the DagBag from /opt/airflow/dags/spark_job/spark_job.py
[2025-04-17T20:43:20.545+0000] {processor.py:925} INFO - DAG(s) 'spark_csv_to_bigquery' retrieved from /opt/airflow/dags/spark_job/spark_job.py
[2025-04-17T20:43:20.601+0000] {logging_mixin.py:190} INFO - [2025-04-17T20:43:20.601+0000] {dag.py:3239} INFO - Sync 1 DAGs
[2025-04-17T20:43:20.621+0000] {logging_mixin.py:190} INFO - [2025-04-17T20:43:20.621+0000] {dag.py:4180} INFO - Setting next_dagrun for spark_csv_to_bigquery to None, run_after=None
[2025-04-17T20:43:20.649+0000] {processor.py:208} INFO - Processing /opt/airflow/dags/spark_job/spark_job.py took 0.164 seconds
[2025-04-17T20:43:50.783+0000] {processor.py:186} INFO - Started process (PID=897) to work on /opt/airflow/dags/spark_job/spark_job.py
[2025-04-17T20:43:50.784+0000] {processor.py:914} INFO - Processing file /opt/airflow/dags/spark_job/spark_job.py for tasks to queue
[2025-04-17T20:43:50.788+0000] {logging_mixin.py:190} INFO - [2025-04-17T20:43:50.787+0000] {dagbag.py:588} INFO - Filling up the DagBag from /opt/airflow/dags/spark_job/spark_job.py
[2025-04-17T20:43:50.810+0000] {processor.py:925} INFO - DAG(s) 'spark_csv_to_bigquery' retrieved from /opt/airflow/dags/spark_job/spark_job.py
[2025-04-17T20:43:50.845+0000] {logging_mixin.py:190} INFO - [2025-04-17T20:43:50.844+0000] {dag.py:3239} INFO - Sync 1 DAGs
[2025-04-17T20:43:50.864+0000] {logging_mixin.py:190} INFO - [2025-04-17T20:43:50.863+0000] {dag.py:4180} INFO - Setting next_dagrun for spark_csv_to_bigquery to None, run_after=None
[2025-04-17T20:43:50.887+0000] {processor.py:208} INFO - Processing /opt/airflow/dags/spark_job/spark_job.py took 0.115 seconds
[2025-04-17T20:44:21.343+0000] {processor.py:186} INFO - Started process (PID=925) to work on /opt/airflow/dags/spark_job/spark_job.py
[2025-04-17T20:44:21.344+0000] {processor.py:914} INFO - Processing file /opt/airflow/dags/spark_job/spark_job.py for tasks to queue
[2025-04-17T20:44:21.346+0000] {logging_mixin.py:190} INFO - [2025-04-17T20:44:21.346+0000] {dagbag.py:588} INFO - Filling up the DagBag from /opt/airflow/dags/spark_job/spark_job.py
[2025-04-17T20:44:21.381+0000] {processor.py:925} INFO - DAG(s) 'spark_csv_to_bigquery' retrieved from /opt/airflow/dags/spark_job/spark_job.py
[2025-04-17T20:44:21.421+0000] {logging_mixin.py:190} INFO - [2025-04-17T20:44:21.421+0000] {dag.py:3239} INFO - Sync 1 DAGs
[2025-04-17T20:44:21.441+0000] {logging_mixin.py:190} INFO - [2025-04-17T20:44:21.441+0000] {dag.py:4180} INFO - Setting next_dagrun for spark_csv_to_bigquery to None, run_after=None
[2025-04-17T20:44:21.465+0000] {processor.py:208} INFO - Processing /opt/airflow/dags/spark_job/spark_job.py took 0.133 seconds
[2025-04-17T20:44:51.647+0000] {processor.py:186} INFO - Started process (PID=953) to work on /opt/airflow/dags/spark_job/spark_job.py
[2025-04-17T20:44:51.648+0000] {processor.py:914} INFO - Processing file /opt/airflow/dags/spark_job/spark_job.py for tasks to queue
[2025-04-17T20:44:51.651+0000] {logging_mixin.py:190} INFO - [2025-04-17T20:44:51.650+0000] {dagbag.py:588} INFO - Filling up the DagBag from /opt/airflow/dags/spark_job/spark_job.py
[2025-04-17T20:44:51.676+0000] {processor.py:925} INFO - DAG(s) 'spark_csv_to_bigquery' retrieved from /opt/airflow/dags/spark_job/spark_job.py
[2025-04-17T20:44:51.706+0000] {logging_mixin.py:190} INFO - [2025-04-17T20:44:51.705+0000] {dag.py:3239} INFO - Sync 1 DAGs
[2025-04-17T20:44:51.723+0000] {logging_mixin.py:190} INFO - [2025-04-17T20:44:51.722+0000] {dag.py:4180} INFO - Setting next_dagrun for spark_csv_to_bigquery to None, run_after=None
[2025-04-17T20:44:51.751+0000] {processor.py:208} INFO - Processing /opt/airflow/dags/spark_job/spark_job.py took 0.113 seconds
[2025-04-17T20:45:22.264+0000] {processor.py:186} INFO - Started process (PID=990) to work on /opt/airflow/dags/spark_job/spark_job.py
[2025-04-17T20:45:22.266+0000] {processor.py:914} INFO - Processing file /opt/airflow/dags/spark_job/spark_job.py for tasks to queue
[2025-04-17T20:45:22.269+0000] {logging_mixin.py:190} INFO - [2025-04-17T20:45:22.269+0000] {dagbag.py:588} INFO - Filling up the DagBag from /opt/airflow/dags/spark_job/spark_job.py
[2025-04-17T20:45:22.293+0000] {processor.py:925} INFO - DAG(s) 'spark_csv_to_bigquery' retrieved from /opt/airflow/dags/spark_job/spark_job.py
[2025-04-17T20:45:22.336+0000] {logging_mixin.py:190} INFO - [2025-04-17T20:45:22.335+0000] {dag.py:3239} INFO - Sync 1 DAGs
[2025-04-17T20:45:22.365+0000] {logging_mixin.py:190} INFO - [2025-04-17T20:45:22.364+0000] {dag.py:4180} INFO - Setting next_dagrun for spark_csv_to_bigquery to None, run_after=None
[2025-04-17T20:45:22.392+0000] {processor.py:208} INFO - Processing /opt/airflow/dags/spark_job/spark_job.py took 0.135 seconds
[2025-04-17T20:45:53.134+0000] {processor.py:186} INFO - Started process (PID=1023) to work on /opt/airflow/dags/spark_job/spark_job.py
[2025-04-17T20:45:53.135+0000] {processor.py:914} INFO - Processing file /opt/airflow/dags/spark_job/spark_job.py for tasks to queue
[2025-04-17T20:45:53.138+0000] {logging_mixin.py:190} INFO - [2025-04-17T20:45:53.137+0000] {dagbag.py:588} INFO - Filling up the DagBag from /opt/airflow/dags/spark_job/spark_job.py
[2025-04-17T20:45:53.169+0000] {processor.py:925} INFO - DAG(s) 'spark_csv_to_bigquery' retrieved from /opt/airflow/dags/spark_job/spark_job.py
[2025-04-17T20:45:53.241+0000] {logging_mixin.py:190} INFO - [2025-04-17T20:45:53.241+0000] {dag.py:3239} INFO - Sync 1 DAGs
[2025-04-17T20:45:53.260+0000] {logging_mixin.py:190} INFO - [2025-04-17T20:45:53.260+0000] {dag.py:4180} INFO - Setting next_dagrun for spark_csv_to_bigquery to None, run_after=None
[2025-04-17T20:45:53.293+0000] {processor.py:208} INFO - Processing /opt/airflow/dags/spark_job/spark_job.py took 0.173 seconds
[2025-04-17T20:46:23.823+0000] {processor.py:186} INFO - Started process (PID=1068) to work on /opt/airflow/dags/spark_job/spark_job.py
[2025-04-17T20:46:23.824+0000] {processor.py:914} INFO - Processing file /opt/airflow/dags/spark_job/spark_job.py for tasks to queue
[2025-04-17T20:46:23.829+0000] {logging_mixin.py:190} INFO - [2025-04-17T20:46:23.827+0000] {dagbag.py:588} INFO - Filling up the DagBag from /opt/airflow/dags/spark_job/spark_job.py
[2025-04-17T20:46:23.861+0000] {processor.py:925} INFO - DAG(s) 'spark_csv_to_bigquery' retrieved from /opt/airflow/dags/spark_job/spark_job.py
[2025-04-17T20:46:24.164+0000] {logging_mixin.py:190} INFO - [2025-04-17T20:46:24.164+0000] {dag.py:3239} INFO - Sync 1 DAGs
[2025-04-17T20:46:24.182+0000] {logging_mixin.py:190} INFO - [2025-04-17T20:46:24.182+0000] {dag.py:4180} INFO - Setting next_dagrun for spark_csv_to_bigquery to None, run_after=None
[2025-04-17T20:46:24.204+0000] {processor.py:208} INFO - Processing /opt/airflow/dags/spark_job/spark_job.py took 0.390 seconds
[2025-04-17T20:46:54.505+0000] {processor.py:186} INFO - Started process (PID=1100) to work on /opt/airflow/dags/spark_job/spark_job.py
[2025-04-17T20:46:54.507+0000] {processor.py:914} INFO - Processing file /opt/airflow/dags/spark_job/spark_job.py for tasks to queue
[2025-04-17T20:46:54.509+0000] {logging_mixin.py:190} INFO - [2025-04-17T20:46:54.509+0000] {dagbag.py:588} INFO - Filling up the DagBag from /opt/airflow/dags/spark_job/spark_job.py
[2025-04-17T20:46:54.541+0000] {processor.py:925} INFO - DAG(s) 'spark_csv_to_bigquery' retrieved from /opt/airflow/dags/spark_job/spark_job.py
[2025-04-17T20:46:54.590+0000] {logging_mixin.py:190} INFO - [2025-04-17T20:46:54.589+0000] {dag.py:3239} INFO - Sync 1 DAGs
[2025-04-17T20:46:54.618+0000] {logging_mixin.py:190} INFO - [2025-04-17T20:46:54.618+0000] {dag.py:4180} INFO - Setting next_dagrun for spark_csv_to_bigquery to None, run_after=None
[2025-04-17T20:46:54.657+0000] {processor.py:208} INFO - Processing /opt/airflow/dags/spark_job/spark_job.py took 0.163 seconds
[2025-04-17T20:47:25.086+0000] {processor.py:186} INFO - Started process (PID=1132) to work on /opt/airflow/dags/spark_job/spark_job.py
[2025-04-17T20:47:25.088+0000] {processor.py:914} INFO - Processing file /opt/airflow/dags/spark_job/spark_job.py for tasks to queue
[2025-04-17T20:47:25.094+0000] {logging_mixin.py:190} INFO - [2025-04-17T20:47:25.093+0000] {dagbag.py:588} INFO - Filling up the DagBag from /opt/airflow/dags/spark_job/spark_job.py
[2025-04-17T20:47:25.144+0000] {processor.py:925} INFO - DAG(s) 'spark_csv_to_bigquery' retrieved from /opt/airflow/dags/spark_job/spark_job.py
[2025-04-17T20:47:25.211+0000] {logging_mixin.py:190} INFO - [2025-04-17T20:47:25.211+0000] {dag.py:3239} INFO - Sync 1 DAGs
[2025-04-17T20:47:25.233+0000] {logging_mixin.py:190} INFO - [2025-04-17T20:47:25.233+0000] {dag.py:4180} INFO - Setting next_dagrun for spark_csv_to_bigquery to None, run_after=None
[2025-04-17T20:47:25.258+0000] {processor.py:208} INFO - Processing /opt/airflow/dags/spark_job/spark_job.py took 0.199 seconds
[2025-04-17T20:47:55.638+0000] {processor.py:186} INFO - Started process (PID=1160) to work on /opt/airflow/dags/spark_job/spark_job.py
[2025-04-17T20:47:55.639+0000] {processor.py:914} INFO - Processing file /opt/airflow/dags/spark_job/spark_job.py for tasks to queue
[2025-04-17T20:47:55.642+0000] {logging_mixin.py:190} INFO - [2025-04-17T20:47:55.641+0000] {dagbag.py:588} INFO - Filling up the DagBag from /opt/airflow/dags/spark_job/spark_job.py
[2025-04-17T20:47:55.667+0000] {processor.py:925} INFO - DAG(s) 'spark_csv_to_bigquery' retrieved from /opt/airflow/dags/spark_job/spark_job.py
[2025-04-17T20:47:55.698+0000] {logging_mixin.py:190} INFO - [2025-04-17T20:47:55.697+0000] {dag.py:3239} INFO - Sync 1 DAGs
[2025-04-17T20:47:55.716+0000] {logging_mixin.py:190} INFO - [2025-04-17T20:47:55.716+0000] {dag.py:4180} INFO - Setting next_dagrun for spark_csv_to_bigquery to None, run_after=None
[2025-04-17T20:47:55.746+0000] {processor.py:208} INFO - Processing /opt/airflow/dags/spark_job/spark_job.py took 0.119 seconds
[2025-04-17T20:48:26.348+0000] {processor.py:186} INFO - Started process (PID=1188) to work on /opt/airflow/dags/spark_job/spark_job.py
[2025-04-17T20:48:26.349+0000] {processor.py:914} INFO - Processing file /opt/airflow/dags/spark_job/spark_job.py for tasks to queue
[2025-04-17T20:48:26.353+0000] {logging_mixin.py:190} INFO - [2025-04-17T20:48:26.352+0000] {dagbag.py:588} INFO - Filling up the DagBag from /opt/airflow/dags/spark_job/spark_job.py
[2025-04-17T20:48:26.381+0000] {processor.py:925} INFO - DAG(s) 'spark_csv_to_bigquery' retrieved from /opt/airflow/dags/spark_job/spark_job.py
[2025-04-17T20:48:26.413+0000] {logging_mixin.py:190} INFO - [2025-04-17T20:48:26.412+0000] {dag.py:3239} INFO - Sync 1 DAGs
[2025-04-17T20:48:26.432+0000] {logging_mixin.py:190} INFO - [2025-04-17T20:48:26.432+0000] {dag.py:4180} INFO - Setting next_dagrun for spark_csv_to_bigquery to None, run_after=None
[2025-04-17T20:48:26.464+0000] {processor.py:208} INFO - Processing /opt/airflow/dags/spark_job/spark_job.py took 0.126 seconds
[2025-04-17T20:48:56.601+0000] {processor.py:186} INFO - Started process (PID=1216) to work on /opt/airflow/dags/spark_job/spark_job.py
[2025-04-17T20:48:56.603+0000] {processor.py:914} INFO - Processing file /opt/airflow/dags/spark_job/spark_job.py for tasks to queue
[2025-04-17T20:48:56.606+0000] {logging_mixin.py:190} INFO - [2025-04-17T20:48:56.605+0000] {dagbag.py:588} INFO - Filling up the DagBag from /opt/airflow/dags/spark_job/spark_job.py
[2025-04-17T20:48:56.640+0000] {processor.py:925} INFO - DAG(s) 'spark_csv_to_bigquery' retrieved from /opt/airflow/dags/spark_job/spark_job.py
[2025-04-17T20:48:56.675+0000] {logging_mixin.py:190} INFO - [2025-04-17T20:48:56.674+0000] {dag.py:3239} INFO - Sync 1 DAGs
[2025-04-17T20:48:56.695+0000] {logging_mixin.py:190} INFO - [2025-04-17T20:48:56.695+0000] {dag.py:4180} INFO - Setting next_dagrun for spark_csv_to_bigquery to None, run_after=None
[2025-04-17T20:48:56.721+0000] {processor.py:208} INFO - Processing /opt/airflow/dags/spark_job/spark_job.py took 0.127 seconds
[2025-04-17T20:49:27.003+0000] {processor.py:186} INFO - Started process (PID=1256) to work on /opt/airflow/dags/spark_job/spark_job.py
[2025-04-17T20:49:27.004+0000] {processor.py:914} INFO - Processing file /opt/airflow/dags/spark_job/spark_job.py for tasks to queue
[2025-04-17T20:49:27.007+0000] {logging_mixin.py:190} INFO - [2025-04-17T20:49:27.006+0000] {dagbag.py:588} INFO - Filling up the DagBag from /opt/airflow/dags/spark_job/spark_job.py
[2025-04-17T20:49:27.037+0000] {processor.py:925} INFO - DAG(s) 'spark_csv_to_bigquery' retrieved from /opt/airflow/dags/spark_job/spark_job.py
[2025-04-17T20:49:27.067+0000] {logging_mixin.py:190} INFO - [2025-04-17T20:49:27.067+0000] {dag.py:3239} INFO - Sync 1 DAGs
[2025-04-17T20:49:27.084+0000] {logging_mixin.py:190} INFO - [2025-04-17T20:49:27.083+0000] {dag.py:4180} INFO - Setting next_dagrun for spark_csv_to_bigquery to None, run_after=None
[2025-04-17T20:49:27.113+0000] {processor.py:208} INFO - Processing /opt/airflow/dags/spark_job/spark_job.py took 0.118 seconds
[2025-04-17T20:49:57.388+0000] {processor.py:186} INFO - Started process (PID=1296) to work on /opt/airflow/dags/spark_job/spark_job.py
[2025-04-17T20:49:57.390+0000] {processor.py:914} INFO - Processing file /opt/airflow/dags/spark_job/spark_job.py for tasks to queue
[2025-04-17T20:49:57.392+0000] {logging_mixin.py:190} INFO - [2025-04-17T20:49:57.392+0000] {dagbag.py:588} INFO - Filling up the DagBag from /opt/airflow/dags/spark_job/spark_job.py
[2025-04-17T20:49:57.420+0000] {processor.py:925} INFO - DAG(s) 'spark_csv_to_bigquery' retrieved from /opt/airflow/dags/spark_job/spark_job.py
[2025-04-17T20:49:57.457+0000] {logging_mixin.py:190} INFO - [2025-04-17T20:49:57.456+0000] {dag.py:3239} INFO - Sync 1 DAGs
[2025-04-17T20:49:57.485+0000] {logging_mixin.py:190} INFO - [2025-04-17T20:49:57.485+0000] {dag.py:4180} INFO - Setting next_dagrun for spark_csv_to_bigquery to None, run_after=None
[2025-04-17T20:49:57.517+0000] {processor.py:208} INFO - Processing /opt/airflow/dags/spark_job/spark_job.py took 0.137 seconds
[2025-04-17T20:50:28.064+0000] {processor.py:186} INFO - Started process (PID=1324) to work on /opt/airflow/dags/spark_job/spark_job.py
[2025-04-17T20:50:28.065+0000] {processor.py:914} INFO - Processing file /opt/airflow/dags/spark_job/spark_job.py for tasks to queue
[2025-04-17T20:50:28.068+0000] {logging_mixin.py:190} INFO - [2025-04-17T20:50:28.067+0000] {dagbag.py:588} INFO - Filling up the DagBag from /opt/airflow/dags/spark_job/spark_job.py
[2025-04-17T20:50:28.092+0000] {processor.py:925} INFO - DAG(s) 'spark_csv_to_bigquery' retrieved from /opt/airflow/dags/spark_job/spark_job.py
[2025-04-17T20:50:28.120+0000] {logging_mixin.py:190} INFO - [2025-04-17T20:50:28.120+0000] {dag.py:3239} INFO - Sync 1 DAGs
[2025-04-17T20:50:28.136+0000] {logging_mixin.py:190} INFO - [2025-04-17T20:50:28.136+0000] {dag.py:4180} INFO - Setting next_dagrun for spark_csv_to_bigquery to None, run_after=None
[2025-04-17T20:50:28.160+0000] {processor.py:208} INFO - Processing /opt/airflow/dags/spark_job/spark_job.py took 0.103 seconds
[2025-04-17T20:50:58.319+0000] {processor.py:186} INFO - Started process (PID=1352) to work on /opt/airflow/dags/spark_job/spark_job.py
[2025-04-17T20:50:58.320+0000] {processor.py:914} INFO - Processing file /opt/airflow/dags/spark_job/spark_job.py for tasks to queue
[2025-04-17T20:50:58.324+0000] {logging_mixin.py:190} INFO - [2025-04-17T20:50:58.324+0000] {dagbag.py:588} INFO - Filling up the DagBag from /opt/airflow/dags/spark_job/spark_job.py
[2025-04-17T20:50:58.361+0000] {processor.py:925} INFO - DAG(s) 'spark_csv_to_bigquery' retrieved from /opt/airflow/dags/spark_job/spark_job.py
[2025-04-17T20:50:58.394+0000] {logging_mixin.py:190} INFO - [2025-04-17T20:50:58.393+0000] {dag.py:3239} INFO - Sync 1 DAGs
[2025-04-17T20:50:58.413+0000] {logging_mixin.py:190} INFO - [2025-04-17T20:50:58.413+0000] {dag.py:4180} INFO - Setting next_dagrun for spark_csv_to_bigquery to None, run_after=None
[2025-04-17T20:50:58.439+0000] {processor.py:208} INFO - Processing /opt/airflow/dags/spark_job/spark_job.py took 0.132 seconds
[2025-04-17T20:51:28.577+0000] {processor.py:186} INFO - Started process (PID=1392) to work on /opt/airflow/dags/spark_job/spark_job.py
[2025-04-17T20:51:28.579+0000] {processor.py:914} INFO - Processing file /opt/airflow/dags/spark_job/spark_job.py for tasks to queue
[2025-04-17T20:51:28.583+0000] {logging_mixin.py:190} INFO - [2025-04-17T20:51:28.582+0000] {dagbag.py:588} INFO - Filling up the DagBag from /opt/airflow/dags/spark_job/spark_job.py
[2025-04-17T20:51:28.621+0000] {processor.py:925} INFO - DAG(s) 'spark_csv_to_bigquery' retrieved from /opt/airflow/dags/spark_job/spark_job.py
[2025-04-17T20:51:28.655+0000] {logging_mixin.py:190} INFO - [2025-04-17T20:51:28.654+0000] {dag.py:3239} INFO - Sync 1 DAGs
[2025-04-17T20:51:28.677+0000] {logging_mixin.py:190} INFO - [2025-04-17T20:51:28.676+0000] {dag.py:4180} INFO - Setting next_dagrun for spark_csv_to_bigquery to None, run_after=None
[2025-04-17T20:51:28.701+0000] {processor.py:208} INFO - Processing /opt/airflow/dags/spark_job/spark_job.py took 0.138 seconds
[2025-04-17T20:51:58.955+0000] {processor.py:186} INFO - Started process (PID=1427) to work on /opt/airflow/dags/spark_job/spark_job.py
[2025-04-17T20:51:58.956+0000] {processor.py:914} INFO - Processing file /opt/airflow/dags/spark_job/spark_job.py for tasks to queue
[2025-04-17T20:51:58.959+0000] {logging_mixin.py:190} INFO - [2025-04-17T20:51:58.959+0000] {dagbag.py:588} INFO - Filling up the DagBag from /opt/airflow/dags/spark_job/spark_job.py
[2025-04-17T20:51:58.984+0000] {processor.py:925} INFO - DAG(s) 'spark_csv_to_bigquery' retrieved from /opt/airflow/dags/spark_job/spark_job.py
[2025-04-17T20:51:59.016+0000] {logging_mixin.py:190} INFO - [2025-04-17T20:51:59.016+0000] {dag.py:3239} INFO - Sync 1 DAGs
[2025-04-17T20:51:59.036+0000] {logging_mixin.py:190} INFO - [2025-04-17T20:51:59.036+0000] {dag.py:4180} INFO - Setting next_dagrun for spark_csv_to_bigquery to None, run_after=None
[2025-04-17T20:51:59.060+0000] {processor.py:208} INFO - Processing /opt/airflow/dags/spark_job/spark_job.py took 0.115 seconds
[2025-04-17T20:52:29.311+0000] {processor.py:186} INFO - Started process (PID=1461) to work on /opt/airflow/dags/spark_job/spark_job.py
[2025-04-17T20:52:29.312+0000] {processor.py:914} INFO - Processing file /opt/airflow/dags/spark_job/spark_job.py for tasks to queue
[2025-04-17T20:52:29.315+0000] {logging_mixin.py:190} INFO - [2025-04-17T20:52:29.314+0000] {dagbag.py:588} INFO - Filling up the DagBag from /opt/airflow/dags/spark_job/spark_job.py
[2025-04-17T20:52:29.340+0000] {processor.py:925} INFO - DAG(s) 'spark_csv_to_bigquery' retrieved from /opt/airflow/dags/spark_job/spark_job.py
[2025-04-17T20:52:29.369+0000] {logging_mixin.py:190} INFO - [2025-04-17T20:52:29.368+0000] {dag.py:3239} INFO - Sync 1 DAGs
[2025-04-17T20:52:29.385+0000] {logging_mixin.py:190} INFO - [2025-04-17T20:52:29.385+0000] {dag.py:4180} INFO - Setting next_dagrun for spark_csv_to_bigquery to None, run_after=None
[2025-04-17T20:52:29.410+0000] {processor.py:208} INFO - Processing /opt/airflow/dags/spark_job/spark_job.py took 0.107 seconds
[2025-04-17T20:52:59.847+0000] {processor.py:186} INFO - Started process (PID=1489) to work on /opt/airflow/dags/spark_job/spark_job.py
[2025-04-17T20:52:59.848+0000] {processor.py:914} INFO - Processing file /opt/airflow/dags/spark_job/spark_job.py for tasks to queue
[2025-04-17T20:52:59.851+0000] {logging_mixin.py:190} INFO - [2025-04-17T20:52:59.851+0000] {dagbag.py:588} INFO - Filling up the DagBag from /opt/airflow/dags/spark_job/spark_job.py
[2025-04-17T20:52:59.877+0000] {processor.py:925} INFO - DAG(s) 'spark_csv_to_bigquery' retrieved from /opt/airflow/dags/spark_job/spark_job.py
[2025-04-17T20:52:59.905+0000] {logging_mixin.py:190} INFO - [2025-04-17T20:52:59.904+0000] {dag.py:3239} INFO - Sync 1 DAGs
[2025-04-17T20:52:59.921+0000] {logging_mixin.py:190} INFO - [2025-04-17T20:52:59.921+0000] {dag.py:4180} INFO - Setting next_dagrun for spark_csv_to_bigquery to None, run_after=None
[2025-04-17T20:52:59.947+0000] {processor.py:208} INFO - Processing /opt/airflow/dags/spark_job/spark_job.py took 0.109 seconds
[2025-04-17T20:53:30.336+0000] {processor.py:186} INFO - Started process (PID=1517) to work on /opt/airflow/dags/spark_job/spark_job.py
[2025-04-17T20:53:30.337+0000] {processor.py:914} INFO - Processing file /opt/airflow/dags/spark_job/spark_job.py for tasks to queue
[2025-04-17T20:53:30.341+0000] {logging_mixin.py:190} INFO - [2025-04-17T20:53:30.341+0000] {dagbag.py:588} INFO - Filling up the DagBag from /opt/airflow/dags/spark_job/spark_job.py
[2025-04-17T20:53:30.377+0000] {processor.py:925} INFO - DAG(s) 'spark_csv_to_bigquery' retrieved from /opt/airflow/dags/spark_job/spark_job.py
[2025-04-17T20:53:30.409+0000] {logging_mixin.py:190} INFO - [2025-04-17T20:53:30.408+0000] {dag.py:3239} INFO - Sync 1 DAGs
[2025-04-17T20:53:30.429+0000] {logging_mixin.py:190} INFO - [2025-04-17T20:53:30.429+0000] {dag.py:4180} INFO - Setting next_dagrun for spark_csv_to_bigquery to None, run_after=None
[2025-04-17T20:53:30.452+0000] {processor.py:208} INFO - Processing /opt/airflow/dags/spark_job/spark_job.py took 0.124 seconds
[2025-04-17T20:54:00.703+0000] {processor.py:186} INFO - Started process (PID=1550) to work on /opt/airflow/dags/spark_job/spark_job.py
[2025-04-17T20:54:00.705+0000] {processor.py:914} INFO - Processing file /opt/airflow/dags/spark_job/spark_job.py for tasks to queue
[2025-04-17T20:54:00.710+0000] {logging_mixin.py:190} INFO - [2025-04-17T20:54:00.709+0000] {dagbag.py:588} INFO - Filling up the DagBag from /opt/airflow/dags/spark_job/spark_job.py
[2025-04-17T20:54:00.746+0000] {processor.py:925} INFO - DAG(s) 'spark_csv_to_bigquery' retrieved from /opt/airflow/dags/spark_job/spark_job.py
[2025-04-17T20:54:00.778+0000] {logging_mixin.py:190} INFO - [2025-04-17T20:54:00.777+0000] {dag.py:3239} INFO - Sync 1 DAGs
[2025-04-17T20:54:00.795+0000] {logging_mixin.py:190} INFO - [2025-04-17T20:54:00.795+0000] {dag.py:4180} INFO - Setting next_dagrun for spark_csv_to_bigquery to None, run_after=None
[2025-04-17T20:54:00.820+0000] {processor.py:208} INFO - Processing /opt/airflow/dags/spark_job/spark_job.py took 0.127 seconds
[2025-04-17T20:54:31.289+0000] {processor.py:186} INFO - Started process (PID=1578) to work on /opt/airflow/dags/spark_job/spark_job.py
[2025-04-17T20:54:31.290+0000] {processor.py:914} INFO - Processing file /opt/airflow/dags/spark_job/spark_job.py for tasks to queue
[2025-04-17T20:54:31.294+0000] {logging_mixin.py:190} INFO - [2025-04-17T20:54:31.293+0000] {dagbag.py:588} INFO - Filling up the DagBag from /opt/airflow/dags/spark_job/spark_job.py
[2025-04-17T20:54:31.322+0000] {processor.py:925} INFO - DAG(s) 'spark_csv_to_bigquery' retrieved from /opt/airflow/dags/spark_job/spark_job.py
[2025-04-17T20:54:31.356+0000] {logging_mixin.py:190} INFO - [2025-04-17T20:54:31.356+0000] {dag.py:3239} INFO - Sync 1 DAGs
[2025-04-17T20:54:31.377+0000] {logging_mixin.py:190} INFO - [2025-04-17T20:54:31.377+0000] {dag.py:4180} INFO - Setting next_dagrun for spark_csv_to_bigquery to None, run_after=None
[2025-04-17T20:54:31.406+0000] {processor.py:208} INFO - Processing /opt/airflow/dags/spark_job/spark_job.py took 0.124 seconds
[2025-04-17T20:55:01.617+0000] {processor.py:186} INFO - Started process (PID=1606) to work on /opt/airflow/dags/spark_job/spark_job.py
[2025-04-17T20:55:01.619+0000] {processor.py:914} INFO - Processing file /opt/airflow/dags/spark_job/spark_job.py for tasks to queue
[2025-04-17T20:55:01.622+0000] {logging_mixin.py:190} INFO - [2025-04-17T20:55:01.622+0000] {dagbag.py:588} INFO - Filling up the DagBag from /opt/airflow/dags/spark_job/spark_job.py
[2025-04-17T20:55:01.648+0000] {processor.py:925} INFO - DAG(s) 'spark_csv_to_bigquery' retrieved from /opt/airflow/dags/spark_job/spark_job.py
[2025-04-17T20:55:01.676+0000] {logging_mixin.py:190} INFO - [2025-04-17T20:55:01.676+0000] {dag.py:3239} INFO - Sync 1 DAGs
[2025-04-17T20:55:01.693+0000] {logging_mixin.py:190} INFO - [2025-04-17T20:55:01.692+0000] {dag.py:4180} INFO - Setting next_dagrun for spark_csv_to_bigquery to None, run_after=None
[2025-04-17T20:55:01.718+0000] {processor.py:208} INFO - Processing /opt/airflow/dags/spark_job/spark_job.py took 0.112 seconds
[2025-04-17T20:55:32.129+0000] {processor.py:186} INFO - Started process (PID=1634) to work on /opt/airflow/dags/spark_job/spark_job.py
[2025-04-17T20:55:32.130+0000] {processor.py:914} INFO - Processing file /opt/airflow/dags/spark_job/spark_job.py for tasks to queue
[2025-04-17T20:55:32.133+0000] {logging_mixin.py:190} INFO - [2025-04-17T20:55:32.133+0000] {dagbag.py:588} INFO - Filling up the DagBag from /opt/airflow/dags/spark_job/spark_job.py
[2025-04-17T20:55:32.158+0000] {processor.py:925} INFO - DAG(s) 'spark_csv_to_bigquery' retrieved from /opt/airflow/dags/spark_job/spark_job.py
[2025-04-17T20:55:32.186+0000] {logging_mixin.py:190} INFO - [2025-04-17T20:55:32.186+0000] {dag.py:3239} INFO - Sync 1 DAGs
[2025-04-17T20:55:32.203+0000] {logging_mixin.py:190} INFO - [2025-04-17T20:55:32.203+0000] {dag.py:4180} INFO - Setting next_dagrun for spark_csv_to_bigquery to None, run_after=None
[2025-04-17T20:55:32.230+0000] {processor.py:208} INFO - Processing /opt/airflow/dags/spark_job/spark_job.py took 0.107 seconds
[2025-04-17T20:56:02.499+0000] {processor.py:186} INFO - Started process (PID=1662) to work on /opt/airflow/dags/spark_job/spark_job.py
[2025-04-17T20:56:02.501+0000] {processor.py:914} INFO - Processing file /opt/airflow/dags/spark_job/spark_job.py for tasks to queue
[2025-04-17T20:56:02.505+0000] {logging_mixin.py:190} INFO - [2025-04-17T20:56:02.504+0000] {dagbag.py:588} INFO - Filling up the DagBag from /opt/airflow/dags/spark_job/spark_job.py
[2025-04-17T20:56:02.542+0000] {processor.py:925} INFO - DAG(s) 'spark_csv_to_bigquery' retrieved from /opt/airflow/dags/spark_job/spark_job.py
[2025-04-17T20:56:02.573+0000] {logging_mixin.py:190} INFO - [2025-04-17T20:56:02.572+0000] {dag.py:3239} INFO - Sync 1 DAGs
[2025-04-17T20:56:02.590+0000] {logging_mixin.py:190} INFO - [2025-04-17T20:56:02.590+0000] {dag.py:4180} INFO - Setting next_dagrun for spark_csv_to_bigquery to None, run_after=None
[2025-04-17T20:56:02.617+0000] {processor.py:208} INFO - Processing /opt/airflow/dags/spark_job/spark_job.py took 0.127 seconds
[2025-04-17T20:56:33.092+0000] {processor.py:186} INFO - Started process (PID=1706) to work on /opt/airflow/dags/spark_job/spark_job.py
[2025-04-17T20:56:33.094+0000] {processor.py:914} INFO - Processing file /opt/airflow/dags/spark_job/spark_job.py for tasks to queue
[2025-04-17T20:56:33.097+0000] {logging_mixin.py:190} INFO - [2025-04-17T20:56:33.096+0000] {dagbag.py:588} INFO - Filling up the DagBag from /opt/airflow/dags/spark_job/spark_job.py
[2025-04-17T20:56:33.119+0000] {processor.py:925} INFO - DAG(s) 'spark_csv_to_bigquery' retrieved from /opt/airflow/dags/spark_job/spark_job.py
[2025-04-17T20:56:33.147+0000] {logging_mixin.py:190} INFO - [2025-04-17T20:56:33.147+0000] {dag.py:3239} INFO - Sync 1 DAGs
[2025-04-17T20:56:33.165+0000] {logging_mixin.py:190} INFO - [2025-04-17T20:56:33.165+0000] {dag.py:4180} INFO - Setting next_dagrun for spark_csv_to_bigquery to None, run_after=None
[2025-04-17T20:56:33.192+0000] {processor.py:208} INFO - Processing /opt/airflow/dags/spark_job/spark_job.py took 0.111 seconds
[2025-04-17T20:57:03.865+0000] {processor.py:186} INFO - Started process (PID=1738) to work on /opt/airflow/dags/spark_job/spark_job.py
[2025-04-17T20:57:03.867+0000] {processor.py:914} INFO - Processing file /opt/airflow/dags/spark_job/spark_job.py for tasks to queue
[2025-04-17T20:57:03.872+0000] {logging_mixin.py:190} INFO - [2025-04-17T20:57:03.871+0000] {dagbag.py:588} INFO - Filling up the DagBag from /opt/airflow/dags/spark_job/spark_job.py
[2025-04-17T20:57:03.928+0000] {processor.py:925} INFO - DAG(s) 'spark_csv_to_bigquery' retrieved from /opt/airflow/dags/spark_job/spark_job.py
[2025-04-17T20:57:03.986+0000] {logging_mixin.py:190} INFO - [2025-04-17T20:57:03.985+0000] {dag.py:3239} INFO - Sync 1 DAGs
[2025-04-17T20:57:04.035+0000] {logging_mixin.py:190} INFO - [2025-04-17T20:57:04.034+0000] {dag.py:4180} INFO - Setting next_dagrun for spark_csv_to_bigquery to None, run_after=None
[2025-04-17T20:57:04.141+0000] {processor.py:208} INFO - Processing /opt/airflow/dags/spark_job/spark_job.py took 0.291 seconds
[2025-04-17T20:57:34.683+0000] {processor.py:186} INFO - Started process (PID=1769) to work on /opt/airflow/dags/spark_job/spark_job.py
[2025-04-17T20:57:34.685+0000] {processor.py:914} INFO - Processing file /opt/airflow/dags/spark_job/spark_job.py for tasks to queue
[2025-04-17T20:57:34.688+0000] {logging_mixin.py:190} INFO - [2025-04-17T20:57:34.687+0000] {dagbag.py:588} INFO - Filling up the DagBag from /opt/airflow/dags/spark_job/spark_job.py
[2025-04-17T20:57:34.711+0000] {processor.py:925} INFO - DAG(s) 'spark_csv_to_bigquery' retrieved from /opt/airflow/dags/spark_job/spark_job.py
[2025-04-17T20:57:34.757+0000] {logging_mixin.py:190} INFO - [2025-04-17T20:57:34.755+0000] {dag.py:3239} INFO - Sync 1 DAGs
[2025-04-17T20:57:34.805+0000] {logging_mixin.py:190} INFO - [2025-04-17T20:57:34.804+0000] {dag.py:4180} INFO - Setting next_dagrun for spark_csv_to_bigquery to None, run_after=None
[2025-04-17T20:57:34.845+0000] {processor.py:208} INFO - Processing /opt/airflow/dags/spark_job/spark_job.py took 0.171 seconds
[2025-04-17T20:58:05.294+0000] {processor.py:186} INFO - Started process (PID=1794) to work on /opt/airflow/dags/spark_job/spark_job.py
[2025-04-17T20:58:05.296+0000] {processor.py:914} INFO - Processing file /opt/airflow/dags/spark_job/spark_job.py for tasks to queue
[2025-04-17T20:58:05.300+0000] {logging_mixin.py:190} INFO - [2025-04-17T20:58:05.299+0000] {dagbag.py:588} INFO - Filling up the DagBag from /opt/airflow/dags/spark_job/spark_job.py
[2025-04-17T20:58:05.341+0000] {processor.py:925} INFO - DAG(s) 'spark_csv_to_bigquery' retrieved from /opt/airflow/dags/spark_job/spark_job.py
[2025-04-17T20:58:05.430+0000] {logging_mixin.py:190} INFO - [2025-04-17T20:58:05.429+0000] {dag.py:3239} INFO - Sync 1 DAGs
[2025-04-17T20:58:05.470+0000] {logging_mixin.py:190} INFO - [2025-04-17T20:58:05.469+0000] {dag.py:4180} INFO - Setting next_dagrun for spark_csv_to_bigquery to None, run_after=None
[2025-04-17T20:58:05.516+0000] {processor.py:208} INFO - Processing /opt/airflow/dags/spark_job/spark_job.py took 0.237 seconds
[2025-04-17T20:58:35.777+0000] {processor.py:186} INFO - Started process (PID=1822) to work on /opt/airflow/dags/spark_job/spark_job.py
[2025-04-17T20:58:35.779+0000] {processor.py:914} INFO - Processing file /opt/airflow/dags/spark_job/spark_job.py for tasks to queue
[2025-04-17T20:58:35.786+0000] {logging_mixin.py:190} INFO - [2025-04-17T20:58:35.785+0000] {dagbag.py:588} INFO - Filling up the DagBag from /opt/airflow/dags/spark_job/spark_job.py
[2025-04-17T20:58:35.825+0000] {processor.py:925} INFO - DAG(s) 'spark_csv_to_bigquery' retrieved from /opt/airflow/dags/spark_job/spark_job.py
[2025-04-17T20:58:35.879+0000] {logging_mixin.py:190} INFO - [2025-04-17T20:58:35.879+0000] {dag.py:3239} INFO - Sync 1 DAGs
[2025-04-17T20:58:35.923+0000] {logging_mixin.py:190} INFO - [2025-04-17T20:58:35.923+0000] {dag.py:4180} INFO - Setting next_dagrun for spark_csv_to_bigquery to None, run_after=None
[2025-04-17T20:58:35.994+0000] {processor.py:208} INFO - Processing /opt/airflow/dags/spark_job/spark_job.py took 0.240 seconds
[2025-04-17T20:59:06.205+0000] {processor.py:186} INFO - Started process (PID=1850) to work on /opt/airflow/dags/spark_job/spark_job.py
[2025-04-17T20:59:06.206+0000] {processor.py:914} INFO - Processing file /opt/airflow/dags/spark_job/spark_job.py for tasks to queue
[2025-04-17T20:59:06.209+0000] {logging_mixin.py:190} INFO - [2025-04-17T20:59:06.209+0000] {dagbag.py:588} INFO - Filling up the DagBag from /opt/airflow/dags/spark_job/spark_job.py
[2025-04-17T20:59:06.238+0000] {processor.py:925} INFO - DAG(s) 'spark_csv_to_bigquery' retrieved from /opt/airflow/dags/spark_job/spark_job.py
[2025-04-17T20:59:06.284+0000] {logging_mixin.py:190} INFO - [2025-04-17T20:59:06.283+0000] {dag.py:3239} INFO - Sync 1 DAGs
[2025-04-17T20:59:06.313+0000] {logging_mixin.py:190} INFO - [2025-04-17T20:59:06.313+0000] {dag.py:4180} INFO - Setting next_dagrun for spark_csv_to_bigquery to None, run_after=None
[2025-04-17T20:59:06.338+0000] {processor.py:208} INFO - Processing /opt/airflow/dags/spark_job/spark_job.py took 0.142 seconds
[2025-04-17T20:59:36.871+0000] {processor.py:186} INFO - Started process (PID=1878) to work on /opt/airflow/dags/spark_job/spark_job.py
[2025-04-17T20:59:36.873+0000] {processor.py:914} INFO - Processing file /opt/airflow/dags/spark_job/spark_job.py for tasks to queue
[2025-04-17T20:59:36.882+0000] {logging_mixin.py:190} INFO - [2025-04-17T20:59:36.878+0000] {dagbag.py:588} INFO - Filling up the DagBag from /opt/airflow/dags/spark_job/spark_job.py
[2025-04-17T20:59:36.922+0000] {processor.py:925} INFO - DAG(s) 'spark_csv_to_bigquery' retrieved from /opt/airflow/dags/spark_job/spark_job.py
[2025-04-17T20:59:36.966+0000] {logging_mixin.py:190} INFO - [2025-04-17T20:59:36.965+0000] {dag.py:3239} INFO - Sync 1 DAGs
[2025-04-17T20:59:36.989+0000] {logging_mixin.py:190} INFO - [2025-04-17T20:59:36.989+0000] {dag.py:4180} INFO - Setting next_dagrun for spark_csv_to_bigquery to None, run_after=None
[2025-04-17T20:59:37.033+0000] {processor.py:208} INFO - Processing /opt/airflow/dags/spark_job/spark_job.py took 0.180 seconds
[2025-04-17T21:00:07.674+0000] {processor.py:186} INFO - Started process (PID=1906) to work on /opt/airflow/dags/spark_job/spark_job.py
[2025-04-17T21:00:07.676+0000] {processor.py:914} INFO - Processing file /opt/airflow/dags/spark_job/spark_job.py for tasks to queue
[2025-04-17T21:00:07.681+0000] {logging_mixin.py:190} INFO - [2025-04-17T21:00:07.680+0000] {dagbag.py:588} INFO - Filling up the DagBag from /opt/airflow/dags/spark_job/spark_job.py
[2025-04-17T21:00:07.710+0000] {processor.py:925} INFO - DAG(s) 'spark_csv_to_bigquery' retrieved from /opt/airflow/dags/spark_job/spark_job.py
[2025-04-17T21:00:07.743+0000] {logging_mixin.py:190} INFO - [2025-04-17T21:00:07.742+0000] {dag.py:3239} INFO - Sync 1 DAGs
[2025-04-17T21:00:07.763+0000] {logging_mixin.py:190} INFO - [2025-04-17T21:00:07.762+0000] {dag.py:4180} INFO - Setting next_dagrun for spark_csv_to_bigquery to None, run_after=None
[2025-04-17T21:00:07.794+0000] {processor.py:208} INFO - Processing /opt/airflow/dags/spark_job/spark_job.py took 0.129 seconds
[2025-04-17T21:00:38.936+0000] {processor.py:186} INFO - Started process (PID=1942) to work on /opt/airflow/dags/spark_job/spark_job.py
[2025-04-17T21:00:38.940+0000] {processor.py:914} INFO - Processing file /opt/airflow/dags/spark_job/spark_job.py for tasks to queue
[2025-04-17T21:00:38.953+0000] {logging_mixin.py:190} INFO - [2025-04-17T21:00:38.951+0000] {dagbag.py:588} INFO - Filling up the DagBag from /opt/airflow/dags/spark_job/spark_job.py
[2025-04-17T21:00:39.009+0000] {processor.py:925} INFO - DAG(s) 'spark_csv_to_bigquery' retrieved from /opt/airflow/dags/spark_job/spark_job.py
[2025-04-17T21:00:39.080+0000] {logging_mixin.py:190} INFO - [2025-04-17T21:00:39.079+0000] {dag.py:3239} INFO - Sync 1 DAGs
[2025-04-17T21:00:39.130+0000] {logging_mixin.py:190} INFO - [2025-04-17T21:00:39.129+0000] {dag.py:4180} INFO - Setting next_dagrun for spark_csv_to_bigquery to None, run_after=None
[2025-04-17T21:00:39.976+0000] {processor.py:208} INFO - Processing /opt/airflow/dags/spark_job/spark_job.py took 1.058 seconds
[2025-04-17T21:01:10.859+0000] {processor.py:186} INFO - Started process (PID=1970) to work on /opt/airflow/dags/spark_job/spark_job.py
[2025-04-17T21:01:10.861+0000] {processor.py:914} INFO - Processing file /opt/airflow/dags/spark_job/spark_job.py for tasks to queue
[2025-04-17T21:01:10.870+0000] {logging_mixin.py:190} INFO - [2025-04-17T21:01:10.868+0000] {dagbag.py:588} INFO - Filling up the DagBag from /opt/airflow/dags/spark_job/spark_job.py
[2025-04-17T21:01:10.969+0000] {processor.py:925} INFO - DAG(s) 'spark_csv_to_bigquery' retrieved from /opt/airflow/dags/spark_job/spark_job.py
[2025-04-17T21:01:11.110+0000] {logging_mixin.py:190} INFO - [2025-04-17T21:01:11.104+0000] {dag.py:3239} INFO - Sync 1 DAGs
[2025-04-17T21:01:11.244+0000] {logging_mixin.py:190} INFO - [2025-04-17T21:01:11.244+0000] {dag.py:4180} INFO - Setting next_dagrun for spark_csv_to_bigquery to None, run_after=None
[2025-04-17T21:01:11.304+0000] {processor.py:208} INFO - Processing /opt/airflow/dags/spark_job/spark_job.py took 0.482 seconds
[2025-04-17T21:01:52.483+0000] {processor.py:186} INFO - Started process (PID=2001) to work on /opt/airflow/dags/spark_job/spark_job.py
[2025-04-17T21:01:52.486+0000] {processor.py:914} INFO - Processing file /opt/airflow/dags/spark_job/spark_job.py for tasks to queue
[2025-04-17T21:01:52.492+0000] {logging_mixin.py:190} INFO - [2025-04-17T21:01:52.491+0000] {dagbag.py:588} INFO - Filling up the DagBag from /opt/airflow/dags/spark_job/spark_job.py
[2025-04-17T21:01:52.599+0000] {processor.py:925} INFO - DAG(s) 'spark_csv_to_bigquery' retrieved from /opt/airflow/dags/spark_job/spark_job.py
[2025-04-17T21:01:52.707+0000] {logging_mixin.py:190} INFO - [2025-04-17T21:01:52.706+0000] {dag.py:3239} INFO - Sync 1 DAGs
[2025-04-17T21:01:52.824+0000] {logging_mixin.py:190} INFO - [2025-04-17T21:01:52.824+0000] {dag.py:4180} INFO - Setting next_dagrun for spark_csv_to_bigquery to None, run_after=None
[2025-04-17T21:01:52.912+0000] {processor.py:208} INFO - Processing /opt/airflow/dags/spark_job/spark_job.py took 0.487 seconds
[2025-04-17T21:02:23.044+0000] {processor.py:186} INFO - Started process (PID=2026) to work on /opt/airflow/dags/spark_job/spark_job.py
[2025-04-17T21:02:23.046+0000] {processor.py:914} INFO - Processing file /opt/airflow/dags/spark_job/spark_job.py for tasks to queue
[2025-04-17T21:02:23.051+0000] {logging_mixin.py:190} INFO - [2025-04-17T21:02:23.050+0000] {dagbag.py:588} INFO - Filling up the DagBag from /opt/airflow/dags/spark_job/spark_job.py
[2025-04-17T21:02:23.095+0000] {processor.py:925} INFO - DAG(s) 'spark_csv_to_bigquery' retrieved from /opt/airflow/dags/spark_job/spark_job.py
[2025-04-17T21:02:23.327+0000] {logging_mixin.py:190} INFO - [2025-04-17T21:02:23.326+0000] {dag.py:3239} INFO - Sync 1 DAGs
[2025-04-17T21:02:23.376+0000] {logging_mixin.py:190} INFO - [2025-04-17T21:02:23.375+0000] {dag.py:4180} INFO - Setting next_dagrun for spark_csv_to_bigquery to None, run_after=None
[2025-04-17T21:02:23.446+0000] {processor.py:208} INFO - Processing /opt/airflow/dags/spark_job/spark_job.py took 0.429 seconds
[2025-04-17T21:02:54.126+0000] {processor.py:186} INFO - Started process (PID=2058) to work on /opt/airflow/dags/spark_job/spark_job.py
[2025-04-17T21:02:54.128+0000] {processor.py:914} INFO - Processing file /opt/airflow/dags/spark_job/spark_job.py for tasks to queue
[2025-04-17T21:02:54.133+0000] {logging_mixin.py:190} INFO - [2025-04-17T21:02:54.133+0000] {dagbag.py:588} INFO - Filling up the DagBag from /opt/airflow/dags/spark_job/spark_job.py
[2025-04-17T21:02:54.172+0000] {processor.py:925} INFO - DAG(s) 'spark_csv_to_bigquery' retrieved from /opt/airflow/dags/spark_job/spark_job.py
[2025-04-17T21:02:54.236+0000] {logging_mixin.py:190} INFO - [2025-04-17T21:02:54.233+0000] {dag.py:3239} INFO - Sync 1 DAGs
[2025-04-17T21:02:54.297+0000] {logging_mixin.py:190} INFO - [2025-04-17T21:02:54.296+0000] {dag.py:4180} INFO - Setting next_dagrun for spark_csv_to_bigquery to None, run_after=None
[2025-04-17T21:02:54.348+0000] {processor.py:208} INFO - Processing /opt/airflow/dags/spark_job/spark_job.py took 0.247 seconds
[2025-04-17T21:03:25.187+0000] {processor.py:186} INFO - Started process (PID=2090) to work on /opt/airflow/dags/spark_job/spark_job.py
[2025-04-17T21:03:25.190+0000] {processor.py:914} INFO - Processing file /opt/airflow/dags/spark_job/spark_job.py for tasks to queue
[2025-04-17T21:03:25.195+0000] {logging_mixin.py:190} INFO - [2025-04-17T21:03:25.195+0000] {dagbag.py:588} INFO - Filling up the DagBag from /opt/airflow/dags/spark_job/spark_job.py
[2025-04-17T21:03:25.261+0000] {processor.py:925} INFO - DAG(s) 'spark_csv_to_bigquery' retrieved from /opt/airflow/dags/spark_job/spark_job.py
[2025-04-17T21:03:25.331+0000] {logging_mixin.py:190} INFO - [2025-04-17T21:03:25.331+0000] {dag.py:3239} INFO - Sync 1 DAGs
[2025-04-17T21:03:25.394+0000] {logging_mixin.py:190} INFO - [2025-04-17T21:03:25.393+0000] {dag.py:4180} INFO - Setting next_dagrun for spark_csv_to_bigquery to None, run_after=None
[2025-04-17T21:03:25.559+0000] {processor.py:208} INFO - Processing /opt/airflow/dags/spark_job/spark_job.py took 0.408 seconds
[2025-04-17T21:03:55.720+0000] {processor.py:186} INFO - Started process (PID=2119) to work on /opt/airflow/dags/spark_job/spark_job.py
[2025-04-17T21:03:55.722+0000] {processor.py:914} INFO - Processing file /opt/airflow/dags/spark_job/spark_job.py for tasks to queue
[2025-04-17T21:03:55.727+0000] {logging_mixin.py:190} INFO - [2025-04-17T21:03:55.726+0000] {dagbag.py:588} INFO - Filling up the DagBag from /opt/airflow/dags/spark_job/spark_job.py
[2025-04-17T21:03:55.758+0000] {processor.py:925} INFO - DAG(s) 'spark_csv_to_bigquery' retrieved from /opt/airflow/dags/spark_job/spark_job.py
[2025-04-17T21:03:55.804+0000] {logging_mixin.py:190} INFO - [2025-04-17T21:03:55.803+0000] {dag.py:3239} INFO - Sync 1 DAGs
[2025-04-17T21:03:55.831+0000] {logging_mixin.py:190} INFO - [2025-04-17T21:03:55.830+0000] {dag.py:4180} INFO - Setting next_dagrun for spark_csv_to_bigquery to None, run_after=None
[2025-04-17T21:03:55.865+0000] {processor.py:208} INFO - Processing /opt/airflow/dags/spark_job/spark_job.py took 0.158 seconds
[2025-04-17T21:04:26.232+0000] {processor.py:186} INFO - Started process (PID=2152) to work on /opt/airflow/dags/spark_job/spark_job.py
[2025-04-17T21:04:26.233+0000] {processor.py:914} INFO - Processing file /opt/airflow/dags/spark_job/spark_job.py for tasks to queue
[2025-04-17T21:04:26.237+0000] {logging_mixin.py:190} INFO - [2025-04-17T21:04:26.236+0000] {dagbag.py:588} INFO - Filling up the DagBag from /opt/airflow/dags/spark_job/spark_job.py
[2025-04-17T21:04:26.264+0000] {processor.py:925} INFO - DAG(s) 'spark_csv_to_bigquery' retrieved from /opt/airflow/dags/spark_job/spark_job.py
[2025-04-17T21:04:26.303+0000] {logging_mixin.py:190} INFO - [2025-04-17T21:04:26.302+0000] {dag.py:3239} INFO - Sync 1 DAGs
[2025-04-17T21:04:26.323+0000] {logging_mixin.py:190} INFO - [2025-04-17T21:04:26.323+0000] {dag.py:4180} INFO - Setting next_dagrun for spark_csv_to_bigquery to None, run_after=None
[2025-04-17T21:04:26.350+0000] {processor.py:208} INFO - Processing /opt/airflow/dags/spark_job/spark_job.py took 0.126 seconds
[2025-04-17T21:04:56.810+0000] {processor.py:186} INFO - Started process (PID=2186) to work on /opt/airflow/dags/spark_job/spark_job.py
[2025-04-17T21:04:56.812+0000] {processor.py:914} INFO - Processing file /opt/airflow/dags/spark_job/spark_job.py for tasks to queue
[2025-04-17T21:04:56.815+0000] {logging_mixin.py:190} INFO - [2025-04-17T21:04:56.815+0000] {dagbag.py:588} INFO - Filling up the DagBag from /opt/airflow/dags/spark_job/spark_job.py
[2025-04-17T21:04:56.841+0000] {processor.py:925} INFO - DAG(s) 'spark_csv_to_bigquery' retrieved from /opt/airflow/dags/spark_job/spark_job.py
[2025-04-17T21:04:56.870+0000] {logging_mixin.py:190} INFO - [2025-04-17T21:04:56.869+0000] {dag.py:3239} INFO - Sync 1 DAGs
[2025-04-17T21:04:56.892+0000] {logging_mixin.py:190} INFO - [2025-04-17T21:04:56.892+0000] {dag.py:4180} INFO - Setting next_dagrun for spark_csv_to_bigquery to None, run_after=None
[2025-04-17T21:04:56.921+0000] {processor.py:208} INFO - Processing /opt/airflow/dags/spark_job/spark_job.py took 0.120 seconds
[2025-04-17T21:05:27.434+0000] {processor.py:186} INFO - Started process (PID=2214) to work on /opt/airflow/dags/spark_job/spark_job.py
[2025-04-17T21:05:27.436+0000] {processor.py:914} INFO - Processing file /opt/airflow/dags/spark_job/spark_job.py for tasks to queue
[2025-04-17T21:05:27.438+0000] {logging_mixin.py:190} INFO - [2025-04-17T21:05:27.438+0000] {dagbag.py:588} INFO - Filling up the DagBag from /opt/airflow/dags/spark_job/spark_job.py
[2025-04-17T21:05:27.465+0000] {processor.py:925} INFO - DAG(s) 'spark_csv_to_bigquery' retrieved from /opt/airflow/dags/spark_job/spark_job.py
[2025-04-17T21:05:27.499+0000] {logging_mixin.py:190} INFO - [2025-04-17T21:05:27.499+0000] {dag.py:3239} INFO - Sync 1 DAGs
[2025-04-17T21:05:27.517+0000] {logging_mixin.py:190} INFO - [2025-04-17T21:05:27.516+0000] {dag.py:4180} INFO - Setting next_dagrun for spark_csv_to_bigquery to None, run_after=None
[2025-04-17T21:05:27.540+0000] {processor.py:208} INFO - Processing /opt/airflow/dags/spark_job/spark_job.py took 0.113 seconds
