[2025-04-13T19:47:14.698+0000] {local_task_job_runner.py:123} INFO - ::group::Pre task execution logs
[2025-04-13T19:47:14.896+0000] {taskinstance.py:2614} INFO - Dependencies all met for dep_context=non-requeueable deps ti=<TaskInstance: gcs_dlt_data_pipeline.download_file scheduled__1991-01-01T00:00:00+00:00 [queued]>
[2025-04-13T19:47:14.995+0000] {taskinstance.py:2614} INFO - Dependencies all met for dep_context=requeueable deps ti=<TaskInstance: gcs_dlt_data_pipeline.download_file scheduled__1991-01-01T00:00:00+00:00 [queued]>
[2025-04-13T19:47:15.012+0000] {taskinstance.py:2867} INFO - Starting attempt 1 of 2
[2025-04-13T19:47:15.497+0000] {taskinstance.py:2890} INFO - Executing <Task(PythonOperator): download_file> on 1991-01-01 00:00:00+00:00
[2025-04-13T19:47:15.765+0000] {logging_mixin.py:190} WARNING - /home/***/.local/lib/python3.12/site-packages/***/task/task_runner/standard_task_runner.py:70 DeprecationWarning: This process (pid=1684) is multi-threaded, use of fork() may lead to deadlocks in the child.
[2025-04-13T19:47:15.919+0000] {standard_task_runner.py:72} INFO - Started process 1710 to run task
[2025-04-13T19:47:15.693+0000] {standard_task_runner.py:104} INFO - Running: ['***', 'tasks', 'run', 'gcs_dlt_data_pipeline', 'download_file', 'scheduled__1991-01-01T00:00:00+00:00', '--job-id', '170', '--raw', '--subdir', 'DAGS_FOLDER/first_stage/first_stage.py', '--cfg-path', '/tmp/tmp3uatfis7']
[2025-04-13T19:47:16.122+0000] {standard_task_runner.py:105} INFO - Job 170: Subtask download_file
[2025-04-13T19:47:17.641+0000] {task_command.py:467} INFO - Running <TaskInstance: gcs_dlt_data_pipeline.download_file scheduled__1991-01-01T00:00:00+00:00 [running]> on host 0728476a73c7
[2025-04-13T19:47:19.126+0000] {taskinstance.py:3134} INFO - Exporting env vars: AIRFLOW_CTX_DAG_OWNER='***' AIRFLOW_CTX_DAG_ID='gcs_dlt_data_pipeline' AIRFLOW_CTX_TASK_ID='download_file' AIRFLOW_CTX_EXECUTION_DATE='1991-01-01T00:00:00+00:00' AIRFLOW_CTX_TRY_NUMBER='1' AIRFLOW_CTX_DAG_RUN_ID='scheduled__1991-01-01T00:00:00+00:00'
[2025-04-13T19:47:19.148+0000] {taskinstance.py:732} INFO - ::endgroup::
[2025-04-13T19:47:20.245+0000] {logging_mixin.py:190} INFO - Source File Path: raw/1991.csv.bz2
[2025-04-13T19:47:20.247+0000] {logging_mixin.py:190} INFO - Destination File Path: /tmp/1991.csv.bz2
[2025-04-13T19:47:20.252+0000] {logging_mixin.py:190} INFO - Downloading raw/1991.csv.bz2 from bucket db_project_data_bucket to /tmp/1991.csv.bz2
[2025-04-13T19:47:31.145+0000] {connectionpool.py:827} WARNING - Retrying (Retry(total=2, connect=None, read=None, redirect=None, status=None)) after connection broken by 'NewConnectionError('<urllib3.connection.HTTPSConnection object at 0x7f9525392a80>: Failed to establish a new connection: [Errno -3] Temporary failure in name resolution')': /token
[2025-04-13T19:47:46.439+0000] {connectionpool.py:827} WARNING - Retrying (Retry(total=1, connect=None, read=None, redirect=None, status=None)) after connection broken by 'NewConnectionError('<urllib3.connection.HTTPSConnection object at 0x7f9525173530>: Failed to establish a new connection: [Errno -3] Temporary failure in name resolution')': /token
[2025-04-13T19:47:52.037+0000] {job.py:229} INFO - Heartbeat recovered after 29.46 seconds
[2025-04-13T19:48:45.708+0000] {local_task_job_runner.py:127} ERROR - Received SIGTERM. Terminating subprocesses
[2025-04-13T19:48:45.886+0000] {process_utils.py:132} INFO - Sending 15 to group 1710. PIDs of all processes in the group: [1710]
[2025-04-13T19:48:45.950+0000] {process_utils.py:87} INFO - Sending the signal 15 to group 1710
