[2025-04-18T12:11:04.154+0000] {local_task_job_runner.py:123} INFO - ::group::Pre task execution logs
[2025-04-18T12:11:04.211+0000] {taskinstance.py:2614} INFO - Dependencies all met for dep_context=non-requeueable deps ti=<TaskInstance: kaggle_to_gcs.download_csv_from_kaggle scheduled__1990-01-01T00:00:00+00:00 [queued]>
[2025-04-18T12:11:04.234+0000] {taskinstance.py:2614} INFO - Dependencies all met for dep_context=requeueable deps ti=<TaskInstance: kaggle_to_gcs.download_csv_from_kaggle scheduled__1990-01-01T00:00:00+00:00 [queued]>
[2025-04-18T12:11:04.235+0000] {taskinstance.py:2867} INFO - Starting attempt 2 of 2
[2025-04-18T12:11:04.299+0000] {taskinstance.py:2890} INFO - Executing <Task(PythonOperator): download_csv_from_kaggle> on 1990-01-01 00:00:00+00:00
[2025-04-18T12:11:04.330+0000] {standard_task_runner.py:104} INFO - Running: ['***', 'tasks', 'run', 'kaggle_to_gcs', 'download_csv_from_kaggle', 'scheduled__1990-01-01T00:00:00+00:00', '--job-id', '575', '--raw', '--subdir', 'DAGS_FOLDER/kaggle_to_gcs.py', '--cfg-path', '/tmp/tmpapmhqlf8']
[2025-04-18T12:11:04.338+0000] {standard_task_runner.py:105} INFO - Job 575: Subtask download_csv_from_kaggle
[2025-04-18T12:11:04.339+0000] {logging_mixin.py:190} WARNING - /home/***/.local/lib/python3.12/site-packages/***/task/task_runner/standard_task_runner.py:70 DeprecationWarning: This process (pid=2708) is multi-threaded, use of fork() may lead to deadlocks in the child.
[2025-04-18T12:11:04.355+0000] {standard_task_runner.py:72} INFO - Started process 2719 to run task
[2025-04-18T12:11:04.523+0000] {task_command.py:467} INFO - Running <TaskInstance: kaggle_to_gcs.download_csv_from_kaggle scheduled__1990-01-01T00:00:00+00:00 [running]> on host f21ba0bbe878
[2025-04-18T12:11:05.598+0000] {taskinstance.py:3134} INFO - Exporting env vars: AIRFLOW_CTX_DAG_OWNER='***' AIRFLOW_CTX_DAG_ID='kaggle_to_gcs' AIRFLOW_CTX_TASK_ID='download_csv_from_kaggle' AIRFLOW_CTX_EXECUTION_DATE='1990-01-01T00:00:00+00:00' AIRFLOW_CTX_TRY_NUMBER='2' AIRFLOW_CTX_DAG_RUN_ID='scheduled__1990-01-01T00:00:00+00:00'
[2025-04-18T12:11:05.601+0000] {taskinstance.py:732} INFO - ::endgroup::
[2025-04-18T12:11:06.195+0000] {logging_mixin.py:190} INFO - Dataset URL: https://www.kaggle.com/datasets/viggo123/data-fight-usa-dataset
[2025-04-18T12:12:18.576+0000] {job.py:229} INFO - Heartbeat recovered after 33.65 seconds
[2025-04-18T12:12:36.862+0000] {job.py:229} INFO - Heartbeat recovered after 13.03 seconds
[2025-04-18T12:13:33.543+0000] {job.py:229} INFO - Heartbeat recovered after 39.77 seconds
[2025-04-18T12:14:35.086+0000] {job.py:229} INFO - Heartbeat recovered after 17.67 seconds
[2025-04-18T12:15:08.061+0000] {job.py:229} INFO - Heartbeat recovered after 11.98 seconds
[2025-04-18T12:15:31.992+0000] {logging_mixin.py:190} INFO - Downloading 1990.csv to /tmp/kaggle_downloads
[2025-04-18T12:15:32.055+0000] {logging_mixin.py:190} WARNING -   0%|          | 0.00/486M [00:00<?, ?B/s]
[2025-04-18T12:15:32.211+0000] {logging_mixin.py:190} WARNING -  11%|#1        | 55.0M/486M [00:00<00:00, 508MB/s]
[2025-04-18T12:15:32.302+0000] {logging_mixin.py:190} WARNING -  21%|##1       | 104M/486M [00:00<00:00, 437MB/s] 
[2025-04-18T12:15:32.406+0000] {logging_mixin.py:190} WARNING -  30%|###       | 147M/486M [00:00<00:00, 435MB/s]
[2025-04-18T12:15:32.514+0000] {logging_mixin.py:190} WARNING -  41%|####1     | 201M/486M [00:00<00:00, 469MB/s]
[2025-04-18T12:15:32.614+0000] {logging_mixin.py:190} WARNING -  56%|#####5    | 270M/486M [00:00<00:00, 553MB/s]
[2025-04-18T12:15:32.774+0000] {logging_mixin.py:190} WARNING -  70%|#######   | 342M/486M [00:00<00:00, 519MB/s]
[2025-04-18T12:15:32.875+0000] {logging_mixin.py:190} WARNING -  87%|########6 | 421M/486M [00:00<00:00, 604MB/s]
[2025-04-18T12:15:32.999+0000] {logging_mixin.py:190} WARNING -  99%|#########9| 481M/486M [00:00<00:00, 571MB/s]
[2025-04-18T12:15:33.020+0000] {logging_mixin.py:190} WARNING - 100%|##########| 486M/486M [00:00<00:00, 529MB/s]
[2025-04-18T12:15:33.172+0000] {python.py:240} INFO - Done. Returned value was: /tmp/kaggle_downloads/1990.csv
[2025-04-18T12:15:34.437+0000] {taskinstance.py:341} INFO - ::group::Post task execution logs
[2025-04-18T12:15:34.450+0000] {taskinstance.py:353} INFO - Marking task as SUCCESS. dag_id=kaggle_to_gcs, task_id=download_csv_from_kaggle, run_id=scheduled__1990-01-01T00:00:00+00:00, execution_date=19900101T000000, start_date=20250418T121104, end_date=20250418T121534
[2025-04-18T12:15:34.628+0000] {local_task_job_runner.py:266} INFO - Task exited with return code 0
[2025-04-18T12:15:35.318+0000] {taskinstance.py:3901} INFO - 1 downstream tasks scheduled from follow-on schedule check
[2025-04-18T12:15:35.325+0000] {local_task_job_runner.py:245} INFO - ::endgroup::
