[2025-04-14T13:10:56.872+0000] {local_task_job_runner.py:123} INFO - ::group::Pre task execution logs
[2025-04-14T13:10:56.901+0000] {taskinstance.py:2614} INFO - Dependencies all met for dep_context=non-requeueable deps ti=<TaskInstance: spark_csv_to_parquet.upload_spark_to_gcs manual__2025-04-14T08:42:22.510334+00:00 [queued]>
[2025-04-14T13:10:56.922+0000] {taskinstance.py:2614} INFO - Dependencies all met for dep_context=requeueable deps ti=<TaskInstance: spark_csv_to_parquet.upload_spark_to_gcs manual__2025-04-14T08:42:22.510334+00:00 [queued]>
[2025-04-14T13:10:56.923+0000] {taskinstance.py:2867} INFO - Starting attempt 8 of 8
[2025-04-14T13:10:57.372+0000] {taskinstance.py:2890} INFO - Executing <Task(PythonOperator): upload_spark_to_gcs> on 2025-04-14 08:42:22.510334+00:00
[2025-04-14T13:10:57.386+0000] {standard_task_runner.py:104} INFO - Running: ['***', 'tasks', 'run', 'spark_csv_to_parquet', 'upload_spark_to_gcs', 'manual__2025-04-14T08:42:22.510334+00:00', '--job-id', '446', '--raw', '--subdir', 'DAGS_FOLDER/spark_job/spark_job.py', '--cfg-path', '/tmp/tmp3ieypwbv']
[2025-04-14T13:10:57.391+0000] {standard_task_runner.py:105} INFO - Job 446: Subtask upload_spark_to_gcs
[2025-04-14T13:10:57.396+0000] {logging_mixin.py:190} WARNING - /home/***/.local/lib/python3.12/site-packages/***/task/task_runner/standard_task_runner.py:70 DeprecationWarning: This process (pid=586) is multi-threaded, use of fork() may lead to deadlocks in the child.
[2025-04-14T13:10:57.398+0000] {standard_task_runner.py:72} INFO - Started process 587 to run task
[2025-04-14T13:10:57.480+0000] {task_command.py:467} INFO - Running <TaskInstance: spark_csv_to_parquet.upload_spark_to_gcs manual__2025-04-14T08:42:22.510334+00:00 [running]> on host b7be566335ce
[2025-04-14T13:10:57.629+0000] {taskinstance.py:3134} INFO - Exporting env vars: AIRFLOW_CTX_DAG_OWNER='***' AIRFLOW_CTX_DAG_ID='spark_csv_to_parquet' AIRFLOW_CTX_TASK_ID='upload_spark_to_gcs' AIRFLOW_CTX_EXECUTION_DATE='2025-04-14T08:42:22.510334+00:00' AIRFLOW_CTX_TRY_NUMBER='8' AIRFLOW_CTX_DAG_RUN_ID='manual__2025-04-14T08:42:22.510334+00:00'
[2025-04-14T13:10:57.634+0000] {taskinstance.py:732} INFO - ::endgroup::
[2025-04-14T13:10:57.681+0000] {crypto.py:82} WARNING - empty cryptography key - values will not be stored encrypted.
[2025-04-14T13:10:57.682+0000] {connection.py:277} WARNING - Connection schemes (type: google_cloud) shall not contain '_' according to RFC3986.
[2025-04-14T13:10:57.684+0000] {base.py:84} INFO - Retrieving connection 'google_cloud_default'
[2025-04-14T13:10:58.129+0000] {gcs.py:594} INFO - File /opt/***/dags/spark_job/main_spark.py uploaded to code/main_spark.py in db_project_data_bucket bucket
[2025-04-14T13:10:58.130+0000] {hook.py:208} WARNING - Data lineage tracking is disabled. Register a hook lineage reader to start tracking hook lineage.
[2025-04-14T13:10:58.131+0000] {python.py:240} INFO - Done. Returned value was: None
[2025-04-14T13:10:58.143+0000] {taskinstance.py:341} INFO - ::group::Post task execution logs
[2025-04-14T13:10:58.144+0000] {taskinstance.py:353} INFO - Marking task as SUCCESS. dag_id=spark_csv_to_parquet, task_id=upload_spark_to_gcs, run_id=manual__2025-04-14T08:42:22.510334+00:00, execution_date=20250414T084222, start_date=20250414T131056, end_date=20250414T131058
[2025-04-14T13:10:58.219+0000] {local_task_job_runner.py:266} INFO - Task exited with return code 0
[2025-04-14T13:10:58.267+0000] {taskinstance.py:3901} INFO - 1 downstream tasks scheduled from follow-on schedule check
[2025-04-14T13:10:58.270+0000] {local_task_job_runner.py:245} INFO - ::endgroup::
