[2025-04-13T20:33:48.814+0000] {local_task_job_runner.py:123} INFO - ::group::Pre task execution logs
[2025-04-13T20:33:48.833+0000] {taskinstance.py:2614} INFO - Dependencies all met for dep_context=non-requeueable deps ti=<TaskInstance: gcs_dlt_data_pipeline.download_file scheduled__1988-01-01T00:00:00+00:00 [queued]>
[2025-04-13T20:33:48.843+0000] {taskinstance.py:2614} INFO - Dependencies all met for dep_context=requeueable deps ti=<TaskInstance: gcs_dlt_data_pipeline.download_file scheduled__1988-01-01T00:00:00+00:00 [queued]>
[2025-04-13T20:33:48.844+0000] {taskinstance.py:2867} INFO - Starting attempt 11 of 12
[2025-04-13T20:33:48.861+0000] {taskinstance.py:2890} INFO - Executing <Task(PythonOperator): download_file> on 1988-01-01 00:00:00+00:00
[2025-04-13T20:33:48.871+0000] {standard_task_runner.py:104} INFO - Running: ['***', 'tasks', 'run', 'gcs_dlt_data_pipeline', 'download_file', 'scheduled__1988-01-01T00:00:00+00:00', '--job-id', '247', '--raw', '--subdir', 'DAGS_FOLDER/first_stage/first_stage.py', '--cfg-path', '/tmp/tmp7k4cqmkh']
[2025-04-13T20:33:48.874+0000] {standard_task_runner.py:105} INFO - Job 247: Subtask download_file
[2025-04-13T20:33:48.876+0000] {logging_mixin.py:190} WARNING - /home/***/.local/lib/python3.12/site-packages/***/task/task_runner/standard_task_runner.py:70 DeprecationWarning: This process (pid=394) is multi-threaded, use of fork() may lead to deadlocks in the child.
[2025-04-13T20:33:48.877+0000] {standard_task_runner.py:72} INFO - Started process 396 to run task
[2025-04-13T20:33:48.929+0000] {task_command.py:467} INFO - Running <TaskInstance: gcs_dlt_data_pipeline.download_file scheduled__1988-01-01T00:00:00+00:00 [running]> on host e739eb39d21e
[2025-04-13T20:33:49.063+0000] {taskinstance.py:3134} INFO - Exporting env vars: AIRFLOW_CTX_DAG_OWNER='***' AIRFLOW_CTX_DAG_ID='gcs_dlt_data_pipeline' AIRFLOW_CTX_TASK_ID='download_file' AIRFLOW_CTX_EXECUTION_DATE='1988-01-01T00:00:00+00:00' AIRFLOW_CTX_TRY_NUMBER='11' AIRFLOW_CTX_DAG_RUN_ID='scheduled__1988-01-01T00:00:00+00:00'
[2025-04-13T20:33:49.065+0000] {taskinstance.py:732} INFO - ::endgroup::
[2025-04-13T20:33:49.101+0000] {logging_mixin.py:190} INFO - Source File Path: raw/1988.csv.bz2
[2025-04-13T20:33:49.101+0000] {logging_mixin.py:190} INFO - Destination File Path: /tmp/1988.csv.bz2
[2025-04-13T20:33:49.103+0000] {logging_mixin.py:190} INFO - Downloading raw/1988.csv.bz2 from bucket db_project_data_bucket to /tmp/1988.csv.bz2
[2025-04-13T20:33:52.453+0000] {logging_mixin.py:190} INFO - Downloaded db_project_data_bucket/raw/1988.csv.bz2 to /tmp/1988.csv.bz2
[2025-04-13T20:34:10.332+0000] {python.py:240} INFO - Done. Returned value was: /tmp/1988.csv
[2025-04-13T20:34:10.365+0000] {taskinstance.py:341} INFO - ::group::Post task execution logs
[2025-04-13T20:34:10.366+0000] {taskinstance.py:353} INFO - Marking task as SUCCESS. dag_id=gcs_dlt_data_pipeline, task_id=download_file, run_id=scheduled__1988-01-01T00:00:00+00:00, execution_date=19880101T000000, start_date=20250413T203348, end_date=20250413T203410
[2025-04-13T20:34:10.407+0000] {local_task_job_runner.py:266} INFO - Task exited with return code 0
[2025-04-13T20:34:10.442+0000] {taskinstance.py:3901} INFO - 1 downstream tasks scheduled from follow-on schedule check
[2025-04-13T20:34:10.445+0000] {local_task_job_runner.py:245} INFO - ::endgroup::
