[2025-04-17T20:35:56.754+0000] {local_task_job_runner.py:123} INFO - ::group::Pre task execution logs
[2025-04-17T20:35:56.779+0000] {taskinstance.py:2614} INFO - Dependencies all met for dep_context=non-requeueable deps ti=<TaskInstance: kaggle_to_gcs.download_csv_from_kaggle scheduled__1987-01-01T00:00:00+00:00 [queued]>
[2025-04-17T20:35:56.790+0000] {taskinstance.py:2614} INFO - Dependencies all met for dep_context=requeueable deps ti=<TaskInstance: kaggle_to_gcs.download_csv_from_kaggle scheduled__1987-01-01T00:00:00+00:00 [queued]>
[2025-04-17T20:35:56.791+0000] {taskinstance.py:2867} INFO - Starting attempt 2 of 3
[2025-04-17T20:35:56.807+0000] {taskinstance.py:2890} INFO - Executing <Task(PythonOperator): download_csv_from_kaggle> on 1987-01-01 00:00:00+00:00
[2025-04-17T20:35:56.817+0000] {standard_task_runner.py:104} INFO - Running: ['***', 'tasks', 'run', 'kaggle_to_gcs', 'download_csv_from_kaggle', 'scheduled__1987-01-01T00:00:00+00:00', '--job-id', '536', '--raw', '--subdir', 'DAGS_FOLDER/kaggle_to_gcs.py', '--cfg-path', '/tmp/tmpru146v0a']
[2025-04-17T20:35:56.820+0000] {standard_task_runner.py:105} INFO - Job 536: Subtask download_csv_from_kaggle
[2025-04-17T20:35:56.828+0000] {logging_mixin.py:190} WARNING - /home/***/.local/lib/python3.12/site-packages/***/task/task_runner/standard_task_runner.py:70 DeprecationWarning: This process (pid=399) is multi-threaded, use of fork() may lead to deadlocks in the child.
[2025-04-17T20:35:56.829+0000] {standard_task_runner.py:72} INFO - Started process 401 to run task
[2025-04-17T20:35:56.892+0000] {task_command.py:467} INFO - Running <TaskInstance: kaggle_to_gcs.download_csv_from_kaggle scheduled__1987-01-01T00:00:00+00:00 [running]> on host f21ba0bbe878
[2025-04-17T20:35:56.998+0000] {taskinstance.py:3134} INFO - Exporting env vars: AIRFLOW_CTX_DAG_OWNER='***' AIRFLOW_CTX_DAG_ID='kaggle_to_gcs' AIRFLOW_CTX_TASK_ID='download_csv_from_kaggle' AIRFLOW_CTX_EXECUTION_DATE='1987-01-01T00:00:00+00:00' AIRFLOW_CTX_TRY_NUMBER='2' AIRFLOW_CTX_DAG_RUN_ID='scheduled__1987-01-01T00:00:00+00:00'
[2025-04-17T20:35:57.000+0000] {taskinstance.py:732} INFO - ::endgroup::
[2025-04-17T20:35:57.018+0000] {logging_mixin.py:190} INFO - Dataset URL: https://www.kaggle.com/datasets/viggo123/data-fight-usa-dataset
[2025-04-17T20:36:20.356+0000] {logging_mixin.py:190} INFO - Downloading 1987.csv to /tmp/kaggle_downloads
[2025-04-17T20:36:20.370+0000] {logging_mixin.py:190} WARNING -   0%|          | 0.00/121M [00:00<?, ?B/s]
[2025-04-17T20:36:20.471+0000] {logging_mixin.py:190} WARNING -  70%|#######   | 85.0M/121M [00:00<00:00, 888MB/s]
[2025-04-17T20:36:20.511+0000] {logging_mixin.py:190} WARNING - 100%|##########| 121M/121M [00:00<00:00, 905MB/s] 
[2025-04-17T20:36:27.442+0000] {logging_mixin.py:190} INFO -     Year  Month  DayofMonth  ...  NASDelay  SecurityDelay  LateAircraftDelay
0   1987     10          14  ...       NaN            NaN                NaN
1   1987     10          15  ...       NaN            NaN                NaN
2   1987     10          17  ...       NaN            NaN                NaN
3   1987     10          18  ...       NaN            NaN                NaN
4   1987     10          19  ...       NaN            NaN                NaN
5   1987     10          21  ...       NaN            NaN                NaN
6   1987     10          22  ...       NaN            NaN                NaN
7   1987     10          23  ...       NaN            NaN                NaN
8   1987     10          24  ...       NaN            NaN                NaN
9   1987     10          25  ...       NaN            NaN                NaN
10  1987     10          26  ...       NaN            NaN                NaN
11  1987     10          28  ...       NaN            NaN                NaN
12  1987     10          29  ...       NaN            NaN                NaN
13  1987     10          31  ...       NaN            NaN                NaN
14  1987     10           1  ...       NaN            NaN                NaN
15  1987     10           2  ...       NaN            NaN                NaN
16  1987     10           3  ...       NaN            NaN                NaN
17  1987     10           4  ...       NaN            NaN                NaN
18  1987     10           5  ...       NaN            NaN                NaN
19  1987     10           6  ...       NaN            NaN                NaN

[20 rows x 29 columns]
[2025-04-17T20:36:27.470+0000] {python.py:240} INFO - Done. Returned value was: None
[2025-04-17T20:36:27.482+0000] {taskinstance.py:341} INFO - ::group::Post task execution logs
[2025-04-17T20:36:27.483+0000] {taskinstance.py:353} INFO - Marking task as SUCCESS. dag_id=kaggle_to_gcs, task_id=download_csv_from_kaggle, run_id=scheduled__1987-01-01T00:00:00+00:00, execution_date=19870101T000000, start_date=20250417T203556, end_date=20250417T203627
[2025-04-17T20:36:27.539+0000] {local_task_job_runner.py:266} INFO - Task exited with return code 0
[2025-04-17T20:36:27.555+0000] {taskinstance.py:3901} INFO - 0 downstream tasks scheduled from follow-on schedule check
[2025-04-17T20:36:27.558+0000] {local_task_job_runner.py:245} INFO - ::endgroup::
