[2025-04-18T22:08:12.240+0000] {local_task_job_runner.py:123} INFO - ::group::Pre task execution logs
[2025-04-18T22:08:12.279+0000] {taskinstance.py:2614} INFO - Dependencies all met for dep_context=non-requeueable deps ti=<TaskInstance: run_dbt.run_dbt_all_models manual__2025-04-18T19:56:57.798037+00:00 [queued]>
[2025-04-18T22:08:12.292+0000] {taskinstance.py:2614} INFO - Dependencies all met for dep_context=requeueable deps ti=<TaskInstance: run_dbt.run_dbt_all_models manual__2025-04-18T19:56:57.798037+00:00 [queued]>
[2025-04-18T22:08:12.293+0000] {taskinstance.py:2867} INFO - Starting attempt 33 of 34
[2025-04-18T22:08:12.308+0000] {taskinstance.py:2890} INFO - Executing <Task(BashOperator): run_dbt_all_models> on 2025-04-18 19:56:57.798037+00:00
[2025-04-18T22:08:12.317+0000] {standard_task_runner.py:104} INFO - Running: ['***', 'tasks', 'run', 'run_dbt', 'run_dbt_all_models', 'manual__2025-04-18T19:56:57.798037+00:00', '--job-id', '669', '--raw', '--subdir', 'DAGS_FOLDER/run_dbt_model.py', '--cfg-path', '/tmp/tmpdams38hh']
[2025-04-18T22:08:12.320+0000] {standard_task_runner.py:105} INFO - Job 669: Subtask run_dbt_all_models
[2025-04-18T22:08:12.330+0000] {logging_mixin.py:190} WARNING - /home/***/.local/lib/python3.12/site-packages/***/task/task_runner/standard_task_runner.py:70 DeprecationWarning: This process (pid=51111) is multi-threaded, use of fork() may lead to deadlocks in the child.
[2025-04-18T22:08:12.332+0000] {standard_task_runner.py:72} INFO - Started process 51112 to run task
[2025-04-18T22:08:12.374+0000] {task_command.py:467} INFO - Running <TaskInstance: run_dbt.run_dbt_all_models manual__2025-04-18T19:56:57.798037+00:00 [running]> on host f21ba0bbe878
[2025-04-18T22:08:12.458+0000] {taskinstance.py:3134} INFO - Exporting env vars: AIRFLOW_CTX_DAG_OWNER='***' AIRFLOW_CTX_DAG_ID='run_dbt' AIRFLOW_CTX_TASK_ID='run_dbt_all_models' AIRFLOW_CTX_EXECUTION_DATE='2025-04-18T19:56:57.798037+00:00' AIRFLOW_CTX_TRY_NUMBER='33' AIRFLOW_CTX_DAG_RUN_ID='manual__2025-04-18T19:56:57.798037+00:00'
[2025-04-18T22:08:12.460+0000] {taskinstance.py:732} INFO - ::endgroup::
[2025-04-18T22:08:12.480+0000] {subprocess.py:78} INFO - Tmp dir root location: /tmp
[2025-04-18T22:08:12.483+0000] {subprocess.py:88} INFO - Running command: ['/usr/bin/bash', '-c', 'cd /opt/***/dbt && dbt run']
[2025-04-18T22:08:12.494+0000] {subprocess.py:99} INFO - Output:
[2025-04-18T22:08:15.911+0000] {subprocess.py:106} INFO - [0m22:08:15  Running with dbt=1.8.1
[2025-04-18T22:08:17.886+0000] {subprocess.py:106} INFO - [0m22:08:17  Registered adapter: bigquery=1.8.1
[2025-04-18T22:08:20.548+0000] {subprocess.py:106} INFO - [0m22:08:20  Found 1 seed, 10 models, 1 source, 602 macros
[2025-04-18T22:08:20.554+0000] {subprocess.py:106} INFO - [0m22:08:20
[2025-04-18T22:08:22.043+0000] {subprocess.py:106} INFO - [0m22:08:22  Concurrency: 1 threads (target='dev')
[2025-04-18T22:08:22.045+0000] {subprocess.py:106} INFO - [0m22:08:22
[2025-04-18T22:08:22.098+0000] {subprocess.py:106} INFO - [0m22:08:22  1 of 10 START sql table model db_project_dataset.dim_airports .................. [RUN]
[2025-04-18T22:08:24.401+0000] {subprocess.py:106} INFO - [0m22:08:24  1 of 10 OK created sql table model db_project_dataset.dim_airports ............. [[32mCREATE TABLE (3.4k rows, 141.3 KiB processed)[0m in 2.29s]
[2025-04-18T22:08:24.416+0000] {subprocess.py:106} INFO - [0m22:08:24  2 of 10 START sql view model db_project_dataset.stg_flights .................... [RUN]
[2025-04-18T22:08:25.442+0000] {subprocess.py:106} INFO - [0m22:08:25  2 of 10 OK created sql view model db_project_dataset.stg_flights ............... [[32mCREATE VIEW (0 processed)[0m in 1.02s]
[2025-04-18T22:08:25.456+0000] {subprocess.py:106} INFO - [0m22:08:25  3 of 10 START sql table model db_project_dataset.core_flights .................. [RUN]
[2025-04-18T22:08:30.814+0000] {subprocess.py:106} INFO - [0m22:08:30  3 of 10 OK created sql table model db_project_dataset.core_flights ............. [[32mCREATE TABLE (112.3m rows, 11.7 GiB processed)[0m in 5.35s]
[2025-04-18T22:08:30.830+0000] {subprocess.py:106} INFO - [0m22:08:30  4 of 10 START sql table model db_project_dataset.dim_carriers .................. [RUN]
[2025-04-18T22:08:33.008+0000] {subprocess.py:106} INFO - [0m22:08:33  4 of 10 OK created sql table model db_project_dataset.dim_carriers ............. [[32mCREATE TABLE (29.0 rows, 3.9 GiB processed)[0m in 2.18s]
[2025-04-18T22:08:33.013+0000] {subprocess.py:106} INFO - [0m22:08:33  5 of 10 START sql table model db_project_dataset.dim_dates ..................... [RUN]
[2025-04-18T22:08:35.132+0000] {subprocess.py:106} INFO - [0m22:08:35  5 of 10 OK created sql table model db_project_dataset.dim_dates ................ [[32mCREATE TABLE (7.4k rows, 857.0 MiB processed)[0m in 2.12s]
[2025-04-18T22:08:35.136+0000] {subprocess.py:106} INFO - [0m22:08:35  6 of 10 START sql table model db_project_dataset.fact_delays_by_flight_num ..... [RUN]
[2025-04-18T22:08:37.158+0000] {subprocess.py:106} INFO - [0m22:08:37  6 of 10 OK created sql table model db_project_dataset.fact_delays_by_flight_num  [[32mCREATE TABLE (8.1k rows, 2.5 GiB processed)[0m in 2.02s]
[2025-04-18T22:08:37.165+0000] {subprocess.py:106} INFO - [0m22:08:37  7 of 10 START sql table model db_project_dataset.fact_departure_delays_by_airport  [RUN]
[2025-04-18T22:08:39.201+0000] {subprocess.py:106} INFO - [0m22:08:39  7 of 10 OK created sql table model db_project_dataset.fact_departure_delays_by_airport  [[32mCREATE TABLE (343.0 rows, 4.4 GiB processed)[0m in 2.03s]
[2025-04-18T22:08:39.209+0000] {subprocess.py:106} INFO - [0m22:08:39  8 of 10 START sql table model db_project_dataset.fact_departures_by_airport_year  [RUN]
[2025-04-18T22:08:42.108+0000] {subprocess.py:106} INFO - [0m22:08:42  8 of 10 OK created sql table model db_project_dataset.fact_departures_by_airport_year  [[32mCREATE TABLE (343.0 rows, 535.6 MiB processed)[0m in 2.30s]
[2025-04-18T22:08:42.116+0000] {subprocess.py:106} INFO - [0m22:08:42  9 of 10 START sql table model db_project_dataset.fact_departures_yearly ........ [RUN]
[2025-04-18T22:08:44.588+0000] {subprocess.py:106} INFO - [0m22:08:44  9 of 10 OK created sql table model db_project_dataset.fact_departures_yearly ... [[32mCREATE TABLE (21.0 rows, 857.0 MiB processed)[0m in 2.47s]
[2025-04-18T22:08:44.593+0000] {subprocess.py:106} INFO - [0m22:08:44  10 of 10 START sql table model db_project_dataset.fact_most_departures_airport . [RUN]
[2025-04-18T22:08:46.502+0000] {subprocess.py:106} INFO - [0m22:08:46  10 of 10 OK created sql table model db_project_dataset.fact_most_departures_airport  [[32mCREATE TABLE (352.0 rows, 2.7 GiB processed)[0m in 1.91s]
[2025-04-18T22:08:46.509+0000] {subprocess.py:106} INFO - [0m22:08:46
[2025-04-18T22:08:46.510+0000] {subprocess.py:106} INFO - [0m22:08:46  Finished running 9 table models, 1 view model in 0 hours 0 minutes and 25.95 seconds (25.95s).
[2025-04-18T22:08:46.622+0000] {subprocess.py:106} INFO - [0m22:08:46
[2025-04-18T22:08:46.624+0000] {subprocess.py:106} INFO - [0m22:08:46  [32mCompleted successfully[0m
[2025-04-18T22:08:46.625+0000] {subprocess.py:106} INFO - [0m22:08:46
[2025-04-18T22:08:46.626+0000] {subprocess.py:106} INFO - [0m22:08:46  Done. PASS=10 WARN=0 ERROR=0 SKIP=0 TOTAL=10
[2025-04-18T22:08:48.053+0000] {subprocess.py:110} INFO - Command exited with return code 0
[2025-04-18T22:08:48.085+0000] {taskinstance.py:341} INFO - ::group::Post task execution logs
[2025-04-18T22:08:48.086+0000] {taskinstance.py:353} INFO - Marking task as SUCCESS. dag_id=run_dbt, task_id=run_dbt_all_models, run_id=manual__2025-04-18T19:56:57.798037+00:00, execution_date=20250418T195657, start_date=20250418T220812, end_date=20250418T220848
[2025-04-18T22:08:48.152+0000] {local_task_job_runner.py:266} INFO - Task exited with return code 0
[2025-04-18T22:08:48.170+0000] {taskinstance.py:3901} INFO - 0 downstream tasks scheduled from follow-on schedule check
[2025-04-18T22:08:48.173+0000] {local_task_job_runner.py:245} INFO - ::endgroup::
