[2025-04-13T17:46:46.180+0000] {processor.py:186} INFO - Started process (PID=352) to work on /home/airflow/.local/lib/python3.12/site-packages/airflow/example_dags/example_task_group.py
[2025-04-13T17:46:46.181+0000] {processor.py:914} INFO - Processing file /home/airflow/.local/lib/python3.12/site-packages/airflow/example_dags/example_task_group.py for tasks to queue
[2025-04-13T17:46:46.185+0000] {logging_mixin.py:190} INFO - [2025-04-13T17:46:46.184+0000] {dagbag.py:588} INFO - Filling up the DagBag from /home/airflow/.local/lib/python3.12/site-packages/airflow/example_dags/example_task_group.py
[2025-04-13T17:46:46.198+0000] {processor.py:925} INFO - DAG(s) 'example_task_group' retrieved from /home/airflow/.local/lib/python3.12/site-packages/airflow/example_dags/example_task_group.py
[2025-04-13T17:46:46.421+0000] {logging_mixin.py:190} INFO - [2025-04-13T17:46:46.421+0000] {dag.py:3239} INFO - Sync 1 DAGs
[2025-04-13T17:46:46.450+0000] {logging_mixin.py:190} INFO - [2025-04-13T17:46:46.450+0000] {dag.py:4180} INFO - Setting next_dagrun for example_task_group to None, run_after=None
[2025-04-13T17:46:46.481+0000] {processor.py:208} INFO - Processing /home/airflow/.local/lib/python3.12/site-packages/airflow/example_dags/example_task_group.py took 0.310 seconds
[2025-04-13T17:47:16.936+0000] {processor.py:186} INFO - Started process (PID=638) to work on /home/airflow/.local/lib/python3.12/site-packages/airflow/example_dags/example_task_group.py
[2025-04-13T17:47:16.938+0000] {processor.py:914} INFO - Processing file /home/airflow/.local/lib/python3.12/site-packages/airflow/example_dags/example_task_group.py for tasks to queue
[2025-04-13T17:47:16.943+0000] {logging_mixin.py:190} INFO - [2025-04-13T17:47:16.942+0000] {dagbag.py:588} INFO - Filling up the DagBag from /home/airflow/.local/lib/python3.12/site-packages/airflow/example_dags/example_task_group.py
[2025-04-13T17:47:16.964+0000] {processor.py:925} INFO - DAG(s) 'example_task_group' retrieved from /home/airflow/.local/lib/python3.12/site-packages/airflow/example_dags/example_task_group.py
[2025-04-13T17:47:17.019+0000] {logging_mixin.py:190} INFO - [2025-04-13T17:47:17.018+0000] {dag.py:3239} INFO - Sync 1 DAGs
[2025-04-13T17:47:17.058+0000] {logging_mixin.py:190} INFO - [2025-04-13T17:47:17.058+0000] {dag.py:4180} INFO - Setting next_dagrun for example_task_group to None, run_after=None
[2025-04-13T17:47:17.088+0000] {processor.py:208} INFO - Processing /home/airflow/.local/lib/python3.12/site-packages/airflow/example_dags/example_task_group.py took 0.167 seconds
[2025-04-13T17:47:47.248+0000] {processor.py:186} INFO - Started process (PID=926) to work on /home/airflow/.local/lib/python3.12/site-packages/airflow/example_dags/example_task_group.py
[2025-04-13T17:47:47.250+0000] {processor.py:914} INFO - Processing file /home/airflow/.local/lib/python3.12/site-packages/airflow/example_dags/example_task_group.py for tasks to queue
[2025-04-13T17:47:47.253+0000] {logging_mixin.py:190} INFO - [2025-04-13T17:47:47.252+0000] {dagbag.py:588} INFO - Filling up the DagBag from /home/airflow/.local/lib/python3.12/site-packages/airflow/example_dags/example_task_group.py
[2025-04-13T17:47:47.269+0000] {processor.py:925} INFO - DAG(s) 'example_task_group' retrieved from /home/airflow/.local/lib/python3.12/site-packages/airflow/example_dags/example_task_group.py
[2025-04-13T17:47:47.297+0000] {logging_mixin.py:190} INFO - [2025-04-13T17:47:47.296+0000] {dag.py:3239} INFO - Sync 1 DAGs
[2025-04-13T17:47:47.331+0000] {logging_mixin.py:190} INFO - [2025-04-13T17:47:47.331+0000] {dag.py:4180} INFO - Setting next_dagrun for example_task_group to None, run_after=None
[2025-04-13T17:47:47.369+0000] {processor.py:208} INFO - Processing /home/airflow/.local/lib/python3.12/site-packages/airflow/example_dags/example_task_group.py took 0.128 seconds
[2025-04-13T17:48:17.781+0000] {processor.py:186} INFO - Started process (PID=1215) to work on /home/airflow/.local/lib/python3.12/site-packages/airflow/example_dags/example_task_group.py
[2025-04-13T17:48:17.783+0000] {processor.py:914} INFO - Processing file /home/airflow/.local/lib/python3.12/site-packages/airflow/example_dags/example_task_group.py for tasks to queue
[2025-04-13T17:48:17.786+0000] {logging_mixin.py:190} INFO - [2025-04-13T17:48:17.786+0000] {dagbag.py:588} INFO - Filling up the DagBag from /home/airflow/.local/lib/python3.12/site-packages/airflow/example_dags/example_task_group.py
[2025-04-13T17:48:17.797+0000] {processor.py:925} INFO - DAG(s) 'example_task_group' retrieved from /home/airflow/.local/lib/python3.12/site-packages/airflow/example_dags/example_task_group.py
[2025-04-13T17:48:17.825+0000] {logging_mixin.py:190} INFO - [2025-04-13T17:48:17.825+0000] {dag.py:3239} INFO - Sync 1 DAGs
[2025-04-13T17:48:17.850+0000] {logging_mixin.py:190} INFO - [2025-04-13T17:48:17.850+0000] {dag.py:4180} INFO - Setting next_dagrun for example_task_group to None, run_after=None
[2025-04-13T17:48:17.873+0000] {processor.py:208} INFO - Processing /home/airflow/.local/lib/python3.12/site-packages/airflow/example_dags/example_task_group.py took 0.101 seconds
[2025-04-13T17:48:48.056+0000] {processor.py:186} INFO - Started process (PID=1501) to work on /home/airflow/.local/lib/python3.12/site-packages/airflow/example_dags/example_task_group.py
[2025-04-13T17:48:48.062+0000] {processor.py:914} INFO - Processing file /home/airflow/.local/lib/python3.12/site-packages/airflow/example_dags/example_task_group.py for tasks to queue
[2025-04-13T17:48:48.071+0000] {logging_mixin.py:190} INFO - [2025-04-13T17:48:48.066+0000] {dagbag.py:588} INFO - Filling up the DagBag from /home/airflow/.local/lib/python3.12/site-packages/airflow/example_dags/example_task_group.py
[2025-04-13T17:48:48.112+0000] {processor.py:925} INFO - DAG(s) 'example_task_group' retrieved from /home/airflow/.local/lib/python3.12/site-packages/airflow/example_dags/example_task_group.py
[2025-04-13T17:48:48.148+0000] {logging_mixin.py:190} INFO - [2025-04-13T17:48:48.147+0000] {dag.py:3239} INFO - Sync 1 DAGs
[2025-04-13T17:48:48.171+0000] {logging_mixin.py:190} INFO - [2025-04-13T17:48:48.170+0000] {dag.py:4180} INFO - Setting next_dagrun for example_task_group to None, run_after=None
[2025-04-13T17:48:48.208+0000] {processor.py:208} INFO - Processing /home/airflow/.local/lib/python3.12/site-packages/airflow/example_dags/example_task_group.py took 0.220 seconds
[2025-04-13T17:49:19.222+0000] {processor.py:186} INFO - Started process (PID=1792) to work on /home/airflow/.local/lib/python3.12/site-packages/airflow/example_dags/example_task_group.py
[2025-04-13T17:49:19.225+0000] {processor.py:914} INFO - Processing file /home/airflow/.local/lib/python3.12/site-packages/airflow/example_dags/example_task_group.py for tasks to queue
[2025-04-13T17:49:19.230+0000] {logging_mixin.py:190} INFO - [2025-04-13T17:49:19.229+0000] {dagbag.py:588} INFO - Filling up the DagBag from /home/airflow/.local/lib/python3.12/site-packages/airflow/example_dags/example_task_group.py
[2025-04-13T17:49:19.262+0000] {processor.py:925} INFO - DAG(s) 'example_task_group' retrieved from /home/airflow/.local/lib/python3.12/site-packages/airflow/example_dags/example_task_group.py
[2025-04-13T17:49:19.355+0000] {logging_mixin.py:190} INFO - [2025-04-13T17:49:19.355+0000] {dag.py:3239} INFO - Sync 1 DAGs
[2025-04-13T17:49:19.444+0000] {logging_mixin.py:190} INFO - [2025-04-13T17:49:19.443+0000] {dag.py:4180} INFO - Setting next_dagrun for example_task_group to None, run_after=None
[2025-04-13T17:49:19.533+0000] {processor.py:208} INFO - Processing /home/airflow/.local/lib/python3.12/site-packages/airflow/example_dags/example_task_group.py took 0.328 seconds
[2025-04-13T17:49:50.068+0000] {processor.py:186} INFO - Started process (PID=2083) to work on /home/airflow/.local/lib/python3.12/site-packages/airflow/example_dags/example_task_group.py
[2025-04-13T17:49:50.070+0000] {processor.py:914} INFO - Processing file /home/airflow/.local/lib/python3.12/site-packages/airflow/example_dags/example_task_group.py for tasks to queue
[2025-04-13T17:49:50.073+0000] {logging_mixin.py:190} INFO - [2025-04-13T17:49:50.073+0000] {dagbag.py:588} INFO - Filling up the DagBag from /home/airflow/.local/lib/python3.12/site-packages/airflow/example_dags/example_task_group.py
[2025-04-13T17:49:50.089+0000] {processor.py:925} INFO - DAG(s) 'example_task_group' retrieved from /home/airflow/.local/lib/python3.12/site-packages/airflow/example_dags/example_task_group.py
[2025-04-13T17:49:50.123+0000] {logging_mixin.py:190} INFO - [2025-04-13T17:49:50.122+0000] {dag.py:3239} INFO - Sync 1 DAGs
[2025-04-13T17:49:50.177+0000] {logging_mixin.py:190} INFO - [2025-04-13T17:49:50.177+0000] {dag.py:4180} INFO - Setting next_dagrun for example_task_group to None, run_after=None
[2025-04-13T17:49:50.224+0000] {processor.py:208} INFO - Processing /home/airflow/.local/lib/python3.12/site-packages/airflow/example_dags/example_task_group.py took 0.167 seconds
[2025-04-13T17:50:21.099+0000] {processor.py:186} INFO - Started process (PID=2374) to work on /home/airflow/.local/lib/python3.12/site-packages/airflow/example_dags/example_task_group.py
[2025-04-13T17:50:21.100+0000] {processor.py:914} INFO - Processing file /home/airflow/.local/lib/python3.12/site-packages/airflow/example_dags/example_task_group.py for tasks to queue
[2025-04-13T17:50:21.104+0000] {logging_mixin.py:190} INFO - [2025-04-13T17:50:21.103+0000] {dagbag.py:588} INFO - Filling up the DagBag from /home/airflow/.local/lib/python3.12/site-packages/airflow/example_dags/example_task_group.py
[2025-04-13T17:50:21.117+0000] {processor.py:925} INFO - DAG(s) 'example_task_group' retrieved from /home/airflow/.local/lib/python3.12/site-packages/airflow/example_dags/example_task_group.py
[2025-04-13T17:50:21.147+0000] {logging_mixin.py:190} INFO - [2025-04-13T17:50:21.147+0000] {dag.py:3239} INFO - Sync 1 DAGs
[2025-04-13T17:50:21.170+0000] {logging_mixin.py:190} INFO - [2025-04-13T17:50:21.169+0000] {dag.py:4180} INFO - Setting next_dagrun for example_task_group to None, run_after=None
[2025-04-13T17:50:21.193+0000] {processor.py:208} INFO - Processing /home/airflow/.local/lib/python3.12/site-packages/airflow/example_dags/example_task_group.py took 0.103 seconds
[2025-04-13T17:50:51.727+0000] {processor.py:186} INFO - Started process (PID=2662) to work on /home/airflow/.local/lib/python3.12/site-packages/airflow/example_dags/example_task_group.py
[2025-04-13T17:50:51.730+0000] {processor.py:914} INFO - Processing file /home/airflow/.local/lib/python3.12/site-packages/airflow/example_dags/example_task_group.py for tasks to queue
[2025-04-13T17:50:51.733+0000] {logging_mixin.py:190} INFO - [2025-04-13T17:50:51.733+0000] {dagbag.py:588} INFO - Filling up the DagBag from /home/airflow/.local/lib/python3.12/site-packages/airflow/example_dags/example_task_group.py
[2025-04-13T17:50:51.743+0000] {processor.py:925} INFO - DAG(s) 'example_task_group' retrieved from /home/airflow/.local/lib/python3.12/site-packages/airflow/example_dags/example_task_group.py
[2025-04-13T17:50:51.774+0000] {logging_mixin.py:190} INFO - [2025-04-13T17:50:51.774+0000] {dag.py:3239} INFO - Sync 1 DAGs
[2025-04-13T17:50:51.794+0000] {logging_mixin.py:190} INFO - [2025-04-13T17:50:51.794+0000] {dag.py:4180} INFO - Setting next_dagrun for example_task_group to None, run_after=None
[2025-04-13T17:50:51.820+0000] {processor.py:208} INFO - Processing /home/airflow/.local/lib/python3.12/site-packages/airflow/example_dags/example_task_group.py took 0.100 seconds
[2025-04-13T17:51:21.981+0000] {processor.py:186} INFO - Started process (PID=2953) to work on /home/airflow/.local/lib/python3.12/site-packages/airflow/example_dags/example_task_group.py
[2025-04-13T17:51:21.983+0000] {processor.py:914} INFO - Processing file /home/airflow/.local/lib/python3.12/site-packages/airflow/example_dags/example_task_group.py for tasks to queue
[2025-04-13T17:51:21.991+0000] {logging_mixin.py:190} INFO - [2025-04-13T17:51:21.989+0000] {dagbag.py:588} INFO - Filling up the DagBag from /home/airflow/.local/lib/python3.12/site-packages/airflow/example_dags/example_task_group.py
[2025-04-13T17:51:22.013+0000] {processor.py:925} INFO - DAG(s) 'example_task_group' retrieved from /home/airflow/.local/lib/python3.12/site-packages/airflow/example_dags/example_task_group.py
[2025-04-13T17:51:22.066+0000] {logging_mixin.py:190} INFO - [2025-04-13T17:51:22.066+0000] {dag.py:3239} INFO - Sync 1 DAGs
[2025-04-13T17:51:22.164+0000] {logging_mixin.py:190} INFO - [2025-04-13T17:51:22.163+0000] {dag.py:4180} INFO - Setting next_dagrun for example_task_group to None, run_after=None
[2025-04-13T17:51:22.262+0000] {processor.py:208} INFO - Processing /home/airflow/.local/lib/python3.12/site-packages/airflow/example_dags/example_task_group.py took 0.293 seconds
[2025-04-13T18:56:01.710+0000] {processor.py:186} INFO - Started process (PID=354) to work on /home/airflow/.local/lib/python3.12/site-packages/airflow/example_dags/example_task_group.py
[2025-04-13T18:56:01.712+0000] {processor.py:914} INFO - Processing file /home/airflow/.local/lib/python3.12/site-packages/airflow/example_dags/example_task_group.py for tasks to queue
[2025-04-13T18:56:01.716+0000] {logging_mixin.py:190} INFO - [2025-04-13T18:56:01.715+0000] {dagbag.py:588} INFO - Filling up the DagBag from /home/airflow/.local/lib/python3.12/site-packages/airflow/example_dags/example_task_group.py
[2025-04-13T18:56:01.732+0000] {processor.py:925} INFO - DAG(s) 'example_task_group' retrieved from /home/airflow/.local/lib/python3.12/site-packages/airflow/example_dags/example_task_group.py
[2025-04-13T18:56:01.806+0000] {logging_mixin.py:190} INFO - [2025-04-13T18:56:01.804+0000] {dag.py:3239} INFO - Sync 1 DAGs
[2025-04-13T18:56:01.878+0000] {logging_mixin.py:190} INFO - [2025-04-13T18:56:01.878+0000] {dag.py:4180} INFO - Setting next_dagrun for example_task_group to None, run_after=None
[2025-04-13T18:56:01.927+0000] {processor.py:208} INFO - Processing /home/airflow/.local/lib/python3.12/site-packages/airflow/example_dags/example_task_group.py took 0.225 seconds
[2025-04-13T18:56:32.341+0000] {processor.py:186} INFO - Started process (PID=645) to work on /home/airflow/.local/lib/python3.12/site-packages/airflow/example_dags/example_task_group.py
[2025-04-13T18:56:32.342+0000] {processor.py:914} INFO - Processing file /home/airflow/.local/lib/python3.12/site-packages/airflow/example_dags/example_task_group.py for tasks to queue
[2025-04-13T18:56:32.345+0000] {logging_mixin.py:190} INFO - [2025-04-13T18:56:32.345+0000] {dagbag.py:588} INFO - Filling up the DagBag from /home/airflow/.local/lib/python3.12/site-packages/airflow/example_dags/example_task_group.py
[2025-04-13T18:56:32.355+0000] {processor.py:925} INFO - DAG(s) 'example_task_group' retrieved from /home/airflow/.local/lib/python3.12/site-packages/airflow/example_dags/example_task_group.py
[2025-04-13T18:56:32.394+0000] {logging_mixin.py:190} INFO - [2025-04-13T18:56:32.394+0000] {dag.py:3239} INFO - Sync 1 DAGs
[2025-04-13T18:56:32.413+0000] {logging_mixin.py:190} INFO - [2025-04-13T18:56:32.413+0000] {dag.py:4180} INFO - Setting next_dagrun for example_task_group to None, run_after=None
[2025-04-13T18:56:32.453+0000] {processor.py:208} INFO - Processing /home/airflow/.local/lib/python3.12/site-packages/airflow/example_dags/example_task_group.py took 0.120 seconds
[2025-04-13T18:57:04.190+0000] {processor.py:186} INFO - Started process (PID=943) to work on /home/airflow/.local/lib/python3.12/site-packages/airflow/example_dags/example_task_group.py
[2025-04-13T18:57:04.192+0000] {processor.py:914} INFO - Processing file /home/airflow/.local/lib/python3.12/site-packages/airflow/example_dags/example_task_group.py for tasks to queue
[2025-04-13T18:57:04.195+0000] {logging_mixin.py:190} INFO - [2025-04-13T18:57:04.194+0000] {dagbag.py:588} INFO - Filling up the DagBag from /home/airflow/.local/lib/python3.12/site-packages/airflow/example_dags/example_task_group.py
[2025-04-13T18:57:04.206+0000] {processor.py:925} INFO - DAG(s) 'example_task_group' retrieved from /home/airflow/.local/lib/python3.12/site-packages/airflow/example_dags/example_task_group.py
[2025-04-13T18:57:04.232+0000] {logging_mixin.py:190} INFO - [2025-04-13T18:57:04.232+0000] {dag.py:3239} INFO - Sync 1 DAGs
[2025-04-13T18:57:04.249+0000] {logging_mixin.py:190} INFO - [2025-04-13T18:57:04.249+0000] {dag.py:4180} INFO - Setting next_dagrun for example_task_group to None, run_after=None
[2025-04-13T18:57:04.270+0000] {processor.py:208} INFO - Processing /home/airflow/.local/lib/python3.12/site-packages/airflow/example_dags/example_task_group.py took 0.088 seconds
[2025-04-13T18:57:34.533+0000] {processor.py:186} INFO - Started process (PID=1237) to work on /home/airflow/.local/lib/python3.12/site-packages/airflow/example_dags/example_task_group.py
[2025-04-13T18:57:34.535+0000] {processor.py:914} INFO - Processing file /home/airflow/.local/lib/python3.12/site-packages/airflow/example_dags/example_task_group.py for tasks to queue
[2025-04-13T18:57:34.539+0000] {logging_mixin.py:190} INFO - [2025-04-13T18:57:34.538+0000] {dagbag.py:588} INFO - Filling up the DagBag from /home/airflow/.local/lib/python3.12/site-packages/airflow/example_dags/example_task_group.py
[2025-04-13T18:57:34.549+0000] {processor.py:925} INFO - DAG(s) 'example_task_group' retrieved from /home/airflow/.local/lib/python3.12/site-packages/airflow/example_dags/example_task_group.py
[2025-04-13T18:57:34.580+0000] {logging_mixin.py:190} INFO - [2025-04-13T18:57:34.579+0000] {dag.py:3239} INFO - Sync 1 DAGs
[2025-04-13T18:57:34.598+0000] {logging_mixin.py:190} INFO - [2025-04-13T18:57:34.598+0000] {dag.py:4180} INFO - Setting next_dagrun for example_task_group to None, run_after=None
[2025-04-13T18:57:34.622+0000] {processor.py:208} INFO - Processing /home/airflow/.local/lib/python3.12/site-packages/airflow/example_dags/example_task_group.py took 0.096 seconds
[2025-04-13T18:58:06.467+0000] {processor.py:186} INFO - Started process (PID=1528) to work on /home/airflow/.local/lib/python3.12/site-packages/airflow/example_dags/example_task_group.py
[2025-04-13T18:58:06.468+0000] {processor.py:914} INFO - Processing file /home/airflow/.local/lib/python3.12/site-packages/airflow/example_dags/example_task_group.py for tasks to queue
[2025-04-13T18:58:06.472+0000] {logging_mixin.py:190} INFO - [2025-04-13T18:58:06.472+0000] {dagbag.py:588} INFO - Filling up the DagBag from /home/airflow/.local/lib/python3.12/site-packages/airflow/example_dags/example_task_group.py
[2025-04-13T18:58:06.486+0000] {processor.py:925} INFO - DAG(s) 'example_task_group' retrieved from /home/airflow/.local/lib/python3.12/site-packages/airflow/example_dags/example_task_group.py
[2025-04-13T18:58:06.524+0000] {logging_mixin.py:190} INFO - [2025-04-13T18:58:06.524+0000] {dag.py:3239} INFO - Sync 1 DAGs
[2025-04-13T18:58:06.549+0000] {logging_mixin.py:190} INFO - [2025-04-13T18:58:06.549+0000] {dag.py:4180} INFO - Setting next_dagrun for example_task_group to None, run_after=None
[2025-04-13T18:58:06.578+0000] {processor.py:208} INFO - Processing /home/airflow/.local/lib/python3.12/site-packages/airflow/example_dags/example_task_group.py took 0.121 seconds
