[2025-04-13T17:46:49.316+0000] {processor.py:186} INFO - Started process (PID=412) to work on /home/airflow/.local/lib/python3.12/site-packages/airflow/example_dags/example_branch_python_dop_operator_3.py
[2025-04-13T17:46:49.317+0000] {processor.py:914} INFO - Processing file /home/airflow/.local/lib/python3.12/site-packages/airflow/example_dags/example_branch_python_dop_operator_3.py for tasks to queue
[2025-04-13T17:46:49.320+0000] {logging_mixin.py:190} INFO - [2025-04-13T17:46:49.320+0000] {dagbag.py:588} INFO - Filling up the DagBag from /home/airflow/.local/lib/python3.12/site-packages/airflow/example_dags/example_branch_python_dop_operator_3.py
[2025-04-13T17:46:49.338+0000] {processor.py:925} INFO - DAG(s) 'example_branch_dop_operator_v3' retrieved from /home/airflow/.local/lib/python3.12/site-packages/airflow/example_dags/example_branch_python_dop_operator_3.py
[2025-04-13T17:46:49.513+0000] {logging_mixin.py:190} INFO - [2025-04-13T17:46:49.513+0000] {dag.py:3239} INFO - Sync 1 DAGs
[2025-04-13T17:46:49.551+0000] {logging_mixin.py:190} INFO - [2025-04-13T17:46:49.551+0000] {dag.py:4180} INFO - Setting next_dagrun for example_branch_dop_operator_v3 to 2025-04-13 17:45:00+00:00, run_after=2025-04-13 17:46:00+00:00
[2025-04-13T17:46:49.586+0000] {processor.py:208} INFO - Processing /home/airflow/.local/lib/python3.12/site-packages/airflow/example_dags/example_branch_python_dop_operator_3.py took 0.279 seconds
[2025-04-13T17:47:20.520+0000] {processor.py:186} INFO - Started process (PID=703) to work on /home/airflow/.local/lib/python3.12/site-packages/airflow/example_dags/example_branch_python_dop_operator_3.py
[2025-04-13T17:47:20.522+0000] {processor.py:914} INFO - Processing file /home/airflow/.local/lib/python3.12/site-packages/airflow/example_dags/example_branch_python_dop_operator_3.py for tasks to queue
[2025-04-13T17:47:20.525+0000] {logging_mixin.py:190} INFO - [2025-04-13T17:47:20.525+0000] {dagbag.py:588} INFO - Filling up the DagBag from /home/airflow/.local/lib/python3.12/site-packages/airflow/example_dags/example_branch_python_dop_operator_3.py
[2025-04-13T17:47:20.539+0000] {processor.py:925} INFO - DAG(s) 'example_branch_dop_operator_v3' retrieved from /home/airflow/.local/lib/python3.12/site-packages/airflow/example_dags/example_branch_python_dop_operator_3.py
[2025-04-13T17:47:20.564+0000] {logging_mixin.py:190} INFO - [2025-04-13T17:47:20.563+0000] {dag.py:3239} INFO - Sync 1 DAGs
[2025-04-13T17:47:20.600+0000] {logging_mixin.py:190} INFO - [2025-04-13T17:47:20.600+0000] {dag.py:4180} INFO - Setting next_dagrun for example_branch_dop_operator_v3 to 2025-04-13 17:46:00+00:00, run_after=2025-04-13 17:47:00+00:00
[2025-04-13T17:47:20.627+0000] {processor.py:208} INFO - Processing /home/airflow/.local/lib/python3.12/site-packages/airflow/example_dags/example_branch_python_dop_operator_3.py took 0.115 seconds
[2025-04-13T17:47:51.163+0000] {processor.py:186} INFO - Started process (PID=994) to work on /home/airflow/.local/lib/python3.12/site-packages/airflow/example_dags/example_branch_python_dop_operator_3.py
[2025-04-13T17:47:51.165+0000] {processor.py:914} INFO - Processing file /home/airflow/.local/lib/python3.12/site-packages/airflow/example_dags/example_branch_python_dop_operator_3.py for tasks to queue
[2025-04-13T17:47:51.168+0000] {logging_mixin.py:190} INFO - [2025-04-13T17:47:51.167+0000] {dagbag.py:588} INFO - Filling up the DagBag from /home/airflow/.local/lib/python3.12/site-packages/airflow/example_dags/example_branch_python_dop_operator_3.py
[2025-04-13T17:47:51.180+0000] {processor.py:925} INFO - DAG(s) 'example_branch_dop_operator_v3' retrieved from /home/airflow/.local/lib/python3.12/site-packages/airflow/example_dags/example_branch_python_dop_operator_3.py
[2025-04-13T17:47:51.205+0000] {logging_mixin.py:190} INFO - [2025-04-13T17:47:51.205+0000] {dag.py:3239} INFO - Sync 1 DAGs
[2025-04-13T17:47:51.240+0000] {logging_mixin.py:190} INFO - [2025-04-13T17:47:51.240+0000] {dag.py:4180} INFO - Setting next_dagrun for example_branch_dop_operator_v3 to 2025-04-13 17:46:00+00:00, run_after=2025-04-13 17:47:00+00:00
[2025-04-13T17:47:51.267+0000] {processor.py:208} INFO - Processing /home/airflow/.local/lib/python3.12/site-packages/airflow/example_dags/example_branch_python_dop_operator_3.py took 0.112 seconds
[2025-04-13T17:48:21.419+0000] {processor.py:186} INFO - Started process (PID=1285) to work on /home/airflow/.local/lib/python3.12/site-packages/airflow/example_dags/example_branch_python_dop_operator_3.py
[2025-04-13T17:48:21.420+0000] {processor.py:914} INFO - Processing file /home/airflow/.local/lib/python3.12/site-packages/airflow/example_dags/example_branch_python_dop_operator_3.py for tasks to queue
[2025-04-13T17:48:21.423+0000] {logging_mixin.py:190} INFO - [2025-04-13T17:48:21.423+0000] {dagbag.py:588} INFO - Filling up the DagBag from /home/airflow/.local/lib/python3.12/site-packages/airflow/example_dags/example_branch_python_dop_operator_3.py
[2025-04-13T17:48:21.437+0000] {processor.py:925} INFO - DAG(s) 'example_branch_dop_operator_v3' retrieved from /home/airflow/.local/lib/python3.12/site-packages/airflow/example_dags/example_branch_python_dop_operator_3.py
[2025-04-13T17:48:21.465+0000] {logging_mixin.py:190} INFO - [2025-04-13T17:48:21.464+0000] {dag.py:3239} INFO - Sync 1 DAGs
[2025-04-13T17:48:21.551+0000] {logging_mixin.py:190} INFO - [2025-04-13T17:48:21.550+0000] {dag.py:4180} INFO - Setting next_dagrun for example_branch_dop_operator_v3 to 2025-04-13 17:47:00+00:00, run_after=2025-04-13 17:48:00+00:00
[2025-04-13T17:48:21.593+0000] {processor.py:208} INFO - Processing /home/airflow/.local/lib/python3.12/site-packages/airflow/example_dags/example_branch_python_dop_operator_3.py took 0.182 seconds
[2025-04-13T17:48:52.410+0000] {processor.py:186} INFO - Started process (PID=1576) to work on /home/airflow/.local/lib/python3.12/site-packages/airflow/example_dags/example_branch_python_dop_operator_3.py
[2025-04-13T17:48:52.412+0000] {processor.py:914} INFO - Processing file /home/airflow/.local/lib/python3.12/site-packages/airflow/example_dags/example_branch_python_dop_operator_3.py for tasks to queue
[2025-04-13T17:48:52.415+0000] {logging_mixin.py:190} INFO - [2025-04-13T17:48:52.415+0000] {dagbag.py:588} INFO - Filling up the DagBag from /home/airflow/.local/lib/python3.12/site-packages/airflow/example_dags/example_branch_python_dop_operator_3.py
[2025-04-13T17:48:52.432+0000] {processor.py:925} INFO - DAG(s) 'example_branch_dop_operator_v3' retrieved from /home/airflow/.local/lib/python3.12/site-packages/airflow/example_dags/example_branch_python_dop_operator_3.py
[2025-04-13T17:48:52.462+0000] {logging_mixin.py:190} INFO - [2025-04-13T17:48:52.462+0000] {dag.py:3239} INFO - Sync 1 DAGs
[2025-04-13T17:48:52.500+0000] {logging_mixin.py:190} INFO - [2025-04-13T17:48:52.500+0000] {dag.py:4180} INFO - Setting next_dagrun for example_branch_dop_operator_v3 to 2025-04-13 17:47:00+00:00, run_after=2025-04-13 17:48:00+00:00
[2025-04-13T17:48:52.526+0000] {processor.py:208} INFO - Processing /home/airflow/.local/lib/python3.12/site-packages/airflow/example_dags/example_branch_python_dop_operator_3.py took 0.123 seconds
[2025-04-13T17:49:22.748+0000] {processor.py:186} INFO - Started process (PID=1862) to work on /home/airflow/.local/lib/python3.12/site-packages/airflow/example_dags/example_branch_python_dop_operator_3.py
[2025-04-13T17:49:22.749+0000] {processor.py:914} INFO - Processing file /home/airflow/.local/lib/python3.12/site-packages/airflow/example_dags/example_branch_python_dop_operator_3.py for tasks to queue
[2025-04-13T17:49:22.752+0000] {logging_mixin.py:190} INFO - [2025-04-13T17:49:22.752+0000] {dagbag.py:588} INFO - Filling up the DagBag from /home/airflow/.local/lib/python3.12/site-packages/airflow/example_dags/example_branch_python_dop_operator_3.py
[2025-04-13T17:49:22.766+0000] {processor.py:925} INFO - DAG(s) 'example_branch_dop_operator_v3' retrieved from /home/airflow/.local/lib/python3.12/site-packages/airflow/example_dags/example_branch_python_dop_operator_3.py
[2025-04-13T17:49:22.789+0000] {logging_mixin.py:190} INFO - [2025-04-13T17:49:22.789+0000] {dag.py:3239} INFO - Sync 1 DAGs
[2025-04-13T17:49:22.831+0000] {logging_mixin.py:190} INFO - [2025-04-13T17:49:22.831+0000] {dag.py:4180} INFO - Setting next_dagrun for example_branch_dop_operator_v3 to 2025-04-13 17:48:00+00:00, run_after=2025-04-13 17:49:00+00:00
[2025-04-13T17:49:22.856+0000] {processor.py:208} INFO - Processing /home/airflow/.local/lib/python3.12/site-packages/airflow/example_dags/example_branch_python_dop_operator_3.py took 0.116 seconds
[2025-04-13T17:49:53.278+0000] {processor.py:186} INFO - Started process (PID=2153) to work on /home/airflow/.local/lib/python3.12/site-packages/airflow/example_dags/example_branch_python_dop_operator_3.py
[2025-04-13T17:49:53.279+0000] {processor.py:914} INFO - Processing file /home/airflow/.local/lib/python3.12/site-packages/airflow/example_dags/example_branch_python_dop_operator_3.py for tasks to queue
[2025-04-13T17:49:53.282+0000] {logging_mixin.py:190} INFO - [2025-04-13T17:49:53.282+0000] {dagbag.py:588} INFO - Filling up the DagBag from /home/airflow/.local/lib/python3.12/site-packages/airflow/example_dags/example_branch_python_dop_operator_3.py
[2025-04-13T17:49:53.295+0000] {processor.py:925} INFO - DAG(s) 'example_branch_dop_operator_v3' retrieved from /home/airflow/.local/lib/python3.12/site-packages/airflow/example_dags/example_branch_python_dop_operator_3.py
[2025-04-13T17:49:53.323+0000] {logging_mixin.py:190} INFO - [2025-04-13T17:49:53.323+0000] {dag.py:3239} INFO - Sync 1 DAGs
[2025-04-13T17:49:53.359+0000] {logging_mixin.py:190} INFO - [2025-04-13T17:49:53.358+0000] {dag.py:4180} INFO - Setting next_dagrun for example_branch_dop_operator_v3 to 2025-04-13 17:48:00+00:00, run_after=2025-04-13 17:49:00+00:00
[2025-04-13T17:49:53.387+0000] {processor.py:208} INFO - Processing /home/airflow/.local/lib/python3.12/site-packages/airflow/example_dags/example_branch_python_dop_operator_3.py took 0.117 seconds
[2025-04-13T17:50:23.899+0000] {processor.py:186} INFO - Started process (PID=2444) to work on /home/airflow/.local/lib/python3.12/site-packages/airflow/example_dags/example_branch_python_dop_operator_3.py
[2025-04-13T17:50:23.900+0000] {processor.py:914} INFO - Processing file /home/airflow/.local/lib/python3.12/site-packages/airflow/example_dags/example_branch_python_dop_operator_3.py for tasks to queue
[2025-04-13T17:50:23.903+0000] {logging_mixin.py:190} INFO - [2025-04-13T17:50:23.902+0000] {dagbag.py:588} INFO - Filling up the DagBag from /home/airflow/.local/lib/python3.12/site-packages/airflow/example_dags/example_branch_python_dop_operator_3.py
[2025-04-13T17:50:23.920+0000] {processor.py:925} INFO - DAG(s) 'example_branch_dop_operator_v3' retrieved from /home/airflow/.local/lib/python3.12/site-packages/airflow/example_dags/example_branch_python_dop_operator_3.py
[2025-04-13T17:50:23.953+0000] {logging_mixin.py:190} INFO - [2025-04-13T17:50:23.953+0000] {dag.py:3239} INFO - Sync 1 DAGs
[2025-04-13T17:50:23.992+0000] {logging_mixin.py:190} INFO - [2025-04-13T17:50:23.992+0000] {dag.py:4180} INFO - Setting next_dagrun for example_branch_dop_operator_v3 to 2025-04-13 17:49:00+00:00, run_after=2025-04-13 17:50:00+00:00
[2025-04-13T17:50:24.014+0000] {processor.py:208} INFO - Processing /home/airflow/.local/lib/python3.12/site-packages/airflow/example_dags/example_branch_python_dop_operator_3.py took 0.125 seconds
[2025-04-13T17:50:54.227+0000] {processor.py:186} INFO - Started process (PID=2730) to work on /home/airflow/.local/lib/python3.12/site-packages/airflow/example_dags/example_branch_python_dop_operator_3.py
[2025-04-13T17:50:54.229+0000] {processor.py:914} INFO - Processing file /home/airflow/.local/lib/python3.12/site-packages/airflow/example_dags/example_branch_python_dop_operator_3.py for tasks to queue
[2025-04-13T17:50:54.232+0000] {logging_mixin.py:190} INFO - [2025-04-13T17:50:54.231+0000] {dagbag.py:588} INFO - Filling up the DagBag from /home/airflow/.local/lib/python3.12/site-packages/airflow/example_dags/example_branch_python_dop_operator_3.py
[2025-04-13T17:50:54.244+0000] {processor.py:925} INFO - DAG(s) 'example_branch_dop_operator_v3' retrieved from /home/airflow/.local/lib/python3.12/site-packages/airflow/example_dags/example_branch_python_dop_operator_3.py
[2025-04-13T17:50:54.269+0000] {logging_mixin.py:190} INFO - [2025-04-13T17:50:54.268+0000] {dag.py:3239} INFO - Sync 1 DAGs
[2025-04-13T17:50:54.306+0000] {logging_mixin.py:190} INFO - [2025-04-13T17:50:54.306+0000] {dag.py:4180} INFO - Setting next_dagrun for example_branch_dop_operator_v3 to 2025-04-13 17:49:00+00:00, run_after=2025-04-13 17:50:00+00:00
[2025-04-13T17:50:54.330+0000] {processor.py:208} INFO - Processing /home/airflow/.local/lib/python3.12/site-packages/airflow/example_dags/example_branch_python_dop_operator_3.py took 0.111 seconds
[2025-04-13T17:51:25.814+0000] {processor.py:186} INFO - Started process (PID=3027) to work on /home/airflow/.local/lib/python3.12/site-packages/airflow/example_dags/example_branch_python_dop_operator_3.py
[2025-04-13T17:51:25.815+0000] {processor.py:914} INFO - Processing file /home/airflow/.local/lib/python3.12/site-packages/airflow/example_dags/example_branch_python_dop_operator_3.py for tasks to queue
[2025-04-13T17:51:25.821+0000] {logging_mixin.py:190} INFO - [2025-04-13T17:51:25.819+0000] {dagbag.py:588} INFO - Filling up the DagBag from /home/airflow/.local/lib/python3.12/site-packages/airflow/example_dags/example_branch_python_dop_operator_3.py
[2025-04-13T17:51:25.844+0000] {processor.py:925} INFO - DAG(s) 'example_branch_dop_operator_v3' retrieved from /home/airflow/.local/lib/python3.12/site-packages/airflow/example_dags/example_branch_python_dop_operator_3.py
[2025-04-13T17:51:25.879+0000] {logging_mixin.py:190} INFO - [2025-04-13T17:51:25.879+0000] {dag.py:3239} INFO - Sync 1 DAGs
[2025-04-13T17:51:25.932+0000] {logging_mixin.py:190} INFO - [2025-04-13T17:51:25.932+0000] {dag.py:4180} INFO - Setting next_dagrun for example_branch_dop_operator_v3 to 2025-04-13 17:50:00+00:00, run_after=2025-04-13 17:51:00+00:00
[2025-04-13T17:51:25.976+0000] {processor.py:208} INFO - Processing /home/airflow/.local/lib/python3.12/site-packages/airflow/example_dags/example_branch_python_dop_operator_3.py took 0.174 seconds
[2025-04-13T18:56:05.649+0000] {processor.py:186} INFO - Started process (PID=414) to work on /home/airflow/.local/lib/python3.12/site-packages/airflow/example_dags/example_branch_python_dop_operator_3.py
[2025-04-13T18:56:05.652+0000] {processor.py:914} INFO - Processing file /home/airflow/.local/lib/python3.12/site-packages/airflow/example_dags/example_branch_python_dop_operator_3.py for tasks to queue
[2025-04-13T18:56:05.658+0000] {logging_mixin.py:190} INFO - [2025-04-13T18:56:05.657+0000] {dagbag.py:588} INFO - Filling up the DagBag from /home/airflow/.local/lib/python3.12/site-packages/airflow/example_dags/example_branch_python_dop_operator_3.py
[2025-04-13T18:56:05.687+0000] {processor.py:925} INFO - DAG(s) 'example_branch_dop_operator_v3' retrieved from /home/airflow/.local/lib/python3.12/site-packages/airflow/example_dags/example_branch_python_dop_operator_3.py
[2025-04-13T18:56:05.749+0000] {logging_mixin.py:190} INFO - [2025-04-13T18:56:05.748+0000] {dag.py:3239} INFO - Sync 1 DAGs
[2025-04-13T18:56:05.819+0000] {logging_mixin.py:190} INFO - [2025-04-13T18:56:05.818+0000] {dag.py:4180} INFO - Setting next_dagrun for example_branch_dop_operator_v3 to 2025-04-13 18:55:00+00:00, run_after=2025-04-13 18:56:00+00:00
[2025-04-13T18:56:05.859+0000] {processor.py:208} INFO - Processing /home/airflow/.local/lib/python3.12/site-packages/airflow/example_dags/example_branch_python_dop_operator_3.py took 0.221 seconds
[2025-04-13T18:56:36.375+0000] {processor.py:186} INFO - Started process (PID=710) to work on /home/airflow/.local/lib/python3.12/site-packages/airflow/example_dags/example_branch_python_dop_operator_3.py
[2025-04-13T18:56:36.380+0000] {processor.py:914} INFO - Processing file /home/airflow/.local/lib/python3.12/site-packages/airflow/example_dags/example_branch_python_dop_operator_3.py for tasks to queue
[2025-04-13T18:56:36.383+0000] {logging_mixin.py:190} INFO - [2025-04-13T18:56:36.382+0000] {dagbag.py:588} INFO - Filling up the DagBag from /home/airflow/.local/lib/python3.12/site-packages/airflow/example_dags/example_branch_python_dop_operator_3.py
[2025-04-13T18:56:36.396+0000] {processor.py:925} INFO - DAG(s) 'example_branch_dop_operator_v3' retrieved from /home/airflow/.local/lib/python3.12/site-packages/airflow/example_dags/example_branch_python_dop_operator_3.py
[2025-04-13T18:56:36.424+0000] {logging_mixin.py:190} INFO - [2025-04-13T18:56:36.423+0000] {dag.py:3239} INFO - Sync 1 DAGs
[2025-04-13T18:56:36.458+0000] {logging_mixin.py:190} INFO - [2025-04-13T18:56:36.458+0000] {dag.py:4180} INFO - Setting next_dagrun for example_branch_dop_operator_v3 to 2025-04-13 18:55:00+00:00, run_after=2025-04-13 18:56:00+00:00
[2025-04-13T18:56:36.579+0000] {processor.py:208} INFO - Processing /home/airflow/.local/lib/python3.12/site-packages/airflow/example_dags/example_branch_python_dop_operator_3.py took 0.211 seconds
[2025-04-13T18:57:06.965+0000] {processor.py:186} INFO - Started process (PID=1006) to work on /home/airflow/.local/lib/python3.12/site-packages/airflow/example_dags/example_branch_python_dop_operator_3.py
[2025-04-13T18:57:06.966+0000] {processor.py:914} INFO - Processing file /home/airflow/.local/lib/python3.12/site-packages/airflow/example_dags/example_branch_python_dop_operator_3.py for tasks to queue
[2025-04-13T18:57:06.969+0000] {logging_mixin.py:190} INFO - [2025-04-13T18:57:06.969+0000] {dagbag.py:588} INFO - Filling up the DagBag from /home/airflow/.local/lib/python3.12/site-packages/airflow/example_dags/example_branch_python_dop_operator_3.py
[2025-04-13T18:57:06.982+0000] {processor.py:925} INFO - DAG(s) 'example_branch_dop_operator_v3' retrieved from /home/airflow/.local/lib/python3.12/site-packages/airflow/example_dags/example_branch_python_dop_operator_3.py
[2025-04-13T18:57:07.007+0000] {logging_mixin.py:190} INFO - [2025-04-13T18:57:07.007+0000] {dag.py:3239} INFO - Sync 1 DAGs
[2025-04-13T18:57:07.042+0000] {logging_mixin.py:190} INFO - [2025-04-13T18:57:07.041+0000] {dag.py:4180} INFO - Setting next_dagrun for example_branch_dop_operator_v3 to 2025-04-13 18:56:00+00:00, run_after=2025-04-13 18:57:00+00:00
[2025-04-13T18:57:07.068+0000] {processor.py:208} INFO - Processing /home/airflow/.local/lib/python3.12/site-packages/airflow/example_dags/example_branch_python_dop_operator_3.py took 0.111 seconds
[2025-04-13T18:57:37.286+0000] {processor.py:186} INFO - Started process (PID=1302) to work on /home/airflow/.local/lib/python3.12/site-packages/airflow/example_dags/example_branch_python_dop_operator_3.py
[2025-04-13T18:57:37.288+0000] {processor.py:914} INFO - Processing file /home/airflow/.local/lib/python3.12/site-packages/airflow/example_dags/example_branch_python_dop_operator_3.py for tasks to queue
[2025-04-13T18:57:37.292+0000] {logging_mixin.py:190} INFO - [2025-04-13T18:57:37.291+0000] {dagbag.py:588} INFO - Filling up the DagBag from /home/airflow/.local/lib/python3.12/site-packages/airflow/example_dags/example_branch_python_dop_operator_3.py
[2025-04-13T18:57:37.334+0000] {processor.py:925} INFO - DAG(s) 'example_branch_dop_operator_v3' retrieved from /home/airflow/.local/lib/python3.12/site-packages/airflow/example_dags/example_branch_python_dop_operator_3.py
[2025-04-13T18:57:37.421+0000] {logging_mixin.py:190} INFO - [2025-04-13T18:57:37.421+0000] {dag.py:3239} INFO - Sync 1 DAGs
[2025-04-13T18:57:37.590+0000] {logging_mixin.py:190} INFO - [2025-04-13T18:57:37.589+0000] {dag.py:4180} INFO - Setting next_dagrun for example_branch_dop_operator_v3 to 2025-04-13 18:56:00+00:00, run_after=2025-04-13 18:57:00+00:00
[2025-04-13T18:57:37.702+0000] {processor.py:208} INFO - Processing /home/airflow/.local/lib/python3.12/site-packages/airflow/example_dags/example_branch_python_dop_operator_3.py took 0.425 seconds
[2025-04-13T18:58:09.310+0000] {processor.py:186} INFO - Started process (PID=1604) to work on /home/airflow/.local/lib/python3.12/site-packages/airflow/example_dags/example_branch_python_dop_operator_3.py
[2025-04-13T18:58:09.312+0000] {processor.py:914} INFO - Processing file /home/airflow/.local/lib/python3.12/site-packages/airflow/example_dags/example_branch_python_dop_operator_3.py for tasks to queue
[2025-04-13T18:58:09.318+0000] {logging_mixin.py:190} INFO - [2025-04-13T18:58:09.318+0000] {dagbag.py:588} INFO - Filling up the DagBag from /home/airflow/.local/lib/python3.12/site-packages/airflow/example_dags/example_branch_python_dop_operator_3.py
[2025-04-13T18:58:09.340+0000] {processor.py:925} INFO - DAG(s) 'example_branch_dop_operator_v3' retrieved from /home/airflow/.local/lib/python3.12/site-packages/airflow/example_dags/example_branch_python_dop_operator_3.py
[2025-04-13T18:58:09.376+0000] {logging_mixin.py:190} INFO - [2025-04-13T18:58:09.375+0000] {dag.py:3239} INFO - Sync 1 DAGs
[2025-04-13T18:58:09.444+0000] {logging_mixin.py:190} INFO - [2025-04-13T18:58:09.443+0000] {dag.py:4180} INFO - Setting next_dagrun for example_branch_dop_operator_v3 to 2025-04-13 18:57:00+00:00, run_after=2025-04-13 18:58:00+00:00
[2025-04-13T18:58:09.472+0000] {processor.py:208} INFO - Processing /home/airflow/.local/lib/python3.12/site-packages/airflow/example_dags/example_branch_python_dop_operator_3.py took 0.177 seconds
