[2025-04-13T17:46:49.548+0000] {processor.py:186} INFO - Started process (PID=417) to work on /home/airflow/.local/lib/python3.12/site-packages/airflow/example_dags/example_xcom.py
[2025-04-13T17:46:49.549+0000] {processor.py:914} INFO - Processing file /home/airflow/.local/lib/python3.12/site-packages/airflow/example_dags/example_xcom.py for tasks to queue
[2025-04-13T17:46:49.555+0000] {logging_mixin.py:190} INFO - [2025-04-13T17:46:49.555+0000] {dagbag.py:588} INFO - Filling up the DagBag from /home/airflow/.local/lib/python3.12/site-packages/airflow/example_dags/example_xcom.py
[2025-04-13T17:46:49.573+0000] {processor.py:925} INFO - DAG(s) 'example_xcom' retrieved from /home/airflow/.local/lib/python3.12/site-packages/airflow/example_dags/example_xcom.py
[2025-04-13T17:46:49.803+0000] {logging_mixin.py:190} INFO - [2025-04-13T17:46:49.802+0000] {dag.py:3239} INFO - Sync 1 DAGs
[2025-04-13T17:46:49.828+0000] {logging_mixin.py:190} INFO - [2025-04-13T17:46:49.828+0000] {dag.py:4180} INFO - Setting next_dagrun for example_xcom to 2021-01-01 00:00:00+00:00, run_after=2021-01-01 00:00:00+00:00
[2025-04-13T17:46:49.851+0000] {processor.py:208} INFO - Processing /home/airflow/.local/lib/python3.12/site-packages/airflow/example_dags/example_xcom.py took 0.314 seconds
[2025-04-13T17:47:20.685+0000] {processor.py:186} INFO - Started process (PID=710) to work on /home/airflow/.local/lib/python3.12/site-packages/airflow/example_dags/example_xcom.py
[2025-04-13T17:47:20.686+0000] {processor.py:914} INFO - Processing file /home/airflow/.local/lib/python3.12/site-packages/airflow/example_dags/example_xcom.py for tasks to queue
[2025-04-13T17:47:20.689+0000] {logging_mixin.py:190} INFO - [2025-04-13T17:47:20.689+0000] {dagbag.py:588} INFO - Filling up the DagBag from /home/airflow/.local/lib/python3.12/site-packages/airflow/example_dags/example_xcom.py
[2025-04-13T17:47:20.703+0000] {processor.py:925} INFO - DAG(s) 'example_xcom' retrieved from /home/airflow/.local/lib/python3.12/site-packages/airflow/example_dags/example_xcom.py
[2025-04-13T17:47:20.732+0000] {logging_mixin.py:190} INFO - [2025-04-13T17:47:20.731+0000] {dag.py:3239} INFO - Sync 1 DAGs
[2025-04-13T17:47:20.766+0000] {logging_mixin.py:190} INFO - [2025-04-13T17:47:20.766+0000] {dag.py:4180} INFO - Setting next_dagrun for example_xcom to 2021-01-01 00:00:00+00:00, run_after=2021-01-01 00:00:00+00:00
[2025-04-13T17:47:20.789+0000] {processor.py:208} INFO - Processing /home/airflow/.local/lib/python3.12/site-packages/airflow/example_dags/example_xcom.py took 0.113 seconds
[2025-04-13T17:47:51.315+0000] {processor.py:186} INFO - Started process (PID=1001) to work on /home/airflow/.local/lib/python3.12/site-packages/airflow/example_dags/example_xcom.py
[2025-04-13T17:47:51.316+0000] {processor.py:914} INFO - Processing file /home/airflow/.local/lib/python3.12/site-packages/airflow/example_dags/example_xcom.py for tasks to queue
[2025-04-13T17:47:51.319+0000] {logging_mixin.py:190} INFO - [2025-04-13T17:47:51.319+0000] {dagbag.py:588} INFO - Filling up the DagBag from /home/airflow/.local/lib/python3.12/site-packages/airflow/example_dags/example_xcom.py
[2025-04-13T17:47:51.330+0000] {processor.py:925} INFO - DAG(s) 'example_xcom' retrieved from /home/airflow/.local/lib/python3.12/site-packages/airflow/example_dags/example_xcom.py
[2025-04-13T17:47:51.354+0000] {logging_mixin.py:190} INFO - [2025-04-13T17:47:51.354+0000] {dag.py:3239} INFO - Sync 1 DAGs
[2025-04-13T17:47:51.384+0000] {logging_mixin.py:190} INFO - [2025-04-13T17:47:51.384+0000] {dag.py:4180} INFO - Setting next_dagrun for example_xcom to 2021-01-01 00:00:00+00:00, run_after=2021-01-01 00:00:00+00:00
[2025-04-13T17:47:51.408+0000] {processor.py:208} INFO - Processing /home/airflow/.local/lib/python3.12/site-packages/airflow/example_dags/example_xcom.py took 0.099 seconds
[2025-04-13T17:48:21.649+0000] {processor.py:186} INFO - Started process (PID=1292) to work on /home/airflow/.local/lib/python3.12/site-packages/airflow/example_dags/example_xcom.py
[2025-04-13T17:48:21.651+0000] {processor.py:914} INFO - Processing file /home/airflow/.local/lib/python3.12/site-packages/airflow/example_dags/example_xcom.py for tasks to queue
[2025-04-13T17:48:21.654+0000] {logging_mixin.py:190} INFO - [2025-04-13T17:48:21.653+0000] {dagbag.py:588} INFO - Filling up the DagBag from /home/airflow/.local/lib/python3.12/site-packages/airflow/example_dags/example_xcom.py
[2025-04-13T17:48:21.667+0000] {processor.py:925} INFO - DAG(s) 'example_xcom' retrieved from /home/airflow/.local/lib/python3.12/site-packages/airflow/example_dags/example_xcom.py
[2025-04-13T17:48:21.693+0000] {logging_mixin.py:190} INFO - [2025-04-13T17:48:21.692+0000] {dag.py:3239} INFO - Sync 1 DAGs
[2025-04-13T17:48:21.731+0000] {logging_mixin.py:190} INFO - [2025-04-13T17:48:21.731+0000] {dag.py:4180} INFO - Setting next_dagrun for example_xcom to 2021-01-01 00:00:00+00:00, run_after=2021-01-01 00:00:00+00:00
[2025-04-13T17:48:21.759+0000] {processor.py:208} INFO - Processing /home/airflow/.local/lib/python3.12/site-packages/airflow/example_dags/example_xcom.py took 0.119 seconds
[2025-04-13T17:48:52.578+0000] {processor.py:186} INFO - Started process (PID=1581) to work on /home/airflow/.local/lib/python3.12/site-packages/airflow/example_dags/example_xcom.py
[2025-04-13T17:48:52.580+0000] {processor.py:914} INFO - Processing file /home/airflow/.local/lib/python3.12/site-packages/airflow/example_dags/example_xcom.py for tasks to queue
[2025-04-13T17:48:52.583+0000] {logging_mixin.py:190} INFO - [2025-04-13T17:48:52.582+0000] {dagbag.py:588} INFO - Filling up the DagBag from /home/airflow/.local/lib/python3.12/site-packages/airflow/example_dags/example_xcom.py
[2025-04-13T17:48:52.616+0000] {processor.py:925} INFO - DAG(s) 'example_xcom' retrieved from /home/airflow/.local/lib/python3.12/site-packages/airflow/example_dags/example_xcom.py
[2025-04-13T17:48:52.646+0000] {logging_mixin.py:190} INFO - [2025-04-13T17:48:52.645+0000] {dag.py:3239} INFO - Sync 1 DAGs
[2025-04-13T17:48:52.683+0000] {logging_mixin.py:190} INFO - [2025-04-13T17:48:52.682+0000] {dag.py:4180} INFO - Setting next_dagrun for example_xcom to 2021-01-01 00:00:00+00:00, run_after=2021-01-01 00:00:00+00:00
[2025-04-13T17:48:52.708+0000] {processor.py:208} INFO - Processing /home/airflow/.local/lib/python3.12/site-packages/airflow/example_dags/example_xcom.py took 0.136 seconds
[2025-04-13T17:49:22.902+0000] {processor.py:186} INFO - Started process (PID=1869) to work on /home/airflow/.local/lib/python3.12/site-packages/airflow/example_dags/example_xcom.py
[2025-04-13T17:49:22.904+0000] {processor.py:914} INFO - Processing file /home/airflow/.local/lib/python3.12/site-packages/airflow/example_dags/example_xcom.py for tasks to queue
[2025-04-13T17:49:22.908+0000] {logging_mixin.py:190} INFO - [2025-04-13T17:49:22.907+0000] {dagbag.py:588} INFO - Filling up the DagBag from /home/airflow/.local/lib/python3.12/site-packages/airflow/example_dags/example_xcom.py
[2025-04-13T17:49:22.919+0000] {processor.py:925} INFO - DAG(s) 'example_xcom' retrieved from /home/airflow/.local/lib/python3.12/site-packages/airflow/example_dags/example_xcom.py
[2025-04-13T17:49:22.946+0000] {logging_mixin.py:190} INFO - [2025-04-13T17:49:22.946+0000] {dag.py:3239} INFO - Sync 1 DAGs
[2025-04-13T17:49:22.999+0000] {logging_mixin.py:190} INFO - [2025-04-13T17:49:22.998+0000] {dag.py:4180} INFO - Setting next_dagrun for example_xcom to 2021-01-01 00:00:00+00:00, run_after=2021-01-01 00:00:00+00:00
[2025-04-13T17:49:23.035+0000] {processor.py:208} INFO - Processing /home/airflow/.local/lib/python3.12/site-packages/airflow/example_dags/example_xcom.py took 0.139 seconds
[2025-04-13T17:49:53.442+0000] {processor.py:186} INFO - Started process (PID=2160) to work on /home/airflow/.local/lib/python3.12/site-packages/airflow/example_dags/example_xcom.py
[2025-04-13T17:49:53.443+0000] {processor.py:914} INFO - Processing file /home/airflow/.local/lib/python3.12/site-packages/airflow/example_dags/example_xcom.py for tasks to queue
[2025-04-13T17:49:53.445+0000] {logging_mixin.py:190} INFO - [2025-04-13T17:49:53.445+0000] {dagbag.py:588} INFO - Filling up the DagBag from /home/airflow/.local/lib/python3.12/site-packages/airflow/example_dags/example_xcom.py
[2025-04-13T17:49:53.456+0000] {processor.py:925} INFO - DAG(s) 'example_xcom' retrieved from /home/airflow/.local/lib/python3.12/site-packages/airflow/example_dags/example_xcom.py
[2025-04-13T17:49:53.479+0000] {logging_mixin.py:190} INFO - [2025-04-13T17:49:53.478+0000] {dag.py:3239} INFO - Sync 1 DAGs
[2025-04-13T17:49:53.503+0000] {logging_mixin.py:190} INFO - [2025-04-13T17:49:53.503+0000] {dag.py:4180} INFO - Setting next_dagrun for example_xcom to 2021-01-01 00:00:00+00:00, run_after=2021-01-01 00:00:00+00:00
[2025-04-13T17:49:53.523+0000] {processor.py:208} INFO - Processing /home/airflow/.local/lib/python3.12/site-packages/airflow/example_dags/example_xcom.py took 0.087 seconds
[2025-04-13T17:50:24.065+0000] {processor.py:186} INFO - Started process (PID=2449) to work on /home/airflow/.local/lib/python3.12/site-packages/airflow/example_dags/example_xcom.py
[2025-04-13T17:50:24.066+0000] {processor.py:914} INFO - Processing file /home/airflow/.local/lib/python3.12/site-packages/airflow/example_dags/example_xcom.py for tasks to queue
[2025-04-13T17:50:24.069+0000] {logging_mixin.py:190} INFO - [2025-04-13T17:50:24.069+0000] {dagbag.py:588} INFO - Filling up the DagBag from /home/airflow/.local/lib/python3.12/site-packages/airflow/example_dags/example_xcom.py
[2025-04-13T17:50:24.082+0000] {processor.py:925} INFO - DAG(s) 'example_xcom' retrieved from /home/airflow/.local/lib/python3.12/site-packages/airflow/example_dags/example_xcom.py
[2025-04-13T17:50:24.110+0000] {logging_mixin.py:190} INFO - [2025-04-13T17:50:24.110+0000] {dag.py:3239} INFO - Sync 1 DAGs
[2025-04-13T17:50:24.146+0000] {logging_mixin.py:190} INFO - [2025-04-13T17:50:24.146+0000] {dag.py:4180} INFO - Setting next_dagrun for example_xcom to 2021-01-01 00:00:00+00:00, run_after=2021-01-01 00:00:00+00:00
[2025-04-13T17:50:24.170+0000] {processor.py:208} INFO - Processing /home/airflow/.local/lib/python3.12/site-packages/airflow/example_dags/example_xcom.py took 0.113 seconds
[2025-04-13T17:50:54.385+0000] {processor.py:186} INFO - Started process (PID=2737) to work on /home/airflow/.local/lib/python3.12/site-packages/airflow/example_dags/example_xcom.py
[2025-04-13T17:50:54.386+0000] {processor.py:914} INFO - Processing file /home/airflow/.local/lib/python3.12/site-packages/airflow/example_dags/example_xcom.py for tasks to queue
[2025-04-13T17:50:54.391+0000] {logging_mixin.py:190} INFO - [2025-04-13T17:50:54.390+0000] {dagbag.py:588} INFO - Filling up the DagBag from /home/airflow/.local/lib/python3.12/site-packages/airflow/example_dags/example_xcom.py
[2025-04-13T17:50:54.402+0000] {processor.py:925} INFO - DAG(s) 'example_xcom' retrieved from /home/airflow/.local/lib/python3.12/site-packages/airflow/example_dags/example_xcom.py
[2025-04-13T17:50:54.426+0000] {logging_mixin.py:190} INFO - [2025-04-13T17:50:54.426+0000] {dag.py:3239} INFO - Sync 1 DAGs
[2025-04-13T17:50:54.460+0000] {logging_mixin.py:190} INFO - [2025-04-13T17:50:54.459+0000] {dag.py:4180} INFO - Setting next_dagrun for example_xcom to 2021-01-01 00:00:00+00:00, run_after=2021-01-01 00:00:00+00:00
[2025-04-13T17:50:54.493+0000] {processor.py:208} INFO - Processing /home/airflow/.local/lib/python3.12/site-packages/airflow/example_dags/example_xcom.py took 0.115 seconds
[2025-04-13T17:51:26.061+0000] {processor.py:186} INFO - Started process (PID=3032) to work on /home/airflow/.local/lib/python3.12/site-packages/airflow/example_dags/example_xcom.py
[2025-04-13T17:51:26.063+0000] {processor.py:914} INFO - Processing file /home/airflow/.local/lib/python3.12/site-packages/airflow/example_dags/example_xcom.py for tasks to queue
[2025-04-13T17:51:26.067+0000] {logging_mixin.py:190} INFO - [2025-04-13T17:51:26.067+0000] {dagbag.py:588} INFO - Filling up the DagBag from /home/airflow/.local/lib/python3.12/site-packages/airflow/example_dags/example_xcom.py
[2025-04-13T17:51:26.097+0000] {processor.py:925} INFO - DAG(s) 'example_xcom' retrieved from /home/airflow/.local/lib/python3.12/site-packages/airflow/example_dags/example_xcom.py
[2025-04-13T17:51:26.156+0000] {logging_mixin.py:190} INFO - [2025-04-13T17:51:26.154+0000] {dag.py:3239} INFO - Sync 1 DAGs
[2025-04-13T17:51:26.202+0000] {logging_mixin.py:190} INFO - [2025-04-13T17:51:26.202+0000] {dag.py:4180} INFO - Setting next_dagrun for example_xcom to 2021-01-01 00:00:00+00:00, run_after=2021-01-01 00:00:00+00:00
[2025-04-13T17:51:26.247+0000] {processor.py:208} INFO - Processing /home/airflow/.local/lib/python3.12/site-packages/airflow/example_dags/example_xcom.py took 0.203 seconds
[2025-04-13T18:56:05.873+0000] {processor.py:186} INFO - Started process (PID=419) to work on /home/airflow/.local/lib/python3.12/site-packages/airflow/example_dags/example_xcom.py
[2025-04-13T18:56:05.875+0000] {processor.py:914} INFO - Processing file /home/airflow/.local/lib/python3.12/site-packages/airflow/example_dags/example_xcom.py for tasks to queue
[2025-04-13T18:56:05.880+0000] {logging_mixin.py:190} INFO - [2025-04-13T18:56:05.879+0000] {dagbag.py:588} INFO - Filling up the DagBag from /home/airflow/.local/lib/python3.12/site-packages/airflow/example_dags/example_xcom.py
[2025-04-13T18:56:05.909+0000] {processor.py:925} INFO - DAG(s) 'example_xcom' retrieved from /home/airflow/.local/lib/python3.12/site-packages/airflow/example_dags/example_xcom.py
[2025-04-13T18:56:05.957+0000] {logging_mixin.py:190} INFO - [2025-04-13T18:56:05.956+0000] {dag.py:3239} INFO - Sync 1 DAGs
[2025-04-13T18:56:06.010+0000] {logging_mixin.py:190} INFO - [2025-04-13T18:56:06.010+0000] {dag.py:4180} INFO - Setting next_dagrun for example_xcom to 2021-01-01 00:00:00+00:00, run_after=2021-01-01 00:00:00+00:00
[2025-04-13T18:56:06.051+0000] {processor.py:208} INFO - Processing /home/airflow/.local/lib/python3.12/site-packages/airflow/example_dags/example_xcom.py took 0.193 seconds
[2025-04-13T18:56:36.601+0000] {processor.py:186} INFO - Started process (PID=715) to work on /home/airflow/.local/lib/python3.12/site-packages/airflow/example_dags/example_xcom.py
[2025-04-13T18:56:36.604+0000] {processor.py:914} INFO - Processing file /home/airflow/.local/lib/python3.12/site-packages/airflow/example_dags/example_xcom.py for tasks to queue
[2025-04-13T18:56:36.608+0000] {logging_mixin.py:190} INFO - [2025-04-13T18:56:36.607+0000] {dagbag.py:588} INFO - Filling up the DagBag from /home/airflow/.local/lib/python3.12/site-packages/airflow/example_dags/example_xcom.py
[2025-04-13T18:56:36.634+0000] {processor.py:925} INFO - DAG(s) 'example_xcom' retrieved from /home/airflow/.local/lib/python3.12/site-packages/airflow/example_dags/example_xcom.py
[2025-04-13T18:56:36.685+0000] {logging_mixin.py:190} INFO - [2025-04-13T18:56:36.684+0000] {dag.py:3239} INFO - Sync 1 DAGs
[2025-04-13T18:56:36.714+0000] {logging_mixin.py:190} INFO - [2025-04-13T18:56:36.714+0000] {dag.py:4180} INFO - Setting next_dagrun for example_xcom to 2021-01-01 00:00:00+00:00, run_after=2021-01-01 00:00:00+00:00
[2025-04-13T18:56:36.806+0000] {processor.py:208} INFO - Processing /home/airflow/.local/lib/python3.12/site-packages/airflow/example_dags/example_xcom.py took 0.213 seconds
[2025-04-13T18:57:07.125+0000] {processor.py:186} INFO - Started process (PID=1013) to work on /home/airflow/.local/lib/python3.12/site-packages/airflow/example_dags/example_xcom.py
[2025-04-13T18:57:07.127+0000] {processor.py:914} INFO - Processing file /home/airflow/.local/lib/python3.12/site-packages/airflow/example_dags/example_xcom.py for tasks to queue
[2025-04-13T18:57:07.130+0000] {logging_mixin.py:190} INFO - [2025-04-13T18:57:07.129+0000] {dagbag.py:588} INFO - Filling up the DagBag from /home/airflow/.local/lib/python3.12/site-packages/airflow/example_dags/example_xcom.py
[2025-04-13T18:57:07.150+0000] {processor.py:925} INFO - DAG(s) 'example_xcom' retrieved from /home/airflow/.local/lib/python3.12/site-packages/airflow/example_dags/example_xcom.py
[2025-04-13T18:57:07.182+0000] {logging_mixin.py:190} INFO - [2025-04-13T18:57:07.181+0000] {dag.py:3239} INFO - Sync 1 DAGs
[2025-04-13T18:57:07.256+0000] {logging_mixin.py:190} INFO - [2025-04-13T18:57:07.256+0000] {dag.py:4180} INFO - Setting next_dagrun for example_xcom to 2021-01-01 00:00:00+00:00, run_after=2021-01-01 00:00:00+00:00
[2025-04-13T18:57:07.323+0000] {processor.py:208} INFO - Processing /home/airflow/.local/lib/python3.12/site-packages/airflow/example_dags/example_xcom.py took 0.205 seconds
[2025-04-13T18:57:37.842+0000] {processor.py:186} INFO - Started process (PID=1315) to work on /home/airflow/.local/lib/python3.12/site-packages/airflow/example_dags/example_xcom.py
[2025-04-13T18:57:37.843+0000] {processor.py:914} INFO - Processing file /home/airflow/.local/lib/python3.12/site-packages/airflow/example_dags/example_xcom.py for tasks to queue
[2025-04-13T18:57:37.846+0000] {logging_mixin.py:190} INFO - [2025-04-13T18:57:37.846+0000] {dagbag.py:588} INFO - Filling up the DagBag from /home/airflow/.local/lib/python3.12/site-packages/airflow/example_dags/example_xcom.py
[2025-04-13T18:57:37.861+0000] {processor.py:925} INFO - DAG(s) 'example_xcom' retrieved from /home/airflow/.local/lib/python3.12/site-packages/airflow/example_dags/example_xcom.py
[2025-04-13T18:57:37.886+0000] {logging_mixin.py:190} INFO - [2025-04-13T18:57:37.886+0000] {dag.py:3239} INFO - Sync 1 DAGs
[2025-04-13T18:57:37.917+0000] {logging_mixin.py:190} INFO - [2025-04-13T18:57:37.917+0000] {dag.py:4180} INFO - Setting next_dagrun for example_xcom to 2021-01-01 00:00:00+00:00, run_after=2021-01-01 00:00:00+00:00
[2025-04-13T18:57:37.937+0000] {processor.py:208} INFO - Processing /home/airflow/.local/lib/python3.12/site-packages/airflow/example_dags/example_xcom.py took 0.104 seconds
[2025-04-13T18:58:09.480+0000] {processor.py:186} INFO - Started process (PID=1609) to work on /home/airflow/.local/lib/python3.12/site-packages/airflow/example_dags/example_xcom.py
[2025-04-13T18:58:09.481+0000] {processor.py:914} INFO - Processing file /home/airflow/.local/lib/python3.12/site-packages/airflow/example_dags/example_xcom.py for tasks to queue
[2025-04-13T18:58:09.484+0000] {logging_mixin.py:190} INFO - [2025-04-13T18:58:09.484+0000] {dagbag.py:588} INFO - Filling up the DagBag from /home/airflow/.local/lib/python3.12/site-packages/airflow/example_dags/example_xcom.py
[2025-04-13T18:58:09.503+0000] {processor.py:925} INFO - DAG(s) 'example_xcom' retrieved from /home/airflow/.local/lib/python3.12/site-packages/airflow/example_dags/example_xcom.py
[2025-04-13T18:58:09.533+0000] {logging_mixin.py:190} INFO - [2025-04-13T18:58:09.533+0000] {dag.py:3239} INFO - Sync 1 DAGs
[2025-04-13T18:58:09.567+0000] {logging_mixin.py:190} INFO - [2025-04-13T18:58:09.566+0000] {dag.py:4180} INFO - Setting next_dagrun for example_xcom to 2021-01-01 00:00:00+00:00, run_after=2021-01-01 00:00:00+00:00
[2025-04-13T18:58:09.589+0000] {processor.py:208} INFO - Processing /home/airflow/.local/lib/python3.12/site-packages/airflow/example_dags/example_xcom.py took 0.119 seconds
