[2025-04-13T17:46:50.661+0000] {processor.py:186} INFO - Started process (PID=447) to work on /home/airflow/.local/lib/python3.12/site-packages/airflow/example_dags/example_display_name.py
[2025-04-13T17:46:50.663+0000] {processor.py:914} INFO - Processing file /home/airflow/.local/lib/python3.12/site-packages/airflow/example_dags/example_display_name.py for tasks to queue
[2025-04-13T17:46:50.667+0000] {logging_mixin.py:190} INFO - [2025-04-13T17:46:50.667+0000] {dagbag.py:588} INFO - Filling up the DagBag from /home/airflow/.local/lib/python3.12/site-packages/airflow/example_dags/example_display_name.py
[2025-04-13T17:46:50.681+0000] {processor.py:925} INFO - DAG(s) 'example_display_name' retrieved from /home/airflow/.local/lib/python3.12/site-packages/airflow/example_dags/example_display_name.py
[2025-04-13T17:46:50.922+0000] {logging_mixin.py:190} INFO - [2025-04-13T17:46:50.921+0000] {dag.py:3239} INFO - Sync 1 DAGs
[2025-04-13T17:46:50.941+0000] {logging_mixin.py:190} INFO - [2025-04-13T17:46:50.940+0000] {dag.py:4180} INFO - Setting next_dagrun for example_display_name to None, run_after=None
[2025-04-13T17:46:50.968+0000] {processor.py:208} INFO - Processing /home/airflow/.local/lib/python3.12/site-packages/airflow/example_dags/example_display_name.py took 0.319 seconds
[2025-04-13T17:47:21.542+0000] {processor.py:186} INFO - Started process (PID=740) to work on /home/airflow/.local/lib/python3.12/site-packages/airflow/example_dags/example_display_name.py
[2025-04-13T17:47:21.543+0000] {processor.py:914} INFO - Processing file /home/airflow/.local/lib/python3.12/site-packages/airflow/example_dags/example_display_name.py for tasks to queue
[2025-04-13T17:47:21.546+0000] {logging_mixin.py:190} INFO - [2025-04-13T17:47:21.546+0000] {dagbag.py:588} INFO - Filling up the DagBag from /home/airflow/.local/lib/python3.12/site-packages/airflow/example_dags/example_display_name.py
[2025-04-13T17:47:21.556+0000] {processor.py:925} INFO - DAG(s) 'example_display_name' retrieved from /home/airflow/.local/lib/python3.12/site-packages/airflow/example_dags/example_display_name.py
[2025-04-13T17:47:21.580+0000] {logging_mixin.py:190} INFO - [2025-04-13T17:47:21.580+0000] {dag.py:3239} INFO - Sync 1 DAGs
[2025-04-13T17:47:21.600+0000] {logging_mixin.py:190} INFO - [2025-04-13T17:47:21.600+0000] {dag.py:4180} INFO - Setting next_dagrun for example_display_name to None, run_after=None
[2025-04-13T17:47:21.620+0000] {processor.py:208} INFO - Processing /home/airflow/.local/lib/python3.12/site-packages/airflow/example_dags/example_display_name.py took 0.085 seconds
[2025-04-13T17:47:51.968+0000] {processor.py:186} INFO - Started process (PID=1031) to work on /home/airflow/.local/lib/python3.12/site-packages/airflow/example_dags/example_display_name.py
[2025-04-13T17:47:51.969+0000] {processor.py:914} INFO - Processing file /home/airflow/.local/lib/python3.12/site-packages/airflow/example_dags/example_display_name.py for tasks to queue
[2025-04-13T17:47:51.973+0000] {logging_mixin.py:190} INFO - [2025-04-13T17:47:51.973+0000] {dagbag.py:588} INFO - Filling up the DagBag from /home/airflow/.local/lib/python3.12/site-packages/airflow/example_dags/example_display_name.py
[2025-04-13T17:47:51.982+0000] {processor.py:925} INFO - DAG(s) 'example_display_name' retrieved from /home/airflow/.local/lib/python3.12/site-packages/airflow/example_dags/example_display_name.py
[2025-04-13T17:47:52.008+0000] {logging_mixin.py:190} INFO - [2025-04-13T17:47:52.008+0000] {dag.py:3239} INFO - Sync 1 DAGs
[2025-04-13T17:47:52.028+0000] {logging_mixin.py:190} INFO - [2025-04-13T17:47:52.028+0000] {dag.py:4180} INFO - Setting next_dagrun for example_display_name to None, run_after=None
[2025-04-13T17:47:52.047+0000] {processor.py:208} INFO - Processing /home/airflow/.local/lib/python3.12/site-packages/airflow/example_dags/example_display_name.py took 0.087 seconds
[2025-04-13T17:48:22.475+0000] {processor.py:186} INFO - Started process (PID=1322) to work on /home/airflow/.local/lib/python3.12/site-packages/airflow/example_dags/example_display_name.py
[2025-04-13T17:48:22.476+0000] {processor.py:914} INFO - Processing file /home/airflow/.local/lib/python3.12/site-packages/airflow/example_dags/example_display_name.py for tasks to queue
[2025-04-13T17:48:22.480+0000] {logging_mixin.py:190} INFO - [2025-04-13T17:48:22.480+0000] {dagbag.py:588} INFO - Filling up the DagBag from /home/airflow/.local/lib/python3.12/site-packages/airflow/example_dags/example_display_name.py
[2025-04-13T17:48:22.489+0000] {processor.py:925} INFO - DAG(s) 'example_display_name' retrieved from /home/airflow/.local/lib/python3.12/site-packages/airflow/example_dags/example_display_name.py
[2025-04-13T17:48:22.513+0000] {logging_mixin.py:190} INFO - [2025-04-13T17:48:22.512+0000] {dag.py:3239} INFO - Sync 1 DAGs
[2025-04-13T17:48:22.531+0000] {logging_mixin.py:190} INFO - [2025-04-13T17:48:22.531+0000] {dag.py:4180} INFO - Setting next_dagrun for example_display_name to None, run_after=None
[2025-04-13T17:48:22.554+0000] {processor.py:208} INFO - Processing /home/airflow/.local/lib/python3.12/site-packages/airflow/example_dags/example_display_name.py took 0.086 seconds
[2025-04-13T17:48:53.427+0000] {processor.py:186} INFO - Started process (PID=1611) to work on /home/airflow/.local/lib/python3.12/site-packages/airflow/example_dags/example_display_name.py
[2025-04-13T17:48:53.428+0000] {processor.py:914} INFO - Processing file /home/airflow/.local/lib/python3.12/site-packages/airflow/example_dags/example_display_name.py for tasks to queue
[2025-04-13T17:48:53.433+0000] {logging_mixin.py:190} INFO - [2025-04-13T17:48:53.433+0000] {dagbag.py:588} INFO - Filling up the DagBag from /home/airflow/.local/lib/python3.12/site-packages/airflow/example_dags/example_display_name.py
[2025-04-13T17:48:53.445+0000] {processor.py:925} INFO - DAG(s) 'example_display_name' retrieved from /home/airflow/.local/lib/python3.12/site-packages/airflow/example_dags/example_display_name.py
[2025-04-13T17:48:53.471+0000] {logging_mixin.py:190} INFO - [2025-04-13T17:48:53.471+0000] {dag.py:3239} INFO - Sync 1 DAGs
[2025-04-13T17:48:53.493+0000] {logging_mixin.py:190} INFO - [2025-04-13T17:48:53.492+0000] {dag.py:4180} INFO - Setting next_dagrun for example_display_name to None, run_after=None
[2025-04-13T17:48:53.518+0000] {processor.py:208} INFO - Processing /home/airflow/.local/lib/python3.12/site-packages/airflow/example_dags/example_display_name.py took 0.099 seconds
[2025-04-13T17:49:24.773+0000] {processor.py:186} INFO - Started process (PID=1908) to work on /home/airflow/.local/lib/python3.12/site-packages/airflow/example_dags/example_display_name.py
[2025-04-13T17:49:24.775+0000] {processor.py:914} INFO - Processing file /home/airflow/.local/lib/python3.12/site-packages/airflow/example_dags/example_display_name.py for tasks to queue
[2025-04-13T17:49:24.779+0000] {logging_mixin.py:190} INFO - [2025-04-13T17:49:24.778+0000] {dagbag.py:588} INFO - Filling up the DagBag from /home/airflow/.local/lib/python3.12/site-packages/airflow/example_dags/example_display_name.py
[2025-04-13T17:49:24.788+0000] {processor.py:925} INFO - DAG(s) 'example_display_name' retrieved from /home/airflow/.local/lib/python3.12/site-packages/airflow/example_dags/example_display_name.py
[2025-04-13T17:49:24.812+0000] {logging_mixin.py:190} INFO - [2025-04-13T17:49:24.811+0000] {dag.py:3239} INFO - Sync 1 DAGs
[2025-04-13T17:49:24.829+0000] {logging_mixin.py:190} INFO - [2025-04-13T17:49:24.829+0000] {dag.py:4180} INFO - Setting next_dagrun for example_display_name to None, run_after=None
[2025-04-13T17:49:24.855+0000] {processor.py:208} INFO - Processing /home/airflow/.local/lib/python3.12/site-packages/airflow/example_dags/example_display_name.py took 0.089 seconds
[2025-04-13T17:49:54.931+0000] {processor.py:186} INFO - Started process (PID=2194) to work on /home/airflow/.local/lib/python3.12/site-packages/airflow/example_dags/example_display_name.py
[2025-04-13T17:49:54.933+0000] {processor.py:914} INFO - Processing file /home/airflow/.local/lib/python3.12/site-packages/airflow/example_dags/example_display_name.py for tasks to queue
[2025-04-13T17:49:54.936+0000] {logging_mixin.py:190} INFO - [2025-04-13T17:49:54.936+0000] {dagbag.py:588} INFO - Filling up the DagBag from /home/airflow/.local/lib/python3.12/site-packages/airflow/example_dags/example_display_name.py
[2025-04-13T17:49:54.945+0000] {processor.py:925} INFO - DAG(s) 'example_display_name' retrieved from /home/airflow/.local/lib/python3.12/site-packages/airflow/example_dags/example_display_name.py
[2025-04-13T17:49:54.972+0000] {logging_mixin.py:190} INFO - [2025-04-13T17:49:54.971+0000] {dag.py:3239} INFO - Sync 1 DAGs
[2025-04-13T17:49:54.990+0000] {logging_mixin.py:190} INFO - [2025-04-13T17:49:54.990+0000] {dag.py:4180} INFO - Setting next_dagrun for example_display_name to None, run_after=None
[2025-04-13T17:49:55.020+0000] {processor.py:208} INFO - Processing /home/airflow/.local/lib/python3.12/site-packages/airflow/example_dags/example_display_name.py took 0.097 seconds
[2025-04-13T17:50:25.639+0000] {processor.py:186} INFO - Started process (PID=2485) to work on /home/airflow/.local/lib/python3.12/site-packages/airflow/example_dags/example_display_name.py
[2025-04-13T17:50:25.640+0000] {processor.py:914} INFO - Processing file /home/airflow/.local/lib/python3.12/site-packages/airflow/example_dags/example_display_name.py for tasks to queue
[2025-04-13T17:50:25.643+0000] {logging_mixin.py:190} INFO - [2025-04-13T17:50:25.643+0000] {dagbag.py:588} INFO - Filling up the DagBag from /home/airflow/.local/lib/python3.12/site-packages/airflow/example_dags/example_display_name.py
[2025-04-13T17:50:25.655+0000] {processor.py:925} INFO - DAG(s) 'example_display_name' retrieved from /home/airflow/.local/lib/python3.12/site-packages/airflow/example_dags/example_display_name.py
[2025-04-13T17:50:25.678+0000] {logging_mixin.py:190} INFO - [2025-04-13T17:50:25.678+0000] {dag.py:3239} INFO - Sync 1 DAGs
[2025-04-13T17:50:25.702+0000] {logging_mixin.py:190} INFO - [2025-04-13T17:50:25.702+0000] {dag.py:4180} INFO - Setting next_dagrun for example_display_name to None, run_after=None
[2025-04-13T17:50:25.784+0000] {processor.py:208} INFO - Processing /home/airflow/.local/lib/python3.12/site-packages/airflow/example_dags/example_display_name.py took 0.154 seconds
[2025-04-13T17:50:56.273+0000] {processor.py:186} INFO - Started process (PID=2776) to work on /home/airflow/.local/lib/python3.12/site-packages/airflow/example_dags/example_display_name.py
[2025-04-13T17:50:56.274+0000] {processor.py:914} INFO - Processing file /home/airflow/.local/lib/python3.12/site-packages/airflow/example_dags/example_display_name.py for tasks to queue
[2025-04-13T17:50:56.278+0000] {logging_mixin.py:190} INFO - [2025-04-13T17:50:56.277+0000] {dagbag.py:588} INFO - Filling up the DagBag from /home/airflow/.local/lib/python3.12/site-packages/airflow/example_dags/example_display_name.py
[2025-04-13T17:50:56.288+0000] {processor.py:925} INFO - DAG(s) 'example_display_name' retrieved from /home/airflow/.local/lib/python3.12/site-packages/airflow/example_dags/example_display_name.py
[2025-04-13T17:50:56.318+0000] {logging_mixin.py:190} INFO - [2025-04-13T17:50:56.318+0000] {dag.py:3239} INFO - Sync 1 DAGs
[2025-04-13T17:50:56.340+0000] {logging_mixin.py:190} INFO - [2025-04-13T17:50:56.339+0000] {dag.py:4180} INFO - Setting next_dagrun for example_display_name to None, run_after=None
[2025-04-13T17:50:56.367+0000] {processor.py:208} INFO - Processing /home/airflow/.local/lib/python3.12/site-packages/airflow/example_dags/example_display_name.py took 0.101 seconds
[2025-04-13T17:51:28.214+0000] {processor.py:186} INFO - Started process (PID=3067) to work on /home/airflow/.local/lib/python3.12/site-packages/airflow/example_dags/example_display_name.py
[2025-04-13T17:51:28.215+0000] {processor.py:914} INFO - Processing file /home/airflow/.local/lib/python3.12/site-packages/airflow/example_dags/example_display_name.py for tasks to queue
[2025-04-13T17:51:28.219+0000] {logging_mixin.py:190} INFO - [2025-04-13T17:51:28.218+0000] {dagbag.py:588} INFO - Filling up the DagBag from /home/airflow/.local/lib/python3.12/site-packages/airflow/example_dags/example_display_name.py
[2025-04-13T17:51:28.228+0000] {processor.py:925} INFO - DAG(s) 'example_display_name' retrieved from /home/airflow/.local/lib/python3.12/site-packages/airflow/example_dags/example_display_name.py
[2025-04-13T17:51:28.253+0000] {logging_mixin.py:190} INFO - [2025-04-13T17:51:28.252+0000] {dag.py:3239} INFO - Sync 1 DAGs
[2025-04-13T17:51:28.272+0000] {logging_mixin.py:190} INFO - [2025-04-13T17:51:28.272+0000] {dag.py:4180} INFO - Setting next_dagrun for example_display_name to None, run_after=None
[2025-04-13T17:51:28.296+0000] {processor.py:208} INFO - Processing /home/airflow/.local/lib/python3.12/site-packages/airflow/example_dags/example_display_name.py took 0.092 seconds
[2025-04-13T18:56:06.860+0000] {processor.py:186} INFO - Started process (PID=455) to work on /home/airflow/.local/lib/python3.12/site-packages/airflow/example_dags/example_display_name.py
[2025-04-13T18:56:06.862+0000] {processor.py:914} INFO - Processing file /home/airflow/.local/lib/python3.12/site-packages/airflow/example_dags/example_display_name.py for tasks to queue
[2025-04-13T18:56:06.868+0000] {logging_mixin.py:190} INFO - [2025-04-13T18:56:06.867+0000] {dagbag.py:588} INFO - Filling up the DagBag from /home/airflow/.local/lib/python3.12/site-packages/airflow/example_dags/example_display_name.py
[2025-04-13T18:56:06.888+0000] {processor.py:925} INFO - DAG(s) 'example_display_name' retrieved from /home/airflow/.local/lib/python3.12/site-packages/airflow/example_dags/example_display_name.py
[2025-04-13T18:56:06.928+0000] {logging_mixin.py:190} INFO - [2025-04-13T18:56:06.927+0000] {dag.py:3239} INFO - Sync 1 DAGs
[2025-04-13T18:56:06.969+0000] {logging_mixin.py:190} INFO - [2025-04-13T18:56:06.968+0000] {dag.py:4180} INFO - Setting next_dagrun for example_display_name to None, run_after=None
[2025-04-13T18:56:07.006+0000] {processor.py:208} INFO - Processing /home/airflow/.local/lib/python3.12/site-packages/airflow/example_dags/example_display_name.py took 0.163 seconds
[2025-04-13T18:56:37.425+0000] {processor.py:186} INFO - Started process (PID=745) to work on /home/airflow/.local/lib/python3.12/site-packages/airflow/example_dags/example_display_name.py
[2025-04-13T18:56:37.428+0000] {processor.py:914} INFO - Processing file /home/airflow/.local/lib/python3.12/site-packages/airflow/example_dags/example_display_name.py for tasks to queue
[2025-04-13T18:56:37.431+0000] {logging_mixin.py:190} INFO - [2025-04-13T18:56:37.431+0000] {dagbag.py:588} INFO - Filling up the DagBag from /home/airflow/.local/lib/python3.12/site-packages/airflow/example_dags/example_display_name.py
[2025-04-13T18:56:37.441+0000] {processor.py:925} INFO - DAG(s) 'example_display_name' retrieved from /home/airflow/.local/lib/python3.12/site-packages/airflow/example_dags/example_display_name.py
[2025-04-13T18:56:37.478+0000] {logging_mixin.py:190} INFO - [2025-04-13T18:56:37.477+0000] {dag.py:3239} INFO - Sync 1 DAGs
[2025-04-13T18:56:37.505+0000] {logging_mixin.py:190} INFO - [2025-04-13T18:56:37.505+0000] {dag.py:4180} INFO - Setting next_dagrun for example_display_name to None, run_after=None
[2025-04-13T18:56:37.551+0000] {processor.py:208} INFO - Processing /home/airflow/.local/lib/python3.12/site-packages/airflow/example_dags/example_display_name.py took 0.134 seconds
[2025-04-13T18:57:08.031+0000] {processor.py:186} INFO - Started process (PID=1047) to work on /home/airflow/.local/lib/python3.12/site-packages/airflow/example_dags/example_display_name.py
[2025-04-13T18:57:08.033+0000] {processor.py:914} INFO - Processing file /home/airflow/.local/lib/python3.12/site-packages/airflow/example_dags/example_display_name.py for tasks to queue
[2025-04-13T18:57:08.038+0000] {logging_mixin.py:190} INFO - [2025-04-13T18:57:08.037+0000] {dagbag.py:588} INFO - Filling up the DagBag from /home/airflow/.local/lib/python3.12/site-packages/airflow/example_dags/example_display_name.py
[2025-04-13T18:57:08.048+0000] {processor.py:925} INFO - DAG(s) 'example_display_name' retrieved from /home/airflow/.local/lib/python3.12/site-packages/airflow/example_dags/example_display_name.py
[2025-04-13T18:57:08.106+0000] {logging_mixin.py:190} INFO - [2025-04-13T18:57:08.106+0000] {dag.py:3239} INFO - Sync 1 DAGs
[2025-04-13T18:57:08.148+0000] {logging_mixin.py:190} INFO - [2025-04-13T18:57:08.147+0000] {dag.py:4180} INFO - Setting next_dagrun for example_display_name to None, run_after=None
[2025-04-13T18:57:08.189+0000] {processor.py:208} INFO - Processing /home/airflow/.local/lib/python3.12/site-packages/airflow/example_dags/example_display_name.py took 0.165 seconds
[2025-04-13T18:57:38.512+0000] {processor.py:186} INFO - Started process (PID=1343) to work on /home/airflow/.local/lib/python3.12/site-packages/airflow/example_dags/example_display_name.py
[2025-04-13T18:57:38.514+0000] {processor.py:914} INFO - Processing file /home/airflow/.local/lib/python3.12/site-packages/airflow/example_dags/example_display_name.py for tasks to queue
[2025-04-13T18:57:38.518+0000] {logging_mixin.py:190} INFO - [2025-04-13T18:57:38.517+0000] {dagbag.py:588} INFO - Filling up the DagBag from /home/airflow/.local/lib/python3.12/site-packages/airflow/example_dags/example_display_name.py
[2025-04-13T18:57:38.530+0000] {processor.py:925} INFO - DAG(s) 'example_display_name' retrieved from /home/airflow/.local/lib/python3.12/site-packages/airflow/example_dags/example_display_name.py
[2025-04-13T18:57:38.555+0000] {logging_mixin.py:190} INFO - [2025-04-13T18:57:38.555+0000] {dag.py:3239} INFO - Sync 1 DAGs
[2025-04-13T18:57:38.580+0000] {logging_mixin.py:190} INFO - [2025-04-13T18:57:38.580+0000] {dag.py:4180} INFO - Setting next_dagrun for example_display_name to None, run_after=None
[2025-04-13T18:57:38.609+0000] {processor.py:208} INFO - Processing /home/airflow/.local/lib/python3.12/site-packages/airflow/example_dags/example_display_name.py took 0.106 seconds
[2025-04-13T18:58:09.945+0000] {processor.py:186} INFO - Started process (PID=1639) to work on /home/airflow/.local/lib/python3.12/site-packages/airflow/example_dags/example_display_name.py
[2025-04-13T18:58:09.947+0000] {processor.py:914} INFO - Processing file /home/airflow/.local/lib/python3.12/site-packages/airflow/example_dags/example_display_name.py for tasks to queue
[2025-04-13T18:58:09.950+0000] {logging_mixin.py:190} INFO - [2025-04-13T18:58:09.949+0000] {dagbag.py:588} INFO - Filling up the DagBag from /home/airflow/.local/lib/python3.12/site-packages/airflow/example_dags/example_display_name.py
[2025-04-13T18:58:09.959+0000] {processor.py:925} INFO - DAG(s) 'example_display_name' retrieved from /home/airflow/.local/lib/python3.12/site-packages/airflow/example_dags/example_display_name.py
[2025-04-13T18:58:09.984+0000] {logging_mixin.py:190} INFO - [2025-04-13T18:58:09.984+0000] {dag.py:3239} INFO - Sync 1 DAGs
[2025-04-13T18:58:10.005+0000] {logging_mixin.py:190} INFO - [2025-04-13T18:58:10.005+0000] {dag.py:4180} INFO - Setting next_dagrun for example_display_name to None, run_after=None
[2025-04-13T18:58:10.030+0000] {processor.py:208} INFO - Processing /home/airflow/.local/lib/python3.12/site-packages/airflow/example_dags/example_display_name.py took 0.093 seconds
