[2025-04-13T17:46:49.654+0000] {processor.py:186} INFO - Started process (PID=422) to work on /home/airflow/.local/lib/python3.12/site-packages/airflow/example_dags/example_latest_only_with_trigger.py
[2025-04-13T17:46:49.656+0000] {processor.py:914} INFO - Processing file /home/airflow/.local/lib/python3.12/site-packages/airflow/example_dags/example_latest_only_with_trigger.py for tasks to queue
[2025-04-13T17:46:49.661+0000] {logging_mixin.py:190} INFO - [2025-04-13T17:46:49.659+0000] {dagbag.py:588} INFO - Filling up the DagBag from /home/airflow/.local/lib/python3.12/site-packages/airflow/example_dags/example_latest_only_with_trigger.py
[2025-04-13T17:46:49.677+0000] {processor.py:925} INFO - DAG(s) 'latest_only_with_trigger' retrieved from /home/airflow/.local/lib/python3.12/site-packages/airflow/example_dags/example_latest_only_with_trigger.py
[2025-04-13T17:46:49.867+0000] {logging_mixin.py:190} INFO - [2025-04-13T17:46:49.867+0000] {dag.py:3239} INFO - Sync 1 DAGs
[2025-04-13T17:46:49.903+0000] {logging_mixin.py:190} INFO - [2025-04-13T17:46:49.903+0000] {dag.py:4180} INFO - Setting next_dagrun for latest_only_with_trigger to 2025-04-13 12:00:00+00:00, run_after=2025-04-13 16:00:00+00:00
[2025-04-13T17:46:49.929+0000] {processor.py:208} INFO - Processing /home/airflow/.local/lib/python3.12/site-packages/airflow/example_dags/example_latest_only_with_trigger.py took 0.287 seconds
[2025-04-13T17:47:20.848+0000] {processor.py:186} INFO - Started process (PID=715) to work on /home/airflow/.local/lib/python3.12/site-packages/airflow/example_dags/example_latest_only_with_trigger.py
[2025-04-13T17:47:20.850+0000] {processor.py:914} INFO - Processing file /home/airflow/.local/lib/python3.12/site-packages/airflow/example_dags/example_latest_only_with_trigger.py for tasks to queue
[2025-04-13T17:47:20.854+0000] {logging_mixin.py:190} INFO - [2025-04-13T17:47:20.853+0000] {dagbag.py:588} INFO - Filling up the DagBag from /home/airflow/.local/lib/python3.12/site-packages/airflow/example_dags/example_latest_only_with_trigger.py
[2025-04-13T17:47:20.863+0000] {processor.py:925} INFO - DAG(s) 'latest_only_with_trigger' retrieved from /home/airflow/.local/lib/python3.12/site-packages/airflow/example_dags/example_latest_only_with_trigger.py
[2025-04-13T17:47:20.894+0000] {logging_mixin.py:190} INFO - [2025-04-13T17:47:20.893+0000] {dag.py:3239} INFO - Sync 1 DAGs
[2025-04-13T17:47:20.928+0000] {logging_mixin.py:190} INFO - [2025-04-13T17:47:20.927+0000] {dag.py:4180} INFO - Setting next_dagrun for latest_only_with_trigger to 2025-04-13 12:00:00+00:00, run_after=2025-04-13 16:00:00+00:00
[2025-04-13T17:47:20.953+0000] {processor.py:208} INFO - Processing /home/airflow/.local/lib/python3.12/site-packages/airflow/example_dags/example_latest_only_with_trigger.py took 0.112 seconds
[2025-04-13T17:47:51.464+0000] {processor.py:186} INFO - Started process (PID=1006) to work on /home/airflow/.local/lib/python3.12/site-packages/airflow/example_dags/example_latest_only_with_trigger.py
[2025-04-13T17:47:51.465+0000] {processor.py:914} INFO - Processing file /home/airflow/.local/lib/python3.12/site-packages/airflow/example_dags/example_latest_only_with_trigger.py for tasks to queue
[2025-04-13T17:47:51.468+0000] {logging_mixin.py:190} INFO - [2025-04-13T17:47:51.468+0000] {dagbag.py:588} INFO - Filling up the DagBag from /home/airflow/.local/lib/python3.12/site-packages/airflow/example_dags/example_latest_only_with_trigger.py
[2025-04-13T17:47:51.477+0000] {processor.py:925} INFO - DAG(s) 'latest_only_with_trigger' retrieved from /home/airflow/.local/lib/python3.12/site-packages/airflow/example_dags/example_latest_only_with_trigger.py
[2025-04-13T17:47:51.503+0000] {logging_mixin.py:190} INFO - [2025-04-13T17:47:51.503+0000] {dag.py:3239} INFO - Sync 1 DAGs
[2025-04-13T17:47:51.535+0000] {logging_mixin.py:190} INFO - [2025-04-13T17:47:51.535+0000] {dag.py:4180} INFO - Setting next_dagrun for latest_only_with_trigger to 2025-04-13 12:00:00+00:00, run_after=2025-04-13 16:00:00+00:00
[2025-04-13T17:47:51.560+0000] {processor.py:208} INFO - Processing /home/airflow/.local/lib/python3.12/site-packages/airflow/example_dags/example_latest_only_with_trigger.py took 0.104 seconds
[2025-04-13T17:48:21.832+0000] {processor.py:186} INFO - Started process (PID=1297) to work on /home/airflow/.local/lib/python3.12/site-packages/airflow/example_dags/example_latest_only_with_trigger.py
[2025-04-13T17:48:21.834+0000] {processor.py:914} INFO - Processing file /home/airflow/.local/lib/python3.12/site-packages/airflow/example_dags/example_latest_only_with_trigger.py for tasks to queue
[2025-04-13T17:48:21.837+0000] {logging_mixin.py:190} INFO - [2025-04-13T17:48:21.837+0000] {dagbag.py:588} INFO - Filling up the DagBag from /home/airflow/.local/lib/python3.12/site-packages/airflow/example_dags/example_latest_only_with_trigger.py
[2025-04-13T17:48:21.847+0000] {processor.py:925} INFO - DAG(s) 'latest_only_with_trigger' retrieved from /home/airflow/.local/lib/python3.12/site-packages/airflow/example_dags/example_latest_only_with_trigger.py
[2025-04-13T17:48:21.975+0000] {logging_mixin.py:190} INFO - [2025-04-13T17:48:21.975+0000] {dag.py:3239} INFO - Sync 1 DAGs
[2025-04-13T17:48:22.018+0000] {logging_mixin.py:190} INFO - [2025-04-13T17:48:22.018+0000] {dag.py:4180} INFO - Setting next_dagrun for latest_only_with_trigger to 2025-04-13 12:00:00+00:00, run_after=2025-04-13 16:00:00+00:00
[2025-04-13T17:48:22.049+0000] {processor.py:208} INFO - Processing /home/airflow/.local/lib/python3.12/site-packages/airflow/example_dags/example_latest_only_with_trigger.py took 0.228 seconds
[2025-04-13T17:48:52.760+0000] {processor.py:186} INFO - Started process (PID=1586) to work on /home/airflow/.local/lib/python3.12/site-packages/airflow/example_dags/example_latest_only_with_trigger.py
[2025-04-13T17:48:52.761+0000] {processor.py:914} INFO - Processing file /home/airflow/.local/lib/python3.12/site-packages/airflow/example_dags/example_latest_only_with_trigger.py for tasks to queue
[2025-04-13T17:48:52.764+0000] {logging_mixin.py:190} INFO - [2025-04-13T17:48:52.764+0000] {dagbag.py:588} INFO - Filling up the DagBag from /home/airflow/.local/lib/python3.12/site-packages/airflow/example_dags/example_latest_only_with_trigger.py
[2025-04-13T17:48:52.775+0000] {processor.py:925} INFO - DAG(s) 'latest_only_with_trigger' retrieved from /home/airflow/.local/lib/python3.12/site-packages/airflow/example_dags/example_latest_only_with_trigger.py
[2025-04-13T17:48:52.809+0000] {logging_mixin.py:190} INFO - [2025-04-13T17:48:52.809+0000] {dag.py:3239} INFO - Sync 1 DAGs
[2025-04-13T17:48:52.847+0000] {logging_mixin.py:190} INFO - [2025-04-13T17:48:52.847+0000] {dag.py:4180} INFO - Setting next_dagrun for latest_only_with_trigger to 2025-04-13 12:00:00+00:00, run_after=2025-04-13 16:00:00+00:00
[2025-04-13T17:48:52.873+0000] {processor.py:208} INFO - Processing /home/airflow/.local/lib/python3.12/site-packages/airflow/example_dags/example_latest_only_with_trigger.py took 0.121 seconds
[2025-04-13T17:49:23.090+0000] {processor.py:186} INFO - Started process (PID=1874) to work on /home/airflow/.local/lib/python3.12/site-packages/airflow/example_dags/example_latest_only_with_trigger.py
[2025-04-13T17:49:23.092+0000] {processor.py:914} INFO - Processing file /home/airflow/.local/lib/python3.12/site-packages/airflow/example_dags/example_latest_only_with_trigger.py for tasks to queue
[2025-04-13T17:49:23.096+0000] {logging_mixin.py:190} INFO - [2025-04-13T17:49:23.096+0000] {dagbag.py:588} INFO - Filling up the DagBag from /home/airflow/.local/lib/python3.12/site-packages/airflow/example_dags/example_latest_only_with_trigger.py
[2025-04-13T17:49:23.112+0000] {processor.py:925} INFO - DAG(s) 'latest_only_with_trigger' retrieved from /home/airflow/.local/lib/python3.12/site-packages/airflow/example_dags/example_latest_only_with_trigger.py
[2025-04-13T17:49:23.146+0000] {logging_mixin.py:190} INFO - [2025-04-13T17:49:23.144+0000] {dag.py:3239} INFO - Sync 1 DAGs
[2025-04-13T17:49:23.181+0000] {logging_mixin.py:190} INFO - [2025-04-13T17:49:23.181+0000] {dag.py:4180} INFO - Setting next_dagrun for latest_only_with_trigger to 2025-04-13 12:00:00+00:00, run_after=2025-04-13 16:00:00+00:00
[2025-04-13T17:49:23.203+0000] {processor.py:208} INFO - Processing /home/airflow/.local/lib/python3.12/site-packages/airflow/example_dags/example_latest_only_with_trigger.py took 0.121 seconds
[2025-04-13T17:49:53.581+0000] {processor.py:186} INFO - Started process (PID=2165) to work on /home/airflow/.local/lib/python3.12/site-packages/airflow/example_dags/example_latest_only_with_trigger.py
[2025-04-13T17:49:53.582+0000] {processor.py:914} INFO - Processing file /home/airflow/.local/lib/python3.12/site-packages/airflow/example_dags/example_latest_only_with_trigger.py for tasks to queue
[2025-04-13T17:49:53.585+0000] {logging_mixin.py:190} INFO - [2025-04-13T17:49:53.584+0000] {dagbag.py:588} INFO - Filling up the DagBag from /home/airflow/.local/lib/python3.12/site-packages/airflow/example_dags/example_latest_only_with_trigger.py
[2025-04-13T17:49:53.593+0000] {processor.py:925} INFO - DAG(s) 'latest_only_with_trigger' retrieved from /home/airflow/.local/lib/python3.12/site-packages/airflow/example_dags/example_latest_only_with_trigger.py
[2025-04-13T17:49:53.620+0000] {logging_mixin.py:190} INFO - [2025-04-13T17:49:53.620+0000] {dag.py:3239} INFO - Sync 1 DAGs
[2025-04-13T17:49:53.649+0000] {logging_mixin.py:190} INFO - [2025-04-13T17:49:53.648+0000] {dag.py:4180} INFO - Setting next_dagrun for latest_only_with_trigger to 2025-04-13 12:00:00+00:00, run_after=2025-04-13 16:00:00+00:00
[2025-04-13T17:49:53.671+0000] {processor.py:208} INFO - Processing /home/airflow/.local/lib/python3.12/site-packages/airflow/example_dags/example_latest_only_with_trigger.py took 0.098 seconds
[2025-04-13T17:50:24.231+0000] {processor.py:186} INFO - Started process (PID=2456) to work on /home/airflow/.local/lib/python3.12/site-packages/airflow/example_dags/example_latest_only_with_trigger.py
[2025-04-13T17:50:24.232+0000] {processor.py:914} INFO - Processing file /home/airflow/.local/lib/python3.12/site-packages/airflow/example_dags/example_latest_only_with_trigger.py for tasks to queue
[2025-04-13T17:50:24.236+0000] {logging_mixin.py:190} INFO - [2025-04-13T17:50:24.235+0000] {dagbag.py:588} INFO - Filling up the DagBag from /home/airflow/.local/lib/python3.12/site-packages/airflow/example_dags/example_latest_only_with_trigger.py
[2025-04-13T17:50:24.246+0000] {processor.py:925} INFO - DAG(s) 'latest_only_with_trigger' retrieved from /home/airflow/.local/lib/python3.12/site-packages/airflow/example_dags/example_latest_only_with_trigger.py
[2025-04-13T17:50:24.273+0000] {logging_mixin.py:190} INFO - [2025-04-13T17:50:24.272+0000] {dag.py:3239} INFO - Sync 1 DAGs
[2025-04-13T17:50:24.302+0000] {logging_mixin.py:190} INFO - [2025-04-13T17:50:24.301+0000] {dag.py:4180} INFO - Setting next_dagrun for latest_only_with_trigger to 2025-04-13 12:00:00+00:00, run_after=2025-04-13 16:00:00+00:00
[2025-04-13T17:50:24.325+0000] {processor.py:208} INFO - Processing /home/airflow/.local/lib/python3.12/site-packages/airflow/example_dags/example_latest_only_with_trigger.py took 0.102 seconds
[2025-04-13T17:50:54.568+0000] {processor.py:186} INFO - Started process (PID=2745) to work on /home/airflow/.local/lib/python3.12/site-packages/airflow/example_dags/example_latest_only_with_trigger.py
[2025-04-13T17:50:54.569+0000] {processor.py:914} INFO - Processing file /home/airflow/.local/lib/python3.12/site-packages/airflow/example_dags/example_latest_only_with_trigger.py for tasks to queue
[2025-04-13T17:50:54.572+0000] {logging_mixin.py:190} INFO - [2025-04-13T17:50:54.572+0000] {dagbag.py:588} INFO - Filling up the DagBag from /home/airflow/.local/lib/python3.12/site-packages/airflow/example_dags/example_latest_only_with_trigger.py
[2025-04-13T17:50:54.582+0000] {processor.py:925} INFO - DAG(s) 'latest_only_with_trigger' retrieved from /home/airflow/.local/lib/python3.12/site-packages/airflow/example_dags/example_latest_only_with_trigger.py
[2025-04-13T17:50:54.609+0000] {logging_mixin.py:190} INFO - [2025-04-13T17:50:54.609+0000] {dag.py:3239} INFO - Sync 1 DAGs
[2025-04-13T17:50:54.637+0000] {logging_mixin.py:190} INFO - [2025-04-13T17:50:54.637+0000] {dag.py:4180} INFO - Setting next_dagrun for latest_only_with_trigger to 2025-04-13 12:00:00+00:00, run_after=2025-04-13 16:00:00+00:00
[2025-04-13T17:50:54.666+0000] {processor.py:208} INFO - Processing /home/airflow/.local/lib/python3.12/site-packages/airflow/example_dags/example_latest_only_with_trigger.py took 0.106 seconds
[2025-04-13T17:51:26.363+0000] {processor.py:186} INFO - Started process (PID=3037) to work on /home/airflow/.local/lib/python3.12/site-packages/airflow/example_dags/example_latest_only_with_trigger.py
[2025-04-13T17:51:26.372+0000] {processor.py:914} INFO - Processing file /home/airflow/.local/lib/python3.12/site-packages/airflow/example_dags/example_latest_only_with_trigger.py for tasks to queue
[2025-04-13T17:51:26.396+0000] {logging_mixin.py:190} INFO - [2025-04-13T17:51:26.394+0000] {dagbag.py:588} INFO - Filling up the DagBag from /home/airflow/.local/lib/python3.12/site-packages/airflow/example_dags/example_latest_only_with_trigger.py
[2025-04-13T17:51:26.475+0000] {processor.py:925} INFO - DAG(s) 'latest_only_with_trigger' retrieved from /home/airflow/.local/lib/python3.12/site-packages/airflow/example_dags/example_latest_only_with_trigger.py
[2025-04-13T17:51:26.527+0000] {logging_mixin.py:190} INFO - [2025-04-13T17:51:26.526+0000] {dag.py:3239} INFO - Sync 1 DAGs
[2025-04-13T17:51:26.573+0000] {logging_mixin.py:190} INFO - [2025-04-13T17:51:26.571+0000] {dag.py:4180} INFO - Setting next_dagrun for latest_only_with_trigger to 2025-04-13 12:00:00+00:00, run_after=2025-04-13 16:00:00+00:00
[2025-04-13T17:51:26.611+0000] {processor.py:208} INFO - Processing /home/airflow/.local/lib/python3.12/site-packages/airflow/example_dags/example_latest_only_with_trigger.py took 0.283 seconds
[2025-04-13T18:56:05.937+0000] {processor.py:186} INFO - Started process (PID=424) to work on /home/airflow/.local/lib/python3.12/site-packages/airflow/example_dags/example_latest_only_with_trigger.py
[2025-04-13T18:56:05.939+0000] {processor.py:914} INFO - Processing file /home/airflow/.local/lib/python3.12/site-packages/airflow/example_dags/example_latest_only_with_trigger.py for tasks to queue
[2025-04-13T18:56:05.946+0000] {logging_mixin.py:190} INFO - [2025-04-13T18:56:05.944+0000] {dagbag.py:588} INFO - Filling up the DagBag from /home/airflow/.local/lib/python3.12/site-packages/airflow/example_dags/example_latest_only_with_trigger.py
[2025-04-13T18:56:05.963+0000] {processor.py:925} INFO - DAG(s) 'latest_only_with_trigger' retrieved from /home/airflow/.local/lib/python3.12/site-packages/airflow/example_dags/example_latest_only_with_trigger.py
[2025-04-13T18:56:06.016+0000] {logging_mixin.py:190} INFO - [2025-04-13T18:56:06.016+0000] {dag.py:3239} INFO - Sync 1 DAGs
[2025-04-13T18:56:06.061+0000] {logging_mixin.py:190} INFO - [2025-04-13T18:56:06.060+0000] {dag.py:4180} INFO - Setting next_dagrun for latest_only_with_trigger to 2025-04-13 12:00:00+00:00, run_after=2025-04-13 16:00:00+00:00
[2025-04-13T18:56:06.100+0000] {processor.py:208} INFO - Processing /home/airflow/.local/lib/python3.12/site-packages/airflow/example_dags/example_latest_only_with_trigger.py took 0.176 seconds
[2025-04-13T18:56:36.646+0000] {processor.py:186} INFO - Started process (PID=720) to work on /home/airflow/.local/lib/python3.12/site-packages/airflow/example_dags/example_latest_only_with_trigger.py
[2025-04-13T18:56:36.652+0000] {processor.py:914} INFO - Processing file /home/airflow/.local/lib/python3.12/site-packages/airflow/example_dags/example_latest_only_with_trigger.py for tasks to queue
[2025-04-13T18:56:36.655+0000] {logging_mixin.py:190} INFO - [2025-04-13T18:56:36.655+0000] {dagbag.py:588} INFO - Filling up the DagBag from /home/airflow/.local/lib/python3.12/site-packages/airflow/example_dags/example_latest_only_with_trigger.py
[2025-04-13T18:56:36.669+0000] {processor.py:925} INFO - DAG(s) 'latest_only_with_trigger' retrieved from /home/airflow/.local/lib/python3.12/site-packages/airflow/example_dags/example_latest_only_with_trigger.py
[2025-04-13T18:56:36.697+0000] {logging_mixin.py:190} INFO - [2025-04-13T18:56:36.697+0000] {dag.py:3239} INFO - Sync 1 DAGs
[2025-04-13T18:56:36.727+0000] {logging_mixin.py:190} INFO - [2025-04-13T18:56:36.727+0000] {dag.py:4180} INFO - Setting next_dagrun for latest_only_with_trigger to 2025-04-13 12:00:00+00:00, run_after=2025-04-13 16:00:00+00:00
[2025-04-13T18:56:36.806+0000] {processor.py:208} INFO - Processing /home/airflow/.local/lib/python3.12/site-packages/airflow/example_dags/example_latest_only_with_trigger.py took 0.170 seconds
[2025-04-13T18:57:07.422+0000] {processor.py:186} INFO - Started process (PID=1018) to work on /home/airflow/.local/lib/python3.12/site-packages/airflow/example_dags/example_latest_only_with_trigger.py
[2025-04-13T18:57:07.423+0000] {processor.py:914} INFO - Processing file /home/airflow/.local/lib/python3.12/site-packages/airflow/example_dags/example_latest_only_with_trigger.py for tasks to queue
[2025-04-13T18:57:07.426+0000] {logging_mixin.py:190} INFO - [2025-04-13T18:57:07.426+0000] {dagbag.py:588} INFO - Filling up the DagBag from /home/airflow/.local/lib/python3.12/site-packages/airflow/example_dags/example_latest_only_with_trigger.py
[2025-04-13T18:57:07.437+0000] {processor.py:925} INFO - DAG(s) 'latest_only_with_trigger' retrieved from /home/airflow/.local/lib/python3.12/site-packages/airflow/example_dags/example_latest_only_with_trigger.py
[2025-04-13T18:57:07.462+0000] {logging_mixin.py:190} INFO - [2025-04-13T18:57:07.462+0000] {dag.py:3239} INFO - Sync 1 DAGs
[2025-04-13T18:57:07.491+0000] {logging_mixin.py:190} INFO - [2025-04-13T18:57:07.491+0000] {dag.py:4180} INFO - Setting next_dagrun for latest_only_with_trigger to 2025-04-13 12:00:00+00:00, run_after=2025-04-13 16:00:00+00:00
[2025-04-13T18:57:07.523+0000] {processor.py:208} INFO - Processing /home/airflow/.local/lib/python3.12/site-packages/airflow/example_dags/example_latest_only_with_trigger.py took 0.111 seconds
[2025-04-13T18:57:37.997+0000] {processor.py:186} INFO - Started process (PID=1320) to work on /home/airflow/.local/lib/python3.12/site-packages/airflow/example_dags/example_latest_only_with_trigger.py
[2025-04-13T18:57:37.998+0000] {processor.py:914} INFO - Processing file /home/airflow/.local/lib/python3.12/site-packages/airflow/example_dags/example_latest_only_with_trigger.py for tasks to queue
[2025-04-13T18:57:38.001+0000] {logging_mixin.py:190} INFO - [2025-04-13T18:57:38.001+0000] {dagbag.py:588} INFO - Filling up the DagBag from /home/airflow/.local/lib/python3.12/site-packages/airflow/example_dags/example_latest_only_with_trigger.py
[2025-04-13T18:57:38.011+0000] {processor.py:925} INFO - DAG(s) 'latest_only_with_trigger' retrieved from /home/airflow/.local/lib/python3.12/site-packages/airflow/example_dags/example_latest_only_with_trigger.py
[2025-04-13T18:57:38.039+0000] {logging_mixin.py:190} INFO - [2025-04-13T18:57:38.038+0000] {dag.py:3239} INFO - Sync 1 DAGs
[2025-04-13T18:57:38.070+0000] {logging_mixin.py:190} INFO - [2025-04-13T18:57:38.070+0000] {dag.py:4180} INFO - Setting next_dagrun for latest_only_with_trigger to 2025-04-13 12:00:00+00:00, run_after=2025-04-13 16:00:00+00:00
[2025-04-13T18:57:38.095+0000] {processor.py:208} INFO - Processing /home/airflow/.local/lib/python3.12/site-packages/airflow/example_dags/example_latest_only_with_trigger.py took 0.107 seconds
[2025-04-13T18:58:09.524+0000] {processor.py:186} INFO - Started process (PID=1614) to work on /home/airflow/.local/lib/python3.12/site-packages/airflow/example_dags/example_latest_only_with_trigger.py
[2025-04-13T18:58:09.526+0000] {processor.py:914} INFO - Processing file /home/airflow/.local/lib/python3.12/site-packages/airflow/example_dags/example_latest_only_with_trigger.py for tasks to queue
[2025-04-13T18:58:09.529+0000] {logging_mixin.py:190} INFO - [2025-04-13T18:58:09.529+0000] {dagbag.py:588} INFO - Filling up the DagBag from /home/airflow/.local/lib/python3.12/site-packages/airflow/example_dags/example_latest_only_with_trigger.py
[2025-04-13T18:58:09.539+0000] {processor.py:925} INFO - DAG(s) 'latest_only_with_trigger' retrieved from /home/airflow/.local/lib/python3.12/site-packages/airflow/example_dags/example_latest_only_with_trigger.py
[2025-04-13T18:58:09.565+0000] {logging_mixin.py:190} INFO - [2025-04-13T18:58:09.565+0000] {dag.py:3239} INFO - Sync 1 DAGs
[2025-04-13T18:58:09.602+0000] {logging_mixin.py:190} INFO - [2025-04-13T18:58:09.601+0000] {dag.py:4180} INFO - Setting next_dagrun for latest_only_with_trigger to 2025-04-13 12:00:00+00:00, run_after=2025-04-13 16:00:00+00:00
[2025-04-13T18:58:09.626+0000] {processor.py:208} INFO - Processing /home/airflow/.local/lib/python3.12/site-packages/airflow/example_dags/example_latest_only_with_trigger.py took 0.110 seconds
