[2025-04-13T17:46:42.569+0000] {processor.py:186} INFO - Started process (PID=297) to work on /home/airflow/.local/lib/python3.12/site-packages/airflow/example_dags/example_subdag_operator.py
[2025-04-13T17:46:42.571+0000] {processor.py:914} INFO - Processing file /home/airflow/.local/lib/python3.12/site-packages/airflow/example_dags/example_subdag_operator.py for tasks to queue
[2025-04-13T17:46:42.575+0000] {logging_mixin.py:190} INFO - [2025-04-13T17:46:42.575+0000] {dagbag.py:588} INFO - Filling up the DagBag from /home/airflow/.local/lib/python3.12/site-packages/airflow/example_dags/example_subdag_operator.py
[2025-04-13T17:46:42.611+0000] {processor.py:925} INFO - DAG(s) 'example_subdag_operator.section-1', 'example_subdag_operator.section-2', 'example_subdag_operator' retrieved from /home/airflow/.local/lib/python3.12/site-packages/airflow/example_dags/example_subdag_operator.py
[2025-04-13T17:46:42.785+0000] {logging_mixin.py:190} INFO - [2025-04-13T17:46:42.785+0000] {dag.py:3239} INFO - Sync 3 DAGs
[2025-04-13T17:46:42.827+0000] {logging_mixin.py:190} INFO - [2025-04-13T17:46:42.826+0000] {dag.py:4180} INFO - Setting next_dagrun for example_subdag_operator to 2022-01-01 00:00:00+00:00, run_after=2022-01-01 00:00:00+00:00
[2025-04-13T17:46:42.832+0000] {logging_mixin.py:190} INFO - [2025-04-13T17:46:42.832+0000] {dag.py:4180} INFO - Setting next_dagrun for example_subdag_operator.section-1 to None, run_after=None
[2025-04-13T17:46:42.835+0000] {logging_mixin.py:190} INFO - [2025-04-13T17:46:42.835+0000] {dag.py:4180} INFO - Setting next_dagrun for example_subdag_operator.section-2 to None, run_after=None
[2025-04-13T17:46:42.849+0000] {logging_mixin.py:190} INFO - [2025-04-13T17:46:42.849+0000] {dag.py:3239} INFO - Sync 2 DAGs
[2025-04-13T17:46:42.858+0000] {logging_mixin.py:190} INFO - [2025-04-13T17:46:42.858+0000] {dag.py:4180} INFO - Setting next_dagrun for example_subdag_operator.section-1 to None, run_after=None
[2025-04-13T17:46:42.859+0000] {logging_mixin.py:190} INFO - [2025-04-13T17:46:42.859+0000] {dag.py:4180} INFO - Setting next_dagrun for example_subdag_operator.section-2 to None, run_after=None
[2025-04-13T17:46:42.876+0000] {processor.py:208} INFO - Processing /home/airflow/.local/lib/python3.12/site-packages/airflow/example_dags/example_subdag_operator.py took 0.319 seconds
[2025-04-13T17:47:13.858+0000] {processor.py:186} INFO - Started process (PID=588) to work on /home/airflow/.local/lib/python3.12/site-packages/airflow/example_dags/example_subdag_operator.py
[2025-04-13T17:47:13.859+0000] {processor.py:914} INFO - Processing file /home/airflow/.local/lib/python3.12/site-packages/airflow/example_dags/example_subdag_operator.py for tasks to queue
[2025-04-13T17:47:13.862+0000] {logging_mixin.py:190} INFO - [2025-04-13T17:47:13.862+0000] {dagbag.py:588} INFO - Filling up the DagBag from /home/airflow/.local/lib/python3.12/site-packages/airflow/example_dags/example_subdag_operator.py
[2025-04-13T17:47:13.902+0000] {processor.py:925} INFO - DAG(s) 'example_subdag_operator.section-1', 'example_subdag_operator.section-2', 'example_subdag_operator' retrieved from /home/airflow/.local/lib/python3.12/site-packages/airflow/example_dags/example_subdag_operator.py
[2025-04-13T17:47:13.926+0000] {logging_mixin.py:190} INFO - [2025-04-13T17:47:13.925+0000] {dag.py:3239} INFO - Sync 3 DAGs
[2025-04-13T17:47:13.957+0000] {logging_mixin.py:190} INFO - [2025-04-13T17:47:13.956+0000] {dag.py:4180} INFO - Setting next_dagrun for example_subdag_operator to 2022-01-01 00:00:00+00:00, run_after=2022-01-01 00:00:00+00:00
[2025-04-13T17:47:13.962+0000] {logging_mixin.py:190} INFO - [2025-04-13T17:47:13.962+0000] {dag.py:4180} INFO - Setting next_dagrun for example_subdag_operator.section-1 to None, run_after=None
[2025-04-13T17:47:13.964+0000] {logging_mixin.py:190} INFO - [2025-04-13T17:47:13.964+0000] {dag.py:4180} INFO - Setting next_dagrun for example_subdag_operator.section-2 to None, run_after=None
[2025-04-13T17:47:13.973+0000] {logging_mixin.py:190} INFO - [2025-04-13T17:47:13.973+0000] {dag.py:3239} INFO - Sync 2 DAGs
[2025-04-13T17:47:13.982+0000] {logging_mixin.py:190} INFO - [2025-04-13T17:47:13.982+0000] {dag.py:4180} INFO - Setting next_dagrun for example_subdag_operator.section-1 to None, run_after=None
[2025-04-13T17:47:13.984+0000] {logging_mixin.py:190} INFO - [2025-04-13T17:47:13.983+0000] {dag.py:4180} INFO - Setting next_dagrun for example_subdag_operator.section-2 to None, run_after=None
[2025-04-13T17:47:13.997+0000] {processor.py:208} INFO - Processing /home/airflow/.local/lib/python3.12/site-packages/airflow/example_dags/example_subdag_operator.py took 0.147 seconds
[2025-04-13T17:47:44.284+0000] {processor.py:186} INFO - Started process (PID=879) to work on /home/airflow/.local/lib/python3.12/site-packages/airflow/example_dags/example_subdag_operator.py
[2025-04-13T17:47:44.285+0000] {processor.py:914} INFO - Processing file /home/airflow/.local/lib/python3.12/site-packages/airflow/example_dags/example_subdag_operator.py for tasks to queue
[2025-04-13T17:47:44.288+0000] {logging_mixin.py:190} INFO - [2025-04-13T17:47:44.287+0000] {dagbag.py:588} INFO - Filling up the DagBag from /home/airflow/.local/lib/python3.12/site-packages/airflow/example_dags/example_subdag_operator.py
[2025-04-13T17:47:44.320+0000] {processor.py:925} INFO - DAG(s) 'example_subdag_operator.section-1', 'example_subdag_operator.section-2', 'example_subdag_operator' retrieved from /home/airflow/.local/lib/python3.12/site-packages/airflow/example_dags/example_subdag_operator.py
[2025-04-13T17:47:44.342+0000] {logging_mixin.py:190} INFO - [2025-04-13T17:47:44.341+0000] {dag.py:3239} INFO - Sync 3 DAGs
[2025-04-13T17:47:44.381+0000] {logging_mixin.py:190} INFO - [2025-04-13T17:47:44.380+0000] {dag.py:4180} INFO - Setting next_dagrun for example_subdag_operator to 2022-01-01 00:00:00+00:00, run_after=2022-01-01 00:00:00+00:00
[2025-04-13T17:47:44.385+0000] {logging_mixin.py:190} INFO - [2025-04-13T17:47:44.385+0000] {dag.py:4180} INFO - Setting next_dagrun for example_subdag_operator.section-1 to None, run_after=None
[2025-04-13T17:47:44.387+0000] {logging_mixin.py:190} INFO - [2025-04-13T17:47:44.387+0000] {dag.py:4180} INFO - Setting next_dagrun for example_subdag_operator.section-2 to None, run_after=None
[2025-04-13T17:47:44.398+0000] {logging_mixin.py:190} INFO - [2025-04-13T17:47:44.398+0000] {dag.py:3239} INFO - Sync 2 DAGs
[2025-04-13T17:47:44.406+0000] {logging_mixin.py:190} INFO - [2025-04-13T17:47:44.406+0000] {dag.py:4180} INFO - Setting next_dagrun for example_subdag_operator.section-1 to None, run_after=None
[2025-04-13T17:47:44.407+0000] {logging_mixin.py:190} INFO - [2025-04-13T17:47:44.407+0000] {dag.py:4180} INFO - Setting next_dagrun for example_subdag_operator.section-2 to None, run_after=None
[2025-04-13T17:47:44.421+0000] {processor.py:208} INFO - Processing /home/airflow/.local/lib/python3.12/site-packages/airflow/example_dags/example_subdag_operator.py took 0.148 seconds
[2025-04-13T17:48:14.521+0000] {processor.py:186} INFO - Started process (PID=1167) to work on /home/airflow/.local/lib/python3.12/site-packages/airflow/example_dags/example_subdag_operator.py
[2025-04-13T17:48:14.523+0000] {processor.py:914} INFO - Processing file /home/airflow/.local/lib/python3.12/site-packages/airflow/example_dags/example_subdag_operator.py for tasks to queue
[2025-04-13T17:48:14.526+0000] {logging_mixin.py:190} INFO - [2025-04-13T17:48:14.525+0000] {dagbag.py:588} INFO - Filling up the DagBag from /home/airflow/.local/lib/python3.12/site-packages/airflow/example_dags/example_subdag_operator.py
[2025-04-13T17:48:14.555+0000] {processor.py:925} INFO - DAG(s) 'example_subdag_operator.section-1', 'example_subdag_operator.section-2', 'example_subdag_operator' retrieved from /home/airflow/.local/lib/python3.12/site-packages/airflow/example_dags/example_subdag_operator.py
[2025-04-13T17:48:14.574+0000] {logging_mixin.py:190} INFO - [2025-04-13T17:48:14.573+0000] {dag.py:3239} INFO - Sync 3 DAGs
[2025-04-13T17:48:14.601+0000] {logging_mixin.py:190} INFO - [2025-04-13T17:48:14.601+0000] {dag.py:4180} INFO - Setting next_dagrun for example_subdag_operator to 2022-01-01 00:00:00+00:00, run_after=2022-01-01 00:00:00+00:00
[2025-04-13T17:48:14.606+0000] {logging_mixin.py:190} INFO - [2025-04-13T17:48:14.605+0000] {dag.py:4180} INFO - Setting next_dagrun for example_subdag_operator.section-1 to None, run_after=None
[2025-04-13T17:48:14.607+0000] {logging_mixin.py:190} INFO - [2025-04-13T17:48:14.607+0000] {dag.py:4180} INFO - Setting next_dagrun for example_subdag_operator.section-2 to None, run_after=None
[2025-04-13T17:48:14.616+0000] {logging_mixin.py:190} INFO - [2025-04-13T17:48:14.615+0000] {dag.py:3239} INFO - Sync 2 DAGs
[2025-04-13T17:48:14.621+0000] {logging_mixin.py:190} INFO - [2025-04-13T17:48:14.621+0000] {dag.py:4180} INFO - Setting next_dagrun for example_subdag_operator.section-1 to None, run_after=None
[2025-04-13T17:48:14.622+0000] {logging_mixin.py:190} INFO - [2025-04-13T17:48:14.622+0000] {dag.py:4180} INFO - Setting next_dagrun for example_subdag_operator.section-2 to None, run_after=None
[2025-04-13T17:48:14.637+0000] {processor.py:208} INFO - Processing /home/airflow/.local/lib/python3.12/site-packages/airflow/example_dags/example_subdag_operator.py took 0.123 seconds
[2025-04-13T17:48:44.932+0000] {processor.py:186} INFO - Started process (PID=1458) to work on /home/airflow/.local/lib/python3.12/site-packages/airflow/example_dags/example_subdag_operator.py
[2025-04-13T17:48:44.933+0000] {processor.py:914} INFO - Processing file /home/airflow/.local/lib/python3.12/site-packages/airflow/example_dags/example_subdag_operator.py for tasks to queue
[2025-04-13T17:48:44.936+0000] {logging_mixin.py:190} INFO - [2025-04-13T17:48:44.936+0000] {dagbag.py:588} INFO - Filling up the DagBag from /home/airflow/.local/lib/python3.12/site-packages/airflow/example_dags/example_subdag_operator.py
[2025-04-13T17:48:44.968+0000] {processor.py:925} INFO - DAG(s) 'example_subdag_operator.section-1', 'example_subdag_operator.section-2', 'example_subdag_operator' retrieved from /home/airflow/.local/lib/python3.12/site-packages/airflow/example_dags/example_subdag_operator.py
[2025-04-13T17:48:44.993+0000] {logging_mixin.py:190} INFO - [2025-04-13T17:48:44.993+0000] {dag.py:3239} INFO - Sync 3 DAGs
[2025-04-13T17:48:45.023+0000] {logging_mixin.py:190} INFO - [2025-04-13T17:48:45.022+0000] {dag.py:4180} INFO - Setting next_dagrun for example_subdag_operator to 2022-01-01 00:00:00+00:00, run_after=2022-01-01 00:00:00+00:00
[2025-04-13T17:48:45.028+0000] {logging_mixin.py:190} INFO - [2025-04-13T17:48:45.027+0000] {dag.py:4180} INFO - Setting next_dagrun for example_subdag_operator.section-1 to None, run_after=None
[2025-04-13T17:48:45.030+0000] {logging_mixin.py:190} INFO - [2025-04-13T17:48:45.029+0000] {dag.py:4180} INFO - Setting next_dagrun for example_subdag_operator.section-2 to None, run_after=None
[2025-04-13T17:48:45.039+0000] {logging_mixin.py:190} INFO - [2025-04-13T17:48:45.038+0000] {dag.py:3239} INFO - Sync 2 DAGs
[2025-04-13T17:48:45.046+0000] {logging_mixin.py:190} INFO - [2025-04-13T17:48:45.045+0000] {dag.py:4180} INFO - Setting next_dagrun for example_subdag_operator.section-1 to None, run_after=None
[2025-04-13T17:48:45.047+0000] {logging_mixin.py:190} INFO - [2025-04-13T17:48:45.046+0000] {dag.py:4180} INFO - Setting next_dagrun for example_subdag_operator.section-2 to None, run_after=None
[2025-04-13T17:48:45.060+0000] {processor.py:208} INFO - Processing /home/airflow/.local/lib/python3.12/site-packages/airflow/example_dags/example_subdag_operator.py took 0.135 seconds
[2025-04-13T17:49:15.642+0000] {processor.py:186} INFO - Started process (PID=1749) to work on /home/airflow/.local/lib/python3.12/site-packages/airflow/example_dags/example_subdag_operator.py
[2025-04-13T17:49:15.645+0000] {processor.py:914} INFO - Processing file /home/airflow/.local/lib/python3.12/site-packages/airflow/example_dags/example_subdag_operator.py for tasks to queue
[2025-04-13T17:49:15.651+0000] {logging_mixin.py:190} INFO - [2025-04-13T17:49:15.650+0000] {dagbag.py:588} INFO - Filling up the DagBag from /home/airflow/.local/lib/python3.12/site-packages/airflow/example_dags/example_subdag_operator.py
[2025-04-13T17:49:15.705+0000] {processor.py:925} INFO - DAG(s) 'example_subdag_operator.section-1', 'example_subdag_operator.section-2', 'example_subdag_operator' retrieved from /home/airflow/.local/lib/python3.12/site-packages/airflow/example_dags/example_subdag_operator.py
[2025-04-13T17:49:15.736+0000] {logging_mixin.py:190} INFO - [2025-04-13T17:49:15.736+0000] {dag.py:3239} INFO - Sync 3 DAGs
[2025-04-13T17:49:15.783+0000] {logging_mixin.py:190} INFO - [2025-04-13T17:49:15.783+0000] {dag.py:4180} INFO - Setting next_dagrun for example_subdag_operator to 2022-01-01 00:00:00+00:00, run_after=2022-01-01 00:00:00+00:00
[2025-04-13T17:49:15.788+0000] {logging_mixin.py:190} INFO - [2025-04-13T17:49:15.787+0000] {dag.py:4180} INFO - Setting next_dagrun for example_subdag_operator.section-1 to None, run_after=None
[2025-04-13T17:49:15.790+0000] {logging_mixin.py:190} INFO - [2025-04-13T17:49:15.789+0000] {dag.py:4180} INFO - Setting next_dagrun for example_subdag_operator.section-2 to None, run_after=None
[2025-04-13T17:49:15.800+0000] {logging_mixin.py:190} INFO - [2025-04-13T17:49:15.800+0000] {dag.py:3239} INFO - Sync 2 DAGs
[2025-04-13T17:49:15.807+0000] {logging_mixin.py:190} INFO - [2025-04-13T17:49:15.806+0000] {dag.py:4180} INFO - Setting next_dagrun for example_subdag_operator.section-1 to None, run_after=None
[2025-04-13T17:49:15.807+0000] {logging_mixin.py:190} INFO - [2025-04-13T17:49:15.807+0000] {dag.py:4180} INFO - Setting next_dagrun for example_subdag_operator.section-2 to None, run_after=None
[2025-04-13T17:49:15.822+0000] {processor.py:208} INFO - Processing /home/airflow/.local/lib/python3.12/site-packages/airflow/example_dags/example_subdag_operator.py took 0.194 seconds
[2025-04-13T17:49:46.076+0000] {processor.py:186} INFO - Started process (PID=2040) to work on /home/airflow/.local/lib/python3.12/site-packages/airflow/example_dags/example_subdag_operator.py
[2025-04-13T17:49:46.077+0000] {processor.py:914} INFO - Processing file /home/airflow/.local/lib/python3.12/site-packages/airflow/example_dags/example_subdag_operator.py for tasks to queue
[2025-04-13T17:49:46.081+0000] {logging_mixin.py:190} INFO - [2025-04-13T17:49:46.081+0000] {dagbag.py:588} INFO - Filling up the DagBag from /home/airflow/.local/lib/python3.12/site-packages/airflow/example_dags/example_subdag_operator.py
[2025-04-13T17:49:46.116+0000] {processor.py:925} INFO - DAG(s) 'example_subdag_operator.section-1', 'example_subdag_operator.section-2', 'example_subdag_operator' retrieved from /home/airflow/.local/lib/python3.12/site-packages/airflow/example_dags/example_subdag_operator.py
[2025-04-13T17:49:46.137+0000] {logging_mixin.py:190} INFO - [2025-04-13T17:49:46.137+0000] {dag.py:3239} INFO - Sync 3 DAGs
[2025-04-13T17:49:46.166+0000] {logging_mixin.py:190} INFO - [2025-04-13T17:49:46.166+0000] {dag.py:4180} INFO - Setting next_dagrun for example_subdag_operator to 2022-01-01 00:00:00+00:00, run_after=2022-01-01 00:00:00+00:00
[2025-04-13T17:49:46.171+0000] {logging_mixin.py:190} INFO - [2025-04-13T17:49:46.171+0000] {dag.py:4180} INFO - Setting next_dagrun for example_subdag_operator.section-1 to None, run_after=None
[2025-04-13T17:49:46.173+0000] {logging_mixin.py:190} INFO - [2025-04-13T17:49:46.173+0000] {dag.py:4180} INFO - Setting next_dagrun for example_subdag_operator.section-2 to None, run_after=None
[2025-04-13T17:49:46.180+0000] {logging_mixin.py:190} INFO - [2025-04-13T17:49:46.180+0000] {dag.py:3239} INFO - Sync 2 DAGs
[2025-04-13T17:49:46.187+0000] {logging_mixin.py:190} INFO - [2025-04-13T17:49:46.187+0000] {dag.py:4180} INFO - Setting next_dagrun for example_subdag_operator.section-1 to None, run_after=None
[2025-04-13T17:49:46.188+0000] {logging_mixin.py:190} INFO - [2025-04-13T17:49:46.188+0000] {dag.py:4180} INFO - Setting next_dagrun for example_subdag_operator.section-2 to None, run_after=None
[2025-04-13T17:49:46.203+0000] {processor.py:208} INFO - Processing /home/airflow/.local/lib/python3.12/site-packages/airflow/example_dags/example_subdag_operator.py took 0.135 seconds
[2025-04-13T17:50:16.432+0000] {processor.py:186} INFO - Started process (PID=2329) to work on /home/airflow/.local/lib/python3.12/site-packages/airflow/example_dags/example_subdag_operator.py
[2025-04-13T17:50:16.433+0000] {processor.py:914} INFO - Processing file /home/airflow/.local/lib/python3.12/site-packages/airflow/example_dags/example_subdag_operator.py for tasks to queue
[2025-04-13T17:50:16.437+0000] {logging_mixin.py:190} INFO - [2025-04-13T17:50:16.436+0000] {dagbag.py:588} INFO - Filling up the DagBag from /home/airflow/.local/lib/python3.12/site-packages/airflow/example_dags/example_subdag_operator.py
[2025-04-13T17:50:16.478+0000] {processor.py:925} INFO - DAG(s) 'example_subdag_operator.section-1', 'example_subdag_operator.section-2', 'example_subdag_operator' retrieved from /home/airflow/.local/lib/python3.12/site-packages/airflow/example_dags/example_subdag_operator.py
[2025-04-13T17:50:16.501+0000] {logging_mixin.py:190} INFO - [2025-04-13T17:50:16.500+0000] {dag.py:3239} INFO - Sync 3 DAGs
[2025-04-13T17:50:16.535+0000] {logging_mixin.py:190} INFO - [2025-04-13T17:50:16.534+0000] {dag.py:4180} INFO - Setting next_dagrun for example_subdag_operator to 2022-01-01 00:00:00+00:00, run_after=2022-01-01 00:00:00+00:00
[2025-04-13T17:50:16.541+0000] {logging_mixin.py:190} INFO - [2025-04-13T17:50:16.541+0000] {dag.py:4180} INFO - Setting next_dagrun for example_subdag_operator.section-1 to None, run_after=None
[2025-04-13T17:50:16.544+0000] {logging_mixin.py:190} INFO - [2025-04-13T17:50:16.543+0000] {dag.py:4180} INFO - Setting next_dagrun for example_subdag_operator.section-2 to None, run_after=None
[2025-04-13T17:50:16.553+0000] {logging_mixin.py:190} INFO - [2025-04-13T17:50:16.552+0000] {dag.py:3239} INFO - Sync 2 DAGs
[2025-04-13T17:50:16.561+0000] {logging_mixin.py:190} INFO - [2025-04-13T17:50:16.561+0000] {dag.py:4180} INFO - Setting next_dagrun for example_subdag_operator.section-1 to None, run_after=None
[2025-04-13T17:50:16.562+0000] {logging_mixin.py:190} INFO - [2025-04-13T17:50:16.562+0000] {dag.py:4180} INFO - Setting next_dagrun for example_subdag_operator.section-2 to None, run_after=None
[2025-04-13T17:50:16.580+0000] {processor.py:208} INFO - Processing /home/airflow/.local/lib/python3.12/site-packages/airflow/example_dags/example_subdag_operator.py took 0.156 seconds
[2025-04-13T17:50:47.063+0000] {processor.py:186} INFO - Started process (PID=2622) to work on /home/airflow/.local/lib/python3.12/site-packages/airflow/example_dags/example_subdag_operator.py
[2025-04-13T17:50:47.065+0000] {processor.py:914} INFO - Processing file /home/airflow/.local/lib/python3.12/site-packages/airflow/example_dags/example_subdag_operator.py for tasks to queue
[2025-04-13T17:50:47.068+0000] {logging_mixin.py:190} INFO - [2025-04-13T17:50:47.067+0000] {dagbag.py:588} INFO - Filling up the DagBag from /home/airflow/.local/lib/python3.12/site-packages/airflow/example_dags/example_subdag_operator.py
[2025-04-13T17:50:47.098+0000] {processor.py:925} INFO - DAG(s) 'example_subdag_operator.section-1', 'example_subdag_operator.section-2', 'example_subdag_operator' retrieved from /home/airflow/.local/lib/python3.12/site-packages/airflow/example_dags/example_subdag_operator.py
[2025-04-13T17:50:47.121+0000] {logging_mixin.py:190} INFO - [2025-04-13T17:50:47.120+0000] {dag.py:3239} INFO - Sync 3 DAGs
[2025-04-13T17:50:47.157+0000] {logging_mixin.py:190} INFO - [2025-04-13T17:50:47.157+0000] {dag.py:4180} INFO - Setting next_dagrun for example_subdag_operator to 2022-01-01 00:00:00+00:00, run_after=2022-01-01 00:00:00+00:00
[2025-04-13T17:50:47.164+0000] {logging_mixin.py:190} INFO - [2025-04-13T17:50:47.163+0000] {dag.py:4180} INFO - Setting next_dagrun for example_subdag_operator.section-1 to None, run_after=None
[2025-04-13T17:50:47.167+0000] {logging_mixin.py:190} INFO - [2025-04-13T17:50:47.167+0000] {dag.py:4180} INFO - Setting next_dagrun for example_subdag_operator.section-2 to None, run_after=None
[2025-04-13T17:50:47.176+0000] {logging_mixin.py:190} INFO - [2025-04-13T17:50:47.176+0000] {dag.py:3239} INFO - Sync 2 DAGs
[2025-04-13T17:50:47.185+0000] {logging_mixin.py:190} INFO - [2025-04-13T17:50:47.185+0000] {dag.py:4180} INFO - Setting next_dagrun for example_subdag_operator.section-1 to None, run_after=None
[2025-04-13T17:50:47.186+0000] {logging_mixin.py:190} INFO - [2025-04-13T17:50:47.186+0000] {dag.py:4180} INFO - Setting next_dagrun for example_subdag_operator.section-2 to None, run_after=None
[2025-04-13T17:50:47.203+0000] {processor.py:208} INFO - Processing /home/airflow/.local/lib/python3.12/site-packages/airflow/example_dags/example_subdag_operator.py took 0.148 seconds
[2025-04-13T17:51:17.400+0000] {processor.py:186} INFO - Started process (PID=2913) to work on /home/airflow/.local/lib/python3.12/site-packages/airflow/example_dags/example_subdag_operator.py
[2025-04-13T17:51:17.401+0000] {processor.py:914} INFO - Processing file /home/airflow/.local/lib/python3.12/site-packages/airflow/example_dags/example_subdag_operator.py for tasks to queue
[2025-04-13T17:51:17.406+0000] {logging_mixin.py:190} INFO - [2025-04-13T17:51:17.405+0000] {dagbag.py:588} INFO - Filling up the DagBag from /home/airflow/.local/lib/python3.12/site-packages/airflow/example_dags/example_subdag_operator.py
[2025-04-13T17:51:17.443+0000] {processor.py:925} INFO - DAG(s) 'example_subdag_operator.section-1', 'example_subdag_operator.section-2', 'example_subdag_operator' retrieved from /home/airflow/.local/lib/python3.12/site-packages/airflow/example_dags/example_subdag_operator.py
[2025-04-13T17:51:17.462+0000] {logging_mixin.py:190} INFO - [2025-04-13T17:51:17.462+0000] {dag.py:3239} INFO - Sync 3 DAGs
[2025-04-13T17:51:17.492+0000] {logging_mixin.py:190} INFO - [2025-04-13T17:51:17.492+0000] {dag.py:4180} INFO - Setting next_dagrun for example_subdag_operator to 2022-01-01 00:00:00+00:00, run_after=2022-01-01 00:00:00+00:00
[2025-04-13T17:51:17.496+0000] {logging_mixin.py:190} INFO - [2025-04-13T17:51:17.496+0000] {dag.py:4180} INFO - Setting next_dagrun for example_subdag_operator.section-1 to None, run_after=None
[2025-04-13T17:51:17.498+0000] {logging_mixin.py:190} INFO - [2025-04-13T17:51:17.498+0000] {dag.py:4180} INFO - Setting next_dagrun for example_subdag_operator.section-2 to None, run_after=None
[2025-04-13T17:51:17.507+0000] {logging_mixin.py:190} INFO - [2025-04-13T17:51:17.506+0000] {dag.py:3239} INFO - Sync 2 DAGs
[2025-04-13T17:51:17.513+0000] {logging_mixin.py:190} INFO - [2025-04-13T17:51:17.513+0000] {dag.py:4180} INFO - Setting next_dagrun for example_subdag_operator.section-1 to None, run_after=None
[2025-04-13T17:51:17.514+0000] {logging_mixin.py:190} INFO - [2025-04-13T17:51:17.514+0000] {dag.py:4180} INFO - Setting next_dagrun for example_subdag_operator.section-2 to None, run_after=None
[2025-04-13T17:51:17.529+0000] {processor.py:208} INFO - Processing /home/airflow/.local/lib/python3.12/site-packages/airflow/example_dags/example_subdag_operator.py took 0.140 seconds
[2025-04-13T17:51:47.654+0000] {processor.py:186} INFO - Started process (PID=3204) to work on /home/airflow/.local/lib/python3.12/site-packages/airflow/example_dags/example_subdag_operator.py
[2025-04-13T17:51:47.655+0000] {processor.py:914} INFO - Processing file /home/airflow/.local/lib/python3.12/site-packages/airflow/example_dags/example_subdag_operator.py for tasks to queue
[2025-04-13T17:51:47.658+0000] {logging_mixin.py:190} INFO - [2025-04-13T17:51:47.658+0000] {dagbag.py:588} INFO - Filling up the DagBag from /home/airflow/.local/lib/python3.12/site-packages/airflow/example_dags/example_subdag_operator.py
[2025-04-13T17:51:47.693+0000] {processor.py:925} INFO - DAG(s) 'example_subdag_operator.section-1', 'example_subdag_operator.section-2', 'example_subdag_operator' retrieved from /home/airflow/.local/lib/python3.12/site-packages/airflow/example_dags/example_subdag_operator.py
[2025-04-13T17:51:47.712+0000] {logging_mixin.py:190} INFO - [2025-04-13T17:51:47.712+0000] {dag.py:3239} INFO - Sync 3 DAGs
[2025-04-13T17:51:47.743+0000] {logging_mixin.py:190} INFO - [2025-04-13T17:51:47.743+0000] {dag.py:4180} INFO - Setting next_dagrun for example_subdag_operator to 2022-01-01 00:00:00+00:00, run_after=2022-01-01 00:00:00+00:00
[2025-04-13T17:51:47.748+0000] {logging_mixin.py:190} INFO - [2025-04-13T17:51:47.748+0000] {dag.py:4180} INFO - Setting next_dagrun for example_subdag_operator.section-1 to None, run_after=None
[2025-04-13T17:51:47.751+0000] {logging_mixin.py:190} INFO - [2025-04-13T17:51:47.751+0000] {dag.py:4180} INFO - Setting next_dagrun for example_subdag_operator.section-2 to None, run_after=None
[2025-04-13T17:51:47.760+0000] {logging_mixin.py:190} INFO - [2025-04-13T17:51:47.760+0000] {dag.py:3239} INFO - Sync 2 DAGs
[2025-04-13T17:51:47.767+0000] {logging_mixin.py:190} INFO - [2025-04-13T17:51:47.767+0000] {dag.py:4180} INFO - Setting next_dagrun for example_subdag_operator.section-1 to None, run_after=None
[2025-04-13T17:51:47.768+0000] {logging_mixin.py:190} INFO - [2025-04-13T17:51:47.768+0000] {dag.py:4180} INFO - Setting next_dagrun for example_subdag_operator.section-2 to None, run_after=None
[2025-04-13T17:51:47.783+0000] {processor.py:208} INFO - Processing /home/airflow/.local/lib/python3.12/site-packages/airflow/example_dags/example_subdag_operator.py took 0.137 seconds
[2025-04-13T18:55:58.346+0000] {processor.py:186} INFO - Started process (PID=299) to work on /home/airflow/.local/lib/python3.12/site-packages/airflow/example_dags/example_subdag_operator.py
[2025-04-13T18:55:58.347+0000] {processor.py:914} INFO - Processing file /home/airflow/.local/lib/python3.12/site-packages/airflow/example_dags/example_subdag_operator.py for tasks to queue
[2025-04-13T18:55:58.362+0000] {logging_mixin.py:190} INFO - [2025-04-13T18:55:58.360+0000] {dagbag.py:588} INFO - Filling up the DagBag from /home/airflow/.local/lib/python3.12/site-packages/airflow/example_dags/example_subdag_operator.py
[2025-04-13T18:55:58.587+0000] {processor.py:925} INFO - DAG(s) 'example_subdag_operator.section-1', 'example_subdag_operator.section-2', 'example_subdag_operator' retrieved from /home/airflow/.local/lib/python3.12/site-packages/airflow/example_dags/example_subdag_operator.py
[2025-04-13T18:55:58.683+0000] {logging_mixin.py:190} INFO - [2025-04-13T18:55:58.683+0000] {dag.py:3239} INFO - Sync 3 DAGs
[2025-04-13T18:55:58.745+0000] {logging_mixin.py:190} INFO - [2025-04-13T18:55:58.745+0000] {dag.py:4180} INFO - Setting next_dagrun for example_subdag_operator to 2022-01-01 00:00:00+00:00, run_after=2022-01-01 00:00:00+00:00
[2025-04-13T18:55:58.753+0000] {logging_mixin.py:190} INFO - [2025-04-13T18:55:58.752+0000] {dag.py:4180} INFO - Setting next_dagrun for example_subdag_operator.section-1 to None, run_after=None
[2025-04-13T18:55:58.755+0000] {logging_mixin.py:190} INFO - [2025-04-13T18:55:58.755+0000] {dag.py:4180} INFO - Setting next_dagrun for example_subdag_operator.section-2 to None, run_after=None
[2025-04-13T18:55:58.767+0000] {logging_mixin.py:190} INFO - [2025-04-13T18:55:58.767+0000] {dag.py:3239} INFO - Sync 2 DAGs
[2025-04-13T18:55:58.775+0000] {logging_mixin.py:190} INFO - [2025-04-13T18:55:58.775+0000] {dag.py:4180} INFO - Setting next_dagrun for example_subdag_operator.section-1 to None, run_after=None
[2025-04-13T18:55:58.776+0000] {logging_mixin.py:190} INFO - [2025-04-13T18:55:58.776+0000] {dag.py:4180} INFO - Setting next_dagrun for example_subdag_operator.section-2 to None, run_after=None
[2025-04-13T18:55:58.793+0000] {processor.py:208} INFO - Processing /home/airflow/.local/lib/python3.12/site-packages/airflow/example_dags/example_subdag_operator.py took 0.491 seconds
[2025-04-13T18:56:29.332+0000] {processor.py:186} INFO - Started process (PID=595) to work on /home/airflow/.local/lib/python3.12/site-packages/airflow/example_dags/example_subdag_operator.py
[2025-04-13T18:56:29.363+0000] {processor.py:914} INFO - Processing file /home/airflow/.local/lib/python3.12/site-packages/airflow/example_dags/example_subdag_operator.py for tasks to queue
[2025-04-13T18:56:29.366+0000] {logging_mixin.py:190} INFO - [2025-04-13T18:56:29.366+0000] {dagbag.py:588} INFO - Filling up the DagBag from /home/airflow/.local/lib/python3.12/site-packages/airflow/example_dags/example_subdag_operator.py
[2025-04-13T18:56:29.460+0000] {processor.py:925} INFO - DAG(s) 'example_subdag_operator.section-1', 'example_subdag_operator.section-2', 'example_subdag_operator' retrieved from /home/airflow/.local/lib/python3.12/site-packages/airflow/example_dags/example_subdag_operator.py
[2025-04-13T18:56:29.482+0000] {logging_mixin.py:190} INFO - [2025-04-13T18:56:29.482+0000] {dag.py:3239} INFO - Sync 3 DAGs
[2025-04-13T18:56:29.510+0000] {logging_mixin.py:190} INFO - [2025-04-13T18:56:29.510+0000] {dag.py:4180} INFO - Setting next_dagrun for example_subdag_operator to 2022-01-01 00:00:00+00:00, run_after=2022-01-01 00:00:00+00:00
[2025-04-13T18:56:29.516+0000] {logging_mixin.py:190} INFO - [2025-04-13T18:56:29.516+0000] {dag.py:4180} INFO - Setting next_dagrun for example_subdag_operator.section-1 to None, run_after=None
[2025-04-13T18:56:29.518+0000] {logging_mixin.py:190} INFO - [2025-04-13T18:56:29.518+0000] {dag.py:4180} INFO - Setting next_dagrun for example_subdag_operator.section-2 to None, run_after=None
[2025-04-13T18:56:29.526+0000] {logging_mixin.py:190} INFO - [2025-04-13T18:56:29.526+0000] {dag.py:3239} INFO - Sync 2 DAGs
[2025-04-13T18:56:29.533+0000] {logging_mixin.py:190} INFO - [2025-04-13T18:56:29.533+0000] {dag.py:4180} INFO - Setting next_dagrun for example_subdag_operator.section-1 to None, run_after=None
[2025-04-13T18:56:29.534+0000] {logging_mixin.py:190} INFO - [2025-04-13T18:56:29.534+0000] {dag.py:4180} INFO - Setting next_dagrun for example_subdag_operator.section-2 to None, run_after=None
[2025-04-13T18:56:29.587+0000] {processor.py:208} INFO - Processing /home/airflow/.local/lib/python3.12/site-packages/airflow/example_dags/example_subdag_operator.py took 0.262 seconds
[2025-04-13T18:56:59.821+0000] {processor.py:186} INFO - Started process (PID=888) to work on /home/airflow/.local/lib/python3.12/site-packages/airflow/example_dags/example_subdag_operator.py
[2025-04-13T18:56:59.822+0000] {processor.py:914} INFO - Processing file /home/airflow/.local/lib/python3.12/site-packages/airflow/example_dags/example_subdag_operator.py for tasks to queue
[2025-04-13T18:56:59.825+0000] {logging_mixin.py:190} INFO - [2025-04-13T18:56:59.825+0000] {dagbag.py:588} INFO - Filling up the DagBag from /home/airflow/.local/lib/python3.12/site-packages/airflow/example_dags/example_subdag_operator.py
[2025-04-13T18:56:59.866+0000] {processor.py:925} INFO - DAG(s) 'example_subdag_operator.section-1', 'example_subdag_operator.section-2', 'example_subdag_operator' retrieved from /home/airflow/.local/lib/python3.12/site-packages/airflow/example_dags/example_subdag_operator.py
[2025-04-13T18:56:59.898+0000] {logging_mixin.py:190} INFO - [2025-04-13T18:56:59.897+0000] {dag.py:3239} INFO - Sync 3 DAGs
[2025-04-13T18:56:59.940+0000] {logging_mixin.py:190} INFO - [2025-04-13T18:56:59.939+0000] {dag.py:4180} INFO - Setting next_dagrun for example_subdag_operator to 2022-01-01 00:00:00+00:00, run_after=2022-01-01 00:00:00+00:00
[2025-04-13T18:56:59.945+0000] {logging_mixin.py:190} INFO - [2025-04-13T18:56:59.945+0000] {dag.py:4180} INFO - Setting next_dagrun for example_subdag_operator.section-1 to None, run_after=None
[2025-04-13T18:56:59.953+0000] {logging_mixin.py:190} INFO - [2025-04-13T18:56:59.952+0000] {dag.py:4180} INFO - Setting next_dagrun for example_subdag_operator.section-2 to None, run_after=None
[2025-04-13T18:56:59.966+0000] {logging_mixin.py:190} INFO - [2025-04-13T18:56:59.965+0000] {dag.py:3239} INFO - Sync 2 DAGs
[2025-04-13T18:56:59.976+0000] {logging_mixin.py:190} INFO - [2025-04-13T18:56:59.976+0000] {dag.py:4180} INFO - Setting next_dagrun for example_subdag_operator.section-1 to None, run_after=None
[2025-04-13T18:56:59.977+0000] {logging_mixin.py:190} INFO - [2025-04-13T18:56:59.977+0000] {dag.py:4180} INFO - Setting next_dagrun for example_subdag_operator.section-2 to None, run_after=None
[2025-04-13T18:56:59.992+0000] {processor.py:208} INFO - Processing /home/airflow/.local/lib/python3.12/site-packages/airflow/example_dags/example_subdag_operator.py took 0.180 seconds
[2025-04-13T18:57:30.892+0000] {processor.py:186} INFO - Started process (PID=1184) to work on /home/airflow/.local/lib/python3.12/site-packages/airflow/example_dags/example_subdag_operator.py
[2025-04-13T18:57:30.894+0000] {processor.py:914} INFO - Processing file /home/airflow/.local/lib/python3.12/site-packages/airflow/example_dags/example_subdag_operator.py for tasks to queue
[2025-04-13T18:57:30.897+0000] {logging_mixin.py:190} INFO - [2025-04-13T18:57:30.897+0000] {dagbag.py:588} INFO - Filling up the DagBag from /home/airflow/.local/lib/python3.12/site-packages/airflow/example_dags/example_subdag_operator.py
[2025-04-13T18:57:30.928+0000] {processor.py:925} INFO - DAG(s) 'example_subdag_operator.section-1', 'example_subdag_operator.section-2', 'example_subdag_operator' retrieved from /home/airflow/.local/lib/python3.12/site-packages/airflow/example_dags/example_subdag_operator.py
[2025-04-13T18:57:30.946+0000] {logging_mixin.py:190} INFO - [2025-04-13T18:57:30.946+0000] {dag.py:3239} INFO - Sync 3 DAGs
[2025-04-13T18:57:30.972+0000] {logging_mixin.py:190} INFO - [2025-04-13T18:57:30.972+0000] {dag.py:4180} INFO - Setting next_dagrun for example_subdag_operator to 2022-01-01 00:00:00+00:00, run_after=2022-01-01 00:00:00+00:00
[2025-04-13T18:57:30.977+0000] {logging_mixin.py:190} INFO - [2025-04-13T18:57:30.976+0000] {dag.py:4180} INFO - Setting next_dagrun for example_subdag_operator.section-1 to None, run_after=None
[2025-04-13T18:57:30.979+0000] {logging_mixin.py:190} INFO - [2025-04-13T18:57:30.978+0000] {dag.py:4180} INFO - Setting next_dagrun for example_subdag_operator.section-2 to None, run_after=None
[2025-04-13T18:57:30.987+0000] {logging_mixin.py:190} INFO - [2025-04-13T18:57:30.987+0000] {dag.py:3239} INFO - Sync 2 DAGs
[2025-04-13T18:57:30.994+0000] {logging_mixin.py:190} INFO - [2025-04-13T18:57:30.993+0000] {dag.py:4180} INFO - Setting next_dagrun for example_subdag_operator.section-1 to None, run_after=None
[2025-04-13T18:57:30.995+0000] {logging_mixin.py:190} INFO - [2025-04-13T18:57:30.994+0000] {dag.py:4180} INFO - Setting next_dagrun for example_subdag_operator.section-2 to None, run_after=None
[2025-04-13T18:57:31.009+0000] {processor.py:208} INFO - Processing /home/airflow/.local/lib/python3.12/site-packages/airflow/example_dags/example_subdag_operator.py took 0.124 seconds
[2025-04-13T18:58:01.104+0000] {processor.py:186} INFO - Started process (PID=1478) to work on /home/airflow/.local/lib/python3.12/site-packages/airflow/example_dags/example_subdag_operator.py
[2025-04-13T18:58:01.106+0000] {processor.py:914} INFO - Processing file /home/airflow/.local/lib/python3.12/site-packages/airflow/example_dags/example_subdag_operator.py for tasks to queue
[2025-04-13T18:58:01.110+0000] {logging_mixin.py:190} INFO - [2025-04-13T18:58:01.109+0000] {dagbag.py:588} INFO - Filling up the DagBag from /home/airflow/.local/lib/python3.12/site-packages/airflow/example_dags/example_subdag_operator.py
[2025-04-13T18:58:01.172+0000] {processor.py:925} INFO - DAG(s) 'example_subdag_operator.section-1', 'example_subdag_operator.section-2', 'example_subdag_operator' retrieved from /home/airflow/.local/lib/python3.12/site-packages/airflow/example_dags/example_subdag_operator.py
[2025-04-13T18:58:01.210+0000] {logging_mixin.py:190} INFO - [2025-04-13T18:58:01.210+0000] {dag.py:3239} INFO - Sync 3 DAGs
[2025-04-13T18:58:01.270+0000] {logging_mixin.py:190} INFO - [2025-04-13T18:58:01.270+0000] {dag.py:4180} INFO - Setting next_dagrun for example_subdag_operator to 2022-01-01 00:00:00+00:00, run_after=2022-01-01 00:00:00+00:00
[2025-04-13T18:58:01.277+0000] {logging_mixin.py:190} INFO - [2025-04-13T18:58:01.277+0000] {dag.py:4180} INFO - Setting next_dagrun for example_subdag_operator.section-1 to None, run_after=None
[2025-04-13T18:58:01.285+0000] {logging_mixin.py:190} INFO - [2025-04-13T18:58:01.285+0000] {dag.py:4180} INFO - Setting next_dagrun for example_subdag_operator.section-2 to None, run_after=None
[2025-04-13T18:58:01.313+0000] {logging_mixin.py:190} INFO - [2025-04-13T18:58:01.312+0000] {dag.py:3239} INFO - Sync 2 DAGs
[2025-04-13T18:58:01.337+0000] {logging_mixin.py:190} INFO - [2025-04-13T18:58:01.336+0000] {dag.py:4180} INFO - Setting next_dagrun for example_subdag_operator.section-1 to None, run_after=None
[2025-04-13T18:58:01.338+0000] {logging_mixin.py:190} INFO - [2025-04-13T18:58:01.338+0000] {dag.py:4180} INFO - Setting next_dagrun for example_subdag_operator.section-2 to None, run_after=None
[2025-04-13T18:58:01.392+0000] {processor.py:208} INFO - Processing /home/airflow/.local/lib/python3.12/site-packages/airflow/example_dags/example_subdag_operator.py took 0.302 seconds
