[2025-04-13T17:46:39.307+0000] {processor.py:186} INFO - Started process (PID=252) to work on /home/airflow/.local/lib/python3.12/site-packages/airflow/example_dags/example_inlet_event_extra.py
[2025-04-13T17:46:39.308+0000] {processor.py:914} INFO - Processing file /home/airflow/.local/lib/python3.12/site-packages/airflow/example_dags/example_inlet_event_extra.py for tasks to queue
[2025-04-13T17:46:39.311+0000] {logging_mixin.py:190} INFO - [2025-04-13T17:46:39.311+0000] {dagbag.py:588} INFO - Filling up the DagBag from /home/airflow/.local/lib/python3.12/site-packages/airflow/example_dags/example_inlet_event_extra.py
[2025-04-13T17:46:41.667+0000] {processor.py:925} INFO - DAG(s) 'read_dataset_event', 'read_dataset_event_from_classic' retrieved from /home/airflow/.local/lib/python3.12/site-packages/airflow/example_dags/example_inlet_event_extra.py
[2025-04-13T17:46:42.384+0000] {logging_mixin.py:190} INFO - [2025-04-13T17:46:42.384+0000] {dag.py:3239} INFO - Sync 2 DAGs
[2025-04-13T17:46:42.428+0000] {logging_mixin.py:190} INFO - [2025-04-13T17:46:42.428+0000] {dag.py:4180} INFO - Setting next_dagrun for read_dataset_event to 2025-04-12 00:00:00+00:00, run_after=2025-04-13 00:00:00+00:00
[2025-04-13T17:46:42.434+0000] {logging_mixin.py:190} INFO - [2025-04-13T17:46:42.434+0000] {dag.py:4180} INFO - Setting next_dagrun for read_dataset_event_from_classic to 2025-04-12 00:00:00+00:00, run_after=2025-04-13 00:00:00+00:00
[2025-04-13T17:46:42.458+0000] {processor.py:208} INFO - Processing /home/airflow/.local/lib/python3.12/site-packages/airflow/example_dags/example_inlet_event_extra.py took 3.158 seconds
[2025-04-13T17:47:12.882+0000] {processor.py:186} INFO - Started process (PID=575) to work on /home/airflow/.local/lib/python3.12/site-packages/airflow/example_dags/example_inlet_event_extra.py
[2025-04-13T17:47:12.883+0000] {processor.py:914} INFO - Processing file /home/airflow/.local/lib/python3.12/site-packages/airflow/example_dags/example_inlet_event_extra.py for tasks to queue
[2025-04-13T17:47:12.887+0000] {logging_mixin.py:190} INFO - [2025-04-13T17:47:12.886+0000] {dagbag.py:588} INFO - Filling up the DagBag from /home/airflow/.local/lib/python3.12/site-packages/airflow/example_dags/example_inlet_event_extra.py
[2025-04-13T17:47:13.708+0000] {processor.py:925} INFO - DAG(s) 'read_dataset_event', 'read_dataset_event_from_classic' retrieved from /home/airflow/.local/lib/python3.12/site-packages/airflow/example_dags/example_inlet_event_extra.py
[2025-04-13T17:47:13.734+0000] {logging_mixin.py:190} INFO - [2025-04-13T17:47:13.733+0000] {dag.py:3239} INFO - Sync 2 DAGs
[2025-04-13T17:47:13.766+0000] {logging_mixin.py:190} INFO - [2025-04-13T17:47:13.766+0000] {dag.py:4180} INFO - Setting next_dagrun for read_dataset_event to 2025-04-12 00:00:00+00:00, run_after=2025-04-13 00:00:00+00:00
[2025-04-13T17:47:13.777+0000] {logging_mixin.py:190} INFO - [2025-04-13T17:47:13.777+0000] {dag.py:4180} INFO - Setting next_dagrun for read_dataset_event_from_classic to 2025-04-12 00:00:00+00:00, run_after=2025-04-13 00:00:00+00:00
[2025-04-13T17:47:13.798+0000] {processor.py:208} INFO - Processing /home/airflow/.local/lib/python3.12/site-packages/airflow/example_dags/example_inlet_event_extra.py took 0.928 seconds
[2025-04-13T17:47:43.926+0000] {processor.py:186} INFO - Started process (PID=866) to work on /home/airflow/.local/lib/python3.12/site-packages/airflow/example_dags/example_inlet_event_extra.py
[2025-04-13T17:47:43.927+0000] {processor.py:914} INFO - Processing file /home/airflow/.local/lib/python3.12/site-packages/airflow/example_dags/example_inlet_event_extra.py for tasks to queue
[2025-04-13T17:47:43.930+0000] {logging_mixin.py:190} INFO - [2025-04-13T17:47:43.930+0000] {dagbag.py:588} INFO - Filling up the DagBag from /home/airflow/.local/lib/python3.12/site-packages/airflow/example_dags/example_inlet_event_extra.py
[2025-04-13T17:47:44.517+0000] {processor.py:925} INFO - DAG(s) 'read_dataset_event_from_classic', 'read_dataset_event' retrieved from /home/airflow/.local/lib/python3.12/site-packages/airflow/example_dags/example_inlet_event_extra.py
[2025-04-13T17:47:44.834+0000] {logging_mixin.py:190} INFO - [2025-04-13T17:47:44.834+0000] {dag.py:3239} INFO - Sync 2 DAGs
[2025-04-13T17:47:44.886+0000] {logging_mixin.py:190} INFO - [2025-04-13T17:47:44.886+0000] {dag.py:4180} INFO - Setting next_dagrun for read_dataset_event to 2025-04-12 00:00:00+00:00, run_after=2025-04-13 00:00:00+00:00
[2025-04-13T17:47:44.896+0000] {logging_mixin.py:190} INFO - [2025-04-13T17:47:44.896+0000] {dag.py:4180} INFO - Setting next_dagrun for read_dataset_event_from_classic to 2025-04-12 00:00:00+00:00, run_after=2025-04-13 00:00:00+00:00
[2025-04-13T17:47:44.918+0000] {processor.py:208} INFO - Processing /home/airflow/.local/lib/python3.12/site-packages/airflow/example_dags/example_inlet_event_extra.py took 1.001 seconds
[2025-04-13T17:48:15.716+0000] {processor.py:186} INFO - Started process (PID=1177) to work on /home/airflow/.local/lib/python3.12/site-packages/airflow/example_dags/example_inlet_event_extra.py
[2025-04-13T17:48:15.718+0000] {processor.py:914} INFO - Processing file /home/airflow/.local/lib/python3.12/site-packages/airflow/example_dags/example_inlet_event_extra.py for tasks to queue
[2025-04-13T17:48:15.721+0000] {logging_mixin.py:190} INFO - [2025-04-13T17:48:15.721+0000] {dagbag.py:588} INFO - Filling up the DagBag from /home/airflow/.local/lib/python3.12/site-packages/airflow/example_dags/example_inlet_event_extra.py
[2025-04-13T17:48:16.157+0000] {processor.py:925} INFO - DAG(s) 'read_dataset_event', 'read_dataset_event_from_classic' retrieved from /home/airflow/.local/lib/python3.12/site-packages/airflow/example_dags/example_inlet_event_extra.py
[2025-04-13T17:48:16.183+0000] {logging_mixin.py:190} INFO - [2025-04-13T17:48:16.183+0000] {dag.py:3239} INFO - Sync 2 DAGs
[2025-04-13T17:48:16.382+0000] {logging_mixin.py:190} INFO - [2025-04-13T17:48:16.382+0000] {dag.py:4180} INFO - Setting next_dagrun for read_dataset_event to 2025-04-12 00:00:00+00:00, run_after=2025-04-13 00:00:00+00:00
[2025-04-13T17:48:16.388+0000] {logging_mixin.py:190} INFO - [2025-04-13T17:48:16.387+0000] {dag.py:4180} INFO - Setting next_dagrun for read_dataset_event_from_classic to 2025-04-12 00:00:00+00:00, run_after=2025-04-13 00:00:00+00:00
[2025-04-13T17:48:16.405+0000] {processor.py:208} INFO - Processing /home/airflow/.local/lib/python3.12/site-packages/airflow/example_dags/example_inlet_event_extra.py took 0.699 seconds
[2025-04-13T17:48:47.154+0000] {processor.py:186} INFO - Started process (PID=1473) to work on /home/airflow/.local/lib/python3.12/site-packages/airflow/example_dags/example_inlet_event_extra.py
[2025-04-13T17:48:47.156+0000] {processor.py:914} INFO - Processing file /home/airflow/.local/lib/python3.12/site-packages/airflow/example_dags/example_inlet_event_extra.py for tasks to queue
[2025-04-13T17:48:47.158+0000] {logging_mixin.py:190} INFO - [2025-04-13T17:48:47.158+0000] {dagbag.py:588} INFO - Filling up the DagBag from /home/airflow/.local/lib/python3.12/site-packages/airflow/example_dags/example_inlet_event_extra.py
[2025-04-13T17:48:47.728+0000] {processor.py:925} INFO - DAG(s) 'read_dataset_event', 'read_dataset_event_from_classic' retrieved from /home/airflow/.local/lib/python3.12/site-packages/airflow/example_dags/example_inlet_event_extra.py
[2025-04-13T17:48:47.760+0000] {logging_mixin.py:190} INFO - [2025-04-13T17:48:47.760+0000] {dag.py:3239} INFO - Sync 2 DAGs
[2025-04-13T17:48:48.195+0000] {logging_mixin.py:190} INFO - [2025-04-13T17:48:48.194+0000] {dag.py:4180} INFO - Setting next_dagrun for read_dataset_event to 2025-04-12 00:00:00+00:00, run_after=2025-04-13 00:00:00+00:00
[2025-04-13T17:48:48.205+0000] {logging_mixin.py:190} INFO - [2025-04-13T17:48:48.204+0000] {dag.py:4180} INFO - Setting next_dagrun for read_dataset_event_from_classic to 2025-04-12 00:00:00+00:00, run_after=2025-04-13 00:00:00+00:00
[2025-04-13T17:48:48.231+0000] {processor.py:208} INFO - Processing /home/airflow/.local/lib/python3.12/site-packages/airflow/example_dags/example_inlet_event_extra.py took 1.086 seconds
[2025-04-13T17:49:18.584+0000] {processor.py:186} INFO - Started process (PID=1789) to work on /home/airflow/.local/lib/python3.12/site-packages/airflow/example_dags/example_inlet_event_extra.py
[2025-04-13T17:49:18.585+0000] {processor.py:914} INFO - Processing file /home/airflow/.local/lib/python3.12/site-packages/airflow/example_dags/example_inlet_event_extra.py for tasks to queue
[2025-04-13T17:49:18.588+0000] {logging_mixin.py:190} INFO - [2025-04-13T17:49:18.588+0000] {dagbag.py:588} INFO - Filling up the DagBag from /home/airflow/.local/lib/python3.12/site-packages/airflow/example_dags/example_inlet_event_extra.py
[2025-04-13T17:49:19.117+0000] {processor.py:925} INFO - DAG(s) 'read_dataset_event_from_classic', 'read_dataset_event' retrieved from /home/airflow/.local/lib/python3.12/site-packages/airflow/example_dags/example_inlet_event_extra.py
[2025-04-13T17:49:19.167+0000] {logging_mixin.py:190} INFO - [2025-04-13T17:49:19.167+0000] {dag.py:3239} INFO - Sync 2 DAGs
[2025-04-13T17:49:19.703+0000] {logging_mixin.py:190} INFO - [2025-04-13T17:49:19.703+0000] {dag.py:4180} INFO - Setting next_dagrun for read_dataset_event to 2025-04-12 00:00:00+00:00, run_after=2025-04-13 00:00:00+00:00
[2025-04-13T17:49:19.734+0000] {logging_mixin.py:190} INFO - [2025-04-13T17:49:19.733+0000] {dag.py:4180} INFO - Setting next_dagrun for read_dataset_event_from_classic to 2025-04-12 00:00:00+00:00, run_after=2025-04-13 00:00:00+00:00
[2025-04-13T17:49:19.833+0000] {processor.py:208} INFO - Processing /home/airflow/.local/lib/python3.12/site-packages/airflow/example_dags/example_inlet_event_extra.py took 1.259 seconds
[2025-04-13T17:49:50.066+0000] {processor.py:186} INFO - Started process (PID=2080) to work on /home/airflow/.local/lib/python3.12/site-packages/airflow/example_dags/example_inlet_event_extra.py
[2025-04-13T17:49:50.069+0000] {processor.py:914} INFO - Processing file /home/airflow/.local/lib/python3.12/site-packages/airflow/example_dags/example_inlet_event_extra.py for tasks to queue
[2025-04-13T17:49:50.073+0000] {logging_mixin.py:190} INFO - [2025-04-13T17:49:50.072+0000] {dagbag.py:588} INFO - Filling up the DagBag from /home/airflow/.local/lib/python3.12/site-packages/airflow/example_dags/example_inlet_event_extra.py
[2025-04-13T17:49:50.867+0000] {processor.py:925} INFO - DAG(s) 'read_dataset_event_from_classic', 'read_dataset_event' retrieved from /home/airflow/.local/lib/python3.12/site-packages/airflow/example_dags/example_inlet_event_extra.py
[2025-04-13T17:49:50.890+0000] {logging_mixin.py:190} INFO - [2025-04-13T17:49:50.890+0000] {dag.py:3239} INFO - Sync 2 DAGs
[2025-04-13T17:49:50.915+0000] {logging_mixin.py:190} INFO - [2025-04-13T17:49:50.915+0000] {dag.py:4180} INFO - Setting next_dagrun for read_dataset_event to 2025-04-12 00:00:00+00:00, run_after=2025-04-13 00:00:00+00:00
[2025-04-13T17:49:50.921+0000] {logging_mixin.py:190} INFO - [2025-04-13T17:49:50.921+0000] {dag.py:4180} INFO - Setting next_dagrun for read_dataset_event_from_classic to 2025-04-12 00:00:00+00:00, run_after=2025-04-13 00:00:00+00:00
[2025-04-13T17:49:50.938+0000] {processor.py:208} INFO - Processing /home/airflow/.local/lib/python3.12/site-packages/airflow/example_dags/example_inlet_event_extra.py took 0.884 seconds
[2025-04-13T17:50:21.096+0000] {processor.py:186} INFO - Started process (PID=2371) to work on /home/airflow/.local/lib/python3.12/site-packages/airflow/example_dags/example_inlet_event_extra.py
[2025-04-13T17:50:21.097+0000] {processor.py:914} INFO - Processing file /home/airflow/.local/lib/python3.12/site-packages/airflow/example_dags/example_inlet_event_extra.py for tasks to queue
[2025-04-13T17:50:21.101+0000] {logging_mixin.py:190} INFO - [2025-04-13T17:50:21.100+0000] {dagbag.py:588} INFO - Filling up the DagBag from /home/airflow/.local/lib/python3.12/site-packages/airflow/example_dags/example_inlet_event_extra.py
[2025-04-13T17:50:21.890+0000] {processor.py:925} INFO - DAG(s) 'read_dataset_event', 'read_dataset_event_from_classic' retrieved from /home/airflow/.local/lib/python3.12/site-packages/airflow/example_dags/example_inlet_event_extra.py
[2025-04-13T17:50:21.915+0000] {logging_mixin.py:190} INFO - [2025-04-13T17:50:21.914+0000] {dag.py:3239} INFO - Sync 2 DAGs
[2025-04-13T17:50:21.944+0000] {logging_mixin.py:190} INFO - [2025-04-13T17:50:21.944+0000] {dag.py:4180} INFO - Setting next_dagrun for read_dataset_event to 2025-04-12 00:00:00+00:00, run_after=2025-04-13 00:00:00+00:00
[2025-04-13T17:50:21.950+0000] {logging_mixin.py:190} INFO - [2025-04-13T17:50:21.950+0000] {dag.py:4180} INFO - Setting next_dagrun for read_dataset_event_from_classic to 2025-04-12 00:00:00+00:00, run_after=2025-04-13 00:00:00+00:00
[2025-04-13T17:50:21.968+0000] {processor.py:208} INFO - Processing /home/airflow/.local/lib/python3.12/site-packages/airflow/example_dags/example_inlet_event_extra.py took 0.879 seconds
[2025-04-13T17:50:52.208+0000] {processor.py:186} INFO - Started process (PID=2682) to work on /home/airflow/.local/lib/python3.12/site-packages/airflow/example_dags/example_inlet_event_extra.py
[2025-04-13T17:50:52.210+0000] {processor.py:914} INFO - Processing file /home/airflow/.local/lib/python3.12/site-packages/airflow/example_dags/example_inlet_event_extra.py for tasks to queue
[2025-04-13T17:50:52.219+0000] {logging_mixin.py:190} INFO - [2025-04-13T17:50:52.218+0000] {dagbag.py:588} INFO - Filling up the DagBag from /home/airflow/.local/lib/python3.12/site-packages/airflow/example_dags/example_inlet_event_extra.py
[2025-04-13T17:50:53.063+0000] {processor.py:925} INFO - DAG(s) 'read_dataset_event', 'read_dataset_event_from_classic' retrieved from /home/airflow/.local/lib/python3.12/site-packages/airflow/example_dags/example_inlet_event_extra.py
[2025-04-13T17:50:53.094+0000] {logging_mixin.py:190} INFO - [2025-04-13T17:50:53.094+0000] {dag.py:3239} INFO - Sync 2 DAGs
[2025-04-13T17:50:53.124+0000] {logging_mixin.py:190} INFO - [2025-04-13T17:50:53.124+0000] {dag.py:4180} INFO - Setting next_dagrun for read_dataset_event to 2025-04-12 00:00:00+00:00, run_after=2025-04-13 00:00:00+00:00
[2025-04-13T17:50:53.133+0000] {logging_mixin.py:190} INFO - [2025-04-13T17:50:53.133+0000] {dag.py:4180} INFO - Setting next_dagrun for read_dataset_event_from_classic to 2025-04-12 00:00:00+00:00, run_after=2025-04-13 00:00:00+00:00
[2025-04-13T17:50:53.169+0000] {processor.py:208} INFO - Processing /home/airflow/.local/lib/python3.12/site-packages/airflow/example_dags/example_inlet_event_extra.py took 0.970 seconds
[2025-04-13T17:51:23.480+0000] {processor.py:186} INFO - Started process (PID=2978) to work on /home/airflow/.local/lib/python3.12/site-packages/airflow/example_dags/example_inlet_event_extra.py
[2025-04-13T17:51:23.481+0000] {processor.py:914} INFO - Processing file /home/airflow/.local/lib/python3.12/site-packages/airflow/example_dags/example_inlet_event_extra.py for tasks to queue
[2025-04-13T17:51:23.485+0000] {logging_mixin.py:190} INFO - [2025-04-13T17:51:23.484+0000] {dagbag.py:588} INFO - Filling up the DagBag from /home/airflow/.local/lib/python3.12/site-packages/airflow/example_dags/example_inlet_event_extra.py
[2025-04-13T17:51:24.793+0000] {processor.py:925} INFO - DAG(s) 'read_dataset_event_from_classic', 'read_dataset_event' retrieved from /home/airflow/.local/lib/python3.12/site-packages/airflow/example_dags/example_inlet_event_extra.py
[2025-04-13T17:51:24.830+0000] {logging_mixin.py:190} INFO - [2025-04-13T17:51:24.830+0000] {dag.py:3239} INFO - Sync 2 DAGs
[2025-04-13T17:51:24.872+0000] {logging_mixin.py:190} INFO - [2025-04-13T17:51:24.871+0000] {dag.py:4180} INFO - Setting next_dagrun for read_dataset_event to 2025-04-12 00:00:00+00:00, run_after=2025-04-13 00:00:00+00:00
[2025-04-13T17:51:24.883+0000] {logging_mixin.py:190} INFO - [2025-04-13T17:51:24.883+0000] {dag.py:4180} INFO - Setting next_dagrun for read_dataset_event_from_classic to 2025-04-12 00:00:00+00:00, run_after=2025-04-13 00:00:00+00:00
[2025-04-13T17:51:24.984+0000] {processor.py:208} INFO - Processing /home/airflow/.local/lib/python3.12/site-packages/airflow/example_dags/example_inlet_event_extra.py took 1.517 seconds
[2025-04-13T18:55:55.530+0000] {processor.py:186} INFO - Started process (PID=254) to work on /home/airflow/.local/lib/python3.12/site-packages/airflow/example_dags/example_inlet_event_extra.py
[2025-04-13T18:55:55.534+0000] {processor.py:914} INFO - Processing file /home/airflow/.local/lib/python3.12/site-packages/airflow/example_dags/example_inlet_event_extra.py for tasks to queue
[2025-04-13T18:55:55.539+0000] {logging_mixin.py:190} INFO - [2025-04-13T18:55:55.539+0000] {dagbag.py:588} INFO - Filling up the DagBag from /home/airflow/.local/lib/python3.12/site-packages/airflow/example_dags/example_inlet_event_extra.py
[2025-04-13T18:55:57.864+0000] {processor.py:925} INFO - DAG(s) 'read_dataset_event', 'read_dataset_event_from_classic' retrieved from /home/airflow/.local/lib/python3.12/site-packages/airflow/example_dags/example_inlet_event_extra.py
[2025-04-13T18:55:57.916+0000] {logging_mixin.py:190} INFO - [2025-04-13T18:55:57.915+0000] {dag.py:3239} INFO - Sync 2 DAGs
[2025-04-13T18:55:58.739+0000] {logging_mixin.py:190} INFO - [2025-04-13T18:55:58.738+0000] {dag.py:4180} INFO - Setting next_dagrun for read_dataset_event to 2025-04-12 00:00:00+00:00, run_after=2025-04-13 00:00:00+00:00
[2025-04-13T18:55:58.747+0000] {logging_mixin.py:190} INFO - [2025-04-13T18:55:58.746+0000] {dag.py:4180} INFO - Setting next_dagrun for read_dataset_event_from_classic to 2025-04-12 00:00:00+00:00, run_after=2025-04-13 00:00:00+00:00
[2025-04-13T18:55:58.770+0000] {processor.py:208} INFO - Processing /home/airflow/.local/lib/python3.12/site-packages/airflow/example_dags/example_inlet_event_extra.py took 3.252 seconds
[2025-04-13T18:56:29.071+0000] {processor.py:186} INFO - Started process (PID=590) to work on /home/airflow/.local/lib/python3.12/site-packages/airflow/example_dags/example_inlet_event_extra.py
[2025-04-13T18:56:29.110+0000] {processor.py:914} INFO - Processing file /home/airflow/.local/lib/python3.12/site-packages/airflow/example_dags/example_inlet_event_extra.py for tasks to queue
[2025-04-13T18:56:29.113+0000] {logging_mixin.py:190} INFO - [2025-04-13T18:56:29.113+0000] {dagbag.py:588} INFO - Filling up the DagBag from /home/airflow/.local/lib/python3.12/site-packages/airflow/example_dags/example_inlet_event_extra.py
[2025-04-13T18:56:30.894+0000] {processor.py:925} INFO - DAG(s) 'read_dataset_event_from_classic', 'read_dataset_event' retrieved from /home/airflow/.local/lib/python3.12/site-packages/airflow/example_dags/example_inlet_event_extra.py
[2025-04-13T18:56:30.969+0000] {logging_mixin.py:190} INFO - [2025-04-13T18:56:30.969+0000] {dag.py:3239} INFO - Sync 2 DAGs
[2025-04-13T18:56:31.013+0000] {logging_mixin.py:190} INFO - [2025-04-13T18:56:31.013+0000] {dag.py:4180} INFO - Setting next_dagrun for read_dataset_event to 2025-04-12 00:00:00+00:00, run_after=2025-04-13 00:00:00+00:00
[2025-04-13T18:56:31.020+0000] {logging_mixin.py:190} INFO - [2025-04-13T18:56:31.020+0000] {dag.py:4180} INFO - Setting next_dagrun for read_dataset_event_from_classic to 2025-04-12 00:00:00+00:00, run_after=2025-04-13 00:00:00+00:00
[2025-04-13T18:56:31.040+0000] {processor.py:208} INFO - Processing /home/airflow/.local/lib/python3.12/site-packages/airflow/example_dags/example_inlet_event_extra.py took 1.977 seconds
[2025-04-13T18:57:01.182+0000] {processor.py:186} INFO - Started process (PID=903) to work on /home/airflow/.local/lib/python3.12/site-packages/airflow/example_dags/example_inlet_event_extra.py
[2025-04-13T18:57:01.184+0000] {processor.py:914} INFO - Processing file /home/airflow/.local/lib/python3.12/site-packages/airflow/example_dags/example_inlet_event_extra.py for tasks to queue
[2025-04-13T18:57:01.188+0000] {logging_mixin.py:190} INFO - [2025-04-13T18:57:01.187+0000] {dagbag.py:588} INFO - Filling up the DagBag from /home/airflow/.local/lib/python3.12/site-packages/airflow/example_dags/example_inlet_event_extra.py
[2025-04-13T18:57:02.033+0000] {processor.py:925} INFO - DAG(s) 'read_dataset_event', 'read_dataset_event_from_classic' retrieved from /home/airflow/.local/lib/python3.12/site-packages/airflow/example_dags/example_inlet_event_extra.py
[2025-04-13T18:57:02.067+0000] {logging_mixin.py:190} INFO - [2025-04-13T18:57:02.066+0000] {dag.py:3239} INFO - Sync 2 DAGs
[2025-04-13T18:57:02.108+0000] {logging_mixin.py:190} INFO - [2025-04-13T18:57:02.107+0000] {dag.py:4180} INFO - Setting next_dagrun for read_dataset_event to 2025-04-12 00:00:00+00:00, run_after=2025-04-13 00:00:00+00:00
[2025-04-13T18:57:02.120+0000] {logging_mixin.py:190} INFO - [2025-04-13T18:57:02.120+0000] {dag.py:4180} INFO - Setting next_dagrun for read_dataset_event_from_classic to 2025-04-12 00:00:00+00:00, run_after=2025-04-13 00:00:00+00:00
[2025-04-13T18:57:02.143+0000] {processor.py:208} INFO - Processing /home/airflow/.local/lib/python3.12/site-packages/airflow/example_dags/example_inlet_event_extra.py took 0.969 seconds
[2025-04-13T18:57:32.749+0000] {processor.py:186} INFO - Started process (PID=1214) to work on /home/airflow/.local/lib/python3.12/site-packages/airflow/example_dags/example_inlet_event_extra.py
[2025-04-13T18:57:32.750+0000] {processor.py:914} INFO - Processing file /home/airflow/.local/lib/python3.12/site-packages/airflow/example_dags/example_inlet_event_extra.py for tasks to queue
[2025-04-13T18:57:32.754+0000] {logging_mixin.py:190} INFO - [2025-04-13T18:57:32.753+0000] {dagbag.py:588} INFO - Filling up the DagBag from /home/airflow/.local/lib/python3.12/site-packages/airflow/example_dags/example_inlet_event_extra.py
[2025-04-13T18:57:33.586+0000] {processor.py:925} INFO - DAG(s) 'read_dataset_event_from_classic', 'read_dataset_event' retrieved from /home/airflow/.local/lib/python3.12/site-packages/airflow/example_dags/example_inlet_event_extra.py
[2025-04-13T18:57:33.609+0000] {logging_mixin.py:190} INFO - [2025-04-13T18:57:33.609+0000] {dag.py:3239} INFO - Sync 2 DAGs
[2025-04-13T18:57:33.634+0000] {logging_mixin.py:190} INFO - [2025-04-13T18:57:33.634+0000] {dag.py:4180} INFO - Setting next_dagrun for read_dataset_event to 2025-04-12 00:00:00+00:00, run_after=2025-04-13 00:00:00+00:00
[2025-04-13T18:57:33.641+0000] {logging_mixin.py:190} INFO - [2025-04-13T18:57:33.641+0000] {dag.py:4180} INFO - Setting next_dagrun for read_dataset_event_from_classic to 2025-04-12 00:00:00+00:00, run_after=2025-04-13 00:00:00+00:00
[2025-04-13T18:57:33.664+0000] {processor.py:208} INFO - Processing /home/airflow/.local/lib/python3.12/site-packages/airflow/example_dags/example_inlet_event_extra.py took 0.924 seconds
[2025-04-13T18:58:04.423+0000] {processor.py:186} INFO - Started process (PID=1520) to work on /home/airflow/.local/lib/python3.12/site-packages/airflow/example_dags/example_inlet_event_extra.py
[2025-04-13T18:58:04.425+0000] {processor.py:914} INFO - Processing file /home/airflow/.local/lib/python3.12/site-packages/airflow/example_dags/example_inlet_event_extra.py for tasks to queue
[2025-04-13T18:58:04.430+0000] {logging_mixin.py:190} INFO - [2025-04-13T18:58:04.429+0000] {dagbag.py:588} INFO - Filling up the DagBag from /home/airflow/.local/lib/python3.12/site-packages/airflow/example_dags/example_inlet_event_extra.py
[2025-04-13T18:58:05.131+0000] {processor.py:925} INFO - DAG(s) 'read_dataset_event_from_classic', 'read_dataset_event' retrieved from /home/airflow/.local/lib/python3.12/site-packages/airflow/example_dags/example_inlet_event_extra.py
[2025-04-13T18:58:06.247+0000] {logging_mixin.py:190} INFO - [2025-04-13T18:58:06.246+0000] {dag.py:3239} INFO - Sync 2 DAGs
[2025-04-13T18:58:06.338+0000] {logging_mixin.py:190} INFO - [2025-04-13T18:58:06.338+0000] {dag.py:4180} INFO - Setting next_dagrun for read_dataset_event to 2025-04-12 00:00:00+00:00, run_after=2025-04-13 00:00:00+00:00
[2025-04-13T18:58:06.351+0000] {logging_mixin.py:190} INFO - [2025-04-13T18:58:06.351+0000] {dag.py:4180} INFO - Setting next_dagrun for read_dataset_event_from_classic to 2025-04-12 00:00:00+00:00, run_after=2025-04-13 00:00:00+00:00
[2025-04-13T18:58:06.403+0000] {processor.py:208} INFO - Processing /home/airflow/.local/lib/python3.12/site-packages/airflow/example_dags/example_inlet_event_extra.py took 1.991 seconds
