[2025-04-13T17:46:41.666+0000] {processor.py:186} INFO - Started process (PID=282) to work on /home/airflow/.local/lib/python3.12/site-packages/airflow/example_dags/example_latest_only.py
[2025-04-13T17:46:41.668+0000] {processor.py:914} INFO - Processing file /home/airflow/.local/lib/python3.12/site-packages/airflow/example_dags/example_latest_only.py for tasks to queue
[2025-04-13T17:46:41.671+0000] {logging_mixin.py:190} INFO - [2025-04-13T17:46:41.670+0000] {dagbag.py:588} INFO - Filling up the DagBag from /home/airflow/.local/lib/python3.12/site-packages/airflow/example_dags/example_latest_only.py
[2025-04-13T17:46:41.683+0000] {processor.py:925} INFO - DAG(s) 'latest_only' retrieved from /home/airflow/.local/lib/python3.12/site-packages/airflow/example_dags/example_latest_only.py
[2025-04-13T17:46:41.931+0000] {logging_mixin.py:190} INFO - [2025-04-13T17:46:41.930+0000] {dag.py:3239} INFO - Sync 1 DAGs
[2025-04-13T17:46:41.975+0000] {logging_mixin.py:190} INFO - [2025-04-13T17:46:41.975+0000] {dag.py:4180} INFO - Setting next_dagrun for latest_only to 2025-04-13 12:00:00+00:00, run_after=2025-04-13 16:00:00+00:00
[2025-04-13T17:46:42.007+0000] {processor.py:208} INFO - Processing /home/airflow/.local/lib/python3.12/site-packages/airflow/example_dags/example_latest_only.py took 0.350 seconds
[2025-04-13T17:47:12.541+0000] {processor.py:186} INFO - Started process (PID=568) to work on /home/airflow/.local/lib/python3.12/site-packages/airflow/example_dags/example_latest_only.py
[2025-04-13T17:47:12.547+0000] {processor.py:914} INFO - Processing file /home/airflow/.local/lib/python3.12/site-packages/airflow/example_dags/example_latest_only.py for tasks to queue
[2025-04-13T17:47:12.553+0000] {logging_mixin.py:190} INFO - [2025-04-13T17:47:12.553+0000] {dagbag.py:588} INFO - Filling up the DagBag from /home/airflow/.local/lib/python3.12/site-packages/airflow/example_dags/example_latest_only.py
[2025-04-13T17:47:12.573+0000] {processor.py:925} INFO - DAG(s) 'latest_only' retrieved from /home/airflow/.local/lib/python3.12/site-packages/airflow/example_dags/example_latest_only.py
[2025-04-13T17:47:12.656+0000] {logging_mixin.py:190} INFO - [2025-04-13T17:47:12.656+0000] {dag.py:3239} INFO - Sync 1 DAGs
[2025-04-13T17:47:12.731+0000] {logging_mixin.py:190} INFO - [2025-04-13T17:47:12.731+0000] {dag.py:4180} INFO - Setting next_dagrun for latest_only to 2025-04-13 12:00:00+00:00, run_after=2025-04-13 16:00:00+00:00
[2025-04-13T17:47:12.796+0000] {processor.py:208} INFO - Processing /home/airflow/.local/lib/python3.12/site-packages/airflow/example_dags/example_latest_only.py took 0.280 seconds
[2025-04-13T17:47:42.899+0000] {processor.py:186} INFO - Started process (PID=859) to work on /home/airflow/.local/lib/python3.12/site-packages/airflow/example_dags/example_latest_only.py
[2025-04-13T17:47:42.900+0000] {processor.py:914} INFO - Processing file /home/airflow/.local/lib/python3.12/site-packages/airflow/example_dags/example_latest_only.py for tasks to queue
[2025-04-13T17:47:42.903+0000] {logging_mixin.py:190} INFO - [2025-04-13T17:47:42.903+0000] {dagbag.py:588} INFO - Filling up the DagBag from /home/airflow/.local/lib/python3.12/site-packages/airflow/example_dags/example_latest_only.py
[2025-04-13T17:47:42.913+0000] {processor.py:925} INFO - DAG(s) 'latest_only' retrieved from /home/airflow/.local/lib/python3.12/site-packages/airflow/example_dags/example_latest_only.py
[2025-04-13T17:47:42.938+0000] {logging_mixin.py:190} INFO - [2025-04-13T17:47:42.938+0000] {dag.py:3239} INFO - Sync 1 DAGs
[2025-04-13T17:47:42.970+0000] {logging_mixin.py:190} INFO - [2025-04-13T17:47:42.969+0000] {dag.py:4180} INFO - Setting next_dagrun for latest_only to 2025-04-13 12:00:00+00:00, run_after=2025-04-13 16:00:00+00:00
[2025-04-13T17:47:42.997+0000] {processor.py:208} INFO - Processing /home/airflow/.local/lib/python3.12/site-packages/airflow/example_dags/example_latest_only.py took 0.105 seconds
[2025-04-13T17:48:13.257+0000] {processor.py:186} INFO - Started process (PID=1150) to work on /home/airflow/.local/lib/python3.12/site-packages/airflow/example_dags/example_latest_only.py
[2025-04-13T17:48:13.259+0000] {processor.py:914} INFO - Processing file /home/airflow/.local/lib/python3.12/site-packages/airflow/example_dags/example_latest_only.py for tasks to queue
[2025-04-13T17:48:13.262+0000] {logging_mixin.py:190} INFO - [2025-04-13T17:48:13.261+0000] {dagbag.py:588} INFO - Filling up the DagBag from /home/airflow/.local/lib/python3.12/site-packages/airflow/example_dags/example_latest_only.py
[2025-04-13T17:48:13.273+0000] {processor.py:925} INFO - DAG(s) 'latest_only' retrieved from /home/airflow/.local/lib/python3.12/site-packages/airflow/example_dags/example_latest_only.py
[2025-04-13T17:48:13.301+0000] {logging_mixin.py:190} INFO - [2025-04-13T17:48:13.301+0000] {dag.py:3239} INFO - Sync 1 DAGs
[2025-04-13T17:48:13.336+0000] {logging_mixin.py:190} INFO - [2025-04-13T17:48:13.335+0000] {dag.py:4180} INFO - Setting next_dagrun for latest_only to 2025-04-13 12:00:00+00:00, run_after=2025-04-13 16:00:00+00:00
[2025-04-13T17:48:13.361+0000] {processor.py:208} INFO - Processing /home/airflow/.local/lib/python3.12/site-packages/airflow/example_dags/example_latest_only.py took 0.111 seconds
[2025-04-13T17:48:43.662+0000] {processor.py:186} INFO - Started process (PID=1441) to work on /home/airflow/.local/lib/python3.12/site-packages/airflow/example_dags/example_latest_only.py
[2025-04-13T17:48:43.664+0000] {processor.py:914} INFO - Processing file /home/airflow/.local/lib/python3.12/site-packages/airflow/example_dags/example_latest_only.py for tasks to queue
[2025-04-13T17:48:43.667+0000] {logging_mixin.py:190} INFO - [2025-04-13T17:48:43.667+0000] {dagbag.py:588} INFO - Filling up the DagBag from /home/airflow/.local/lib/python3.12/site-packages/airflow/example_dags/example_latest_only.py
[2025-04-13T17:48:43.683+0000] {processor.py:925} INFO - DAG(s) 'latest_only' retrieved from /home/airflow/.local/lib/python3.12/site-packages/airflow/example_dags/example_latest_only.py
[2025-04-13T17:48:43.719+0000] {logging_mixin.py:190} INFO - [2025-04-13T17:48:43.719+0000] {dag.py:3239} INFO - Sync 1 DAGs
[2025-04-13T17:48:43.758+0000] {logging_mixin.py:190} INFO - [2025-04-13T17:48:43.758+0000] {dag.py:4180} INFO - Setting next_dagrun for latest_only to 2025-04-13 12:00:00+00:00, run_after=2025-04-13 16:00:00+00:00
[2025-04-13T17:48:43.785+0000] {processor.py:208} INFO - Processing /home/airflow/.local/lib/python3.12/site-packages/airflow/example_dags/example_latest_only.py took 0.136 seconds
[2025-04-13T17:49:14.289+0000] {processor.py:186} INFO - Started process (PID=1732) to work on /home/airflow/.local/lib/python3.12/site-packages/airflow/example_dags/example_latest_only.py
[2025-04-13T17:49:14.290+0000] {processor.py:914} INFO - Processing file /home/airflow/.local/lib/python3.12/site-packages/airflow/example_dags/example_latest_only.py for tasks to queue
[2025-04-13T17:49:14.293+0000] {logging_mixin.py:190} INFO - [2025-04-13T17:49:14.293+0000] {dagbag.py:588} INFO - Filling up the DagBag from /home/airflow/.local/lib/python3.12/site-packages/airflow/example_dags/example_latest_only.py
[2025-04-13T17:49:14.305+0000] {processor.py:925} INFO - DAG(s) 'latest_only' retrieved from /home/airflow/.local/lib/python3.12/site-packages/airflow/example_dags/example_latest_only.py
[2025-04-13T17:49:14.335+0000] {logging_mixin.py:190} INFO - [2025-04-13T17:49:14.335+0000] {dag.py:3239} INFO - Sync 1 DAGs
[2025-04-13T17:49:14.371+0000] {logging_mixin.py:190} INFO - [2025-04-13T17:49:14.371+0000] {dag.py:4180} INFO - Setting next_dagrun for latest_only to 2025-04-13 12:00:00+00:00, run_after=2025-04-13 16:00:00+00:00
[2025-04-13T17:49:14.405+0000] {processor.py:208} INFO - Processing /home/airflow/.local/lib/python3.12/site-packages/airflow/example_dags/example_latest_only.py took 0.123 seconds
[2025-04-13T17:49:44.813+0000] {processor.py:186} INFO - Started process (PID=2023) to work on /home/airflow/.local/lib/python3.12/site-packages/airflow/example_dags/example_latest_only.py
[2025-04-13T17:49:44.815+0000] {processor.py:914} INFO - Processing file /home/airflow/.local/lib/python3.12/site-packages/airflow/example_dags/example_latest_only.py for tasks to queue
[2025-04-13T17:49:44.820+0000] {logging_mixin.py:190} INFO - [2025-04-13T17:49:44.819+0000] {dagbag.py:588} INFO - Filling up the DagBag from /home/airflow/.local/lib/python3.12/site-packages/airflow/example_dags/example_latest_only.py
[2025-04-13T17:49:44.830+0000] {processor.py:925} INFO - DAG(s) 'latest_only' retrieved from /home/airflow/.local/lib/python3.12/site-packages/airflow/example_dags/example_latest_only.py
[2025-04-13T17:49:44.858+0000] {logging_mixin.py:190} INFO - [2025-04-13T17:49:44.858+0000] {dag.py:3239} INFO - Sync 1 DAGs
[2025-04-13T17:49:44.892+0000] {logging_mixin.py:190} INFO - [2025-04-13T17:49:44.892+0000] {dag.py:4180} INFO - Setting next_dagrun for latest_only to 2025-04-13 12:00:00+00:00, run_after=2025-04-13 16:00:00+00:00
[2025-04-13T17:49:44.916+0000] {processor.py:208} INFO - Processing /home/airflow/.local/lib/python3.12/site-packages/airflow/example_dags/example_latest_only.py took 0.111 seconds
[2025-04-13T17:50:15.175+0000] {processor.py:186} INFO - Started process (PID=2314) to work on /home/airflow/.local/lib/python3.12/site-packages/airflow/example_dags/example_latest_only.py
[2025-04-13T17:50:15.176+0000] {processor.py:914} INFO - Processing file /home/airflow/.local/lib/python3.12/site-packages/airflow/example_dags/example_latest_only.py for tasks to queue
[2025-04-13T17:50:15.179+0000] {logging_mixin.py:190} INFO - [2025-04-13T17:50:15.178+0000] {dagbag.py:588} INFO - Filling up the DagBag from /home/airflow/.local/lib/python3.12/site-packages/airflow/example_dags/example_latest_only.py
[2025-04-13T17:50:15.187+0000] {processor.py:925} INFO - DAG(s) 'latest_only' retrieved from /home/airflow/.local/lib/python3.12/site-packages/airflow/example_dags/example_latest_only.py
[2025-04-13T17:50:15.213+0000] {logging_mixin.py:190} INFO - [2025-04-13T17:50:15.213+0000] {dag.py:3239} INFO - Sync 1 DAGs
[2025-04-13T17:50:15.245+0000] {logging_mixin.py:190} INFO - [2025-04-13T17:50:15.245+0000] {dag.py:4180} INFO - Setting next_dagrun for latest_only to 2025-04-13 12:00:00+00:00, run_after=2025-04-13 16:00:00+00:00
[2025-04-13T17:50:15.267+0000] {processor.py:208} INFO - Processing /home/airflow/.local/lib/python3.12/site-packages/airflow/example_dags/example_latest_only.py took 0.100 seconds
[2025-04-13T17:50:45.716+0000] {processor.py:186} INFO - Started process (PID=2605) to work on /home/airflow/.local/lib/python3.12/site-packages/airflow/example_dags/example_latest_only.py
[2025-04-13T17:50:45.718+0000] {processor.py:914} INFO - Processing file /home/airflow/.local/lib/python3.12/site-packages/airflow/example_dags/example_latest_only.py for tasks to queue
[2025-04-13T17:50:45.721+0000] {logging_mixin.py:190} INFO - [2025-04-13T17:50:45.721+0000] {dagbag.py:588} INFO - Filling up the DagBag from /home/airflow/.local/lib/python3.12/site-packages/airflow/example_dags/example_latest_only.py
[2025-04-13T17:50:45.731+0000] {processor.py:925} INFO - DAG(s) 'latest_only' retrieved from /home/airflow/.local/lib/python3.12/site-packages/airflow/example_dags/example_latest_only.py
[2025-04-13T17:50:45.765+0000] {logging_mixin.py:190} INFO - [2025-04-13T17:50:45.764+0000] {dag.py:3239} INFO - Sync 1 DAGs
[2025-04-13T17:50:45.803+0000] {logging_mixin.py:190} INFO - [2025-04-13T17:50:45.803+0000] {dag.py:4180} INFO - Setting next_dagrun for latest_only to 2025-04-13 12:00:00+00:00, run_after=2025-04-13 16:00:00+00:00
[2025-04-13T17:50:45.838+0000] {processor.py:208} INFO - Processing /home/airflow/.local/lib/python3.12/site-packages/airflow/example_dags/example_latest_only.py took 0.132 seconds
[2025-04-13T17:51:16.074+0000] {processor.py:186} INFO - Started process (PID=2896) to work on /home/airflow/.local/lib/python3.12/site-packages/airflow/example_dags/example_latest_only.py
[2025-04-13T17:51:16.077+0000] {processor.py:914} INFO - Processing file /home/airflow/.local/lib/python3.12/site-packages/airflow/example_dags/example_latest_only.py for tasks to queue
[2025-04-13T17:51:16.082+0000] {logging_mixin.py:190} INFO - [2025-04-13T17:51:16.081+0000] {dagbag.py:588} INFO - Filling up the DagBag from /home/airflow/.local/lib/python3.12/site-packages/airflow/example_dags/example_latest_only.py
[2025-04-13T17:51:16.099+0000] {processor.py:925} INFO - DAG(s) 'latest_only' retrieved from /home/airflow/.local/lib/python3.12/site-packages/airflow/example_dags/example_latest_only.py
[2025-04-13T17:51:16.147+0000] {logging_mixin.py:190} INFO - [2025-04-13T17:51:16.147+0000] {dag.py:3239} INFO - Sync 1 DAGs
[2025-04-13T17:51:16.180+0000] {logging_mixin.py:190} INFO - [2025-04-13T17:51:16.180+0000] {dag.py:4180} INFO - Setting next_dagrun for latest_only to 2025-04-13 12:00:00+00:00, run_after=2025-04-13 16:00:00+00:00
[2025-04-13T17:51:16.209+0000] {processor.py:208} INFO - Processing /home/airflow/.local/lib/python3.12/site-packages/airflow/example_dags/example_latest_only.py took 0.148 seconds
[2025-04-13T17:51:46.375+0000] {processor.py:186} INFO - Started process (PID=3187) to work on /home/airflow/.local/lib/python3.12/site-packages/airflow/example_dags/example_latest_only.py
[2025-04-13T17:51:46.377+0000] {processor.py:914} INFO - Processing file /home/airflow/.local/lib/python3.12/site-packages/airflow/example_dags/example_latest_only.py for tasks to queue
[2025-04-13T17:51:46.381+0000] {logging_mixin.py:190} INFO - [2025-04-13T17:51:46.380+0000] {dagbag.py:588} INFO - Filling up the DagBag from /home/airflow/.local/lib/python3.12/site-packages/airflow/example_dags/example_latest_only.py
[2025-04-13T17:51:46.391+0000] {processor.py:925} INFO - DAG(s) 'latest_only' retrieved from /home/airflow/.local/lib/python3.12/site-packages/airflow/example_dags/example_latest_only.py
[2025-04-13T17:51:46.424+0000] {logging_mixin.py:190} INFO - [2025-04-13T17:51:46.424+0000] {dag.py:3239} INFO - Sync 1 DAGs
[2025-04-13T17:51:46.466+0000] {logging_mixin.py:190} INFO - [2025-04-13T17:51:46.465+0000] {dag.py:4180} INFO - Setting next_dagrun for latest_only to 2025-04-13 12:00:00+00:00, run_after=2025-04-13 16:00:00+00:00
[2025-04-13T17:51:46.494+0000] {processor.py:208} INFO - Processing /home/airflow/.local/lib/python3.12/site-packages/airflow/example_dags/example_latest_only.py took 0.128 seconds
[2025-04-13T18:55:57.379+0000] {processor.py:186} INFO - Started process (PID=284) to work on /home/airflow/.local/lib/python3.12/site-packages/airflow/example_dags/example_latest_only.py
[2025-04-13T18:55:57.382+0000] {processor.py:914} INFO - Processing file /home/airflow/.local/lib/python3.12/site-packages/airflow/example_dags/example_latest_only.py for tasks to queue
[2025-04-13T18:55:57.386+0000] {logging_mixin.py:190} INFO - [2025-04-13T18:55:57.385+0000] {dagbag.py:588} INFO - Filling up the DagBag from /home/airflow/.local/lib/python3.12/site-packages/airflow/example_dags/example_latest_only.py
[2025-04-13T18:55:57.404+0000] {processor.py:925} INFO - DAG(s) 'latest_only' retrieved from /home/airflow/.local/lib/python3.12/site-packages/airflow/example_dags/example_latest_only.py
[2025-04-13T18:55:57.492+0000] {logging_mixin.py:190} INFO - [2025-04-13T18:55:57.491+0000] {dag.py:3239} INFO - Sync 1 DAGs
[2025-04-13T18:55:57.552+0000] {logging_mixin.py:190} INFO - [2025-04-13T18:55:57.552+0000] {dag.py:4180} INFO - Setting next_dagrun for latest_only to 2025-04-13 12:00:00+00:00, run_after=2025-04-13 16:00:00+00:00
[2025-04-13T18:55:57.590+0000] {processor.py:208} INFO - Processing /home/airflow/.local/lib/python3.12/site-packages/airflow/example_dags/example_latest_only.py took 0.222 seconds
[2025-04-13T18:56:28.591+0000] {processor.py:186} INFO - Started process (PID=577) to work on /home/airflow/.local/lib/python3.12/site-packages/airflow/example_dags/example_latest_only.py
[2025-04-13T18:56:28.593+0000] {processor.py:914} INFO - Processing file /home/airflow/.local/lib/python3.12/site-packages/airflow/example_dags/example_latest_only.py for tasks to queue
[2025-04-13T18:56:28.595+0000] {logging_mixin.py:190} INFO - [2025-04-13T18:56:28.595+0000] {dagbag.py:588} INFO - Filling up the DagBag from /home/airflow/.local/lib/python3.12/site-packages/airflow/example_dags/example_latest_only.py
[2025-04-13T18:56:28.605+0000] {processor.py:925} INFO - DAG(s) 'latest_only' retrieved from /home/airflow/.local/lib/python3.12/site-packages/airflow/example_dags/example_latest_only.py
[2025-04-13T18:56:28.630+0000] {logging_mixin.py:190} INFO - [2025-04-13T18:56:28.629+0000] {dag.py:3239} INFO - Sync 1 DAGs
[2025-04-13T18:56:28.858+0000] {logging_mixin.py:190} INFO - [2025-04-13T18:56:28.858+0000] {dag.py:4180} INFO - Setting next_dagrun for latest_only to 2025-04-13 12:00:00+00:00, run_after=2025-04-13 16:00:00+00:00
[2025-04-13T18:56:28.972+0000] {processor.py:208} INFO - Processing /home/airflow/.local/lib/python3.12/site-packages/airflow/example_dags/example_latest_only.py took 0.388 seconds
[2025-04-13T18:56:59.409+0000] {processor.py:186} INFO - Started process (PID=873) to work on /home/airflow/.local/lib/python3.12/site-packages/airflow/example_dags/example_latest_only.py
[2025-04-13T18:56:59.411+0000] {processor.py:914} INFO - Processing file /home/airflow/.local/lib/python3.12/site-packages/airflow/example_dags/example_latest_only.py for tasks to queue
[2025-04-13T18:56:59.415+0000] {logging_mixin.py:190} INFO - [2025-04-13T18:56:59.414+0000] {dagbag.py:588} INFO - Filling up the DagBag from /home/airflow/.local/lib/python3.12/site-packages/airflow/example_dags/example_latest_only.py
[2025-04-13T18:56:59.431+0000] {processor.py:925} INFO - DAG(s) 'latest_only' retrieved from /home/airflow/.local/lib/python3.12/site-packages/airflow/example_dags/example_latest_only.py
[2025-04-13T18:56:59.462+0000] {logging_mixin.py:190} INFO - [2025-04-13T18:56:59.462+0000] {dag.py:3239} INFO - Sync 1 DAGs
[2025-04-13T18:56:59.498+0000] {logging_mixin.py:190} INFO - [2025-04-13T18:56:59.497+0000] {dag.py:4180} INFO - Setting next_dagrun for latest_only to 2025-04-13 12:00:00+00:00, run_after=2025-04-13 16:00:00+00:00
[2025-04-13T18:56:59.527+0000] {processor.py:208} INFO - Processing /home/airflow/.local/lib/python3.12/site-packages/airflow/example_dags/example_latest_only.py took 0.126 seconds
[2025-04-13T18:57:29.722+0000] {processor.py:186} INFO - Started process (PID=1169) to work on /home/airflow/.local/lib/python3.12/site-packages/airflow/example_dags/example_latest_only.py
[2025-04-13T18:57:29.723+0000] {processor.py:914} INFO - Processing file /home/airflow/.local/lib/python3.12/site-packages/airflow/example_dags/example_latest_only.py for tasks to queue
[2025-04-13T18:57:29.726+0000] {logging_mixin.py:190} INFO - [2025-04-13T18:57:29.726+0000] {dagbag.py:588} INFO - Filling up the DagBag from /home/airflow/.local/lib/python3.12/site-packages/airflow/example_dags/example_latest_only.py
[2025-04-13T18:57:29.735+0000] {processor.py:925} INFO - DAG(s) 'latest_only' retrieved from /home/airflow/.local/lib/python3.12/site-packages/airflow/example_dags/example_latest_only.py
[2025-04-13T18:57:29.761+0000] {logging_mixin.py:190} INFO - [2025-04-13T18:57:29.761+0000] {dag.py:3239} INFO - Sync 1 DAGs
[2025-04-13T18:57:29.790+0000] {logging_mixin.py:190} INFO - [2025-04-13T18:57:29.790+0000] {dag.py:4180} INFO - Setting next_dagrun for latest_only to 2025-04-13 12:00:00+00:00, run_after=2025-04-13 16:00:00+00:00
[2025-04-13T18:57:29.813+0000] {processor.py:208} INFO - Processing /home/airflow/.local/lib/python3.12/site-packages/airflow/example_dags/example_latest_only.py took 0.098 seconds
[2025-04-13T18:58:00.309+0000] {processor.py:186} INFO - Started process (PID=1463) to work on /home/airflow/.local/lib/python3.12/site-packages/airflow/example_dags/example_latest_only.py
[2025-04-13T18:58:00.311+0000] {processor.py:914} INFO - Processing file /home/airflow/.local/lib/python3.12/site-packages/airflow/example_dags/example_latest_only.py for tasks to queue
[2025-04-13T18:58:00.319+0000] {logging_mixin.py:190} INFO - [2025-04-13T18:58:00.319+0000] {dagbag.py:588} INFO - Filling up the DagBag from /home/airflow/.local/lib/python3.12/site-packages/airflow/example_dags/example_latest_only.py
[2025-04-13T18:58:00.342+0000] {processor.py:925} INFO - DAG(s) 'latest_only' retrieved from /home/airflow/.local/lib/python3.12/site-packages/airflow/example_dags/example_latest_only.py
[2025-04-13T18:58:00.419+0000] {logging_mixin.py:190} INFO - [2025-04-13T18:58:00.414+0000] {dag.py:3239} INFO - Sync 1 DAGs
[2025-04-13T18:58:00.478+0000] {logging_mixin.py:190} INFO - [2025-04-13T18:58:00.477+0000] {dag.py:4180} INFO - Setting next_dagrun for latest_only to 2025-04-13 12:00:00+00:00, run_after=2025-04-13 16:00:00+00:00
[2025-04-13T18:58:00.524+0000] {processor.py:208} INFO - Processing /home/airflow/.local/lib/python3.12/site-packages/airflow/example_dags/example_latest_only.py took 0.231 seconds
