[2025-04-13T17:46:39.626+0000] {processor.py:186} INFO - Started process (PID=257) to work on /home/airflow/.local/lib/python3.12/site-packages/airflow/example_dags/example_python_decorator.py
[2025-04-13T17:46:39.628+0000] {processor.py:914} INFO - Processing file /home/airflow/.local/lib/python3.12/site-packages/airflow/example_dags/example_python_decorator.py for tasks to queue
[2025-04-13T17:46:39.631+0000] {logging_mixin.py:190} INFO - [2025-04-13T17:46:39.631+0000] {dagbag.py:588} INFO - Filling up the DagBag from /home/airflow/.local/lib/python3.12/site-packages/airflow/example_dags/example_python_decorator.py
[2025-04-13T17:46:39.658+0000] {processor.py:925} INFO - DAG(s) 'example_python_decorator' retrieved from /home/airflow/.local/lib/python3.12/site-packages/airflow/example_dags/example_python_decorator.py
[2025-04-13T17:46:39.827+0000] {logging_mixin.py:190} INFO - [2025-04-13T17:46:39.827+0000] {dag.py:3239} INFO - Sync 1 DAGs
[2025-04-13T17:46:39.843+0000] {logging_mixin.py:190} INFO - [2025-04-13T17:46:39.843+0000] {dag.py:4180} INFO - Setting next_dagrun for example_python_decorator to None, run_after=None
[2025-04-13T17:46:39.870+0000] {processor.py:208} INFO - Processing /home/airflow/.local/lib/python3.12/site-packages/airflow/example_dags/example_python_decorator.py took 0.252 seconds
[2025-04-13T17:47:10.134+0000] {processor.py:186} INFO - Started process (PID=545) to work on /home/airflow/.local/lib/python3.12/site-packages/airflow/example_dags/example_python_decorator.py
[2025-04-13T17:47:10.136+0000] {processor.py:914} INFO - Processing file /home/airflow/.local/lib/python3.12/site-packages/airflow/example_dags/example_python_decorator.py for tasks to queue
[2025-04-13T17:47:10.139+0000] {logging_mixin.py:190} INFO - [2025-04-13T17:47:10.138+0000] {dagbag.py:588} INFO - Filling up the DagBag from /home/airflow/.local/lib/python3.12/site-packages/airflow/example_dags/example_python_decorator.py
[2025-04-13T17:47:10.156+0000] {processor.py:925} INFO - DAG(s) 'example_python_decorator' retrieved from /home/airflow/.local/lib/python3.12/site-packages/airflow/example_dags/example_python_decorator.py
[2025-04-13T17:47:10.185+0000] {logging_mixin.py:190} INFO - [2025-04-13T17:47:10.185+0000] {dag.py:3239} INFO - Sync 1 DAGs
[2025-04-13T17:47:10.204+0000] {logging_mixin.py:190} INFO - [2025-04-13T17:47:10.203+0000] {dag.py:4180} INFO - Setting next_dagrun for example_python_decorator to None, run_after=None
[2025-04-13T17:47:10.226+0000] {processor.py:208} INFO - Processing /home/airflow/.local/lib/python3.12/site-packages/airflow/example_dags/example_python_decorator.py took 0.099 seconds
[2025-04-13T17:47:40.404+0000] {processor.py:186} INFO - Started process (PID=836) to work on /home/airflow/.local/lib/python3.12/site-packages/airflow/example_dags/example_python_decorator.py
[2025-04-13T17:47:40.405+0000] {processor.py:914} INFO - Processing file /home/airflow/.local/lib/python3.12/site-packages/airflow/example_dags/example_python_decorator.py for tasks to queue
[2025-04-13T17:47:40.408+0000] {logging_mixin.py:190} INFO - [2025-04-13T17:47:40.408+0000] {dagbag.py:588} INFO - Filling up the DagBag from /home/airflow/.local/lib/python3.12/site-packages/airflow/example_dags/example_python_decorator.py
[2025-04-13T17:47:40.426+0000] {processor.py:925} INFO - DAG(s) 'example_python_decorator' retrieved from /home/airflow/.local/lib/python3.12/site-packages/airflow/example_dags/example_python_decorator.py
[2025-04-13T17:47:40.452+0000] {logging_mixin.py:190} INFO - [2025-04-13T17:47:40.452+0000] {dag.py:3239} INFO - Sync 1 DAGs
[2025-04-13T17:47:40.469+0000] {logging_mixin.py:190} INFO - [2025-04-13T17:47:40.469+0000] {dag.py:4180} INFO - Setting next_dagrun for example_python_decorator to None, run_after=None
[2025-04-13T17:47:40.490+0000] {processor.py:208} INFO - Processing /home/airflow/.local/lib/python3.12/site-packages/airflow/example_dags/example_python_decorator.py took 0.093 seconds
[2025-04-13T17:48:10.904+0000] {processor.py:186} INFO - Started process (PID=1125) to work on /home/airflow/.local/lib/python3.12/site-packages/airflow/example_dags/example_python_decorator.py
[2025-04-13T17:48:10.906+0000] {processor.py:914} INFO - Processing file /home/airflow/.local/lib/python3.12/site-packages/airflow/example_dags/example_python_decorator.py for tasks to queue
[2025-04-13T17:48:10.912+0000] {logging_mixin.py:190} INFO - [2025-04-13T17:48:10.911+0000] {dagbag.py:588} INFO - Filling up the DagBag from /home/airflow/.local/lib/python3.12/site-packages/airflow/example_dags/example_python_decorator.py
[2025-04-13T17:48:10.943+0000] {processor.py:925} INFO - DAG(s) 'example_python_decorator' retrieved from /home/airflow/.local/lib/python3.12/site-packages/airflow/example_dags/example_python_decorator.py
[2025-04-13T17:48:10.986+0000] {logging_mixin.py:190} INFO - [2025-04-13T17:48:10.986+0000] {dag.py:3239} INFO - Sync 1 DAGs
[2025-04-13T17:48:11.005+0000] {logging_mixin.py:190} INFO - [2025-04-13T17:48:11.005+0000] {dag.py:4180} INFO - Setting next_dagrun for example_python_decorator to None, run_after=None
[2025-04-13T17:48:11.027+0000] {processor.py:208} INFO - Processing /home/airflow/.local/lib/python3.12/site-packages/airflow/example_dags/example_python_decorator.py took 0.134 seconds
[2025-04-13T17:48:41.392+0000] {processor.py:186} INFO - Started process (PID=1418) to work on /home/airflow/.local/lib/python3.12/site-packages/airflow/example_dags/example_python_decorator.py
[2025-04-13T17:48:41.393+0000] {processor.py:914} INFO - Processing file /home/airflow/.local/lib/python3.12/site-packages/airflow/example_dags/example_python_decorator.py for tasks to queue
[2025-04-13T17:48:41.396+0000] {logging_mixin.py:190} INFO - [2025-04-13T17:48:41.395+0000] {dagbag.py:588} INFO - Filling up the DagBag from /home/airflow/.local/lib/python3.12/site-packages/airflow/example_dags/example_python_decorator.py
[2025-04-13T17:48:41.418+0000] {processor.py:925} INFO - DAG(s) 'example_python_decorator' retrieved from /home/airflow/.local/lib/python3.12/site-packages/airflow/example_dags/example_python_decorator.py
[2025-04-13T17:48:41.456+0000] {logging_mixin.py:190} INFO - [2025-04-13T17:48:41.456+0000] {dag.py:3239} INFO - Sync 1 DAGs
[2025-04-13T17:48:41.478+0000] {logging_mixin.py:190} INFO - [2025-04-13T17:48:41.478+0000] {dag.py:4180} INFO - Setting next_dagrun for example_python_decorator to None, run_after=None
[2025-04-13T17:48:41.504+0000] {processor.py:208} INFO - Processing /home/airflow/.local/lib/python3.12/site-packages/airflow/example_dags/example_python_decorator.py took 0.120 seconds
[2025-04-13T17:49:11.850+0000] {processor.py:186} INFO - Started process (PID=1707) to work on /home/airflow/.local/lib/python3.12/site-packages/airflow/example_dags/example_python_decorator.py
[2025-04-13T17:49:11.851+0000] {processor.py:914} INFO - Processing file /home/airflow/.local/lib/python3.12/site-packages/airflow/example_dags/example_python_decorator.py for tasks to queue
[2025-04-13T17:49:11.854+0000] {logging_mixin.py:190} INFO - [2025-04-13T17:49:11.854+0000] {dagbag.py:588} INFO - Filling up the DagBag from /home/airflow/.local/lib/python3.12/site-packages/airflow/example_dags/example_python_decorator.py
[2025-04-13T17:49:11.874+0000] {processor.py:925} INFO - DAG(s) 'example_python_decorator' retrieved from /home/airflow/.local/lib/python3.12/site-packages/airflow/example_dags/example_python_decorator.py
[2025-04-13T17:49:11.903+0000] {logging_mixin.py:190} INFO - [2025-04-13T17:49:11.903+0000] {dag.py:3239} INFO - Sync 1 DAGs
[2025-04-13T17:49:11.923+0000] {logging_mixin.py:190} INFO - [2025-04-13T17:49:11.923+0000] {dag.py:4180} INFO - Setting next_dagrun for example_python_decorator to None, run_after=None
[2025-04-13T17:49:11.953+0000] {processor.py:208} INFO - Processing /home/airflow/.local/lib/python3.12/site-packages/airflow/example_dags/example_python_decorator.py took 0.112 seconds
[2025-04-13T17:49:42.403+0000] {processor.py:186} INFO - Started process (PID=1998) to work on /home/airflow/.local/lib/python3.12/site-packages/airflow/example_dags/example_python_decorator.py
[2025-04-13T17:49:42.405+0000] {processor.py:914} INFO - Processing file /home/airflow/.local/lib/python3.12/site-packages/airflow/example_dags/example_python_decorator.py for tasks to queue
[2025-04-13T17:49:42.408+0000] {logging_mixin.py:190} INFO - [2025-04-13T17:49:42.408+0000] {dagbag.py:588} INFO - Filling up the DagBag from /home/airflow/.local/lib/python3.12/site-packages/airflow/example_dags/example_python_decorator.py
[2025-04-13T17:49:42.428+0000] {processor.py:925} INFO - DAG(s) 'example_python_decorator' retrieved from /home/airflow/.local/lib/python3.12/site-packages/airflow/example_dags/example_python_decorator.py
[2025-04-13T17:49:42.458+0000] {logging_mixin.py:190} INFO - [2025-04-13T17:49:42.458+0000] {dag.py:3239} INFO - Sync 1 DAGs
[2025-04-13T17:49:42.479+0000] {logging_mixin.py:190} INFO - [2025-04-13T17:49:42.479+0000] {dag.py:4180} INFO - Setting next_dagrun for example_python_decorator to None, run_after=None
[2025-04-13T17:49:42.504+0000] {processor.py:208} INFO - Processing /home/airflow/.local/lib/python3.12/site-packages/airflow/example_dags/example_python_decorator.py took 0.112 seconds
[2025-04-13T17:50:12.840+0000] {processor.py:186} INFO - Started process (PID=2289) to work on /home/airflow/.local/lib/python3.12/site-packages/airflow/example_dags/example_python_decorator.py
[2025-04-13T17:50:12.842+0000] {processor.py:914} INFO - Processing file /home/airflow/.local/lib/python3.12/site-packages/airflow/example_dags/example_python_decorator.py for tasks to queue
[2025-04-13T17:50:12.845+0000] {logging_mixin.py:190} INFO - [2025-04-13T17:50:12.845+0000] {dagbag.py:588} INFO - Filling up the DagBag from /home/airflow/.local/lib/python3.12/site-packages/airflow/example_dags/example_python_decorator.py
[2025-04-13T17:50:12.864+0000] {processor.py:925} INFO - DAG(s) 'example_python_decorator' retrieved from /home/airflow/.local/lib/python3.12/site-packages/airflow/example_dags/example_python_decorator.py
[2025-04-13T17:50:12.893+0000] {logging_mixin.py:190} INFO - [2025-04-13T17:50:12.893+0000] {dag.py:3239} INFO - Sync 1 DAGs
[2025-04-13T17:50:12.913+0000] {logging_mixin.py:190} INFO - [2025-04-13T17:50:12.912+0000] {dag.py:4180} INFO - Setting next_dagrun for example_python_decorator to None, run_after=None
[2025-04-13T17:50:12.937+0000] {processor.py:208} INFO - Processing /home/airflow/.local/lib/python3.12/site-packages/airflow/example_dags/example_python_decorator.py took 0.105 seconds
[2025-04-13T17:50:43.268+0000] {processor.py:186} INFO - Started process (PID=2580) to work on /home/airflow/.local/lib/python3.12/site-packages/airflow/example_dags/example_python_decorator.py
[2025-04-13T17:50:43.269+0000] {processor.py:914} INFO - Processing file /home/airflow/.local/lib/python3.12/site-packages/airflow/example_dags/example_python_decorator.py for tasks to queue
[2025-04-13T17:50:43.273+0000] {logging_mixin.py:190} INFO - [2025-04-13T17:50:43.272+0000] {dagbag.py:588} INFO - Filling up the DagBag from /home/airflow/.local/lib/python3.12/site-packages/airflow/example_dags/example_python_decorator.py
[2025-04-13T17:50:43.294+0000] {processor.py:925} INFO - DAG(s) 'example_python_decorator' retrieved from /home/airflow/.local/lib/python3.12/site-packages/airflow/example_dags/example_python_decorator.py
[2025-04-13T17:50:43.323+0000] {logging_mixin.py:190} INFO - [2025-04-13T17:50:43.323+0000] {dag.py:3239} INFO - Sync 1 DAGs
[2025-04-13T17:50:43.342+0000] {logging_mixin.py:190} INFO - [2025-04-13T17:50:43.342+0000] {dag.py:4180} INFO - Setting next_dagrun for example_python_decorator to None, run_after=None
[2025-04-13T17:50:43.365+0000] {processor.py:208} INFO - Processing /home/airflow/.local/lib/python3.12/site-packages/airflow/example_dags/example_python_decorator.py took 0.109 seconds
[2025-04-13T17:51:13.667+0000] {processor.py:186} INFO - Started process (PID=2871) to work on /home/airflow/.local/lib/python3.12/site-packages/airflow/example_dags/example_python_decorator.py
[2025-04-13T17:51:13.668+0000] {processor.py:914} INFO - Processing file /home/airflow/.local/lib/python3.12/site-packages/airflow/example_dags/example_python_decorator.py for tasks to queue
[2025-04-13T17:51:13.673+0000] {logging_mixin.py:190} INFO - [2025-04-13T17:51:13.672+0000] {dagbag.py:588} INFO - Filling up the DagBag from /home/airflow/.local/lib/python3.12/site-packages/airflow/example_dags/example_python_decorator.py
[2025-04-13T17:51:13.694+0000] {processor.py:925} INFO - DAG(s) 'example_python_decorator' retrieved from /home/airflow/.local/lib/python3.12/site-packages/airflow/example_dags/example_python_decorator.py
[2025-04-13T17:51:13.725+0000] {logging_mixin.py:190} INFO - [2025-04-13T17:51:13.725+0000] {dag.py:3239} INFO - Sync 1 DAGs
[2025-04-13T17:51:13.748+0000] {logging_mixin.py:190} INFO - [2025-04-13T17:51:13.747+0000] {dag.py:4180} INFO - Setting next_dagrun for example_python_decorator to None, run_after=None
[2025-04-13T17:51:13.772+0000] {processor.py:208} INFO - Processing /home/airflow/.local/lib/python3.12/site-packages/airflow/example_dags/example_python_decorator.py took 0.116 seconds
[2025-04-13T17:51:43.860+0000] {processor.py:186} INFO - Started process (PID=3162) to work on /home/airflow/.local/lib/python3.12/site-packages/airflow/example_dags/example_python_decorator.py
[2025-04-13T17:51:43.862+0000] {processor.py:914} INFO - Processing file /home/airflow/.local/lib/python3.12/site-packages/airflow/example_dags/example_python_decorator.py for tasks to queue
[2025-04-13T17:51:43.866+0000] {logging_mixin.py:190} INFO - [2025-04-13T17:51:43.865+0000] {dagbag.py:588} INFO - Filling up the DagBag from /home/airflow/.local/lib/python3.12/site-packages/airflow/example_dags/example_python_decorator.py
[2025-04-13T17:51:43.885+0000] {processor.py:925} INFO - DAG(s) 'example_python_decorator' retrieved from /home/airflow/.local/lib/python3.12/site-packages/airflow/example_dags/example_python_decorator.py
[2025-04-13T17:51:43.911+0000] {logging_mixin.py:190} INFO - [2025-04-13T17:51:43.911+0000] {dag.py:3239} INFO - Sync 1 DAGs
[2025-04-13T17:51:43.931+0000] {logging_mixin.py:190} INFO - [2025-04-13T17:51:43.930+0000] {dag.py:4180} INFO - Setting next_dagrun for example_python_decorator to None, run_after=None
[2025-04-13T17:51:43.952+0000] {processor.py:208} INFO - Processing /home/airflow/.local/lib/python3.12/site-packages/airflow/example_dags/example_python_decorator.py took 0.100 seconds
[2025-04-13T18:55:55.659+0000] {processor.py:186} INFO - Started process (PID=259) to work on /home/airflow/.local/lib/python3.12/site-packages/airflow/example_dags/example_python_decorator.py
[2025-04-13T18:55:55.661+0000] {processor.py:914} INFO - Processing file /home/airflow/.local/lib/python3.12/site-packages/airflow/example_dags/example_python_decorator.py for tasks to queue
[2025-04-13T18:55:55.666+0000] {logging_mixin.py:190} INFO - [2025-04-13T18:55:55.665+0000] {dagbag.py:588} INFO - Filling up the DagBag from /home/airflow/.local/lib/python3.12/site-packages/airflow/example_dags/example_python_decorator.py
[2025-04-13T18:55:55.693+0000] {processor.py:925} INFO - DAG(s) 'example_python_decorator' retrieved from /home/airflow/.local/lib/python3.12/site-packages/airflow/example_dags/example_python_decorator.py
[2025-04-13T18:55:55.905+0000] {logging_mixin.py:190} INFO - [2025-04-13T18:55:55.905+0000] {dag.py:3239} INFO - Sync 1 DAGs
[2025-04-13T18:55:55.931+0000] {logging_mixin.py:190} INFO - [2025-04-13T18:55:55.930+0000] {dag.py:4180} INFO - Setting next_dagrun for example_python_decorator to None, run_after=None
[2025-04-13T18:55:55.988+0000] {processor.py:208} INFO - Processing /home/airflow/.local/lib/python3.12/site-packages/airflow/example_dags/example_python_decorator.py took 0.338 seconds
[2025-04-13T18:56:26.730+0000] {processor.py:186} INFO - Started process (PID=550) to work on /home/airflow/.local/lib/python3.12/site-packages/airflow/example_dags/example_python_decorator.py
[2025-04-13T18:56:26.733+0000] {processor.py:914} INFO - Processing file /home/airflow/.local/lib/python3.12/site-packages/airflow/example_dags/example_python_decorator.py for tasks to queue
[2025-04-13T18:56:26.737+0000] {logging_mixin.py:190} INFO - [2025-04-13T18:56:26.737+0000] {dagbag.py:588} INFO - Filling up the DagBag from /home/airflow/.local/lib/python3.12/site-packages/airflow/example_dags/example_python_decorator.py
[2025-04-13T18:56:26.758+0000] {processor.py:925} INFO - DAG(s) 'example_python_decorator' retrieved from /home/airflow/.local/lib/python3.12/site-packages/airflow/example_dags/example_python_decorator.py
[2025-04-13T18:56:26.790+0000] {logging_mixin.py:190} INFO - [2025-04-13T18:56:26.790+0000] {dag.py:3239} INFO - Sync 1 DAGs
[2025-04-13T18:56:26.810+0000] {logging_mixin.py:190} INFO - [2025-04-13T18:56:26.810+0000] {dag.py:4180} INFO - Setting next_dagrun for example_python_decorator to None, run_after=None
[2025-04-13T18:56:26.836+0000] {processor.py:208} INFO - Processing /home/airflow/.local/lib/python3.12/site-packages/airflow/example_dags/example_python_decorator.py took 0.114 seconds
[2025-04-13T18:56:57.186+0000] {processor.py:186} INFO - Started process (PID=843) to work on /home/airflow/.local/lib/python3.12/site-packages/airflow/example_dags/example_python_decorator.py
[2025-04-13T18:56:57.189+0000] {processor.py:914} INFO - Processing file /home/airflow/.local/lib/python3.12/site-packages/airflow/example_dags/example_python_decorator.py for tasks to queue
[2025-04-13T18:56:57.197+0000] {logging_mixin.py:190} INFO - [2025-04-13T18:56:57.192+0000] {dagbag.py:588} INFO - Filling up the DagBag from /home/airflow/.local/lib/python3.12/site-packages/airflow/example_dags/example_python_decorator.py
[2025-04-13T18:56:57.233+0000] {processor.py:925} INFO - DAG(s) 'example_python_decorator' retrieved from /home/airflow/.local/lib/python3.12/site-packages/airflow/example_dags/example_python_decorator.py
[2025-04-13T18:56:57.273+0000] {logging_mixin.py:190} INFO - [2025-04-13T18:56:57.272+0000] {dag.py:3239} INFO - Sync 1 DAGs
[2025-04-13T18:56:57.296+0000] {logging_mixin.py:190} INFO - [2025-04-13T18:56:57.296+0000] {dag.py:4180} INFO - Setting next_dagrun for example_python_decorator to None, run_after=None
[2025-04-13T18:56:57.330+0000] {processor.py:208} INFO - Processing /home/airflow/.local/lib/python3.12/site-packages/airflow/example_dags/example_python_decorator.py took 0.152 seconds
[2025-04-13T18:57:27.708+0000] {processor.py:186} INFO - Started process (PID=1139) to work on /home/airflow/.local/lib/python3.12/site-packages/airflow/example_dags/example_python_decorator.py
[2025-04-13T18:57:27.709+0000] {processor.py:914} INFO - Processing file /home/airflow/.local/lib/python3.12/site-packages/airflow/example_dags/example_python_decorator.py for tasks to queue
[2025-04-13T18:57:27.713+0000] {logging_mixin.py:190} INFO - [2025-04-13T18:57:27.712+0000] {dagbag.py:588} INFO - Filling up the DagBag from /home/airflow/.local/lib/python3.12/site-packages/airflow/example_dags/example_python_decorator.py
[2025-04-13T18:57:27.737+0000] {processor.py:925} INFO - DAG(s) 'example_python_decorator' retrieved from /home/airflow/.local/lib/python3.12/site-packages/airflow/example_dags/example_python_decorator.py
[2025-04-13T18:57:27.768+0000] {logging_mixin.py:190} INFO - [2025-04-13T18:57:27.768+0000] {dag.py:3239} INFO - Sync 1 DAGs
[2025-04-13T18:57:27.796+0000] {logging_mixin.py:190} INFO - [2025-04-13T18:57:27.795+0000] {dag.py:4180} INFO - Setting next_dagrun for example_python_decorator to None, run_after=None
[2025-04-13T18:57:27.827+0000] {processor.py:208} INFO - Processing /home/airflow/.local/lib/python3.12/site-packages/airflow/example_dags/example_python_decorator.py took 0.129 seconds
[2025-04-13T18:57:57.964+0000] {processor.py:186} INFO - Started process (PID=1435) to work on /home/airflow/.local/lib/python3.12/site-packages/airflow/example_dags/example_python_decorator.py
[2025-04-13T18:57:57.966+0000] {processor.py:914} INFO - Processing file /home/airflow/.local/lib/python3.12/site-packages/airflow/example_dags/example_python_decorator.py for tasks to queue
[2025-04-13T18:57:57.973+0000] {logging_mixin.py:190} INFO - [2025-04-13T18:57:57.972+0000] {dagbag.py:588} INFO - Filling up the DagBag from /home/airflow/.local/lib/python3.12/site-packages/airflow/example_dags/example_python_decorator.py
[2025-04-13T18:57:57.997+0000] {processor.py:925} INFO - DAG(s) 'example_python_decorator' retrieved from /home/airflow/.local/lib/python3.12/site-packages/airflow/example_dags/example_python_decorator.py
[2025-04-13T18:57:58.032+0000] {logging_mixin.py:190} INFO - [2025-04-13T18:57:58.032+0000] {dag.py:3239} INFO - Sync 1 DAGs
[2025-04-13T18:57:58.059+0000] {logging_mixin.py:190} INFO - [2025-04-13T18:57:58.059+0000] {dag.py:4180} INFO - Setting next_dagrun for example_python_decorator to None, run_after=None
[2025-04-13T18:57:58.093+0000] {processor.py:208} INFO - Processing /home/airflow/.local/lib/python3.12/site-packages/airflow/example_dags/example_python_decorator.py took 0.147 seconds
