[2025-04-13T17:46:51.092+0000] {processor.py:186} INFO - Started process (PID=462) to work on /home/airflow/.local/lib/python3.12/site-packages/airflow/example_dags/example_bash_operator.py
[2025-04-13T17:46:51.095+0000] {processor.py:914} INFO - Processing file /home/airflow/.local/lib/python3.12/site-packages/airflow/example_dags/example_bash_operator.py for tasks to queue
[2025-04-13T17:46:51.098+0000] {logging_mixin.py:190} INFO - [2025-04-13T17:46:51.098+0000] {dagbag.py:588} INFO - Filling up the DagBag from /home/airflow/.local/lib/python3.12/site-packages/airflow/example_dags/example_bash_operator.py
[2025-04-13T17:46:51.126+0000] {processor.py:925} INFO - DAG(s) 'example_bash_operator' retrieved from /home/airflow/.local/lib/python3.12/site-packages/airflow/example_dags/example_bash_operator.py
[2025-04-13T17:46:51.304+0000] {logging_mixin.py:190} INFO - [2025-04-13T17:46:51.304+0000] {dag.py:3239} INFO - Sync 1 DAGs
[2025-04-13T17:46:51.338+0000] {logging_mixin.py:190} INFO - [2025-04-13T17:46:51.338+0000] {dag.py:4180} INFO - Setting next_dagrun for example_bash_operator to 2025-04-12 00:00:00+00:00, run_after=2025-04-13 00:00:00+00:00
[2025-04-13T17:46:51.369+0000] {processor.py:208} INFO - Processing /home/airflow/.local/lib/python3.12/site-packages/airflow/example_dags/example_bash_operator.py took 0.288 seconds
[2025-04-13T17:47:21.836+0000] {processor.py:186} INFO - Started process (PID=755) to work on /home/airflow/.local/lib/python3.12/site-packages/airflow/example_dags/example_bash_operator.py
[2025-04-13T17:47:21.837+0000] {processor.py:914} INFO - Processing file /home/airflow/.local/lib/python3.12/site-packages/airflow/example_dags/example_bash_operator.py for tasks to queue
[2025-04-13T17:47:21.840+0000] {logging_mixin.py:190} INFO - [2025-04-13T17:47:21.839+0000] {dagbag.py:588} INFO - Filling up the DagBag from /home/airflow/.local/lib/python3.12/site-packages/airflow/example_dags/example_bash_operator.py
[2025-04-13T17:47:21.857+0000] {processor.py:925} INFO - DAG(s) 'example_bash_operator' retrieved from /home/airflow/.local/lib/python3.12/site-packages/airflow/example_dags/example_bash_operator.py
[2025-04-13T17:47:21.902+0000] {logging_mixin.py:190} INFO - [2025-04-13T17:47:21.902+0000] {dag.py:3239} INFO - Sync 1 DAGs
[2025-04-13T17:47:21.940+0000] {logging_mixin.py:190} INFO - [2025-04-13T17:47:21.940+0000] {dag.py:4180} INFO - Setting next_dagrun for example_bash_operator to 2025-04-12 00:00:00+00:00, run_after=2025-04-13 00:00:00+00:00
[2025-04-13T17:47:21.970+0000] {processor.py:208} INFO - Processing /home/airflow/.local/lib/python3.12/site-packages/airflow/example_dags/example_bash_operator.py took 0.144 seconds
[2025-04-13T17:47:52.262+0000] {processor.py:186} INFO - Started process (PID=1046) to work on /home/airflow/.local/lib/python3.12/site-packages/airflow/example_dags/example_bash_operator.py
[2025-04-13T17:47:52.264+0000] {processor.py:914} INFO - Processing file /home/airflow/.local/lib/python3.12/site-packages/airflow/example_dags/example_bash_operator.py for tasks to queue
[2025-04-13T17:47:52.268+0000] {logging_mixin.py:190} INFO - [2025-04-13T17:47:52.267+0000] {dagbag.py:588} INFO - Filling up the DagBag from /home/airflow/.local/lib/python3.12/site-packages/airflow/example_dags/example_bash_operator.py
[2025-04-13T17:47:52.290+0000] {processor.py:925} INFO - DAG(s) 'example_bash_operator' retrieved from /home/airflow/.local/lib/python3.12/site-packages/airflow/example_dags/example_bash_operator.py
[2025-04-13T17:47:52.328+0000] {logging_mixin.py:190} INFO - [2025-04-13T17:47:52.327+0000] {dag.py:3239} INFO - Sync 1 DAGs
[2025-04-13T17:47:52.363+0000] {logging_mixin.py:190} INFO - [2025-04-13T17:47:52.362+0000] {dag.py:4180} INFO - Setting next_dagrun for example_bash_operator to 2025-04-12 00:00:00+00:00, run_after=2025-04-13 00:00:00+00:00
[2025-04-13T17:47:52.391+0000] {processor.py:208} INFO - Processing /home/airflow/.local/lib/python3.12/site-packages/airflow/example_dags/example_bash_operator.py took 0.140 seconds
[2025-04-13T17:48:22.847+0000] {processor.py:186} INFO - Started process (PID=1337) to work on /home/airflow/.local/lib/python3.12/site-packages/airflow/example_dags/example_bash_operator.py
[2025-04-13T17:48:22.849+0000] {processor.py:914} INFO - Processing file /home/airflow/.local/lib/python3.12/site-packages/airflow/example_dags/example_bash_operator.py for tasks to queue
[2025-04-13T17:48:22.852+0000] {logging_mixin.py:190} INFO - [2025-04-13T17:48:22.851+0000] {dagbag.py:588} INFO - Filling up the DagBag from /home/airflow/.local/lib/python3.12/site-packages/airflow/example_dags/example_bash_operator.py
[2025-04-13T17:48:22.868+0000] {processor.py:925} INFO - DAG(s) 'example_bash_operator' retrieved from /home/airflow/.local/lib/python3.12/site-packages/airflow/example_dags/example_bash_operator.py
[2025-04-13T17:48:22.904+0000] {logging_mixin.py:190} INFO - [2025-04-13T17:48:22.904+0000] {dag.py:3239} INFO - Sync 1 DAGs
[2025-04-13T17:48:22.936+0000] {logging_mixin.py:190} INFO - [2025-04-13T17:48:22.936+0000] {dag.py:4180} INFO - Setting next_dagrun for example_bash_operator to 2025-04-12 00:00:00+00:00, run_after=2025-04-13 00:00:00+00:00
[2025-04-13T17:48:22.960+0000] {processor.py:208} INFO - Processing /home/airflow/.local/lib/python3.12/site-packages/airflow/example_dags/example_bash_operator.py took 0.122 seconds
[2025-04-13T17:48:53.673+0000] {processor.py:186} INFO - Started process (PID=1626) to work on /home/airflow/.local/lib/python3.12/site-packages/airflow/example_dags/example_bash_operator.py
[2025-04-13T17:48:53.675+0000] {processor.py:914} INFO - Processing file /home/airflow/.local/lib/python3.12/site-packages/airflow/example_dags/example_bash_operator.py for tasks to queue
[2025-04-13T17:48:53.678+0000] {logging_mixin.py:190} INFO - [2025-04-13T17:48:53.678+0000] {dagbag.py:588} INFO - Filling up the DagBag from /home/airflow/.local/lib/python3.12/site-packages/airflow/example_dags/example_bash_operator.py
[2025-04-13T17:48:53.702+0000] {processor.py:925} INFO - DAG(s) 'example_bash_operator' retrieved from /home/airflow/.local/lib/python3.12/site-packages/airflow/example_dags/example_bash_operator.py
[2025-04-13T17:48:53.748+0000] {logging_mixin.py:190} INFO - [2025-04-13T17:48:53.748+0000] {dag.py:3239} INFO - Sync 1 DAGs
[2025-04-13T17:48:53.781+0000] {logging_mixin.py:190} INFO - [2025-04-13T17:48:53.780+0000] {dag.py:4180} INFO - Setting next_dagrun for example_bash_operator to 2025-04-12 00:00:00+00:00, run_after=2025-04-13 00:00:00+00:00
[2025-04-13T17:48:53.804+0000] {processor.py:208} INFO - Processing /home/airflow/.local/lib/python3.12/site-packages/airflow/example_dags/example_bash_operator.py took 0.140 seconds
[2025-04-13T17:49:25.235+0000] {processor.py:186} INFO - Started process (PID=1923) to work on /home/airflow/.local/lib/python3.12/site-packages/airflow/example_dags/example_bash_operator.py
[2025-04-13T17:49:25.236+0000] {processor.py:914} INFO - Processing file /home/airflow/.local/lib/python3.12/site-packages/airflow/example_dags/example_bash_operator.py for tasks to queue
[2025-04-13T17:49:25.239+0000] {logging_mixin.py:190} INFO - [2025-04-13T17:49:25.239+0000] {dagbag.py:588} INFO - Filling up the DagBag from /home/airflow/.local/lib/python3.12/site-packages/airflow/example_dags/example_bash_operator.py
[2025-04-13T17:49:25.258+0000] {processor.py:925} INFO - DAG(s) 'example_bash_operator' retrieved from /home/airflow/.local/lib/python3.12/site-packages/airflow/example_dags/example_bash_operator.py
[2025-04-13T17:49:25.298+0000] {logging_mixin.py:190} INFO - [2025-04-13T17:49:25.298+0000] {dag.py:3239} INFO - Sync 1 DAGs
[2025-04-13T17:49:25.329+0000] {logging_mixin.py:190} INFO - [2025-04-13T17:49:25.329+0000] {dag.py:4180} INFO - Setting next_dagrun for example_bash_operator to 2025-04-12 00:00:00+00:00, run_after=2025-04-13 00:00:00+00:00
[2025-04-13T17:49:25.352+0000] {processor.py:208} INFO - Processing /home/airflow/.local/lib/python3.12/site-packages/airflow/example_dags/example_bash_operator.py took 0.127 seconds
[2025-04-13T17:49:56.245+0000] {processor.py:186} INFO - Started process (PID=2214) to work on /home/airflow/.local/lib/python3.12/site-packages/airflow/example_dags/example_bash_operator.py
[2025-04-13T17:49:56.247+0000] {processor.py:914} INFO - Processing file /home/airflow/.local/lib/python3.12/site-packages/airflow/example_dags/example_bash_operator.py for tasks to queue
[2025-04-13T17:49:56.251+0000] {logging_mixin.py:190} INFO - [2025-04-13T17:49:56.251+0000] {dagbag.py:588} INFO - Filling up the DagBag from /home/airflow/.local/lib/python3.12/site-packages/airflow/example_dags/example_bash_operator.py
[2025-04-13T17:49:56.271+0000] {processor.py:925} INFO - DAG(s) 'example_bash_operator' retrieved from /home/airflow/.local/lib/python3.12/site-packages/airflow/example_dags/example_bash_operator.py
[2025-04-13T17:49:56.311+0000] {logging_mixin.py:190} INFO - [2025-04-13T17:49:56.311+0000] {dag.py:3239} INFO - Sync 1 DAGs
[2025-04-13T17:49:56.342+0000] {logging_mixin.py:190} INFO - [2025-04-13T17:49:56.342+0000] {dag.py:4180} INFO - Setting next_dagrun for example_bash_operator to 2025-04-12 00:00:00+00:00, run_after=2025-04-13 00:00:00+00:00
[2025-04-13T17:49:56.369+0000] {processor.py:208} INFO - Processing /home/airflow/.local/lib/python3.12/site-packages/airflow/example_dags/example_bash_operator.py took 0.131 seconds
[2025-04-13T17:50:26.895+0000] {processor.py:186} INFO - Started process (PID=2500) to work on /home/airflow/.local/lib/python3.12/site-packages/airflow/example_dags/example_bash_operator.py
[2025-04-13T17:50:26.896+0000] {processor.py:914} INFO - Processing file /home/airflow/.local/lib/python3.12/site-packages/airflow/example_dags/example_bash_operator.py for tasks to queue
[2025-04-13T17:50:26.900+0000] {logging_mixin.py:190} INFO - [2025-04-13T17:50:26.899+0000] {dagbag.py:588} INFO - Filling up the DagBag from /home/airflow/.local/lib/python3.12/site-packages/airflow/example_dags/example_bash_operator.py
[2025-04-13T17:50:26.927+0000] {processor.py:925} INFO - DAG(s) 'example_bash_operator' retrieved from /home/airflow/.local/lib/python3.12/site-packages/airflow/example_dags/example_bash_operator.py
[2025-04-13T17:50:26.973+0000] {logging_mixin.py:190} INFO - [2025-04-13T17:50:26.973+0000] {dag.py:3239} INFO - Sync 1 DAGs
[2025-04-13T17:50:27.009+0000] {logging_mixin.py:190} INFO - [2025-04-13T17:50:27.009+0000] {dag.py:4180} INFO - Setting next_dagrun for example_bash_operator to 2025-04-12 00:00:00+00:00, run_after=2025-04-13 00:00:00+00:00
[2025-04-13T17:50:27.034+0000] {processor.py:208} INFO - Processing /home/airflow/.local/lib/python3.12/site-packages/airflow/example_dags/example_bash_operator.py took 0.153 seconds
[2025-04-13T17:50:57.470+0000] {processor.py:186} INFO - Started process (PID=2791) to work on /home/airflow/.local/lib/python3.12/site-packages/airflow/example_dags/example_bash_operator.py
[2025-04-13T17:50:57.473+0000] {processor.py:914} INFO - Processing file /home/airflow/.local/lib/python3.12/site-packages/airflow/example_dags/example_bash_operator.py for tasks to queue
[2025-04-13T17:50:57.477+0000] {logging_mixin.py:190} INFO - [2025-04-13T17:50:57.476+0000] {dagbag.py:588} INFO - Filling up the DagBag from /home/airflow/.local/lib/python3.12/site-packages/airflow/example_dags/example_bash_operator.py
[2025-04-13T17:50:57.498+0000] {processor.py:925} INFO - DAG(s) 'example_bash_operator' retrieved from /home/airflow/.local/lib/python3.12/site-packages/airflow/example_dags/example_bash_operator.py
[2025-04-13T17:50:57.537+0000] {logging_mixin.py:190} INFO - [2025-04-13T17:50:57.537+0000] {dag.py:3239} INFO - Sync 1 DAGs
[2025-04-13T17:50:57.573+0000] {logging_mixin.py:190} INFO - [2025-04-13T17:50:57.573+0000] {dag.py:4180} INFO - Setting next_dagrun for example_bash_operator to 2025-04-12 00:00:00+00:00, run_after=2025-04-13 00:00:00+00:00
[2025-04-13T17:50:57.605+0000] {processor.py:208} INFO - Processing /home/airflow/.local/lib/python3.12/site-packages/airflow/example_dags/example_bash_operator.py took 0.148 seconds
[2025-04-13T17:51:28.524+0000] {processor.py:186} INFO - Started process (PID=3082) to work on /home/airflow/.local/lib/python3.12/site-packages/airflow/example_dags/example_bash_operator.py
[2025-04-13T17:51:28.525+0000] {processor.py:914} INFO - Processing file /home/airflow/.local/lib/python3.12/site-packages/airflow/example_dags/example_bash_operator.py for tasks to queue
[2025-04-13T17:51:28.528+0000] {logging_mixin.py:190} INFO - [2025-04-13T17:51:28.528+0000] {dagbag.py:588} INFO - Filling up the DagBag from /home/airflow/.local/lib/python3.12/site-packages/airflow/example_dags/example_bash_operator.py
[2025-04-13T17:51:28.546+0000] {processor.py:925} INFO - DAG(s) 'example_bash_operator' retrieved from /home/airflow/.local/lib/python3.12/site-packages/airflow/example_dags/example_bash_operator.py
[2025-04-13T17:51:28.587+0000] {logging_mixin.py:190} INFO - [2025-04-13T17:51:28.586+0000] {dag.py:3239} INFO - Sync 1 DAGs
[2025-04-13T17:51:28.623+0000] {logging_mixin.py:190} INFO - [2025-04-13T17:51:28.622+0000] {dag.py:4180} INFO - Setting next_dagrun for example_bash_operator to 2025-04-12 00:00:00+00:00, run_after=2025-04-13 00:00:00+00:00
[2025-04-13T17:51:28.652+0000] {processor.py:208} INFO - Processing /home/airflow/.local/lib/python3.12/site-packages/airflow/example_dags/example_bash_operator.py took 0.135 seconds
[2025-04-13T18:56:07.330+0000] {processor.py:186} INFO - Started process (PID=470) to work on /home/airflow/.local/lib/python3.12/site-packages/airflow/example_dags/example_bash_operator.py
[2025-04-13T18:56:07.333+0000] {processor.py:914} INFO - Processing file /home/airflow/.local/lib/python3.12/site-packages/airflow/example_dags/example_bash_operator.py for tasks to queue
[2025-04-13T18:56:07.338+0000] {logging_mixin.py:190} INFO - [2025-04-13T18:56:07.337+0000] {dagbag.py:588} INFO - Filling up the DagBag from /home/airflow/.local/lib/python3.12/site-packages/airflow/example_dags/example_bash_operator.py
[2025-04-13T18:56:07.390+0000] {processor.py:925} INFO - DAG(s) 'example_bash_operator' retrieved from /home/airflow/.local/lib/python3.12/site-packages/airflow/example_dags/example_bash_operator.py
[2025-04-13T18:56:07.477+0000] {logging_mixin.py:190} INFO - [2025-04-13T18:56:07.476+0000] {dag.py:3239} INFO - Sync 1 DAGs
[2025-04-13T18:56:07.572+0000] {logging_mixin.py:190} INFO - [2025-04-13T18:56:07.572+0000] {dag.py:4180} INFO - Setting next_dagrun for example_bash_operator to 2025-04-12 00:00:00+00:00, run_after=2025-04-13 00:00:00+00:00
[2025-04-13T18:56:07.614+0000] {processor.py:208} INFO - Processing /home/airflow/.local/lib/python3.12/site-packages/airflow/example_dags/example_bash_operator.py took 0.297 seconds
[2025-04-13T18:56:37.884+0000] {processor.py:186} INFO - Started process (PID=768) to work on /home/airflow/.local/lib/python3.12/site-packages/airflow/example_dags/example_bash_operator.py
[2025-04-13T18:56:37.891+0000] {processor.py:914} INFO - Processing file /home/airflow/.local/lib/python3.12/site-packages/airflow/example_dags/example_bash_operator.py for tasks to queue
[2025-04-13T18:56:37.894+0000] {logging_mixin.py:190} INFO - [2025-04-13T18:56:37.894+0000] {dagbag.py:588} INFO - Filling up the DagBag from /home/airflow/.local/lib/python3.12/site-packages/airflow/example_dags/example_bash_operator.py
[2025-04-13T18:56:37.910+0000] {processor.py:925} INFO - DAG(s) 'example_bash_operator' retrieved from /home/airflow/.local/lib/python3.12/site-packages/airflow/example_dags/example_bash_operator.py
[2025-04-13T18:56:37.947+0000] {logging_mixin.py:190} INFO - [2025-04-13T18:56:37.947+0000] {dag.py:3239} INFO - Sync 1 DAGs
[2025-04-13T18:56:37.980+0000] {logging_mixin.py:190} INFO - [2025-04-13T18:56:37.980+0000] {dag.py:4180} INFO - Setting next_dagrun for example_bash_operator to 2025-04-12 00:00:00+00:00, run_after=2025-04-13 00:00:00+00:00
[2025-04-13T18:56:38.012+0000] {processor.py:208} INFO - Processing /home/airflow/.local/lib/python3.12/site-packages/airflow/example_dags/example_bash_operator.py took 0.136 seconds
[2025-04-13T18:57:08.359+0000] {processor.py:186} INFO - Started process (PID=1062) to work on /home/airflow/.local/lib/python3.12/site-packages/airflow/example_dags/example_bash_operator.py
[2025-04-13T18:57:08.360+0000] {processor.py:914} INFO - Processing file /home/airflow/.local/lib/python3.12/site-packages/airflow/example_dags/example_bash_operator.py for tasks to queue
[2025-04-13T18:57:08.363+0000] {logging_mixin.py:190} INFO - [2025-04-13T18:57:08.363+0000] {dagbag.py:588} INFO - Filling up the DagBag from /home/airflow/.local/lib/python3.12/site-packages/airflow/example_dags/example_bash_operator.py
[2025-04-13T18:57:08.380+0000] {processor.py:925} INFO - DAG(s) 'example_bash_operator' retrieved from /home/airflow/.local/lib/python3.12/site-packages/airflow/example_dags/example_bash_operator.py
[2025-04-13T18:57:08.414+0000] {logging_mixin.py:190} INFO - [2025-04-13T18:57:08.414+0000] {dag.py:3239} INFO - Sync 1 DAGs
[2025-04-13T18:57:08.444+0000] {logging_mixin.py:190} INFO - [2025-04-13T18:57:08.444+0000] {dag.py:4180} INFO - Setting next_dagrun for example_bash_operator to 2025-04-12 00:00:00+00:00, run_after=2025-04-13 00:00:00+00:00
[2025-04-13T18:57:08.469+0000] {processor.py:208} INFO - Processing /home/airflow/.local/lib/python3.12/site-packages/airflow/example_dags/example_bash_operator.py took 0.120 seconds
[2025-04-13T18:57:38.730+0000] {processor.py:186} INFO - Started process (PID=1358) to work on /home/airflow/.local/lib/python3.12/site-packages/airflow/example_dags/example_bash_operator.py
[2025-04-13T18:57:38.731+0000] {processor.py:914} INFO - Processing file /home/airflow/.local/lib/python3.12/site-packages/airflow/example_dags/example_bash_operator.py for tasks to queue
[2025-04-13T18:57:38.734+0000] {logging_mixin.py:190} INFO - [2025-04-13T18:57:38.734+0000] {dagbag.py:588} INFO - Filling up the DagBag from /home/airflow/.local/lib/python3.12/site-packages/airflow/example_dags/example_bash_operator.py
[2025-04-13T18:57:38.753+0000] {processor.py:925} INFO - DAG(s) 'example_bash_operator' retrieved from /home/airflow/.local/lib/python3.12/site-packages/airflow/example_dags/example_bash_operator.py
[2025-04-13T18:57:38.801+0000] {logging_mixin.py:190} INFO - [2025-04-13T18:57:38.801+0000] {dag.py:3239} INFO - Sync 1 DAGs
[2025-04-13T18:57:38.834+0000] {logging_mixin.py:190} INFO - [2025-04-13T18:57:38.834+0000] {dag.py:4180} INFO - Setting next_dagrun for example_bash_operator to 2025-04-12 00:00:00+00:00, run_after=2025-04-13 00:00:00+00:00
[2025-04-13T18:57:38.854+0000] {processor.py:208} INFO - Processing /home/airflow/.local/lib/python3.12/site-packages/airflow/example_dags/example_bash_operator.py took 0.132 seconds
[2025-04-13T18:58:10.199+0000] {processor.py:186} INFO - Started process (PID=1654) to work on /home/airflow/.local/lib/python3.12/site-packages/airflow/example_dags/example_bash_operator.py
[2025-04-13T18:58:10.201+0000] {processor.py:914} INFO - Processing file /home/airflow/.local/lib/python3.12/site-packages/airflow/example_dags/example_bash_operator.py for tasks to queue
[2025-04-13T18:58:10.206+0000] {logging_mixin.py:190} INFO - [2025-04-13T18:58:10.205+0000] {dagbag.py:588} INFO - Filling up the DagBag from /home/airflow/.local/lib/python3.12/site-packages/airflow/example_dags/example_bash_operator.py
[2025-04-13T18:58:10.231+0000] {processor.py:925} INFO - DAG(s) 'example_bash_operator' retrieved from /home/airflow/.local/lib/python3.12/site-packages/airflow/example_dags/example_bash_operator.py
[2025-04-13T18:58:10.266+0000] {logging_mixin.py:190} INFO - [2025-04-13T18:58:10.266+0000] {dag.py:3239} INFO - Sync 1 DAGs
[2025-04-13T18:58:10.300+0000] {logging_mixin.py:190} INFO - [2025-04-13T18:58:10.299+0000] {dag.py:4180} INFO - Setting next_dagrun for example_bash_operator to 2025-04-12 00:00:00+00:00, run_after=2025-04-13 00:00:00+00:00
[2025-04-13T18:58:10.326+0000] {processor.py:208} INFO - Processing /home/airflow/.local/lib/python3.12/site-packages/airflow/example_dags/example_bash_operator.py took 0.136 seconds
