[2025-04-13T17:46:41.357+0000] {processor.py:186} INFO - Started process (PID=277) to work on /home/airflow/.local/lib/python3.12/site-packages/airflow/example_dags/example_python_operator.py
[2025-04-13T17:46:41.359+0000] {processor.py:914} INFO - Processing file /home/airflow/.local/lib/python3.12/site-packages/airflow/example_dags/example_python_operator.py for tasks to queue
[2025-04-13T17:46:41.362+0000] {logging_mixin.py:190} INFO - [2025-04-13T17:46:41.361+0000] {dagbag.py:588} INFO - Filling up the DagBag from /home/airflow/.local/lib/python3.12/site-packages/airflow/example_dags/example_python_operator.py
[2025-04-13T17:46:41.379+0000] {processor.py:925} INFO - DAG(s) 'example_python_operator' retrieved from /home/airflow/.local/lib/python3.12/site-packages/airflow/example_dags/example_python_operator.py
[2025-04-13T17:46:41.568+0000] {logging_mixin.py:190} INFO - [2025-04-13T17:46:41.567+0000] {dag.py:3239} INFO - Sync 1 DAGs
[2025-04-13T17:46:41.584+0000] {logging_mixin.py:190} INFO - [2025-04-13T17:46:41.583+0000] {dag.py:4180} INFO - Setting next_dagrun for example_python_operator to None, run_after=None
[2025-04-13T17:46:41.611+0000] {processor.py:208} INFO - Processing /home/airflow/.local/lib/python3.12/site-packages/airflow/example_dags/example_python_operator.py took 0.262 seconds
[2025-04-13T17:47:12.537+0000] {processor.py:186} INFO - Started process (PID=565) to work on /home/airflow/.local/lib/python3.12/site-packages/airflow/example_dags/example_python_operator.py
[2025-04-13T17:47:12.543+0000] {processor.py:914} INFO - Processing file /home/airflow/.local/lib/python3.12/site-packages/airflow/example_dags/example_python_operator.py for tasks to queue
[2025-04-13T17:47:12.553+0000] {logging_mixin.py:190} INFO - [2025-04-13T17:47:12.552+0000] {dagbag.py:588} INFO - Filling up the DagBag from /home/airflow/.local/lib/python3.12/site-packages/airflow/example_dags/example_python_operator.py
[2025-04-13T17:47:12.581+0000] {processor.py:925} INFO - DAG(s) 'example_python_operator' retrieved from /home/airflow/.local/lib/python3.12/site-packages/airflow/example_dags/example_python_operator.py
[2025-04-13T17:47:12.664+0000] {logging_mixin.py:190} INFO - [2025-04-13T17:47:12.664+0000] {dag.py:3239} INFO - Sync 1 DAGs
[2025-04-13T17:47:12.718+0000] {logging_mixin.py:190} INFO - [2025-04-13T17:47:12.717+0000] {dag.py:4180} INFO - Setting next_dagrun for example_python_operator to None, run_after=None
[2025-04-13T17:47:12.790+0000] {processor.py:208} INFO - Processing /home/airflow/.local/lib/python3.12/site-packages/airflow/example_dags/example_python_operator.py took 0.275 seconds
[2025-04-13T17:47:42.899+0000] {processor.py:186} INFO - Started process (PID=856) to work on /home/airflow/.local/lib/python3.12/site-packages/airflow/example_dags/example_python_operator.py
[2025-04-13T17:47:42.900+0000] {processor.py:914} INFO - Processing file /home/airflow/.local/lib/python3.12/site-packages/airflow/example_dags/example_python_operator.py for tasks to queue
[2025-04-13T17:47:42.904+0000] {logging_mixin.py:190} INFO - [2025-04-13T17:47:42.903+0000] {dagbag.py:588} INFO - Filling up the DagBag from /home/airflow/.local/lib/python3.12/site-packages/airflow/example_dags/example_python_operator.py
[2025-04-13T17:47:42.921+0000] {processor.py:925} INFO - DAG(s) 'example_python_operator' retrieved from /home/airflow/.local/lib/python3.12/site-packages/airflow/example_dags/example_python_operator.py
[2025-04-13T17:47:42.952+0000] {logging_mixin.py:190} INFO - [2025-04-13T17:47:42.952+0000] {dag.py:3239} INFO - Sync 1 DAGs
[2025-04-13T17:47:42.972+0000] {logging_mixin.py:190} INFO - [2025-04-13T17:47:42.972+0000] {dag.py:4180} INFO - Setting next_dagrun for example_python_operator to None, run_after=None
[2025-04-13T17:47:43.000+0000] {processor.py:208} INFO - Processing /home/airflow/.local/lib/python3.12/site-packages/airflow/example_dags/example_python_operator.py took 0.111 seconds
[2025-04-13T17:48:13.257+0000] {processor.py:186} INFO - Started process (PID=1147) to work on /home/airflow/.local/lib/python3.12/site-packages/airflow/example_dags/example_python_operator.py
[2025-04-13T17:48:13.259+0000] {processor.py:914} INFO - Processing file /home/airflow/.local/lib/python3.12/site-packages/airflow/example_dags/example_python_operator.py for tasks to queue
[2025-04-13T17:48:13.262+0000] {logging_mixin.py:190} INFO - [2025-04-13T17:48:13.262+0000] {dagbag.py:588} INFO - Filling up the DagBag from /home/airflow/.local/lib/python3.12/site-packages/airflow/example_dags/example_python_operator.py
[2025-04-13T17:48:13.283+0000] {processor.py:925} INFO - DAG(s) 'example_python_operator' retrieved from /home/airflow/.local/lib/python3.12/site-packages/airflow/example_dags/example_python_operator.py
[2025-04-13T17:48:13.314+0000] {logging_mixin.py:190} INFO - [2025-04-13T17:48:13.313+0000] {dag.py:3239} INFO - Sync 1 DAGs
[2025-04-13T17:48:13.337+0000] {logging_mixin.py:190} INFO - [2025-04-13T17:48:13.337+0000] {dag.py:4180} INFO - Setting next_dagrun for example_python_operator to None, run_after=None
[2025-04-13T17:48:13.366+0000] {processor.py:208} INFO - Processing /home/airflow/.local/lib/python3.12/site-packages/airflow/example_dags/example_python_operator.py took 0.118 seconds
[2025-04-13T17:48:43.659+0000] {processor.py:186} INFO - Started process (PID=1438) to work on /home/airflow/.local/lib/python3.12/site-packages/airflow/example_dags/example_python_operator.py
[2025-04-13T17:48:43.662+0000] {processor.py:914} INFO - Processing file /home/airflow/.local/lib/python3.12/site-packages/airflow/example_dags/example_python_operator.py for tasks to queue
[2025-04-13T17:48:43.667+0000] {logging_mixin.py:190} INFO - [2025-04-13T17:48:43.667+0000] {dagbag.py:588} INFO - Filling up the DagBag from /home/airflow/.local/lib/python3.12/site-packages/airflow/example_dags/example_python_operator.py
[2025-04-13T17:48:43.693+0000] {processor.py:925} INFO - DAG(s) 'example_python_operator' retrieved from /home/airflow/.local/lib/python3.12/site-packages/airflow/example_dags/example_python_operator.py
[2025-04-13T17:48:43.730+0000] {logging_mixin.py:190} INFO - [2025-04-13T17:48:43.730+0000] {dag.py:3239} INFO - Sync 1 DAGs
[2025-04-13T17:48:43.756+0000] {logging_mixin.py:190} INFO - [2025-04-13T17:48:43.755+0000] {dag.py:4180} INFO - Setting next_dagrun for example_python_operator to None, run_after=None
[2025-04-13T17:48:43.784+0000] {processor.py:208} INFO - Processing /home/airflow/.local/lib/python3.12/site-packages/airflow/example_dags/example_python_operator.py took 0.137 seconds
[2025-04-13T17:49:14.287+0000] {processor.py:186} INFO - Started process (PID=1729) to work on /home/airflow/.local/lib/python3.12/site-packages/airflow/example_dags/example_python_operator.py
[2025-04-13T17:49:14.289+0000] {processor.py:914} INFO - Processing file /home/airflow/.local/lib/python3.12/site-packages/airflow/example_dags/example_python_operator.py for tasks to queue
[2025-04-13T17:49:14.292+0000] {logging_mixin.py:190} INFO - [2025-04-13T17:49:14.291+0000] {dagbag.py:588} INFO - Filling up the DagBag from /home/airflow/.local/lib/python3.12/site-packages/airflow/example_dags/example_python_operator.py
[2025-04-13T17:49:14.311+0000] {processor.py:925} INFO - DAG(s) 'example_python_operator' retrieved from /home/airflow/.local/lib/python3.12/site-packages/airflow/example_dags/example_python_operator.py
[2025-04-13T17:49:14.343+0000] {logging_mixin.py:190} INFO - [2025-04-13T17:49:14.342+0000] {dag.py:3239} INFO - Sync 1 DAGs
[2025-04-13T17:49:14.366+0000] {logging_mixin.py:190} INFO - [2025-04-13T17:49:14.366+0000] {dag.py:4180} INFO - Setting next_dagrun for example_python_operator to None, run_after=None
[2025-04-13T17:49:14.392+0000] {processor.py:208} INFO - Processing /home/airflow/.local/lib/python3.12/site-packages/airflow/example_dags/example_python_operator.py took 0.113 seconds
[2025-04-13T17:49:44.812+0000] {processor.py:186} INFO - Started process (PID=2020) to work on /home/airflow/.local/lib/python3.12/site-packages/airflow/example_dags/example_python_operator.py
[2025-04-13T17:49:44.814+0000] {processor.py:914} INFO - Processing file /home/airflow/.local/lib/python3.12/site-packages/airflow/example_dags/example_python_operator.py for tasks to queue
[2025-04-13T17:49:44.819+0000] {logging_mixin.py:190} INFO - [2025-04-13T17:49:44.818+0000] {dagbag.py:588} INFO - Filling up the DagBag from /home/airflow/.local/lib/python3.12/site-packages/airflow/example_dags/example_python_operator.py
[2025-04-13T17:49:44.837+0000] {processor.py:925} INFO - DAG(s) 'example_python_operator' retrieved from /home/airflow/.local/lib/python3.12/site-packages/airflow/example_dags/example_python_operator.py
[2025-04-13T17:49:44.869+0000] {logging_mixin.py:190} INFO - [2025-04-13T17:49:44.869+0000] {dag.py:3239} INFO - Sync 1 DAGs
[2025-04-13T17:49:44.891+0000] {logging_mixin.py:190} INFO - [2025-04-13T17:49:44.891+0000] {dag.py:4180} INFO - Setting next_dagrun for example_python_operator to None, run_after=None
[2025-04-13T17:49:44.916+0000] {processor.py:208} INFO - Processing /home/airflow/.local/lib/python3.12/site-packages/airflow/example_dags/example_python_operator.py took 0.112 seconds
[2025-04-13T17:50:15.174+0000] {processor.py:186} INFO - Started process (PID=2311) to work on /home/airflow/.local/lib/python3.12/site-packages/airflow/example_dags/example_python_operator.py
[2025-04-13T17:50:15.176+0000] {processor.py:914} INFO - Processing file /home/airflow/.local/lib/python3.12/site-packages/airflow/example_dags/example_python_operator.py for tasks to queue
[2025-04-13T17:50:15.179+0000] {logging_mixin.py:190} INFO - [2025-04-13T17:50:15.178+0000] {dagbag.py:588} INFO - Filling up the DagBag from /home/airflow/.local/lib/python3.12/site-packages/airflow/example_dags/example_python_operator.py
[2025-04-13T17:50:15.194+0000] {processor.py:925} INFO - DAG(s) 'example_python_operator' retrieved from /home/airflow/.local/lib/python3.12/site-packages/airflow/example_dags/example_python_operator.py
[2025-04-13T17:50:15.224+0000] {logging_mixin.py:190} INFO - [2025-04-13T17:50:15.223+0000] {dag.py:3239} INFO - Sync 1 DAGs
[2025-04-13T17:50:15.243+0000] {logging_mixin.py:190} INFO - [2025-04-13T17:50:15.243+0000] {dag.py:4180} INFO - Setting next_dagrun for example_python_operator to None, run_after=None
[2025-04-13T17:50:15.266+0000] {processor.py:208} INFO - Processing /home/airflow/.local/lib/python3.12/site-packages/airflow/example_dags/example_python_operator.py took 0.100 seconds
[2025-04-13T17:50:45.715+0000] {processor.py:186} INFO - Started process (PID=2602) to work on /home/airflow/.local/lib/python3.12/site-packages/airflow/example_dags/example_python_operator.py
[2025-04-13T17:50:45.717+0000] {processor.py:914} INFO - Processing file /home/airflow/.local/lib/python3.12/site-packages/airflow/example_dags/example_python_operator.py for tasks to queue
[2025-04-13T17:50:45.720+0000] {logging_mixin.py:190} INFO - [2025-04-13T17:50:45.720+0000] {dagbag.py:588} INFO - Filling up the DagBag from /home/airflow/.local/lib/python3.12/site-packages/airflow/example_dags/example_python_operator.py
[2025-04-13T17:50:45.741+0000] {processor.py:925} INFO - DAG(s) 'example_python_operator' retrieved from /home/airflow/.local/lib/python3.12/site-packages/airflow/example_dags/example_python_operator.py
[2025-04-13T17:50:45.778+0000] {logging_mixin.py:190} INFO - [2025-04-13T17:50:45.778+0000] {dag.py:3239} INFO - Sync 1 DAGs
[2025-04-13T17:50:45.803+0000] {logging_mixin.py:190} INFO - [2025-04-13T17:50:45.803+0000] {dag.py:4180} INFO - Setting next_dagrun for example_python_operator to None, run_after=None
[2025-04-13T17:50:45.840+0000] {processor.py:208} INFO - Processing /home/airflow/.local/lib/python3.12/site-packages/airflow/example_dags/example_python_operator.py took 0.135 seconds
[2025-04-13T17:51:16.074+0000] {processor.py:186} INFO - Started process (PID=2893) to work on /home/airflow/.local/lib/python3.12/site-packages/airflow/example_dags/example_python_operator.py
[2025-04-13T17:51:16.077+0000] {processor.py:914} INFO - Processing file /home/airflow/.local/lib/python3.12/site-packages/airflow/example_dags/example_python_operator.py for tasks to queue
[2025-04-13T17:51:16.082+0000] {logging_mixin.py:190} INFO - [2025-04-13T17:51:16.082+0000] {dagbag.py:588} INFO - Filling up the DagBag from /home/airflow/.local/lib/python3.12/site-packages/airflow/example_dags/example_python_operator.py
[2025-04-13T17:51:16.117+0000] {processor.py:925} INFO - DAG(s) 'example_python_operator' retrieved from /home/airflow/.local/lib/python3.12/site-packages/airflow/example_dags/example_python_operator.py
[2025-04-13T17:51:16.161+0000] {logging_mixin.py:190} INFO - [2025-04-13T17:51:16.161+0000] {dag.py:3239} INFO - Sync 1 DAGs
[2025-04-13T17:51:16.183+0000] {logging_mixin.py:190} INFO - [2025-04-13T17:51:16.182+0000] {dag.py:4180} INFO - Setting next_dagrun for example_python_operator to None, run_after=None
[2025-04-13T17:51:16.211+0000] {processor.py:208} INFO - Processing /home/airflow/.local/lib/python3.12/site-packages/airflow/example_dags/example_python_operator.py took 0.152 seconds
[2025-04-13T17:51:46.372+0000] {processor.py:186} INFO - Started process (PID=3184) to work on /home/airflow/.local/lib/python3.12/site-packages/airflow/example_dags/example_python_operator.py
[2025-04-13T17:51:46.374+0000] {processor.py:914} INFO - Processing file /home/airflow/.local/lib/python3.12/site-packages/airflow/example_dags/example_python_operator.py for tasks to queue
[2025-04-13T17:51:46.378+0000] {logging_mixin.py:190} INFO - [2025-04-13T17:51:46.377+0000] {dagbag.py:588} INFO - Filling up the DagBag from /home/airflow/.local/lib/python3.12/site-packages/airflow/example_dags/example_python_operator.py
[2025-04-13T17:51:46.400+0000] {processor.py:925} INFO - DAG(s) 'example_python_operator' retrieved from /home/airflow/.local/lib/python3.12/site-packages/airflow/example_dags/example_python_operator.py
[2025-04-13T17:51:46.434+0000] {logging_mixin.py:190} INFO - [2025-04-13T17:51:46.433+0000] {dag.py:3239} INFO - Sync 1 DAGs
[2025-04-13T17:51:46.462+0000] {logging_mixin.py:190} INFO - [2025-04-13T17:51:46.462+0000] {dag.py:4180} INFO - Setting next_dagrun for example_python_operator to None, run_after=None
[2025-04-13T17:51:46.489+0000] {processor.py:208} INFO - Processing /home/airflow/.local/lib/python3.12/site-packages/airflow/example_dags/example_python_operator.py took 0.125 seconds
[2025-04-13T18:55:56.703+0000] {processor.py:186} INFO - Started process (PID=279) to work on /home/airflow/.local/lib/python3.12/site-packages/airflow/example_dags/example_python_operator.py
[2025-04-13T18:55:56.705+0000] {processor.py:914} INFO - Processing file /home/airflow/.local/lib/python3.12/site-packages/airflow/example_dags/example_python_operator.py for tasks to queue
[2025-04-13T18:55:56.710+0000] {logging_mixin.py:190} INFO - [2025-04-13T18:55:56.710+0000] {dagbag.py:588} INFO - Filling up the DagBag from /home/airflow/.local/lib/python3.12/site-packages/airflow/example_dags/example_python_operator.py
[2025-04-13T18:55:56.819+0000] {processor.py:925} INFO - DAG(s) 'example_python_operator' retrieved from /home/airflow/.local/lib/python3.12/site-packages/airflow/example_dags/example_python_operator.py
[2025-04-13T18:55:57.203+0000] {logging_mixin.py:190} INFO - [2025-04-13T18:55:57.203+0000] {dag.py:3239} INFO - Sync 1 DAGs
[2025-04-13T18:55:57.250+0000] {logging_mixin.py:190} INFO - [2025-04-13T18:55:57.250+0000] {dag.py:4180} INFO - Setting next_dagrun for example_python_operator to None, run_after=None
[2025-04-13T18:55:57.316+0000] {processor.py:208} INFO - Processing /home/airflow/.local/lib/python3.12/site-packages/airflow/example_dags/example_python_operator.py took 0.627 seconds
[2025-04-13T18:56:27.471+0000] {processor.py:186} INFO - Started process (PID=570) to work on /home/airflow/.local/lib/python3.12/site-packages/airflow/example_dags/example_python_operator.py
[2025-04-13T18:56:27.477+0000] {processor.py:914} INFO - Processing file /home/airflow/.local/lib/python3.12/site-packages/airflow/example_dags/example_python_operator.py for tasks to queue
[2025-04-13T18:56:27.484+0000] {logging_mixin.py:190} INFO - [2025-04-13T18:56:27.482+0000] {dagbag.py:588} INFO - Filling up the DagBag from /home/airflow/.local/lib/python3.12/site-packages/airflow/example_dags/example_python_operator.py
[2025-04-13T18:56:27.505+0000] {processor.py:925} INFO - DAG(s) 'example_python_operator' retrieved from /home/airflow/.local/lib/python3.12/site-packages/airflow/example_dags/example_python_operator.py
[2025-04-13T18:56:27.542+0000] {logging_mixin.py:190} INFO - [2025-04-13T18:56:27.542+0000] {dag.py:3239} INFO - Sync 1 DAGs
[2025-04-13T18:56:27.560+0000] {logging_mixin.py:190} INFO - [2025-04-13T18:56:27.560+0000] {dag.py:4180} INFO - Setting next_dagrun for example_python_operator to None, run_after=None
[2025-04-13T18:56:27.580+0000] {processor.py:208} INFO - Processing /home/airflow/.local/lib/python3.12/site-packages/airflow/example_dags/example_python_operator.py took 0.118 seconds
[2025-04-13T18:56:58.190+0000] {processor.py:186} INFO - Started process (PID=866) to work on /home/airflow/.local/lib/python3.12/site-packages/airflow/example_dags/example_python_operator.py
[2025-04-13T18:56:58.192+0000] {processor.py:914} INFO - Processing file /home/airflow/.local/lib/python3.12/site-packages/airflow/example_dags/example_python_operator.py for tasks to queue
[2025-04-13T18:56:58.195+0000] {logging_mixin.py:190} INFO - [2025-04-13T18:56:58.194+0000] {dagbag.py:588} INFO - Filling up the DagBag from /home/airflow/.local/lib/python3.12/site-packages/airflow/example_dags/example_python_operator.py
[2025-04-13T18:56:58.216+0000] {processor.py:925} INFO - DAG(s) 'example_python_operator' retrieved from /home/airflow/.local/lib/python3.12/site-packages/airflow/example_dags/example_python_operator.py
[2025-04-13T18:56:58.259+0000] {logging_mixin.py:190} INFO - [2025-04-13T18:56:58.259+0000] {dag.py:3239} INFO - Sync 1 DAGs
[2025-04-13T18:56:58.286+0000] {logging_mixin.py:190} INFO - [2025-04-13T18:56:58.285+0000] {dag.py:4180} INFO - Setting next_dagrun for example_python_operator to None, run_after=None
[2025-04-13T18:56:58.328+0000] {processor.py:208} INFO - Processing /home/airflow/.local/lib/python3.12/site-packages/airflow/example_dags/example_python_operator.py took 0.149 seconds
[2025-04-13T18:57:29.339+0000] {processor.py:186} INFO - Started process (PID=1162) to work on /home/airflow/.local/lib/python3.12/site-packages/airflow/example_dags/example_python_operator.py
[2025-04-13T18:57:29.341+0000] {processor.py:914} INFO - Processing file /home/airflow/.local/lib/python3.12/site-packages/airflow/example_dags/example_python_operator.py for tasks to queue
[2025-04-13T18:57:29.344+0000] {logging_mixin.py:190} INFO - [2025-04-13T18:57:29.343+0000] {dagbag.py:588} INFO - Filling up the DagBag from /home/airflow/.local/lib/python3.12/site-packages/airflow/example_dags/example_python_operator.py
[2025-04-13T18:57:29.359+0000] {processor.py:925} INFO - DAG(s) 'example_python_operator' retrieved from /home/airflow/.local/lib/python3.12/site-packages/airflow/example_dags/example_python_operator.py
[2025-04-13T18:57:29.389+0000] {logging_mixin.py:190} INFO - [2025-04-13T18:57:29.389+0000] {dag.py:3239} INFO - Sync 1 DAGs
[2025-04-13T18:57:29.412+0000] {logging_mixin.py:190} INFO - [2025-04-13T18:57:29.412+0000] {dag.py:4180} INFO - Setting next_dagrun for example_python_operator to None, run_after=None
[2025-04-13T18:57:29.438+0000] {processor.py:208} INFO - Processing /home/airflow/.local/lib/python3.12/site-packages/airflow/example_dags/example_python_operator.py took 0.106 seconds
[2025-04-13T18:57:59.881+0000] {processor.py:186} INFO - Started process (PID=1458) to work on /home/airflow/.local/lib/python3.12/site-packages/airflow/example_dags/example_python_operator.py
[2025-04-13T18:57:59.888+0000] {processor.py:914} INFO - Processing file /home/airflow/.local/lib/python3.12/site-packages/airflow/example_dags/example_python_operator.py for tasks to queue
[2025-04-13T18:57:59.896+0000] {logging_mixin.py:190} INFO - [2025-04-13T18:57:59.895+0000] {dagbag.py:588} INFO - Filling up the DagBag from /home/airflow/.local/lib/python3.12/site-packages/airflow/example_dags/example_python_operator.py
[2025-04-13T18:57:59.951+0000] {processor.py:925} INFO - DAG(s) 'example_python_operator' retrieved from /home/airflow/.local/lib/python3.12/site-packages/airflow/example_dags/example_python_operator.py
[2025-04-13T18:58:00.028+0000] {logging_mixin.py:190} INFO - [2025-04-13T18:58:00.028+0000] {dag.py:3239} INFO - Sync 1 DAGs
[2025-04-13T18:58:00.080+0000] {logging_mixin.py:190} INFO - [2025-04-13T18:58:00.079+0000] {dag.py:4180} INFO - Setting next_dagrun for example_python_operator to None, run_after=None
[2025-04-13T18:58:00.155+0000] {processor.py:208} INFO - Processing /home/airflow/.local/lib/python3.12/site-packages/airflow/example_dags/example_python_operator.py took 0.291 seconds
