[2025-04-13T17:46:48.841+0000] {processor.py:186} INFO - Started process (PID=397) to work on /home/airflow/.local/lib/python3.12/site-packages/airflow/example_dags/example_sla_dag.py
[2025-04-13T17:46:48.842+0000] {processor.py:914} INFO - Processing file /home/airflow/.local/lib/python3.12/site-packages/airflow/example_dags/example_sla_dag.py for tasks to queue
[2025-04-13T17:46:48.846+0000] {logging_mixin.py:190} INFO - [2025-04-13T17:46:48.845+0000] {dagbag.py:588} INFO - Filling up the DagBag from /home/airflow/.local/lib/python3.12/site-packages/airflow/example_dags/example_sla_dag.py
[2025-04-13T17:46:48.861+0000] {processor.py:925} INFO - DAG(s) 'example_sla_dag' retrieved from /home/airflow/.local/lib/python3.12/site-packages/airflow/example_dags/example_sla_dag.py
[2025-04-13T17:46:49.093+0000] {logging_mixin.py:190} INFO - [2025-04-13T17:46:49.092+0000] {dag.py:3239} INFO - Sync 1 DAGs
[2025-04-13T17:46:49.130+0000] {logging_mixin.py:190} INFO - [2025-04-13T17:46:49.130+0000] {dag.py:4180} INFO - Setting next_dagrun for example_sla_dag to 2025-04-13 17:44:00+00:00, run_after=2025-04-13 17:46:00+00:00
[2025-04-13T17:46:49.154+0000] {processor.py:208} INFO - Processing /home/airflow/.local/lib/python3.12/site-packages/airflow/example_dags/example_sla_dag.py took 0.321 seconds
[2025-04-13T17:47:19.306+0000] {processor.py:186} INFO - Started process (PID=688) to work on /home/airflow/.local/lib/python3.12/site-packages/airflow/example_dags/example_sla_dag.py
[2025-04-13T17:47:19.308+0000] {processor.py:914} INFO - Processing file /home/airflow/.local/lib/python3.12/site-packages/airflow/example_dags/example_sla_dag.py for tasks to queue
[2025-04-13T17:47:19.311+0000] {logging_mixin.py:190} INFO - [2025-04-13T17:47:19.310+0000] {dagbag.py:588} INFO - Filling up the DagBag from /home/airflow/.local/lib/python3.12/site-packages/airflow/example_dags/example_sla_dag.py
[2025-04-13T17:47:19.324+0000] {processor.py:925} INFO - DAG(s) 'example_sla_dag' retrieved from /home/airflow/.local/lib/python3.12/site-packages/airflow/example_dags/example_sla_dag.py
[2025-04-13T17:47:19.348+0000] {logging_mixin.py:190} INFO - [2025-04-13T17:47:19.348+0000] {dag.py:3239} INFO - Sync 1 DAGs
[2025-04-13T17:47:19.383+0000] {logging_mixin.py:190} INFO - [2025-04-13T17:47:19.383+0000] {dag.py:4180} INFO - Setting next_dagrun for example_sla_dag to 2025-04-13 17:44:00+00:00, run_after=2025-04-13 17:46:00+00:00
[2025-04-13T17:47:19.404+0000] {processor.py:208} INFO - Processing /home/airflow/.local/lib/python3.12/site-packages/airflow/example_dags/example_sla_dag.py took 0.105 seconds
[2025-04-13T17:47:49.961+0000] {processor.py:186} INFO - Started process (PID=979) to work on /home/airflow/.local/lib/python3.12/site-packages/airflow/example_dags/example_sla_dag.py
[2025-04-13T17:47:49.962+0000] {processor.py:914} INFO - Processing file /home/airflow/.local/lib/python3.12/site-packages/airflow/example_dags/example_sla_dag.py for tasks to queue
[2025-04-13T17:47:49.965+0000] {logging_mixin.py:190} INFO - [2025-04-13T17:47:49.964+0000] {dagbag.py:588} INFO - Filling up the DagBag from /home/airflow/.local/lib/python3.12/site-packages/airflow/example_dags/example_sla_dag.py
[2025-04-13T17:47:49.978+0000] {processor.py:925} INFO - DAG(s) 'example_sla_dag' retrieved from /home/airflow/.local/lib/python3.12/site-packages/airflow/example_dags/example_sla_dag.py
[2025-04-13T17:47:50.003+0000] {logging_mixin.py:190} INFO - [2025-04-13T17:47:50.002+0000] {dag.py:3239} INFO - Sync 1 DAGs
[2025-04-13T17:47:50.038+0000] {logging_mixin.py:190} INFO - [2025-04-13T17:47:50.038+0000] {dag.py:4180} INFO - Setting next_dagrun for example_sla_dag to 2025-04-13 17:44:00+00:00, run_after=2025-04-13 17:46:00+00:00
[2025-04-13T17:47:50.062+0000] {processor.py:208} INFO - Processing /home/airflow/.local/lib/python3.12/site-packages/airflow/example_dags/example_sla_dag.py took 0.110 seconds
[2025-04-13T17:48:20.455+0000] {processor.py:186} INFO - Started process (PID=1270) to work on /home/airflow/.local/lib/python3.12/site-packages/airflow/example_dags/example_sla_dag.py
[2025-04-13T17:48:20.457+0000] {processor.py:914} INFO - Processing file /home/airflow/.local/lib/python3.12/site-packages/airflow/example_dags/example_sla_dag.py for tasks to queue
[2025-04-13T17:48:20.460+0000] {logging_mixin.py:190} INFO - [2025-04-13T17:48:20.460+0000] {dagbag.py:588} INFO - Filling up the DagBag from /home/airflow/.local/lib/python3.12/site-packages/airflow/example_dags/example_sla_dag.py
[2025-04-13T17:48:20.478+0000] {processor.py:925} INFO - DAG(s) 'example_sla_dag' retrieved from /home/airflow/.local/lib/python3.12/site-packages/airflow/example_dags/example_sla_dag.py
[2025-04-13T17:48:20.519+0000] {logging_mixin.py:190} INFO - [2025-04-13T17:48:20.518+0000] {dag.py:3239} INFO - Sync 1 DAGs
[2025-04-13T17:48:20.577+0000] {logging_mixin.py:190} INFO - [2025-04-13T17:48:20.577+0000] {dag.py:4180} INFO - Setting next_dagrun for example_sla_dag to 2025-04-13 17:46:00+00:00, run_after=2025-04-13 17:48:00+00:00
[2025-04-13T17:48:20.609+0000] {processor.py:208} INFO - Processing /home/airflow/.local/lib/python3.12/site-packages/airflow/example_dags/example_sla_dag.py took 0.162 seconds
[2025-04-13T17:48:50.677+0000] {processor.py:186} INFO - Started process (PID=1556) to work on /home/airflow/.local/lib/python3.12/site-packages/airflow/example_dags/example_sla_dag.py
[2025-04-13T17:48:50.678+0000] {processor.py:914} INFO - Processing file /home/airflow/.local/lib/python3.12/site-packages/airflow/example_dags/example_sla_dag.py for tasks to queue
[2025-04-13T17:48:50.682+0000] {logging_mixin.py:190} INFO - [2025-04-13T17:48:50.681+0000] {dagbag.py:588} INFO - Filling up the DagBag from /home/airflow/.local/lib/python3.12/site-packages/airflow/example_dags/example_sla_dag.py
[2025-04-13T17:48:50.698+0000] {processor.py:925} INFO - DAG(s) 'example_sla_dag' retrieved from /home/airflow/.local/lib/python3.12/site-packages/airflow/example_dags/example_sla_dag.py
[2025-04-13T17:48:50.726+0000] {logging_mixin.py:190} INFO - [2025-04-13T17:48:50.726+0000] {dag.py:3239} INFO - Sync 1 DAGs
[2025-04-13T17:48:50.760+0000] {logging_mixin.py:190} INFO - [2025-04-13T17:48:50.760+0000] {dag.py:4180} INFO - Setting next_dagrun for example_sla_dag to 2025-04-13 17:46:00+00:00, run_after=2025-04-13 17:48:00+00:00
[2025-04-13T17:48:50.780+0000] {processor.py:208} INFO - Processing /home/airflow/.local/lib/python3.12/site-packages/airflow/example_dags/example_sla_dag.py took 0.110 seconds
[2025-04-13T17:49:21.420+0000] {processor.py:186} INFO - Started process (PID=1847) to work on /home/airflow/.local/lib/python3.12/site-packages/airflow/example_dags/example_sla_dag.py
[2025-04-13T17:49:21.421+0000] {processor.py:914} INFO - Processing file /home/airflow/.local/lib/python3.12/site-packages/airflow/example_dags/example_sla_dag.py for tasks to queue
[2025-04-13T17:49:21.424+0000] {logging_mixin.py:190} INFO - [2025-04-13T17:49:21.423+0000] {dagbag.py:588} INFO - Filling up the DagBag from /home/airflow/.local/lib/python3.12/site-packages/airflow/example_dags/example_sla_dag.py
[2025-04-13T17:49:21.438+0000] {processor.py:925} INFO - DAG(s) 'example_sla_dag' retrieved from /home/airflow/.local/lib/python3.12/site-packages/airflow/example_dags/example_sla_dag.py
[2025-04-13T17:49:21.466+0000] {logging_mixin.py:190} INFO - [2025-04-13T17:49:21.466+0000] {dag.py:3239} INFO - Sync 1 DAGs
[2025-04-13T17:49:21.500+0000] {logging_mixin.py:190} INFO - [2025-04-13T17:49:21.499+0000] {dag.py:4180} INFO - Setting next_dagrun for example_sla_dag to 2025-04-13 17:46:00+00:00, run_after=2025-04-13 17:48:00+00:00
[2025-04-13T17:49:21.522+0000] {processor.py:208} INFO - Processing /home/airflow/.local/lib/python3.12/site-packages/airflow/example_dags/example_sla_dag.py took 0.110 seconds
[2025-04-13T17:49:51.928+0000] {processor.py:186} INFO - Started process (PID=2133) to work on /home/airflow/.local/lib/python3.12/site-packages/airflow/example_dags/example_sla_dag.py
[2025-04-13T17:49:51.930+0000] {processor.py:914} INFO - Processing file /home/airflow/.local/lib/python3.12/site-packages/airflow/example_dags/example_sla_dag.py for tasks to queue
[2025-04-13T17:49:51.934+0000] {logging_mixin.py:190} INFO - [2025-04-13T17:49:51.934+0000] {dagbag.py:588} INFO - Filling up the DagBag from /home/airflow/.local/lib/python3.12/site-packages/airflow/example_dags/example_sla_dag.py
[2025-04-13T17:49:51.948+0000] {processor.py:925} INFO - DAG(s) 'example_sla_dag' retrieved from /home/airflow/.local/lib/python3.12/site-packages/airflow/example_dags/example_sla_dag.py
[2025-04-13T17:49:51.974+0000] {logging_mixin.py:190} INFO - [2025-04-13T17:49:51.974+0000] {dag.py:3239} INFO - Sync 1 DAGs
[2025-04-13T17:49:52.010+0000] {logging_mixin.py:190} INFO - [2025-04-13T17:49:52.010+0000] {dag.py:4180} INFO - Setting next_dagrun for example_sla_dag to 2025-04-13 17:46:00+00:00, run_after=2025-04-13 17:48:00+00:00
[2025-04-13T17:49:52.041+0000] {processor.py:208} INFO - Processing /home/airflow/.local/lib/python3.12/site-packages/airflow/example_dags/example_sla_dag.py took 0.122 seconds
[2025-04-13T17:50:22.362+0000] {processor.py:186} INFO - Started process (PID=2419) to work on /home/airflow/.local/lib/python3.12/site-packages/airflow/example_dags/example_sla_dag.py
[2025-04-13T17:50:22.364+0000] {processor.py:914} INFO - Processing file /home/airflow/.local/lib/python3.12/site-packages/airflow/example_dags/example_sla_dag.py for tasks to queue
[2025-04-13T17:50:22.367+0000] {logging_mixin.py:190} INFO - [2025-04-13T17:50:22.366+0000] {dagbag.py:588} INFO - Filling up the DagBag from /home/airflow/.local/lib/python3.12/site-packages/airflow/example_dags/example_sla_dag.py
[2025-04-13T17:50:22.383+0000] {processor.py:925} INFO - DAG(s) 'example_sla_dag' retrieved from /home/airflow/.local/lib/python3.12/site-packages/airflow/example_dags/example_sla_dag.py
[2025-04-13T17:50:22.417+0000] {logging_mixin.py:190} INFO - [2025-04-13T17:50:22.417+0000] {dag.py:3239} INFO - Sync 1 DAGs
[2025-04-13T17:50:22.466+0000] {logging_mixin.py:190} INFO - [2025-04-13T17:50:22.466+0000] {dag.py:4180} INFO - Setting next_dagrun for example_sla_dag to 2025-04-13 17:48:00+00:00, run_after=2025-04-13 17:50:00+00:00
[2025-04-13T17:50:22.497+0000] {processor.py:208} INFO - Processing /home/airflow/.local/lib/python3.12/site-packages/airflow/example_dags/example_sla_dag.py took 0.144 seconds
[2025-04-13T17:50:53.237+0000] {processor.py:186} INFO - Started process (PID=2710) to work on /home/airflow/.local/lib/python3.12/site-packages/airflow/example_dags/example_sla_dag.py
[2025-04-13T17:50:53.238+0000] {processor.py:914} INFO - Processing file /home/airflow/.local/lib/python3.12/site-packages/airflow/example_dags/example_sla_dag.py for tasks to queue
[2025-04-13T17:50:53.241+0000] {logging_mixin.py:190} INFO - [2025-04-13T17:50:53.241+0000] {dagbag.py:588} INFO - Filling up the DagBag from /home/airflow/.local/lib/python3.12/site-packages/airflow/example_dags/example_sla_dag.py
[2025-04-13T17:50:53.256+0000] {processor.py:925} INFO - DAG(s) 'example_sla_dag' retrieved from /home/airflow/.local/lib/python3.12/site-packages/airflow/example_dags/example_sla_dag.py
[2025-04-13T17:50:53.283+0000] {logging_mixin.py:190} INFO - [2025-04-13T17:50:53.283+0000] {dag.py:3239} INFO - Sync 1 DAGs
[2025-04-13T17:50:53.318+0000] {logging_mixin.py:190} INFO - [2025-04-13T17:50:53.317+0000] {dag.py:4180} INFO - Setting next_dagrun for example_sla_dag to 2025-04-13 17:48:00+00:00, run_after=2025-04-13 17:50:00+00:00
[2025-04-13T17:50:53.340+0000] {processor.py:208} INFO - Processing /home/airflow/.local/lib/python3.12/site-packages/airflow/example_dags/example_sla_dag.py took 0.111 seconds
[2025-04-13T17:51:24.562+0000] {processor.py:186} INFO - Started process (PID=3001) to work on /home/airflow/.local/lib/python3.12/site-packages/airflow/example_dags/example_sla_dag.py
[2025-04-13T17:51:24.564+0000] {processor.py:914} INFO - Processing file /home/airflow/.local/lib/python3.12/site-packages/airflow/example_dags/example_sla_dag.py for tasks to queue
[2025-04-13T17:51:24.567+0000] {logging_mixin.py:190} INFO - [2025-04-13T17:51:24.566+0000] {dagbag.py:588} INFO - Filling up the DagBag from /home/airflow/.local/lib/python3.12/site-packages/airflow/example_dags/example_sla_dag.py
[2025-04-13T17:51:24.590+0000] {processor.py:925} INFO - DAG(s) 'example_sla_dag' retrieved from /home/airflow/.local/lib/python3.12/site-packages/airflow/example_dags/example_sla_dag.py
[2025-04-13T17:51:24.629+0000] {logging_mixin.py:190} INFO - [2025-04-13T17:51:24.629+0000] {dag.py:3239} INFO - Sync 1 DAGs
[2025-04-13T17:51:24.686+0000] {logging_mixin.py:190} INFO - [2025-04-13T17:51:24.685+0000] {dag.py:4180} INFO - Setting next_dagrun for example_sla_dag to 2025-04-13 17:48:00+00:00, run_after=2025-04-13 17:50:00+00:00
[2025-04-13T17:51:24.717+0000] {processor.py:208} INFO - Processing /home/airflow/.local/lib/python3.12/site-packages/airflow/example_dags/example_sla_dag.py took 0.169 seconds
[2025-04-13T18:56:04.683+0000] {processor.py:186} INFO - Started process (PID=399) to work on /home/airflow/.local/lib/python3.12/site-packages/airflow/example_dags/example_sla_dag.py
[2025-04-13T18:56:04.695+0000] {processor.py:914} INFO - Processing file /home/airflow/.local/lib/python3.12/site-packages/airflow/example_dags/example_sla_dag.py for tasks to queue
[2025-04-13T18:56:04.700+0000] {logging_mixin.py:190} INFO - [2025-04-13T18:56:04.700+0000] {dagbag.py:588} INFO - Filling up the DagBag from /home/airflow/.local/lib/python3.12/site-packages/airflow/example_dags/example_sla_dag.py
[2025-04-13T18:56:04.773+0000] {processor.py:925} INFO - DAG(s) 'example_sla_dag' retrieved from /home/airflow/.local/lib/python3.12/site-packages/airflow/example_dags/example_sla_dag.py
[2025-04-13T18:56:04.885+0000] {logging_mixin.py:190} INFO - [2025-04-13T18:56:04.885+0000] {dag.py:3239} INFO - Sync 1 DAGs
[2025-04-13T18:56:05.014+0000] {logging_mixin.py:190} INFO - [2025-04-13T18:56:05.013+0000] {dag.py:4180} INFO - Setting next_dagrun for example_sla_dag to 2025-04-13 18:54:00+00:00, run_after=2025-04-13 18:56:00+00:00
[2025-04-13T18:56:05.135+0000] {processor.py:208} INFO - Processing /home/airflow/.local/lib/python3.12/site-packages/airflow/example_dags/example_sla_dag.py took 0.497 seconds
[2025-04-13T18:56:36.009+0000] {processor.py:186} INFO - Started process (PID=695) to work on /home/airflow/.local/lib/python3.12/site-packages/airflow/example_dags/example_sla_dag.py
[2025-04-13T18:56:36.041+0000] {processor.py:914} INFO - Processing file /home/airflow/.local/lib/python3.12/site-packages/airflow/example_dags/example_sla_dag.py for tasks to queue
[2025-04-13T18:56:36.044+0000] {logging_mixin.py:190} INFO - [2025-04-13T18:56:36.044+0000] {dagbag.py:588} INFO - Filling up the DagBag from /home/airflow/.local/lib/python3.12/site-packages/airflow/example_dags/example_sla_dag.py
[2025-04-13T18:56:36.056+0000] {processor.py:925} INFO - DAG(s) 'example_sla_dag' retrieved from /home/airflow/.local/lib/python3.12/site-packages/airflow/example_dags/example_sla_dag.py
[2025-04-13T18:56:36.078+0000] {logging_mixin.py:190} INFO - [2025-04-13T18:56:36.078+0000] {dag.py:3239} INFO - Sync 1 DAGs
[2025-04-13T18:56:36.111+0000] {logging_mixin.py:190} INFO - [2025-04-13T18:56:36.111+0000] {dag.py:4180} INFO - Setting next_dagrun for example_sla_dag to 2025-04-13 18:54:00+00:00, run_after=2025-04-13 18:56:00+00:00
[2025-04-13T18:56:36.251+0000] {processor.py:208} INFO - Processing /home/airflow/.local/lib/python3.12/site-packages/airflow/example_dags/example_sla_dag.py took 0.248 seconds
[2025-04-13T18:57:06.560+0000] {processor.py:186} INFO - Started process (PID=991) to work on /home/airflow/.local/lib/python3.12/site-packages/airflow/example_dags/example_sla_dag.py
[2025-04-13T18:57:06.561+0000] {processor.py:914} INFO - Processing file /home/airflow/.local/lib/python3.12/site-packages/airflow/example_dags/example_sla_dag.py for tasks to queue
[2025-04-13T18:57:06.564+0000] {logging_mixin.py:190} INFO - [2025-04-13T18:57:06.564+0000] {dagbag.py:588} INFO - Filling up the DagBag from /home/airflow/.local/lib/python3.12/site-packages/airflow/example_dags/example_sla_dag.py
[2025-04-13T18:57:06.583+0000] {processor.py:925} INFO - DAG(s) 'example_sla_dag' retrieved from /home/airflow/.local/lib/python3.12/site-packages/airflow/example_dags/example_sla_dag.py
[2025-04-13T18:57:06.616+0000] {logging_mixin.py:190} INFO - [2025-04-13T18:57:06.615+0000] {dag.py:3239} INFO - Sync 1 DAGs
[2025-04-13T18:57:06.668+0000] {logging_mixin.py:190} INFO - [2025-04-13T18:57:06.667+0000] {dag.py:4180} INFO - Setting next_dagrun for example_sla_dag to 2025-04-13 18:54:00+00:00, run_after=2025-04-13 18:56:00+00:00
[2025-04-13T18:57:06.709+0000] {processor.py:208} INFO - Processing /home/airflow/.local/lib/python3.12/site-packages/airflow/example_dags/example_sla_dag.py took 0.161 seconds
[2025-04-13T18:57:36.959+0000] {processor.py:186} INFO - Started process (PID=1287) to work on /home/airflow/.local/lib/python3.12/site-packages/airflow/example_dags/example_sla_dag.py
[2025-04-13T18:57:36.960+0000] {processor.py:914} INFO - Processing file /home/airflow/.local/lib/python3.12/site-packages/airflow/example_dags/example_sla_dag.py for tasks to queue
[2025-04-13T18:57:36.963+0000] {logging_mixin.py:190} INFO - [2025-04-13T18:57:36.963+0000] {dagbag.py:588} INFO - Filling up the DagBag from /home/airflow/.local/lib/python3.12/site-packages/airflow/example_dags/example_sla_dag.py
[2025-04-13T18:57:36.975+0000] {processor.py:925} INFO - DAG(s) 'example_sla_dag' retrieved from /home/airflow/.local/lib/python3.12/site-packages/airflow/example_dags/example_sla_dag.py
[2025-04-13T18:57:37.000+0000] {logging_mixin.py:190} INFO - [2025-04-13T18:57:36.999+0000] {dag.py:3239} INFO - Sync 1 DAGs
[2025-04-13T18:57:37.039+0000] {logging_mixin.py:190} INFO - [2025-04-13T18:57:37.038+0000] {dag.py:4180} INFO - Setting next_dagrun for example_sla_dag to 2025-04-13 18:54:00+00:00, run_after=2025-04-13 18:56:00+00:00
[2025-04-13T18:57:37.065+0000] {processor.py:208} INFO - Processing /home/airflow/.local/lib/python3.12/site-packages/airflow/example_dags/example_sla_dag.py took 0.114 seconds
[2025-04-13T18:58:09.075+0000] {processor.py:186} INFO - Started process (PID=1589) to work on /home/airflow/.local/lib/python3.12/site-packages/airflow/example_dags/example_sla_dag.py
[2025-04-13T18:58:09.076+0000] {processor.py:914} INFO - Processing file /home/airflow/.local/lib/python3.12/site-packages/airflow/example_dags/example_sla_dag.py for tasks to queue
[2025-04-13T18:58:09.081+0000] {logging_mixin.py:190} INFO - [2025-04-13T18:58:09.080+0000] {dagbag.py:588} INFO - Filling up the DagBag from /home/airflow/.local/lib/python3.12/site-packages/airflow/example_dags/example_sla_dag.py
[2025-04-13T18:58:09.097+0000] {processor.py:925} INFO - DAG(s) 'example_sla_dag' retrieved from /home/airflow/.local/lib/python3.12/site-packages/airflow/example_dags/example_sla_dag.py
[2025-04-13T18:58:09.125+0000] {logging_mixin.py:190} INFO - [2025-04-13T18:58:09.124+0000] {dag.py:3239} INFO - Sync 1 DAGs
[2025-04-13T18:58:09.168+0000] {logging_mixin.py:190} INFO - [2025-04-13T18:58:09.167+0000] {dag.py:4180} INFO - Setting next_dagrun for example_sla_dag to 2025-04-13 18:56:00+00:00, run_after=2025-04-13 18:58:00+00:00
[2025-04-13T18:58:09.197+0000] {processor.py:208} INFO - Processing /home/airflow/.local/lib/python3.12/site-packages/airflow/example_dags/example_sla_dag.py took 0.130 seconds
