[2025-04-13T17:46:45.623+0000] {processor.py:186} INFO - Started process (PID=347) to work on /home/airflow/.local/lib/python3.12/site-packages/airflow/example_dags/example_datasets.py
[2025-04-13T17:46:45.625+0000] {processor.py:914} INFO - Processing file /home/airflow/.local/lib/python3.12/site-packages/airflow/example_dags/example_datasets.py for tasks to queue
[2025-04-13T17:46:45.629+0000] {logging_mixin.py:190} INFO - [2025-04-13T17:46:45.629+0000] {dagbag.py:588} INFO - Filling up the DagBag from /home/airflow/.local/lib/python3.12/site-packages/airflow/example_dags/example_datasets.py
[2025-04-13T17:46:46.314+0000] {processor.py:925} INFO - DAG(s) 'consume_1_and_2_with_dataset_expressions', 'dataset_produces_2', 'dataset_consumes_1_and_2', 'dataset_consumes_1', 'dataset_consumes_unknown_never_scheduled', 'dataset_consumes_1_never_scheduled', 'consume_1_or_2_with_dataset_expressions', 'consume_1_or_both_2_and_3_with_dataset_expressions', 'dataset_produces_1', 'conditional_dataset_and_time_based_timetable' retrieved from /home/airflow/.local/lib/python3.12/site-packages/airflow/example_dags/example_datasets.py
[2025-04-13T17:46:47.160+0000] {logging_mixin.py:190} INFO - [2025-04-13T17:46:47.159+0000] {dag.py:3239} INFO - Sync 10 DAGs
[2025-04-13T17:46:47.202+0000] {logging_mixin.py:190} INFO - [2025-04-13T17:46:47.202+0000] {dag.py:4180} INFO - Setting next_dagrun for conditional_dataset_and_time_based_timetable to 2025-04-09 01:00:00+00:00, run_after=2025-04-09 01:00:00+00:00
[2025-04-13T17:46:47.208+0000] {logging_mixin.py:190} INFO - [2025-04-13T17:46:47.208+0000] {dag.py:4180} INFO - Setting next_dagrun for consume_1_and_2_with_dataset_expressions to None, run_after=None
[2025-04-13T17:46:47.214+0000] {logging_mixin.py:190} INFO - [2025-04-13T17:46:47.213+0000] {dag.py:4180} INFO - Setting next_dagrun for consume_1_or_2_with_dataset_expressions to None, run_after=None
[2025-04-13T17:46:47.217+0000] {logging_mixin.py:190} INFO - [2025-04-13T17:46:47.217+0000] {dag.py:4180} INFO - Setting next_dagrun for consume_1_or_both_2_and_3_with_dataset_expressions to None, run_after=None
[2025-04-13T17:46:47.220+0000] {logging_mixin.py:190} INFO - [2025-04-13T17:46:47.220+0000] {dag.py:4180} INFO - Setting next_dagrun for dataset_consumes_1 to None, run_after=None
[2025-04-13T17:46:47.224+0000] {logging_mixin.py:190} INFO - [2025-04-13T17:46:47.223+0000] {dag.py:4180} INFO - Setting next_dagrun for dataset_consumes_1_and_2 to None, run_after=None
[2025-04-13T17:46:47.227+0000] {logging_mixin.py:190} INFO - [2025-04-13T17:46:47.226+0000] {dag.py:4180} INFO - Setting next_dagrun for dataset_consumes_1_never_scheduled to None, run_after=None
[2025-04-13T17:46:47.233+0000] {logging_mixin.py:190} INFO - [2025-04-13T17:46:47.232+0000] {dag.py:4180} INFO - Setting next_dagrun for dataset_consumes_unknown_never_scheduled to None, run_after=None
[2025-04-13T17:46:47.239+0000] {logging_mixin.py:190} INFO - [2025-04-13T17:46:47.239+0000] {dag.py:4180} INFO - Setting next_dagrun for dataset_produces_1 to 2025-04-12 00:00:00+00:00, run_after=2025-04-13 00:00:00+00:00
[2025-04-13T17:46:47.242+0000] {logging_mixin.py:190} INFO - [2025-04-13T17:46:47.242+0000] {dag.py:4180} INFO - Setting next_dagrun for dataset_produces_2 to None, run_after=None
[2025-04-13T17:46:47.316+0000] {processor.py:208} INFO - Processing /home/airflow/.local/lib/python3.12/site-packages/airflow/example_dags/example_datasets.py took 1.701 seconds
[2025-04-13T17:47:17.912+0000] {processor.py:186} INFO - Started process (PID=645) to work on /home/airflow/.local/lib/python3.12/site-packages/airflow/example_dags/example_datasets.py
[2025-04-13T17:47:17.913+0000] {processor.py:914} INFO - Processing file /home/airflow/.local/lib/python3.12/site-packages/airflow/example_dags/example_datasets.py for tasks to queue
[2025-04-13T17:47:17.917+0000] {logging_mixin.py:190} INFO - [2025-04-13T17:47:17.916+0000] {dagbag.py:588} INFO - Filling up the DagBag from /home/airflow/.local/lib/python3.12/site-packages/airflow/example_dags/example_datasets.py
[2025-04-13T17:47:18.558+0000] {processor.py:925} INFO - DAG(s) 'dataset_consumes_1_and_2', 'consume_1_or_2_with_dataset_expressions', 'dataset_consumes_1_never_scheduled', 'dataset_consumes_unknown_never_scheduled', 'consume_1_and_2_with_dataset_expressions', 'dataset_consumes_1', 'dataset_produces_2', 'consume_1_or_both_2_and_3_with_dataset_expressions', 'conditional_dataset_and_time_based_timetable', 'dataset_produces_1' retrieved from /home/airflow/.local/lib/python3.12/site-packages/airflow/example_dags/example_datasets.py
[2025-04-13T17:47:18.625+0000] {logging_mixin.py:190} INFO - [2025-04-13T17:47:18.625+0000] {dag.py:3239} INFO - Sync 10 DAGs
[2025-04-13T17:47:18.661+0000] {logging_mixin.py:190} INFO - [2025-04-13T17:47:18.660+0000] {dag.py:4180} INFO - Setting next_dagrun for conditional_dataset_and_time_based_timetable to 2025-04-09 01:00:00+00:00, run_after=2025-04-09 01:00:00+00:00
[2025-04-13T17:47:18.932+0000] {logging_mixin.py:190} INFO - [2025-04-13T17:47:18.931+0000] {dag.py:4180} INFO - Setting next_dagrun for consume_1_and_2_with_dataset_expressions to None, run_after=None
[2025-04-13T17:47:18.936+0000] {logging_mixin.py:190} INFO - [2025-04-13T17:47:18.936+0000] {dag.py:4180} INFO - Setting next_dagrun for consume_1_or_2_with_dataset_expressions to None, run_after=None
[2025-04-13T17:47:18.939+0000] {logging_mixin.py:190} INFO - [2025-04-13T17:47:18.938+0000] {dag.py:4180} INFO - Setting next_dagrun for consume_1_or_both_2_and_3_with_dataset_expressions to None, run_after=None
[2025-04-13T17:47:18.945+0000] {logging_mixin.py:190} INFO - [2025-04-13T17:47:18.944+0000] {dag.py:4180} INFO - Setting next_dagrun for dataset_consumes_1 to None, run_after=None
[2025-04-13T17:47:18.947+0000] {logging_mixin.py:190} INFO - [2025-04-13T17:47:18.947+0000] {dag.py:4180} INFO - Setting next_dagrun for dataset_consumes_1_and_2 to None, run_after=None
[2025-04-13T17:47:18.951+0000] {logging_mixin.py:190} INFO - [2025-04-13T17:47:18.951+0000] {dag.py:4180} INFO - Setting next_dagrun for dataset_consumes_1_never_scheduled to None, run_after=None
[2025-04-13T17:47:18.954+0000] {logging_mixin.py:190} INFO - [2025-04-13T17:47:18.954+0000] {dag.py:4180} INFO - Setting next_dagrun for dataset_consumes_unknown_never_scheduled to None, run_after=None
[2025-04-13T17:47:18.961+0000] {logging_mixin.py:190} INFO - [2025-04-13T17:47:18.960+0000] {dag.py:4180} INFO - Setting next_dagrun for dataset_produces_1 to 2025-04-12 00:00:00+00:00, run_after=2025-04-13 00:00:00+00:00
[2025-04-13T17:47:18.963+0000] {logging_mixin.py:190} INFO - [2025-04-13T17:47:18.963+0000] {dag.py:4180} INFO - Setting next_dagrun for dataset_produces_2 to None, run_after=None
[2025-04-13T17:47:19.015+0000] {processor.py:208} INFO - Processing /home/airflow/.local/lib/python3.12/site-packages/airflow/example_dags/example_datasets.py took 1.110 seconds
[2025-04-13T17:47:49.179+0000] {processor.py:186} INFO - Started process (PID=949) to work on /home/airflow/.local/lib/python3.12/site-packages/airflow/example_dags/example_datasets.py
[2025-04-13T17:47:49.181+0000] {processor.py:914} INFO - Processing file /home/airflow/.local/lib/python3.12/site-packages/airflow/example_dags/example_datasets.py for tasks to queue
[2025-04-13T17:47:49.185+0000] {logging_mixin.py:190} INFO - [2025-04-13T17:47:49.185+0000] {dagbag.py:588} INFO - Filling up the DagBag from /home/airflow/.local/lib/python3.12/site-packages/airflow/example_dags/example_datasets.py
[2025-04-13T17:47:49.909+0000] {processor.py:925} INFO - DAG(s) 'dataset_produces_2', 'consume_1_or_both_2_and_3_with_dataset_expressions', 'consume_1_or_2_with_dataset_expressions', 'conditional_dataset_and_time_based_timetable', 'dataset_consumes_1_never_scheduled', 'dataset_consumes_1', 'dataset_consumes_1_and_2', 'consume_1_and_2_with_dataset_expressions', 'dataset_produces_1', 'dataset_consumes_unknown_never_scheduled' retrieved from /home/airflow/.local/lib/python3.12/site-packages/airflow/example_dags/example_datasets.py
[2025-04-13T17:47:49.969+0000] {logging_mixin.py:190} INFO - [2025-04-13T17:47:49.969+0000] {dag.py:3239} INFO - Sync 10 DAGs
[2025-04-13T17:47:50.003+0000] {logging_mixin.py:190} INFO - [2025-04-13T17:47:50.003+0000] {dag.py:4180} INFO - Setting next_dagrun for conditional_dataset_and_time_based_timetable to 2025-04-09 01:00:00+00:00, run_after=2025-04-09 01:00:00+00:00
[2025-04-13T17:47:50.008+0000] {logging_mixin.py:190} INFO - [2025-04-13T17:47:50.008+0000] {dag.py:4180} INFO - Setting next_dagrun for consume_1_and_2_with_dataset_expressions to None, run_after=None
[2025-04-13T17:47:50.011+0000] {logging_mixin.py:190} INFO - [2025-04-13T17:47:50.011+0000] {dag.py:4180} INFO - Setting next_dagrun for consume_1_or_2_with_dataset_expressions to None, run_after=None
[2025-04-13T17:47:50.013+0000] {logging_mixin.py:190} INFO - [2025-04-13T17:47:50.013+0000] {dag.py:4180} INFO - Setting next_dagrun for consume_1_or_both_2_and_3_with_dataset_expressions to None, run_after=None
[2025-04-13T17:47:50.015+0000] {logging_mixin.py:190} INFO - [2025-04-13T17:47:50.015+0000] {dag.py:4180} INFO - Setting next_dagrun for dataset_consumes_1 to None, run_after=None
[2025-04-13T17:47:50.018+0000] {logging_mixin.py:190} INFO - [2025-04-13T17:47:50.017+0000] {dag.py:4180} INFO - Setting next_dagrun for dataset_consumes_1_and_2 to None, run_after=None
[2025-04-13T17:47:50.020+0000] {logging_mixin.py:190} INFO - [2025-04-13T17:47:50.020+0000] {dag.py:4180} INFO - Setting next_dagrun for dataset_consumes_1_never_scheduled to None, run_after=None
[2025-04-13T17:47:50.023+0000] {logging_mixin.py:190} INFO - [2025-04-13T17:47:50.022+0000] {dag.py:4180} INFO - Setting next_dagrun for dataset_consumes_unknown_never_scheduled to None, run_after=None
[2025-04-13T17:47:50.026+0000] {logging_mixin.py:190} INFO - [2025-04-13T17:47:50.026+0000] {dag.py:4180} INFO - Setting next_dagrun for dataset_produces_1 to 2025-04-12 00:00:00+00:00, run_after=2025-04-13 00:00:00+00:00
[2025-04-13T17:47:50.028+0000] {logging_mixin.py:190} INFO - [2025-04-13T17:47:50.028+0000] {dag.py:4180} INFO - Setting next_dagrun for dataset_produces_2 to None, run_after=None
[2025-04-13T17:47:50.079+0000] {processor.py:208} INFO - Processing /home/airflow/.local/lib/python3.12/site-packages/airflow/example_dags/example_datasets.py took 0.911 seconds
[2025-04-13T17:48:20.239+0000] {processor.py:186} INFO - Started process (PID=1260) to work on /home/airflow/.local/lib/python3.12/site-packages/airflow/example_dags/example_datasets.py
[2025-04-13T17:48:20.241+0000] {processor.py:914} INFO - Processing file /home/airflow/.local/lib/python3.12/site-packages/airflow/example_dags/example_datasets.py for tasks to queue
[2025-04-13T17:48:20.244+0000] {logging_mixin.py:190} INFO - [2025-04-13T17:48:20.244+0000] {dagbag.py:588} INFO - Filling up the DagBag from /home/airflow/.local/lib/python3.12/site-packages/airflow/example_dags/example_datasets.py
[2025-04-13T17:48:21.125+0000] {processor.py:925} INFO - DAG(s) 'dataset_consumes_1_and_2', 'dataset_produces_2', 'dataset_consumes_unknown_never_scheduled', 'conditional_dataset_and_time_based_timetable', 'dataset_produces_1', 'dataset_consumes_1_never_scheduled', 'consume_1_and_2_with_dataset_expressions', 'consume_1_or_both_2_and_3_with_dataset_expressions', 'dataset_consumes_1', 'consume_1_or_2_with_dataset_expressions' retrieved from /home/airflow/.local/lib/python3.12/site-packages/airflow/example_dags/example_datasets.py
[2025-04-13T17:48:21.211+0000] {logging_mixin.py:190} INFO - [2025-04-13T17:48:21.210+0000] {dag.py:3239} INFO - Sync 10 DAGs
[2025-04-13T17:48:21.252+0000] {logging_mixin.py:190} INFO - [2025-04-13T17:48:21.252+0000] {dag.py:4180} INFO - Setting next_dagrun for conditional_dataset_and_time_based_timetable to 2025-04-09 01:00:00+00:00, run_after=2025-04-09 01:00:00+00:00
[2025-04-13T17:48:21.257+0000] {logging_mixin.py:190} INFO - [2025-04-13T17:48:21.257+0000] {dag.py:4180} INFO - Setting next_dagrun for consume_1_and_2_with_dataset_expressions to None, run_after=None
[2025-04-13T17:48:21.260+0000] {logging_mixin.py:190} INFO - [2025-04-13T17:48:21.259+0000] {dag.py:4180} INFO - Setting next_dagrun for consume_1_or_2_with_dataset_expressions to None, run_after=None
[2025-04-13T17:48:21.263+0000] {logging_mixin.py:190} INFO - [2025-04-13T17:48:21.263+0000] {dag.py:4180} INFO - Setting next_dagrun for consume_1_or_both_2_and_3_with_dataset_expressions to None, run_after=None
[2025-04-13T17:48:21.266+0000] {logging_mixin.py:190} INFO - [2025-04-13T17:48:21.265+0000] {dag.py:4180} INFO - Setting next_dagrun for dataset_consumes_1 to None, run_after=None
[2025-04-13T17:48:21.268+0000] {logging_mixin.py:190} INFO - [2025-04-13T17:48:21.268+0000] {dag.py:4180} INFO - Setting next_dagrun for dataset_consumes_1_and_2 to None, run_after=None
[2025-04-13T17:48:21.270+0000] {logging_mixin.py:190} INFO - [2025-04-13T17:48:21.270+0000] {dag.py:4180} INFO - Setting next_dagrun for dataset_consumes_1_never_scheduled to None, run_after=None
[2025-04-13T17:48:21.272+0000] {logging_mixin.py:190} INFO - [2025-04-13T17:48:21.272+0000] {dag.py:4180} INFO - Setting next_dagrun for dataset_consumes_unknown_never_scheduled to None, run_after=None
[2025-04-13T17:48:21.276+0000] {logging_mixin.py:190} INFO - [2025-04-13T17:48:21.275+0000] {dag.py:4180} INFO - Setting next_dagrun for dataset_produces_1 to 2025-04-12 00:00:00+00:00, run_after=2025-04-13 00:00:00+00:00
[2025-04-13T17:48:21.279+0000] {logging_mixin.py:190} INFO - [2025-04-13T17:48:21.279+0000] {dag.py:4180} INFO - Setting next_dagrun for dataset_produces_2 to None, run_after=None
[2025-04-13T17:48:21.348+0000] {processor.py:208} INFO - Processing /home/airflow/.local/lib/python3.12/site-packages/airflow/example_dags/example_datasets.py took 1.119 seconds
[2025-04-13T17:48:52.250+0000] {processor.py:186} INFO - Started process (PID=1568) to work on /home/airflow/.local/lib/python3.12/site-packages/airflow/example_dags/example_datasets.py
[2025-04-13T17:48:52.252+0000] {processor.py:914} INFO - Processing file /home/airflow/.local/lib/python3.12/site-packages/airflow/example_dags/example_datasets.py for tasks to queue
[2025-04-13T17:48:52.256+0000] {logging_mixin.py:190} INFO - [2025-04-13T17:48:52.256+0000] {dagbag.py:588} INFO - Filling up the DagBag from /home/airflow/.local/lib/python3.12/site-packages/airflow/example_dags/example_datasets.py
[2025-04-13T17:48:53.108+0000] {processor.py:925} INFO - DAG(s) 'consume_1_or_both_2_and_3_with_dataset_expressions', 'dataset_consumes_unknown_never_scheduled', 'dataset_consumes_1_and_2', 'dataset_produces_2', 'dataset_consumes_1_never_scheduled', 'conditional_dataset_and_time_based_timetable', 'consume_1_and_2_with_dataset_expressions', 'dataset_produces_1', 'dataset_consumes_1', 'consume_1_or_2_with_dataset_expressions' retrieved from /home/airflow/.local/lib/python3.12/site-packages/airflow/example_dags/example_datasets.py
[2025-04-13T17:48:53.164+0000] {logging_mixin.py:190} INFO - [2025-04-13T17:48:53.164+0000] {dag.py:3239} INFO - Sync 10 DAGs
[2025-04-13T17:48:53.197+0000] {logging_mixin.py:190} INFO - [2025-04-13T17:48:53.197+0000] {dag.py:4180} INFO - Setting next_dagrun for conditional_dataset_and_time_based_timetable to 2025-04-09 01:00:00+00:00, run_after=2025-04-09 01:00:00+00:00
[2025-04-13T17:48:53.202+0000] {logging_mixin.py:190} INFO - [2025-04-13T17:48:53.202+0000] {dag.py:4180} INFO - Setting next_dagrun for consume_1_and_2_with_dataset_expressions to None, run_after=None
[2025-04-13T17:48:53.204+0000] {logging_mixin.py:190} INFO - [2025-04-13T17:48:53.204+0000] {dag.py:4180} INFO - Setting next_dagrun for consume_1_or_2_with_dataset_expressions to None, run_after=None
[2025-04-13T17:48:53.206+0000] {logging_mixin.py:190} INFO - [2025-04-13T17:48:53.206+0000] {dag.py:4180} INFO - Setting next_dagrun for consume_1_or_both_2_and_3_with_dataset_expressions to None, run_after=None
[2025-04-13T17:48:53.208+0000] {logging_mixin.py:190} INFO - [2025-04-13T17:48:53.208+0000] {dag.py:4180} INFO - Setting next_dagrun for dataset_consumes_1 to None, run_after=None
[2025-04-13T17:48:53.210+0000] {logging_mixin.py:190} INFO - [2025-04-13T17:48:53.210+0000] {dag.py:4180} INFO - Setting next_dagrun for dataset_consumes_1_and_2 to None, run_after=None
[2025-04-13T17:48:53.212+0000] {logging_mixin.py:190} INFO - [2025-04-13T17:48:53.212+0000] {dag.py:4180} INFO - Setting next_dagrun for dataset_consumes_1_never_scheduled to None, run_after=None
[2025-04-13T17:48:53.214+0000] {logging_mixin.py:190} INFO - [2025-04-13T17:48:53.214+0000] {dag.py:4180} INFO - Setting next_dagrun for dataset_consumes_unknown_never_scheduled to None, run_after=None
[2025-04-13T17:48:53.217+0000] {logging_mixin.py:190} INFO - [2025-04-13T17:48:53.217+0000] {dag.py:4180} INFO - Setting next_dagrun for dataset_produces_1 to 2025-04-12 00:00:00+00:00, run_after=2025-04-13 00:00:00+00:00
[2025-04-13T17:48:53.220+0000] {logging_mixin.py:190} INFO - [2025-04-13T17:48:53.220+0000] {dag.py:4180} INFO - Setting next_dagrun for dataset_produces_2 to None, run_after=None
[2025-04-13T17:48:53.271+0000] {processor.py:208} INFO - Processing /home/airflow/.local/lib/python3.12/site-packages/airflow/example_dags/example_datasets.py took 1.030 seconds
[2025-04-13T17:49:24.137+0000] {processor.py:186} INFO - Started process (PID=1884) to work on /home/airflow/.local/lib/python3.12/site-packages/airflow/example_dags/example_datasets.py
[2025-04-13T17:49:24.139+0000] {processor.py:914} INFO - Processing file /home/airflow/.local/lib/python3.12/site-packages/airflow/example_dags/example_datasets.py for tasks to queue
[2025-04-13T17:49:24.145+0000] {logging_mixin.py:190} INFO - [2025-04-13T17:49:24.144+0000] {dagbag.py:588} INFO - Filling up the DagBag from /home/airflow/.local/lib/python3.12/site-packages/airflow/example_dags/example_datasets.py
[2025-04-13T17:49:24.820+0000] {processor.py:925} INFO - DAG(s) 'dataset_consumes_1_never_scheduled', 'conditional_dataset_and_time_based_timetable', 'dataset_consumes_1', 'dataset_produces_2', 'consume_1_or_both_2_and_3_with_dataset_expressions', 'dataset_consumes_unknown_never_scheduled', 'consume_1_and_2_with_dataset_expressions', 'consume_1_or_2_with_dataset_expressions', 'dataset_produces_1', 'dataset_consumes_1_and_2' retrieved from /home/airflow/.local/lib/python3.12/site-packages/airflow/example_dags/example_datasets.py
[2025-04-13T17:49:25.123+0000] {logging_mixin.py:190} INFO - [2025-04-13T17:49:25.123+0000] {dag.py:3239} INFO - Sync 10 DAGs
[2025-04-13T17:49:25.161+0000] {logging_mixin.py:190} INFO - [2025-04-13T17:49:25.160+0000] {dag.py:4180} INFO - Setting next_dagrun for conditional_dataset_and_time_based_timetable to 2025-04-09 01:00:00+00:00, run_after=2025-04-09 01:00:00+00:00
[2025-04-13T17:49:25.166+0000] {logging_mixin.py:190} INFO - [2025-04-13T17:49:25.166+0000] {dag.py:4180} INFO - Setting next_dagrun for consume_1_and_2_with_dataset_expressions to None, run_after=None
[2025-04-13T17:49:25.169+0000] {logging_mixin.py:190} INFO - [2025-04-13T17:49:25.168+0000] {dag.py:4180} INFO - Setting next_dagrun for consume_1_or_2_with_dataset_expressions to None, run_after=None
[2025-04-13T17:49:25.171+0000] {logging_mixin.py:190} INFO - [2025-04-13T17:49:25.171+0000] {dag.py:4180} INFO - Setting next_dagrun for consume_1_or_both_2_and_3_with_dataset_expressions to None, run_after=None
[2025-04-13T17:49:25.173+0000] {logging_mixin.py:190} INFO - [2025-04-13T17:49:25.173+0000] {dag.py:4180} INFO - Setting next_dagrun for dataset_consumes_1 to None, run_after=None
[2025-04-13T17:49:25.178+0000] {logging_mixin.py:190} INFO - [2025-04-13T17:49:25.177+0000] {dag.py:4180} INFO - Setting next_dagrun for dataset_consumes_1_and_2 to None, run_after=None
[2025-04-13T17:49:25.180+0000] {logging_mixin.py:190} INFO - [2025-04-13T17:49:25.180+0000] {dag.py:4180} INFO - Setting next_dagrun for dataset_consumes_1_never_scheduled to None, run_after=None
[2025-04-13T17:49:25.183+0000] {logging_mixin.py:190} INFO - [2025-04-13T17:49:25.183+0000] {dag.py:4180} INFO - Setting next_dagrun for dataset_consumes_unknown_never_scheduled to None, run_after=None
[2025-04-13T17:49:25.187+0000] {logging_mixin.py:190} INFO - [2025-04-13T17:49:25.187+0000] {dag.py:4180} INFO - Setting next_dagrun for dataset_produces_1 to 2025-04-12 00:00:00+00:00, run_after=2025-04-13 00:00:00+00:00
[2025-04-13T17:49:25.191+0000] {logging_mixin.py:190} INFO - [2025-04-13T17:49:25.190+0000] {dag.py:4180} INFO - Setting next_dagrun for dataset_produces_2 to None, run_after=None
[2025-04-13T17:49:25.249+0000] {processor.py:208} INFO - Processing /home/airflow/.local/lib/python3.12/site-packages/airflow/example_dags/example_datasets.py took 1.125 seconds
[2025-04-13T17:49:56.107+0000] {processor.py:186} INFO - Started process (PID=2206) to work on /home/airflow/.local/lib/python3.12/site-packages/airflow/example_dags/example_datasets.py
[2025-04-13T17:49:56.109+0000] {processor.py:914} INFO - Processing file /home/airflow/.local/lib/python3.12/site-packages/airflow/example_dags/example_datasets.py for tasks to queue
[2025-04-13T17:49:56.113+0000] {logging_mixin.py:190} INFO - [2025-04-13T17:49:56.112+0000] {dagbag.py:588} INFO - Filling up the DagBag from /home/airflow/.local/lib/python3.12/site-packages/airflow/example_dags/example_datasets.py
[2025-04-13T17:49:56.713+0000] {processor.py:925} INFO - DAG(s) 'consume_1_and_2_with_dataset_expressions', 'dataset_produces_2', 'dataset_consumes_1_and_2', 'dataset_consumes_1', 'conditional_dataset_and_time_based_timetable', 'dataset_produces_1', 'dataset_consumes_unknown_never_scheduled', 'dataset_consumes_1_never_scheduled', 'consume_1_or_2_with_dataset_expressions', 'consume_1_or_both_2_and_3_with_dataset_expressions' retrieved from /home/airflow/.local/lib/python3.12/site-packages/airflow/example_dags/example_datasets.py
[2025-04-13T17:49:57.045+0000] {logging_mixin.py:190} INFO - [2025-04-13T17:49:57.045+0000] {dag.py:3239} INFO - Sync 10 DAGs
[2025-04-13T17:49:57.084+0000] {logging_mixin.py:190} INFO - [2025-04-13T17:49:57.084+0000] {dag.py:4180} INFO - Setting next_dagrun for conditional_dataset_and_time_based_timetable to 2025-04-09 01:00:00+00:00, run_after=2025-04-09 01:00:00+00:00
[2025-04-13T17:49:57.090+0000] {logging_mixin.py:190} INFO - [2025-04-13T17:49:57.090+0000] {dag.py:4180} INFO - Setting next_dagrun for consume_1_and_2_with_dataset_expressions to None, run_after=None
[2025-04-13T17:49:57.093+0000] {logging_mixin.py:190} INFO - [2025-04-13T17:49:57.092+0000] {dag.py:4180} INFO - Setting next_dagrun for consume_1_or_2_with_dataset_expressions to None, run_after=None
[2025-04-13T17:49:57.096+0000] {logging_mixin.py:190} INFO - [2025-04-13T17:49:57.096+0000] {dag.py:4180} INFO - Setting next_dagrun for consume_1_or_both_2_and_3_with_dataset_expressions to None, run_after=None
[2025-04-13T17:49:57.100+0000] {logging_mixin.py:190} INFO - [2025-04-13T17:49:57.100+0000] {dag.py:4180} INFO - Setting next_dagrun for dataset_consumes_1 to None, run_after=None
[2025-04-13T17:49:57.103+0000] {logging_mixin.py:190} INFO - [2025-04-13T17:49:57.103+0000] {dag.py:4180} INFO - Setting next_dagrun for dataset_consumes_1_and_2 to None, run_after=None
[2025-04-13T17:49:57.106+0000] {logging_mixin.py:190} INFO - [2025-04-13T17:49:57.105+0000] {dag.py:4180} INFO - Setting next_dagrun for dataset_consumes_1_never_scheduled to None, run_after=None
[2025-04-13T17:49:57.108+0000] {logging_mixin.py:190} INFO - [2025-04-13T17:49:57.108+0000] {dag.py:4180} INFO - Setting next_dagrun for dataset_consumes_unknown_never_scheduled to None, run_after=None
[2025-04-13T17:49:57.112+0000] {logging_mixin.py:190} INFO - [2025-04-13T17:49:57.112+0000] {dag.py:4180} INFO - Setting next_dagrun for dataset_produces_1 to 2025-04-12 00:00:00+00:00, run_after=2025-04-13 00:00:00+00:00
[2025-04-13T17:49:57.116+0000] {logging_mixin.py:190} INFO - [2025-04-13T17:49:57.116+0000] {dag.py:4180} INFO - Setting next_dagrun for dataset_produces_2 to None, run_after=None
[2025-04-13T17:49:57.159+0000] {processor.py:208} INFO - Processing /home/airflow/.local/lib/python3.12/site-packages/airflow/example_dags/example_datasets.py took 1.064 seconds
[2025-04-13T17:50:27.487+0000] {processor.py:186} INFO - Started process (PID=2537) to work on /home/airflow/.local/lib/python3.12/site-packages/airflow/example_dags/example_datasets.py
[2025-04-13T17:50:27.489+0000] {processor.py:914} INFO - Processing file /home/airflow/.local/lib/python3.12/site-packages/airflow/example_dags/example_datasets.py for tasks to queue
[2025-04-13T17:50:27.492+0000] {logging_mixin.py:190} INFO - [2025-04-13T17:50:27.492+0000] {dagbag.py:588} INFO - Filling up the DagBag from /home/airflow/.local/lib/python3.12/site-packages/airflow/example_dags/example_datasets.py
[2025-04-13T17:50:28.230+0000] {processor.py:925} INFO - DAG(s) 'dataset_consumes_unknown_never_scheduled', 'consume_1_and_2_with_dataset_expressions', 'dataset_produces_1', 'conditional_dataset_and_time_based_timetable', 'dataset_consumes_1_never_scheduled', 'consume_1_or_2_with_dataset_expressions', 'dataset_consumes_1', 'consume_1_or_both_2_and_3_with_dataset_expressions', 'dataset_consumes_1_and_2', 'dataset_produces_2' retrieved from /home/airflow/.local/lib/python3.12/site-packages/airflow/example_dags/example_datasets.py
[2025-04-13T17:50:28.302+0000] {logging_mixin.py:190} INFO - [2025-04-13T17:50:28.301+0000] {dag.py:3239} INFO - Sync 10 DAGs
[2025-04-13T17:50:28.342+0000] {logging_mixin.py:190} INFO - [2025-04-13T17:50:28.342+0000] {dag.py:4180} INFO - Setting next_dagrun for conditional_dataset_and_time_based_timetable to 2025-04-09 01:00:00+00:00, run_after=2025-04-09 01:00:00+00:00
[2025-04-13T17:50:28.347+0000] {logging_mixin.py:190} INFO - [2025-04-13T17:50:28.346+0000] {dag.py:4180} INFO - Setting next_dagrun for consume_1_and_2_with_dataset_expressions to None, run_after=None
[2025-04-13T17:50:28.349+0000] {logging_mixin.py:190} INFO - [2025-04-13T17:50:28.349+0000] {dag.py:4180} INFO - Setting next_dagrun for consume_1_or_2_with_dataset_expressions to None, run_after=None
[2025-04-13T17:50:28.352+0000] {logging_mixin.py:190} INFO - [2025-04-13T17:50:28.352+0000] {dag.py:4180} INFO - Setting next_dagrun for consume_1_or_both_2_and_3_with_dataset_expressions to None, run_after=None
[2025-04-13T17:50:28.354+0000] {logging_mixin.py:190} INFO - [2025-04-13T17:50:28.354+0000] {dag.py:4180} INFO - Setting next_dagrun for dataset_consumes_1 to None, run_after=None
[2025-04-13T17:50:28.356+0000] {logging_mixin.py:190} INFO - [2025-04-13T17:50:28.355+0000] {dag.py:4180} INFO - Setting next_dagrun for dataset_consumes_1_and_2 to None, run_after=None
[2025-04-13T17:50:28.357+0000] {logging_mixin.py:190} INFO - [2025-04-13T17:50:28.357+0000] {dag.py:4180} INFO - Setting next_dagrun for dataset_consumes_1_never_scheduled to None, run_after=None
[2025-04-13T17:50:28.359+0000] {logging_mixin.py:190} INFO - [2025-04-13T17:50:28.359+0000] {dag.py:4180} INFO - Setting next_dagrun for dataset_consumes_unknown_never_scheduled to None, run_after=None
[2025-04-13T17:50:28.362+0000] {logging_mixin.py:190} INFO - [2025-04-13T17:50:28.362+0000] {dag.py:4180} INFO - Setting next_dagrun for dataset_produces_1 to 2025-04-12 00:00:00+00:00, run_after=2025-04-13 00:00:00+00:00
[2025-04-13T17:50:28.364+0000] {logging_mixin.py:190} INFO - [2025-04-13T17:50:28.364+0000] {dag.py:4180} INFO - Setting next_dagrun for dataset_produces_2 to None, run_after=None
[2025-04-13T17:50:28.412+0000] {processor.py:208} INFO - Processing /home/airflow/.local/lib/python3.12/site-packages/airflow/example_dags/example_datasets.py took 0.936 seconds
[2025-04-13T17:50:59.010+0000] {processor.py:186} INFO - Started process (PID=2828) to work on /home/airflow/.local/lib/python3.12/site-packages/airflow/example_dags/example_datasets.py
[2025-04-13T17:50:59.012+0000] {processor.py:914} INFO - Processing file /home/airflow/.local/lib/python3.12/site-packages/airflow/example_dags/example_datasets.py for tasks to queue
[2025-04-13T17:50:59.015+0000] {logging_mixin.py:190} INFO - [2025-04-13T17:50:59.015+0000] {dagbag.py:588} INFO - Filling up the DagBag from /home/airflow/.local/lib/python3.12/site-packages/airflow/example_dags/example_datasets.py
[2025-04-13T17:50:59.768+0000] {processor.py:925} INFO - DAG(s) 'consume_1_and_2_with_dataset_expressions', 'dataset_consumes_1_and_2', 'conditional_dataset_and_time_based_timetable', 'dataset_consumes_1', 'consume_1_or_2_with_dataset_expressions', 'consume_1_or_both_2_and_3_with_dataset_expressions', 'dataset_consumes_unknown_never_scheduled', 'dataset_consumes_1_never_scheduled', 'dataset_produces_1', 'dataset_produces_2' retrieved from /home/airflow/.local/lib/python3.12/site-packages/airflow/example_dags/example_datasets.py
[2025-04-13T17:50:59.817+0000] {logging_mixin.py:190} INFO - [2025-04-13T17:50:59.816+0000] {dag.py:3239} INFO - Sync 10 DAGs
[2025-04-13T17:50:59.845+0000] {logging_mixin.py:190} INFO - [2025-04-13T17:50:59.845+0000] {dag.py:4180} INFO - Setting next_dagrun for conditional_dataset_and_time_based_timetable to 2025-04-09 01:00:00+00:00, run_after=2025-04-09 01:00:00+00:00
[2025-04-13T17:50:59.850+0000] {logging_mixin.py:190} INFO - [2025-04-13T17:50:59.849+0000] {dag.py:4180} INFO - Setting next_dagrun for consume_1_and_2_with_dataset_expressions to None, run_after=None
[2025-04-13T17:50:59.852+0000] {logging_mixin.py:190} INFO - [2025-04-13T17:50:59.852+0000] {dag.py:4180} INFO - Setting next_dagrun for consume_1_or_2_with_dataset_expressions to None, run_after=None
[2025-04-13T17:50:59.854+0000] {logging_mixin.py:190} INFO - [2025-04-13T17:50:59.854+0000] {dag.py:4180} INFO - Setting next_dagrun for consume_1_or_both_2_and_3_with_dataset_expressions to None, run_after=None
[2025-04-13T17:50:59.857+0000] {logging_mixin.py:190} INFO - [2025-04-13T17:50:59.857+0000] {dag.py:4180} INFO - Setting next_dagrun for dataset_consumes_1 to None, run_after=None
[2025-04-13T17:50:59.860+0000] {logging_mixin.py:190} INFO - [2025-04-13T17:50:59.859+0000] {dag.py:4180} INFO - Setting next_dagrun for dataset_consumes_1_and_2 to None, run_after=None
[2025-04-13T17:50:59.862+0000] {logging_mixin.py:190} INFO - [2025-04-13T17:50:59.862+0000] {dag.py:4180} INFO - Setting next_dagrun for dataset_consumes_1_never_scheduled to None, run_after=None
[2025-04-13T17:50:59.864+0000] {logging_mixin.py:190} INFO - [2025-04-13T17:50:59.864+0000] {dag.py:4180} INFO - Setting next_dagrun for dataset_consumes_unknown_never_scheduled to None, run_after=None
[2025-04-13T17:50:59.868+0000] {logging_mixin.py:190} INFO - [2025-04-13T17:50:59.868+0000] {dag.py:4180} INFO - Setting next_dagrun for dataset_produces_1 to 2025-04-12 00:00:00+00:00, run_after=2025-04-13 00:00:00+00:00
[2025-04-13T17:50:59.871+0000] {logging_mixin.py:190} INFO - [2025-04-13T17:50:59.870+0000] {dag.py:4180} INFO - Setting next_dagrun for dataset_produces_2 to None, run_after=None
[2025-04-13T17:50:59.907+0000] {processor.py:208} INFO - Processing /home/airflow/.local/lib/python3.12/site-packages/airflow/example_dags/example_datasets.py took 0.906 seconds
[2025-04-13T17:51:30.026+0000] {processor.py:186} INFO - Started process (PID=3119) to work on /home/airflow/.local/lib/python3.12/site-packages/airflow/example_dags/example_datasets.py
[2025-04-13T17:51:30.028+0000] {processor.py:914} INFO - Processing file /home/airflow/.local/lib/python3.12/site-packages/airflow/example_dags/example_datasets.py for tasks to queue
[2025-04-13T17:51:30.032+0000] {logging_mixin.py:190} INFO - [2025-04-13T17:51:30.031+0000] {dagbag.py:588} INFO - Filling up the DagBag from /home/airflow/.local/lib/python3.12/site-packages/airflow/example_dags/example_datasets.py
[2025-04-13T17:51:30.668+0000] {processor.py:925} INFO - DAG(s) 'consume_1_and_2_with_dataset_expressions', 'conditional_dataset_and_time_based_timetable', 'dataset_consumes_unknown_never_scheduled', 'dataset_consumes_1_and_2', 'consume_1_or_2_with_dataset_expressions', 'dataset_produces_1', 'dataset_produces_2', 'consume_1_or_both_2_and_3_with_dataset_expressions', 'dataset_consumes_1', 'dataset_consumes_1_never_scheduled' retrieved from /home/airflow/.local/lib/python3.12/site-packages/airflow/example_dags/example_datasets.py
[2025-04-13T17:51:30.722+0000] {logging_mixin.py:190} INFO - [2025-04-13T17:51:30.722+0000] {dag.py:3239} INFO - Sync 10 DAGs
[2025-04-13T17:51:30.752+0000] {logging_mixin.py:190} INFO - [2025-04-13T17:51:30.751+0000] {dag.py:4180} INFO - Setting next_dagrun for conditional_dataset_and_time_based_timetable to 2025-04-09 01:00:00+00:00, run_after=2025-04-09 01:00:00+00:00
[2025-04-13T17:51:30.756+0000] {logging_mixin.py:190} INFO - [2025-04-13T17:51:30.756+0000] {dag.py:4180} INFO - Setting next_dagrun for consume_1_and_2_with_dataset_expressions to None, run_after=None
[2025-04-13T17:51:30.758+0000] {logging_mixin.py:190} INFO - [2025-04-13T17:51:30.758+0000] {dag.py:4180} INFO - Setting next_dagrun for consume_1_or_2_with_dataset_expressions to None, run_after=None
[2025-04-13T17:51:30.760+0000] {logging_mixin.py:190} INFO - [2025-04-13T17:51:30.760+0000] {dag.py:4180} INFO - Setting next_dagrun for consume_1_or_both_2_and_3_with_dataset_expressions to None, run_after=None
[2025-04-13T17:51:30.761+0000] {logging_mixin.py:190} INFO - [2025-04-13T17:51:30.761+0000] {dag.py:4180} INFO - Setting next_dagrun for dataset_consumes_1 to None, run_after=None
[2025-04-13T17:51:30.763+0000] {logging_mixin.py:190} INFO - [2025-04-13T17:51:30.763+0000] {dag.py:4180} INFO - Setting next_dagrun for dataset_consumes_1_and_2 to None, run_after=None
[2025-04-13T17:51:30.766+0000] {logging_mixin.py:190} INFO - [2025-04-13T17:51:30.766+0000] {dag.py:4180} INFO - Setting next_dagrun for dataset_consumes_1_never_scheduled to None, run_after=None
[2025-04-13T17:51:30.769+0000] {logging_mixin.py:190} INFO - [2025-04-13T17:51:30.769+0000] {dag.py:4180} INFO - Setting next_dagrun for dataset_consumes_unknown_never_scheduled to None, run_after=None
[2025-04-13T17:51:30.772+0000] {logging_mixin.py:190} INFO - [2025-04-13T17:51:30.772+0000] {dag.py:4180} INFO - Setting next_dagrun for dataset_produces_1 to 2025-04-12 00:00:00+00:00, run_after=2025-04-13 00:00:00+00:00
[2025-04-13T17:51:30.774+0000] {logging_mixin.py:190} INFO - [2025-04-13T17:51:30.774+0000] {dag.py:4180} INFO - Setting next_dagrun for dataset_produces_2 to None, run_after=None
[2025-04-13T17:51:30.816+0000] {processor.py:208} INFO - Processing /home/airflow/.local/lib/python3.12/site-packages/airflow/example_dags/example_datasets.py took 0.798 seconds
[2025-04-13T18:56:01.484+0000] {processor.py:186} INFO - Started process (PID=349) to work on /home/airflow/.local/lib/python3.12/site-packages/airflow/example_dags/example_datasets.py
[2025-04-13T18:56:01.486+0000] {processor.py:914} INFO - Processing file /home/airflow/.local/lib/python3.12/site-packages/airflow/example_dags/example_datasets.py for tasks to queue
[2025-04-13T18:56:01.491+0000] {logging_mixin.py:190} INFO - [2025-04-13T18:56:01.490+0000] {dagbag.py:588} INFO - Filling up the DagBag from /home/airflow/.local/lib/python3.12/site-packages/airflow/example_dags/example_datasets.py
[2025-04-13T18:56:02.320+0000] {processor.py:925} INFO - DAG(s) 'consume_1_or_2_with_dataset_expressions', 'consume_1_and_2_with_dataset_expressions', 'dataset_consumes_unknown_never_scheduled', 'dataset_consumes_1', 'dataset_consumes_1_never_scheduled', 'dataset_produces_1', 'dataset_consumes_1_and_2', 'dataset_produces_2', 'conditional_dataset_and_time_based_timetable', 'consume_1_or_both_2_and_3_with_dataset_expressions' retrieved from /home/airflow/.local/lib/python3.12/site-packages/airflow/example_dags/example_datasets.py
[2025-04-13T18:56:02.405+0000] {logging_mixin.py:190} INFO - [2025-04-13T18:56:02.404+0000] {dag.py:3239} INFO - Sync 10 DAGs
[2025-04-13T18:56:03.014+0000] {logging_mixin.py:190} INFO - [2025-04-13T18:56:03.014+0000] {dag.py:4180} INFO - Setting next_dagrun for conditional_dataset_and_time_based_timetable to 2025-04-09 01:00:00+00:00, run_after=2025-04-09 01:00:00+00:00
[2025-04-13T18:56:03.023+0000] {logging_mixin.py:190} INFO - [2025-04-13T18:56:03.023+0000] {dag.py:4180} INFO - Setting next_dagrun for consume_1_and_2_with_dataset_expressions to None, run_after=None
[2025-04-13T18:56:03.027+0000] {logging_mixin.py:190} INFO - [2025-04-13T18:56:03.026+0000] {dag.py:4180} INFO - Setting next_dagrun for consume_1_or_2_with_dataset_expressions to None, run_after=None
[2025-04-13T18:56:03.030+0000] {logging_mixin.py:190} INFO - [2025-04-13T18:56:03.030+0000] {dag.py:4180} INFO - Setting next_dagrun for consume_1_or_both_2_and_3_with_dataset_expressions to None, run_after=None
[2025-04-13T18:56:03.033+0000] {logging_mixin.py:190} INFO - [2025-04-13T18:56:03.033+0000] {dag.py:4180} INFO - Setting next_dagrun for dataset_consumes_1 to None, run_after=None
[2025-04-13T18:56:03.036+0000] {logging_mixin.py:190} INFO - [2025-04-13T18:56:03.035+0000] {dag.py:4180} INFO - Setting next_dagrun for dataset_consumes_1_and_2 to None, run_after=None
[2025-04-13T18:56:03.041+0000] {logging_mixin.py:190} INFO - [2025-04-13T18:56:03.040+0000] {dag.py:4180} INFO - Setting next_dagrun for dataset_consumes_1_never_scheduled to None, run_after=None
[2025-04-13T18:56:03.043+0000] {logging_mixin.py:190} INFO - [2025-04-13T18:56:03.043+0000] {dag.py:4180} INFO - Setting next_dagrun for dataset_consumes_unknown_never_scheduled to None, run_after=None
[2025-04-13T18:56:03.047+0000] {logging_mixin.py:190} INFO - [2025-04-13T18:56:03.047+0000] {dag.py:4180} INFO - Setting next_dagrun for dataset_produces_1 to 2025-04-12 00:00:00+00:00, run_after=2025-04-13 00:00:00+00:00
[2025-04-13T18:56:03.050+0000] {logging_mixin.py:190} INFO - [2025-04-13T18:56:03.049+0000] {dag.py:4180} INFO - Setting next_dagrun for dataset_produces_2 to None, run_after=None
[2025-04-13T18:56:03.131+0000] {processor.py:208} INFO - Processing /home/airflow/.local/lib/python3.12/site-packages/airflow/example_dags/example_datasets.py took 1.656 seconds
[2025-04-13T18:56:33.544+0000] {processor.py:186} INFO - Started process (PID=652) to work on /home/airflow/.local/lib/python3.12/site-packages/airflow/example_dags/example_datasets.py
[2025-04-13T18:56:33.551+0000] {processor.py:914} INFO - Processing file /home/airflow/.local/lib/python3.12/site-packages/airflow/example_dags/example_datasets.py for tasks to queue
[2025-04-13T18:56:33.555+0000] {logging_mixin.py:190} INFO - [2025-04-13T18:56:33.555+0000] {dagbag.py:588} INFO - Filling up the DagBag from /home/airflow/.local/lib/python3.12/site-packages/airflow/example_dags/example_datasets.py
[2025-04-13T18:56:34.068+0000] {processor.py:925} INFO - DAG(s) 'conditional_dataset_and_time_based_timetable', 'dataset_consumes_1', 'dataset_consumes_1_never_scheduled', 'dataset_produces_2', 'consume_1_or_both_2_and_3_with_dataset_expressions', 'consume_1_and_2_with_dataset_expressions', 'dataset_consumes_1_and_2', 'dataset_produces_1', 'consume_1_or_2_with_dataset_expressions', 'dataset_consumes_unknown_never_scheduled' retrieved from /home/airflow/.local/lib/python3.12/site-packages/airflow/example_dags/example_datasets.py
[2025-04-13T18:56:34.129+0000] {logging_mixin.py:190} INFO - [2025-04-13T18:56:34.129+0000] {dag.py:3239} INFO - Sync 10 DAGs
[2025-04-13T18:56:34.384+0000] {logging_mixin.py:190} INFO - [2025-04-13T18:56:34.383+0000] {dag.py:4180} INFO - Setting next_dagrun for conditional_dataset_and_time_based_timetable to 2025-04-09 01:00:00+00:00, run_after=2025-04-09 01:00:00+00:00
[2025-04-13T18:56:34.389+0000] {logging_mixin.py:190} INFO - [2025-04-13T18:56:34.389+0000] {dag.py:4180} INFO - Setting next_dagrun for consume_1_and_2_with_dataset_expressions to None, run_after=None
[2025-04-13T18:56:34.392+0000] {logging_mixin.py:190} INFO - [2025-04-13T18:56:34.391+0000] {dag.py:4180} INFO - Setting next_dagrun for consume_1_or_2_with_dataset_expressions to None, run_after=None
[2025-04-13T18:56:34.394+0000] {logging_mixin.py:190} INFO - [2025-04-13T18:56:34.394+0000] {dag.py:4180} INFO - Setting next_dagrun for consume_1_or_both_2_and_3_with_dataset_expressions to None, run_after=None
[2025-04-13T18:56:34.397+0000] {logging_mixin.py:190} INFO - [2025-04-13T18:56:34.396+0000] {dag.py:4180} INFO - Setting next_dagrun for dataset_consumes_1 to None, run_after=None
[2025-04-13T18:56:34.399+0000] {logging_mixin.py:190} INFO - [2025-04-13T18:56:34.399+0000] {dag.py:4180} INFO - Setting next_dagrun for dataset_consumes_1_and_2 to None, run_after=None
[2025-04-13T18:56:34.402+0000] {logging_mixin.py:190} INFO - [2025-04-13T18:56:34.401+0000] {dag.py:4180} INFO - Setting next_dagrun for dataset_consumes_1_never_scheduled to None, run_after=None
[2025-04-13T18:56:34.404+0000] {logging_mixin.py:190} INFO - [2025-04-13T18:56:34.404+0000] {dag.py:4180} INFO - Setting next_dagrun for dataset_consumes_unknown_never_scheduled to None, run_after=None
[2025-04-13T18:56:34.408+0000] {logging_mixin.py:190} INFO - [2025-04-13T18:56:34.408+0000] {dag.py:4180} INFO - Setting next_dagrun for dataset_produces_1 to 2025-04-12 00:00:00+00:00, run_after=2025-04-13 00:00:00+00:00
[2025-04-13T18:56:34.411+0000] {logging_mixin.py:190} INFO - [2025-04-13T18:56:34.411+0000] {dag.py:4180} INFO - Setting next_dagrun for dataset_produces_2 to None, run_after=None
[2025-04-13T18:56:34.455+0000] {processor.py:208} INFO - Processing /home/airflow/.local/lib/python3.12/site-packages/airflow/example_dags/example_datasets.py took 0.925 seconds
[2025-04-13T18:57:04.687+0000] {processor.py:186} INFO - Started process (PID=961) to work on /home/airflow/.local/lib/python3.12/site-packages/airflow/example_dags/example_datasets.py
[2025-04-13T18:57:04.688+0000] {processor.py:914} INFO - Processing file /home/airflow/.local/lib/python3.12/site-packages/airflow/example_dags/example_datasets.py for tasks to queue
[2025-04-13T18:57:04.691+0000] {logging_mixin.py:190} INFO - [2025-04-13T18:57:04.691+0000] {dagbag.py:588} INFO - Filling up the DagBag from /home/airflow/.local/lib/python3.12/site-packages/airflow/example_dags/example_datasets.py
[2025-04-13T18:57:05.255+0000] {processor.py:925} INFO - DAG(s) 'consume_1_or_both_2_and_3_with_dataset_expressions', 'dataset_consumes_1', 'conditional_dataset_and_time_based_timetable', 'consume_1_and_2_with_dataset_expressions', 'dataset_consumes_1_never_scheduled', 'consume_1_or_2_with_dataset_expressions', 'dataset_consumes_1_and_2', 'dataset_consumes_unknown_never_scheduled', 'dataset_produces_2', 'dataset_produces_1' retrieved from /home/airflow/.local/lib/python3.12/site-packages/airflow/example_dags/example_datasets.py
[2025-04-13T18:57:05.332+0000] {logging_mixin.py:190} INFO - [2025-04-13T18:57:05.331+0000] {dag.py:3239} INFO - Sync 10 DAGs
[2025-04-13T18:57:05.375+0000] {logging_mixin.py:190} INFO - [2025-04-13T18:57:05.375+0000] {dag.py:4180} INFO - Setting next_dagrun for conditional_dataset_and_time_based_timetable to 2025-04-09 01:00:00+00:00, run_after=2025-04-09 01:00:00+00:00
[2025-04-13T18:57:05.382+0000] {logging_mixin.py:190} INFO - [2025-04-13T18:57:05.382+0000] {dag.py:4180} INFO - Setting next_dagrun for consume_1_and_2_with_dataset_expressions to None, run_after=None
[2025-04-13T18:57:05.608+0000] {logging_mixin.py:190} INFO - [2025-04-13T18:57:05.607+0000] {dag.py:4180} INFO - Setting next_dagrun for consume_1_or_2_with_dataset_expressions to None, run_after=None
[2025-04-13T18:57:05.611+0000] {logging_mixin.py:190} INFO - [2025-04-13T18:57:05.610+0000] {dag.py:4180} INFO - Setting next_dagrun for consume_1_or_both_2_and_3_with_dataset_expressions to None, run_after=None
[2025-04-13T18:57:05.613+0000] {logging_mixin.py:190} INFO - [2025-04-13T18:57:05.613+0000] {dag.py:4180} INFO - Setting next_dagrun for dataset_consumes_1 to None, run_after=None
[2025-04-13T18:57:05.616+0000] {logging_mixin.py:190} INFO - [2025-04-13T18:57:05.615+0000] {dag.py:4180} INFO - Setting next_dagrun for dataset_consumes_1_and_2 to None, run_after=None
[2025-04-13T18:57:05.619+0000] {logging_mixin.py:190} INFO - [2025-04-13T18:57:05.618+0000] {dag.py:4180} INFO - Setting next_dagrun for dataset_consumes_1_never_scheduled to None, run_after=None
[2025-04-13T18:57:05.621+0000] {logging_mixin.py:190} INFO - [2025-04-13T18:57:05.621+0000] {dag.py:4180} INFO - Setting next_dagrun for dataset_consumes_unknown_never_scheduled to None, run_after=None
[2025-04-13T18:57:05.630+0000] {logging_mixin.py:190} INFO - [2025-04-13T18:57:05.630+0000] {dag.py:4180} INFO - Setting next_dagrun for dataset_produces_1 to 2025-04-12 00:00:00+00:00, run_after=2025-04-13 00:00:00+00:00
[2025-04-13T18:57:05.632+0000] {logging_mixin.py:190} INFO - [2025-04-13T18:57:05.632+0000] {dag.py:4180} INFO - Setting next_dagrun for dataset_produces_2 to None, run_after=None
[2025-04-13T18:57:05.694+0000] {processor.py:208} INFO - Processing /home/airflow/.local/lib/python3.12/site-packages/airflow/example_dags/example_datasets.py took 1.015 seconds
[2025-04-13T18:57:35.847+0000] {processor.py:186} INFO - Started process (PID=1277) to work on /home/airflow/.local/lib/python3.12/site-packages/airflow/example_dags/example_datasets.py
[2025-04-13T18:57:35.848+0000] {processor.py:914} INFO - Processing file /home/airflow/.local/lib/python3.12/site-packages/airflow/example_dags/example_datasets.py for tasks to queue
[2025-04-13T18:57:35.851+0000] {logging_mixin.py:190} INFO - [2025-04-13T18:57:35.851+0000] {dagbag.py:588} INFO - Filling up the DagBag from /home/airflow/.local/lib/python3.12/site-packages/airflow/example_dags/example_datasets.py
[2025-04-13T18:57:36.522+0000] {processor.py:925} INFO - DAG(s) 'consume_1_and_2_with_dataset_expressions', 'dataset_produces_2', 'dataset_produces_1', 'conditional_dataset_and_time_based_timetable', 'dataset_consumes_1_and_2', 'dataset_consumes_unknown_never_scheduled', 'dataset_consumes_1_never_scheduled', 'dataset_consumes_1', 'consume_1_or_2_with_dataset_expressions', 'consume_1_or_both_2_and_3_with_dataset_expressions' retrieved from /home/airflow/.local/lib/python3.12/site-packages/airflow/example_dags/example_datasets.py
[2025-04-13T18:57:36.576+0000] {logging_mixin.py:190} INFO - [2025-04-13T18:57:36.575+0000] {dag.py:3239} INFO - Sync 10 DAGs
[2025-04-13T18:57:36.611+0000] {logging_mixin.py:190} INFO - [2025-04-13T18:57:36.610+0000] {dag.py:4180} INFO - Setting next_dagrun for conditional_dataset_and_time_based_timetable to 2025-04-09 01:00:00+00:00, run_after=2025-04-09 01:00:00+00:00
[2025-04-13T18:57:36.617+0000] {logging_mixin.py:190} INFO - [2025-04-13T18:57:36.617+0000] {dag.py:4180} INFO - Setting next_dagrun for consume_1_and_2_with_dataset_expressions to None, run_after=None
[2025-04-13T18:57:36.620+0000] {logging_mixin.py:190} INFO - [2025-04-13T18:57:36.620+0000] {dag.py:4180} INFO - Setting next_dagrun for consume_1_or_2_with_dataset_expressions to None, run_after=None
[2025-04-13T18:57:36.622+0000] {logging_mixin.py:190} INFO - [2025-04-13T18:57:36.622+0000] {dag.py:4180} INFO - Setting next_dagrun for consume_1_or_both_2_and_3_with_dataset_expressions to None, run_after=None
[2025-04-13T18:57:36.626+0000] {logging_mixin.py:190} INFO - [2025-04-13T18:57:36.626+0000] {dag.py:4180} INFO - Setting next_dagrun for dataset_consumes_1 to None, run_after=None
[2025-04-13T18:57:36.628+0000] {logging_mixin.py:190} INFO - [2025-04-13T18:57:36.628+0000] {dag.py:4180} INFO - Setting next_dagrun for dataset_consumes_1_and_2 to None, run_after=None
[2025-04-13T18:57:36.630+0000] {logging_mixin.py:190} INFO - [2025-04-13T18:57:36.630+0000] {dag.py:4180} INFO - Setting next_dagrun for dataset_consumes_1_never_scheduled to None, run_after=None
[2025-04-13T18:57:36.632+0000] {logging_mixin.py:190} INFO - [2025-04-13T18:57:36.632+0000] {dag.py:4180} INFO - Setting next_dagrun for dataset_consumes_unknown_never_scheduled to None, run_after=None
[2025-04-13T18:57:36.636+0000] {logging_mixin.py:190} INFO - [2025-04-13T18:57:36.635+0000] {dag.py:4180} INFO - Setting next_dagrun for dataset_produces_1 to 2025-04-12 00:00:00+00:00, run_after=2025-04-13 00:00:00+00:00
[2025-04-13T18:57:36.638+0000] {logging_mixin.py:190} INFO - [2025-04-13T18:57:36.638+0000] {dag.py:4180} INFO - Setting next_dagrun for dataset_produces_2 to None, run_after=None
[2025-04-13T18:57:36.676+0000] {processor.py:208} INFO - Processing /home/airflow/.local/lib/python3.12/site-packages/airflow/example_dags/example_datasets.py took 0.837 seconds
[2025-04-13T18:58:07.474+0000] {processor.py:186} INFO - Started process (PID=1548) to work on /home/airflow/.local/lib/python3.12/site-packages/airflow/example_dags/example_datasets.py
[2025-04-13T18:58:07.476+0000] {processor.py:914} INFO - Processing file /home/airflow/.local/lib/python3.12/site-packages/airflow/example_dags/example_datasets.py for tasks to queue
[2025-04-13T18:58:07.481+0000] {logging_mixin.py:190} INFO - [2025-04-13T18:58:07.480+0000] {dagbag.py:588} INFO - Filling up the DagBag from /home/airflow/.local/lib/python3.12/site-packages/airflow/example_dags/example_datasets.py
[2025-04-13T18:58:08.393+0000] {processor.py:925} INFO - DAG(s) 'consume_1_or_2_with_dataset_expressions', 'conditional_dataset_and_time_based_timetable', 'consume_1_or_both_2_and_3_with_dataset_expressions', 'dataset_consumes_unknown_never_scheduled', 'dataset_consumes_1_and_2', 'dataset_consumes_1_never_scheduled', 'dataset_produces_1', 'consume_1_and_2_with_dataset_expressions', 'dataset_consumes_1', 'dataset_produces_2' retrieved from /home/airflow/.local/lib/python3.12/site-packages/airflow/example_dags/example_datasets.py
[2025-04-13T18:58:08.463+0000] {logging_mixin.py:190} INFO - [2025-04-13T18:58:08.463+0000] {dag.py:3239} INFO - Sync 10 DAGs
[2025-04-13T18:58:08.496+0000] {logging_mixin.py:190} INFO - [2025-04-13T18:58:08.496+0000] {dag.py:4180} INFO - Setting next_dagrun for conditional_dataset_and_time_based_timetable to 2025-04-09 01:00:00+00:00, run_after=2025-04-09 01:00:00+00:00
[2025-04-13T18:58:08.501+0000] {logging_mixin.py:190} INFO - [2025-04-13T18:58:08.501+0000] {dag.py:4180} INFO - Setting next_dagrun for consume_1_and_2_with_dataset_expressions to None, run_after=None
[2025-04-13T18:58:08.504+0000] {logging_mixin.py:190} INFO - [2025-04-13T18:58:08.503+0000] {dag.py:4180} INFO - Setting next_dagrun for consume_1_or_2_with_dataset_expressions to None, run_after=None
[2025-04-13T18:58:08.506+0000] {logging_mixin.py:190} INFO - [2025-04-13T18:58:08.505+0000] {dag.py:4180} INFO - Setting next_dagrun for consume_1_or_both_2_and_3_with_dataset_expressions to None, run_after=None
[2025-04-13T18:58:08.508+0000] {logging_mixin.py:190} INFO - [2025-04-13T18:58:08.507+0000] {dag.py:4180} INFO - Setting next_dagrun for dataset_consumes_1 to None, run_after=None
[2025-04-13T18:58:08.510+0000] {logging_mixin.py:190} INFO - [2025-04-13T18:58:08.509+0000] {dag.py:4180} INFO - Setting next_dagrun for dataset_consumes_1_and_2 to None, run_after=None
[2025-04-13T18:58:08.513+0000] {logging_mixin.py:190} INFO - [2025-04-13T18:58:08.513+0000] {dag.py:4180} INFO - Setting next_dagrun for dataset_consumes_1_never_scheduled to None, run_after=None
[2025-04-13T18:58:08.515+0000] {logging_mixin.py:190} INFO - [2025-04-13T18:58:08.515+0000] {dag.py:4180} INFO - Setting next_dagrun for dataset_consumes_unknown_never_scheduled to None, run_after=None
[2025-04-13T18:58:08.518+0000] {logging_mixin.py:190} INFO - [2025-04-13T18:58:08.518+0000] {dag.py:4180} INFO - Setting next_dagrun for dataset_produces_1 to 2025-04-12 00:00:00+00:00, run_after=2025-04-13 00:00:00+00:00
[2025-04-13T18:58:08.520+0000] {logging_mixin.py:190} INFO - [2025-04-13T18:58:08.520+0000] {dag.py:4180} INFO - Setting next_dagrun for dataset_produces_2 to None, run_after=None
[2025-04-13T18:58:08.567+0000] {processor.py:208} INFO - Processing /home/airflow/.local/lib/python3.12/site-packages/airflow/example_dags/example_datasets.py took 1.108 seconds
