[2025-04-13T17:46:51.686+0000] {processor.py:186} INFO - Started process (PID=477) to work on /home/airflow/.local/lib/python3.12/site-packages/airflow/example_dags/example_dataset_alias.py
[2025-04-13T17:46:51.687+0000] {processor.py:914} INFO - Processing file /home/airflow/.local/lib/python3.12/site-packages/airflow/example_dags/example_dataset_alias.py for tasks to queue
[2025-04-13T17:46:51.690+0000] {logging_mixin.py:190} INFO - [2025-04-13T17:46:51.690+0000] {dagbag.py:588} INFO - Filling up the DagBag from /home/airflow/.local/lib/python3.12/site-packages/airflow/example_dags/example_dataset_alias.py
[2025-04-13T17:46:52.359+0000] {processor.py:925} INFO - DAG(s) 'dataset_alias_example_alias_producer', 'dataset_s3_bucket_producer', 'dataset_s3_bucket_consumer', 'dataset_alias_example_alias_consumer' retrieved from /home/airflow/.local/lib/python3.12/site-packages/airflow/example_dags/example_dataset_alias.py
[2025-04-13T17:46:53.353+0000] {logging_mixin.py:190} INFO - [2025-04-13T17:46:53.353+0000] {dag.py:3239} INFO - Sync 4 DAGs
[2025-04-13T17:46:53.391+0000] {logging_mixin.py:190} INFO - [2025-04-13T17:46:53.391+0000] {dag.py:4180} INFO - Setting next_dagrun for dataset_alias_example_alias_consumer to None, run_after=None
[2025-04-13T17:46:53.396+0000] {logging_mixin.py:190} INFO - [2025-04-13T17:46:53.395+0000] {dag.py:4180} INFO - Setting next_dagrun for dataset_alias_example_alias_producer to None, run_after=None
[2025-04-13T17:46:53.398+0000] {logging_mixin.py:190} INFO - [2025-04-13T17:46:53.398+0000] {dag.py:4180} INFO - Setting next_dagrun for dataset_s3_bucket_consumer to None, run_after=None
[2025-04-13T17:46:53.400+0000] {logging_mixin.py:190} INFO - [2025-04-13T17:46:53.400+0000] {dag.py:4180} INFO - Setting next_dagrun for dataset_s3_bucket_producer to None, run_after=None
[2025-04-13T17:46:53.437+0000] {processor.py:208} INFO - Processing /home/airflow/.local/lib/python3.12/site-packages/airflow/example_dags/example_dataset_alias.py took 1.759 seconds
[2025-04-13T17:47:23.569+0000] {processor.py:186} INFO - Started process (PID=795) to work on /home/airflow/.local/lib/python3.12/site-packages/airflow/example_dags/example_dataset_alias.py
[2025-04-13T17:47:23.570+0000] {processor.py:914} INFO - Processing file /home/airflow/.local/lib/python3.12/site-packages/airflow/example_dags/example_dataset_alias.py for tasks to queue
[2025-04-13T17:47:23.573+0000] {logging_mixin.py:190} INFO - [2025-04-13T17:47:23.573+0000] {dagbag.py:588} INFO - Filling up the DagBag from /home/airflow/.local/lib/python3.12/site-packages/airflow/example_dags/example_dataset_alias.py
[2025-04-13T17:47:24.053+0000] {processor.py:925} INFO - DAG(s) 'dataset_s3_bucket_consumer', 'dataset_s3_bucket_producer', 'dataset_alias_example_alias_consumer', 'dataset_alias_example_alias_producer' retrieved from /home/airflow/.local/lib/python3.12/site-packages/airflow/example_dags/example_dataset_alias.py
[2025-04-13T17:47:24.127+0000] {logging_mixin.py:190} INFO - [2025-04-13T17:47:24.127+0000] {dag.py:3239} INFO - Sync 4 DAGs
[2025-04-13T17:47:24.493+0000] {logging_mixin.py:190} INFO - [2025-04-13T17:47:24.493+0000] {dag.py:4180} INFO - Setting next_dagrun for dataset_alias_example_alias_consumer to None, run_after=None
[2025-04-13T17:47:24.498+0000] {logging_mixin.py:190} INFO - [2025-04-13T17:47:24.497+0000] {dag.py:4180} INFO - Setting next_dagrun for dataset_alias_example_alias_producer to None, run_after=None
[2025-04-13T17:47:24.501+0000] {logging_mixin.py:190} INFO - [2025-04-13T17:47:24.500+0000] {dag.py:4180} INFO - Setting next_dagrun for dataset_s3_bucket_consumer to None, run_after=None
[2025-04-13T17:47:24.505+0000] {logging_mixin.py:190} INFO - [2025-04-13T17:47:24.504+0000] {dag.py:4180} INFO - Setting next_dagrun for dataset_s3_bucket_producer to None, run_after=None
[2025-04-13T17:47:24.545+0000] {processor.py:208} INFO - Processing /home/airflow/.local/lib/python3.12/site-packages/airflow/example_dags/example_dataset_alias.py took 0.984 seconds
[2025-04-13T17:47:54.984+0000] {processor.py:186} INFO - Started process (PID=1092) to work on /home/airflow/.local/lib/python3.12/site-packages/airflow/example_dags/example_dataset_alias.py
[2025-04-13T17:47:54.986+0000] {processor.py:914} INFO - Processing file /home/airflow/.local/lib/python3.12/site-packages/airflow/example_dags/example_dataset_alias.py for tasks to queue
[2025-04-13T17:47:54.991+0000] {logging_mixin.py:190} INFO - [2025-04-13T17:47:54.990+0000] {dagbag.py:588} INFO - Filling up the DagBag from /home/airflow/.local/lib/python3.12/site-packages/airflow/example_dags/example_dataset_alias.py
[2025-04-13T17:47:55.978+0000] {processor.py:925} INFO - DAG(s) 'dataset_alias_example_alias_consumer', 'dataset_s3_bucket_consumer', 'dataset_alias_example_alias_producer', 'dataset_s3_bucket_producer' retrieved from /home/airflow/.local/lib/python3.12/site-packages/airflow/example_dags/example_dataset_alias.py
[2025-04-13T17:47:56.023+0000] {logging_mixin.py:190} INFO - [2025-04-13T17:47:56.022+0000] {dag.py:3239} INFO - Sync 4 DAGs
[2025-04-13T17:47:56.266+0000] {logging_mixin.py:190} INFO - [2025-04-13T17:47:56.265+0000] {dag.py:4180} INFO - Setting next_dagrun for dataset_alias_example_alias_consumer to None, run_after=None
[2025-04-13T17:47:56.271+0000] {logging_mixin.py:190} INFO - [2025-04-13T17:47:56.270+0000] {dag.py:4180} INFO - Setting next_dagrun for dataset_alias_example_alias_producer to None, run_after=None
[2025-04-13T17:47:56.274+0000] {logging_mixin.py:190} INFO - [2025-04-13T17:47:56.274+0000] {dag.py:4180} INFO - Setting next_dagrun for dataset_s3_bucket_consumer to None, run_after=None
[2025-04-13T17:47:56.277+0000] {logging_mixin.py:190} INFO - [2025-04-13T17:47:56.276+0000] {dag.py:4180} INFO - Setting next_dagrun for dataset_s3_bucket_producer to None, run_after=None
[2025-04-13T17:47:56.308+0000] {processor.py:208} INFO - Processing /home/airflow/.local/lib/python3.12/site-packages/airflow/example_dags/example_dataset_alias.py took 1.343 seconds
[2025-04-13T17:48:26.436+0000] {processor.py:186} INFO - Started process (PID=1383) to work on /home/airflow/.local/lib/python3.12/site-packages/airflow/example_dags/example_dataset_alias.py
[2025-04-13T17:48:26.437+0000] {processor.py:914} INFO - Processing file /home/airflow/.local/lib/python3.12/site-packages/airflow/example_dags/example_dataset_alias.py for tasks to queue
[2025-04-13T17:48:26.441+0000] {logging_mixin.py:190} INFO - [2025-04-13T17:48:26.441+0000] {dagbag.py:588} INFO - Filling up the DagBag from /home/airflow/.local/lib/python3.12/site-packages/airflow/example_dags/example_dataset_alias.py
[2025-04-13T17:48:26.917+0000] {processor.py:925} INFO - DAG(s) 'dataset_s3_bucket_consumer', 'dataset_s3_bucket_producer', 'dataset_alias_example_alias_consumer', 'dataset_alias_example_alias_producer' retrieved from /home/airflow/.local/lib/python3.12/site-packages/airflow/example_dags/example_dataset_alias.py
[2025-04-13T17:48:26.941+0000] {logging_mixin.py:190} INFO - [2025-04-13T17:48:26.941+0000] {dag.py:3239} INFO - Sync 4 DAGs
[2025-04-13T17:48:27.147+0000] {logging_mixin.py:190} INFO - [2025-04-13T17:48:27.147+0000] {dag.py:4180} INFO - Setting next_dagrun for dataset_alias_example_alias_consumer to None, run_after=None
[2025-04-13T17:48:27.151+0000] {logging_mixin.py:190} INFO - [2025-04-13T17:48:27.150+0000] {dag.py:4180} INFO - Setting next_dagrun for dataset_alias_example_alias_producer to None, run_after=None
[2025-04-13T17:48:27.152+0000] {logging_mixin.py:190} INFO - [2025-04-13T17:48:27.152+0000] {dag.py:4180} INFO - Setting next_dagrun for dataset_s3_bucket_consumer to None, run_after=None
[2025-04-13T17:48:27.154+0000] {logging_mixin.py:190} INFO - [2025-04-13T17:48:27.154+0000] {dag.py:4180} INFO - Setting next_dagrun for dataset_s3_bucket_producer to None, run_after=None
[2025-04-13T17:48:27.178+0000] {processor.py:208} INFO - Processing /home/airflow/.local/lib/python3.12/site-packages/airflow/example_dags/example_dataset_alias.py took 0.750 seconds
[2025-04-13T17:48:57.285+0000] {processor.py:186} INFO - Started process (PID=1674) to work on /home/airflow/.local/lib/python3.12/site-packages/airflow/example_dags/example_dataset_alias.py
[2025-04-13T17:48:57.286+0000] {processor.py:914} INFO - Processing file /home/airflow/.local/lib/python3.12/site-packages/airflow/example_dags/example_dataset_alias.py for tasks to queue
[2025-04-13T17:48:57.289+0000] {logging_mixin.py:190} INFO - [2025-04-13T17:48:57.289+0000] {dagbag.py:588} INFO - Filling up the DagBag from /home/airflow/.local/lib/python3.12/site-packages/airflow/example_dags/example_dataset_alias.py
[2025-04-13T17:48:58.061+0000] {processor.py:925} INFO - DAG(s) 'dataset_alias_example_alias_consumer', 'dataset_s3_bucket_producer', 'dataset_alias_example_alias_producer', 'dataset_s3_bucket_consumer' retrieved from /home/airflow/.local/lib/python3.12/site-packages/airflow/example_dags/example_dataset_alias.py
[2025-04-13T17:48:58.098+0000] {logging_mixin.py:190} INFO - [2025-04-13T17:48:58.097+0000] {dag.py:3239} INFO - Sync 4 DAGs
[2025-04-13T17:48:58.142+0000] {logging_mixin.py:190} INFO - [2025-04-13T17:48:58.141+0000] {dag.py:4180} INFO - Setting next_dagrun for dataset_alias_example_alias_consumer to None, run_after=None
[2025-04-13T17:48:58.145+0000] {logging_mixin.py:190} INFO - [2025-04-13T17:48:58.145+0000] {dag.py:4180} INFO - Setting next_dagrun for dataset_alias_example_alias_producer to None, run_after=None
[2025-04-13T17:48:58.148+0000] {logging_mixin.py:190} INFO - [2025-04-13T17:48:58.148+0000] {dag.py:4180} INFO - Setting next_dagrun for dataset_s3_bucket_consumer to None, run_after=None
[2025-04-13T17:48:58.151+0000] {logging_mixin.py:190} INFO - [2025-04-13T17:48:58.150+0000] {dag.py:4180} INFO - Setting next_dagrun for dataset_s3_bucket_producer to None, run_after=None
[2025-04-13T17:48:58.181+0000] {processor.py:208} INFO - Processing /home/airflow/.local/lib/python3.12/site-packages/airflow/example_dags/example_dataset_alias.py took 0.904 seconds
[2025-04-13T17:49:28.743+0000] {processor.py:186} INFO - Started process (PID=1965) to work on /home/airflow/.local/lib/python3.12/site-packages/airflow/example_dags/example_dataset_alias.py
[2025-04-13T17:49:28.745+0000] {processor.py:914} INFO - Processing file /home/airflow/.local/lib/python3.12/site-packages/airflow/example_dags/example_dataset_alias.py for tasks to queue
[2025-04-13T17:49:28.748+0000] {logging_mixin.py:190} INFO - [2025-04-13T17:49:28.747+0000] {dagbag.py:588} INFO - Filling up the DagBag from /home/airflow/.local/lib/python3.12/site-packages/airflow/example_dags/example_dataset_alias.py
[2025-04-13T17:49:29.644+0000] {processor.py:925} INFO - DAG(s) 'dataset_alias_example_alias_consumer', 'dataset_s3_bucket_producer', 'dataset_alias_example_alias_producer', 'dataset_s3_bucket_consumer' retrieved from /home/airflow/.local/lib/python3.12/site-packages/airflow/example_dags/example_dataset_alias.py
[2025-04-13T17:49:29.684+0000] {logging_mixin.py:190} INFO - [2025-04-13T17:49:29.683+0000] {dag.py:3239} INFO - Sync 4 DAGs
[2025-04-13T17:49:29.714+0000] {logging_mixin.py:190} INFO - [2025-04-13T17:49:29.714+0000] {dag.py:4180} INFO - Setting next_dagrun for dataset_alias_example_alias_consumer to None, run_after=None
[2025-04-13T17:49:29.718+0000] {logging_mixin.py:190} INFO - [2025-04-13T17:49:29.717+0000] {dag.py:4180} INFO - Setting next_dagrun for dataset_alias_example_alias_producer to None, run_after=None
[2025-04-13T17:49:29.720+0000] {logging_mixin.py:190} INFO - [2025-04-13T17:49:29.720+0000] {dag.py:4180} INFO - Setting next_dagrun for dataset_s3_bucket_consumer to None, run_after=None
[2025-04-13T17:49:29.723+0000] {logging_mixin.py:190} INFO - [2025-04-13T17:49:29.722+0000] {dag.py:4180} INFO - Setting next_dagrun for dataset_s3_bucket_producer to None, run_after=None
[2025-04-13T17:49:29.746+0000] {processor.py:208} INFO - Processing /home/airflow/.local/lib/python3.12/site-packages/airflow/example_dags/example_dataset_alias.py took 1.011 seconds
[2025-04-13T17:50:00.166+0000] {processor.py:186} INFO - Started process (PID=2256) to work on /home/airflow/.local/lib/python3.12/site-packages/airflow/example_dags/example_dataset_alias.py
[2025-04-13T17:50:00.167+0000] {processor.py:914} INFO - Processing file /home/airflow/.local/lib/python3.12/site-packages/airflow/example_dags/example_dataset_alias.py for tasks to queue
[2025-04-13T17:50:00.170+0000] {logging_mixin.py:190} INFO - [2025-04-13T17:50:00.170+0000] {dagbag.py:588} INFO - Filling up the DagBag from /home/airflow/.local/lib/python3.12/site-packages/airflow/example_dags/example_dataset_alias.py
[2025-04-13T17:50:01.146+0000] {processor.py:925} INFO - DAG(s) 'dataset_alias_example_alias_producer', 'dataset_s3_bucket_consumer', 'dataset_s3_bucket_producer', 'dataset_alias_example_alias_consumer' retrieved from /home/airflow/.local/lib/python3.12/site-packages/airflow/example_dags/example_dataset_alias.py
[2025-04-13T17:50:01.175+0000] {logging_mixin.py:190} INFO - [2025-04-13T17:50:01.175+0000] {dag.py:3239} INFO - Sync 4 DAGs
[2025-04-13T17:50:01.210+0000] {logging_mixin.py:190} INFO - [2025-04-13T17:50:01.209+0000] {dag.py:4180} INFO - Setting next_dagrun for dataset_alias_example_alias_consumer to None, run_after=None
[2025-04-13T17:50:01.216+0000] {logging_mixin.py:190} INFO - [2025-04-13T17:50:01.216+0000] {dag.py:4180} INFO - Setting next_dagrun for dataset_alias_example_alias_producer to None, run_after=None
[2025-04-13T17:50:01.219+0000] {logging_mixin.py:190} INFO - [2025-04-13T17:50:01.218+0000] {dag.py:4180} INFO - Setting next_dagrun for dataset_s3_bucket_consumer to None, run_after=None
[2025-04-13T17:50:01.221+0000] {logging_mixin.py:190} INFO - [2025-04-13T17:50:01.220+0000] {dag.py:4180} INFO - Setting next_dagrun for dataset_s3_bucket_producer to None, run_after=None
[2025-04-13T17:50:01.250+0000] {processor.py:208} INFO - Processing /home/airflow/.local/lib/python3.12/site-packages/airflow/example_dags/example_dataset_alias.py took 1.094 seconds
[2025-04-13T17:50:31.541+0000] {processor.py:186} INFO - Started process (PID=2547) to work on /home/airflow/.local/lib/python3.12/site-packages/airflow/example_dags/example_dataset_alias.py
[2025-04-13T17:50:31.543+0000] {processor.py:914} INFO - Processing file /home/airflow/.local/lib/python3.12/site-packages/airflow/example_dags/example_dataset_alias.py for tasks to queue
[2025-04-13T17:50:31.548+0000] {logging_mixin.py:190} INFO - [2025-04-13T17:50:31.548+0000] {dagbag.py:588} INFO - Filling up the DagBag from /home/airflow/.local/lib/python3.12/site-packages/airflow/example_dags/example_dataset_alias.py
[2025-04-13T17:50:32.608+0000] {processor.py:925} INFO - DAG(s) 'dataset_s3_bucket_consumer', 'dataset_s3_bucket_producer', 'dataset_alias_example_alias_producer', 'dataset_alias_example_alias_consumer' retrieved from /home/airflow/.local/lib/python3.12/site-packages/airflow/example_dags/example_dataset_alias.py
[2025-04-13T17:50:32.641+0000] {logging_mixin.py:190} INFO - [2025-04-13T17:50:32.640+0000] {dag.py:3239} INFO - Sync 4 DAGs
[2025-04-13T17:50:32.676+0000] {logging_mixin.py:190} INFO - [2025-04-13T17:50:32.676+0000] {dag.py:4180} INFO - Setting next_dagrun for dataset_alias_example_alias_consumer to None, run_after=None
[2025-04-13T17:50:32.681+0000] {logging_mixin.py:190} INFO - [2025-04-13T17:50:32.681+0000] {dag.py:4180} INFO - Setting next_dagrun for dataset_alias_example_alias_producer to None, run_after=None
[2025-04-13T17:50:32.685+0000] {logging_mixin.py:190} INFO - [2025-04-13T17:50:32.684+0000] {dag.py:4180} INFO - Setting next_dagrun for dataset_s3_bucket_consumer to None, run_after=None
[2025-04-13T17:50:32.687+0000] {logging_mixin.py:190} INFO - [2025-04-13T17:50:32.687+0000] {dag.py:4180} INFO - Setting next_dagrun for dataset_s3_bucket_producer to None, run_after=None
[2025-04-13T17:50:32.722+0000] {processor.py:208} INFO - Processing /home/airflow/.local/lib/python3.12/site-packages/airflow/example_dags/example_dataset_alias.py took 1.195 seconds
[2025-04-13T17:51:02.996+0000] {processor.py:186} INFO - Started process (PID=2838) to work on /home/airflow/.local/lib/python3.12/site-packages/airflow/example_dags/example_dataset_alias.py
[2025-04-13T17:51:02.998+0000] {processor.py:914} INFO - Processing file /home/airflow/.local/lib/python3.12/site-packages/airflow/example_dags/example_dataset_alias.py for tasks to queue
[2025-04-13T17:51:03.000+0000] {logging_mixin.py:190} INFO - [2025-04-13T17:51:03.000+0000] {dagbag.py:588} INFO - Filling up the DagBag from /home/airflow/.local/lib/python3.12/site-packages/airflow/example_dags/example_dataset_alias.py
[2025-04-13T17:51:03.730+0000] {processor.py:925} INFO - DAG(s) 'dataset_alias_example_alias_consumer', 'dataset_s3_bucket_producer', 'dataset_alias_example_alias_producer', 'dataset_s3_bucket_consumer' retrieved from /home/airflow/.local/lib/python3.12/site-packages/airflow/example_dags/example_dataset_alias.py
[2025-04-13T17:51:03.758+0000] {logging_mixin.py:190} INFO - [2025-04-13T17:51:03.757+0000] {dag.py:3239} INFO - Sync 4 DAGs
[2025-04-13T17:51:03.782+0000] {logging_mixin.py:190} INFO - [2025-04-13T17:51:03.782+0000] {dag.py:4180} INFO - Setting next_dagrun for dataset_alias_example_alias_consumer to None, run_after=None
[2025-04-13T17:51:03.785+0000] {logging_mixin.py:190} INFO - [2025-04-13T17:51:03.785+0000] {dag.py:4180} INFO - Setting next_dagrun for dataset_alias_example_alias_producer to None, run_after=None
[2025-04-13T17:51:03.788+0000] {logging_mixin.py:190} INFO - [2025-04-13T17:51:03.787+0000] {dag.py:4180} INFO - Setting next_dagrun for dataset_s3_bucket_consumer to None, run_after=None
[2025-04-13T17:51:03.790+0000] {logging_mixin.py:190} INFO - [2025-04-13T17:51:03.790+0000] {dag.py:4180} INFO - Setting next_dagrun for dataset_s3_bucket_producer to None, run_after=None
[2025-04-13T17:51:03.813+0000] {processor.py:208} INFO - Processing /home/airflow/.local/lib/python3.12/site-packages/airflow/example_dags/example_dataset_alias.py took 0.825 seconds
[2025-04-13T17:51:33.907+0000] {processor.py:186} INFO - Started process (PID=3129) to work on /home/airflow/.local/lib/python3.12/site-packages/airflow/example_dags/example_dataset_alias.py
[2025-04-13T17:51:33.909+0000] {processor.py:914} INFO - Processing file /home/airflow/.local/lib/python3.12/site-packages/airflow/example_dags/example_dataset_alias.py for tasks to queue
[2025-04-13T17:51:33.911+0000] {logging_mixin.py:190} INFO - [2025-04-13T17:51:33.911+0000] {dagbag.py:588} INFO - Filling up the DagBag from /home/airflow/.local/lib/python3.12/site-packages/airflow/example_dags/example_dataset_alias.py
[2025-04-13T17:51:34.566+0000] {processor.py:925} INFO - DAG(s) 'dataset_alias_example_alias_producer', 'dataset_s3_bucket_producer', 'dataset_alias_example_alias_consumer', 'dataset_s3_bucket_consumer' retrieved from /home/airflow/.local/lib/python3.12/site-packages/airflow/example_dags/example_dataset_alias.py
[2025-04-13T17:51:34.602+0000] {logging_mixin.py:190} INFO - [2025-04-13T17:51:34.601+0000] {dag.py:3239} INFO - Sync 4 DAGs
[2025-04-13T17:51:34.626+0000] {logging_mixin.py:190} INFO - [2025-04-13T17:51:34.626+0000] {dag.py:4180} INFO - Setting next_dagrun for dataset_alias_example_alias_consumer to None, run_after=None
[2025-04-13T17:51:34.634+0000] {logging_mixin.py:190} INFO - [2025-04-13T17:51:34.633+0000] {dag.py:4180} INFO - Setting next_dagrun for dataset_alias_example_alias_producer to None, run_after=None
[2025-04-13T17:51:34.636+0000] {logging_mixin.py:190} INFO - [2025-04-13T17:51:34.636+0000] {dag.py:4180} INFO - Setting next_dagrun for dataset_s3_bucket_consumer to None, run_after=None
[2025-04-13T17:51:34.638+0000] {logging_mixin.py:190} INFO - [2025-04-13T17:51:34.638+0000] {dag.py:4180} INFO - Setting next_dagrun for dataset_s3_bucket_producer to None, run_after=None
[2025-04-13T17:51:34.670+0000] {processor.py:208} INFO - Processing /home/airflow/.local/lib/python3.12/site-packages/airflow/example_dags/example_dataset_alias.py took 0.770 seconds
[2025-04-13T18:56:07.741+0000] {processor.py:186} INFO - Started process (PID=485) to work on /home/airflow/.local/lib/python3.12/site-packages/airflow/example_dags/example_dataset_alias.py
[2025-04-13T18:56:07.750+0000] {processor.py:914} INFO - Processing file /home/airflow/.local/lib/python3.12/site-packages/airflow/example_dags/example_dataset_alias.py for tasks to queue
[2025-04-13T18:56:07.755+0000] {logging_mixin.py:190} INFO - [2025-04-13T18:56:07.754+0000] {dagbag.py:588} INFO - Filling up the DagBag from /home/airflow/.local/lib/python3.12/site-packages/airflow/example_dags/example_dataset_alias.py
[2025-04-13T18:56:08.824+0000] {processor.py:925} INFO - DAG(s) 'dataset_s3_bucket_producer', 'dataset_s3_bucket_consumer', 'dataset_alias_example_alias_consumer', 'dataset_alias_example_alias_producer' retrieved from /home/airflow/.local/lib/python3.12/site-packages/airflow/example_dags/example_dataset_alias.py
[2025-04-13T18:56:09.853+0000] {logging_mixin.py:190} INFO - [2025-04-13T18:56:09.853+0000] {dag.py:3239} INFO - Sync 4 DAGs
[2025-04-13T18:56:09.907+0000] {logging_mixin.py:190} INFO - [2025-04-13T18:56:09.907+0000] {dag.py:4180} INFO - Setting next_dagrun for dataset_alias_example_alias_consumer to None, run_after=None
[2025-04-13T18:56:09.913+0000] {logging_mixin.py:190} INFO - [2025-04-13T18:56:09.912+0000] {dag.py:4180} INFO - Setting next_dagrun for dataset_alias_example_alias_producer to None, run_after=None
[2025-04-13T18:56:09.916+0000] {logging_mixin.py:190} INFO - [2025-04-13T18:56:09.916+0000] {dag.py:4180} INFO - Setting next_dagrun for dataset_s3_bucket_consumer to None, run_after=None
[2025-04-13T18:56:09.919+0000] {logging_mixin.py:190} INFO - [2025-04-13T18:56:09.919+0000] {dag.py:4180} INFO - Setting next_dagrun for dataset_s3_bucket_producer to None, run_after=None
[2025-04-13T18:56:09.962+0000] {processor.py:208} INFO - Processing /home/airflow/.local/lib/python3.12/site-packages/airflow/example_dags/example_dataset_alias.py took 2.233 seconds
[2025-04-13T18:56:40.343+0000] {processor.py:186} INFO - Started process (PID=808) to work on /home/airflow/.local/lib/python3.12/site-packages/airflow/example_dags/example_dataset_alias.py
[2025-04-13T18:56:40.346+0000] {processor.py:914} INFO - Processing file /home/airflow/.local/lib/python3.12/site-packages/airflow/example_dags/example_dataset_alias.py for tasks to queue
[2025-04-13T18:56:40.349+0000] {logging_mixin.py:190} INFO - [2025-04-13T18:56:40.348+0000] {dagbag.py:588} INFO - Filling up the DagBag from /home/airflow/.local/lib/python3.12/site-packages/airflow/example_dags/example_dataset_alias.py
[2025-04-13T18:56:40.784+0000] {processor.py:925} INFO - DAG(s) 'dataset_alias_example_alias_producer', 'dataset_s3_bucket_producer', 'dataset_s3_bucket_consumer', 'dataset_alias_example_alias_consumer' retrieved from /home/airflow/.local/lib/python3.12/site-packages/airflow/example_dags/example_dataset_alias.py
[2025-04-13T18:56:40.972+0000] {logging_mixin.py:190} INFO - [2025-04-13T18:56:40.971+0000] {dag.py:3239} INFO - Sync 4 DAGs
[2025-04-13T18:56:40.994+0000] {logging_mixin.py:190} INFO - [2025-04-13T18:56:40.994+0000] {dag.py:4180} INFO - Setting next_dagrun for dataset_alias_example_alias_consumer to None, run_after=None
[2025-04-13T18:56:40.997+0000] {logging_mixin.py:190} INFO - [2025-04-13T18:56:40.997+0000] {dag.py:4180} INFO - Setting next_dagrun for dataset_alias_example_alias_producer to None, run_after=None
[2025-04-13T18:56:40.999+0000] {logging_mixin.py:190} INFO - [2025-04-13T18:56:40.998+0000] {dag.py:4180} INFO - Setting next_dagrun for dataset_s3_bucket_consumer to None, run_after=None
[2025-04-13T18:56:41.000+0000] {logging_mixin.py:190} INFO - [2025-04-13T18:56:41.000+0000] {dag.py:4180} INFO - Setting next_dagrun for dataset_s3_bucket_producer to None, run_after=None
[2025-04-13T18:56:41.021+0000] {processor.py:208} INFO - Processing /home/airflow/.local/lib/python3.12/site-packages/airflow/example_dags/example_dataset_alias.py took 0.685 seconds
[2025-04-13T18:57:11.913+0000] {processor.py:186} INFO - Started process (PID=1104) to work on /home/airflow/.local/lib/python3.12/site-packages/airflow/example_dags/example_dataset_alias.py
[2025-04-13T18:57:11.915+0000] {processor.py:914} INFO - Processing file /home/airflow/.local/lib/python3.12/site-packages/airflow/example_dags/example_dataset_alias.py for tasks to queue
[2025-04-13T18:57:11.921+0000] {logging_mixin.py:190} INFO - [2025-04-13T18:57:11.920+0000] {dagbag.py:588} INFO - Filling up the DagBag from /home/airflow/.local/lib/python3.12/site-packages/airflow/example_dags/example_dataset_alias.py
[2025-04-13T18:57:12.486+0000] {processor.py:925} INFO - DAG(s) 'dataset_s3_bucket_consumer', 'dataset_alias_example_alias_producer', 'dataset_s3_bucket_producer', 'dataset_alias_example_alias_consumer' retrieved from /home/airflow/.local/lib/python3.12/site-packages/airflow/example_dags/example_dataset_alias.py
[2025-04-13T18:57:12.515+0000] {logging_mixin.py:190} INFO - [2025-04-13T18:57:12.514+0000] {dag.py:3239} INFO - Sync 4 DAGs
[2025-04-13T18:57:12.748+0000] {logging_mixin.py:190} INFO - [2025-04-13T18:57:12.748+0000] {dag.py:4180} INFO - Setting next_dagrun for dataset_alias_example_alias_consumer to None, run_after=None
[2025-04-13T18:57:12.752+0000] {logging_mixin.py:190} INFO - [2025-04-13T18:57:12.751+0000] {dag.py:4180} INFO - Setting next_dagrun for dataset_alias_example_alias_producer to None, run_after=None
[2025-04-13T18:57:12.754+0000] {logging_mixin.py:190} INFO - [2025-04-13T18:57:12.753+0000] {dag.py:4180} INFO - Setting next_dagrun for dataset_s3_bucket_consumer to None, run_after=None
[2025-04-13T18:57:12.756+0000] {logging_mixin.py:190} INFO - [2025-04-13T18:57:12.756+0000] {dag.py:4180} INFO - Setting next_dagrun for dataset_s3_bucket_producer to None, run_after=None
[2025-04-13T18:57:12.795+0000] {processor.py:208} INFO - Processing /home/airflow/.local/lib/python3.12/site-packages/airflow/example_dags/example_dataset_alias.py took 0.889 seconds
[2025-04-13T18:57:43.211+0000] {processor.py:186} INFO - Started process (PID=1400) to work on /home/airflow/.local/lib/python3.12/site-packages/airflow/example_dags/example_dataset_alias.py
[2025-04-13T18:57:43.213+0000] {processor.py:914} INFO - Processing file /home/airflow/.local/lib/python3.12/site-packages/airflow/example_dags/example_dataset_alias.py for tasks to queue
[2025-04-13T18:57:43.216+0000] {logging_mixin.py:190} INFO - [2025-04-13T18:57:43.215+0000] {dagbag.py:588} INFO - Filling up the DagBag from /home/airflow/.local/lib/python3.12/site-packages/airflow/example_dags/example_dataset_alias.py
[2025-04-13T18:57:43.688+0000] {processor.py:925} INFO - DAG(s) 'dataset_s3_bucket_producer', 'dataset_s3_bucket_consumer', 'dataset_alias_example_alias_consumer', 'dataset_alias_example_alias_producer' retrieved from /home/airflow/.local/lib/python3.12/site-packages/airflow/example_dags/example_dataset_alias.py
[2025-04-13T18:57:43.716+0000] {logging_mixin.py:190} INFO - [2025-04-13T18:57:43.715+0000] {dag.py:3239} INFO - Sync 4 DAGs
[2025-04-13T18:57:43.933+0000] {logging_mixin.py:190} INFO - [2025-04-13T18:57:43.932+0000] {dag.py:4180} INFO - Setting next_dagrun for dataset_alias_example_alias_consumer to None, run_after=None
[2025-04-13T18:57:43.937+0000] {logging_mixin.py:190} INFO - [2025-04-13T18:57:43.937+0000] {dag.py:4180} INFO - Setting next_dagrun for dataset_alias_example_alias_producer to None, run_after=None
[2025-04-13T18:57:43.941+0000] {logging_mixin.py:190} INFO - [2025-04-13T18:57:43.941+0000] {dag.py:4180} INFO - Setting next_dagrun for dataset_s3_bucket_consumer to None, run_after=None
[2025-04-13T18:57:43.944+0000] {logging_mixin.py:190} INFO - [2025-04-13T18:57:43.943+0000] {dag.py:4180} INFO - Setting next_dagrun for dataset_s3_bucket_producer to None, run_after=None
[2025-04-13T18:57:43.973+0000] {processor.py:208} INFO - Processing /home/airflow/.local/lib/python3.12/site-packages/airflow/example_dags/example_dataset_alias.py took 0.769 seconds
