[2025-04-13T17:46:45.265+0000] {processor.py:186} INFO - Started process (PID=342) to work on /home/airflow/.local/lib/python3.12/site-packages/airflow/example_dags/tutorial_dag.py
[2025-04-13T17:46:45.266+0000] {processor.py:914} INFO - Processing file /home/airflow/.local/lib/python3.12/site-packages/airflow/example_dags/tutorial_dag.py for tasks to queue
[2025-04-13T17:46:45.269+0000] {logging_mixin.py:190} INFO - [2025-04-13T17:46:45.269+0000] {dagbag.py:588} INFO - Filling up the DagBag from /home/airflow/.local/lib/python3.12/site-packages/airflow/example_dags/tutorial_dag.py
[2025-04-13T17:46:45.284+0000] {processor.py:925} INFO - DAG(s) 'tutorial_dag' retrieved from /home/airflow/.local/lib/python3.12/site-packages/airflow/example_dags/tutorial_dag.py
[2025-04-13T17:46:45.489+0000] {logging_mixin.py:190} INFO - [2025-04-13T17:46:45.488+0000] {dag.py:3239} INFO - Sync 1 DAGs
[2025-04-13T17:46:45.516+0000] {logging_mixin.py:190} INFO - [2025-04-13T17:46:45.515+0000] {dag.py:4180} INFO - Setting next_dagrun for tutorial_dag to None, run_after=None
[2025-04-13T17:46:45.556+0000] {processor.py:208} INFO - Processing /home/airflow/.local/lib/python3.12/site-packages/airflow/example_dags/tutorial_dag.py took 0.301 seconds
[2025-04-13T17:47:15.731+0000] {processor.py:186} INFO - Started process (PID=628) to work on /home/airflow/.local/lib/python3.12/site-packages/airflow/example_dags/tutorial_dag.py
[2025-04-13T17:47:15.733+0000] {processor.py:914} INFO - Processing file /home/airflow/.local/lib/python3.12/site-packages/airflow/example_dags/tutorial_dag.py for tasks to queue
[2025-04-13T17:47:15.736+0000] {logging_mixin.py:190} INFO - [2025-04-13T17:47:15.736+0000] {dagbag.py:588} INFO - Filling up the DagBag from /home/airflow/.local/lib/python3.12/site-packages/airflow/example_dags/tutorial_dag.py
[2025-04-13T17:47:15.746+0000] {processor.py:925} INFO - DAG(s) 'tutorial_dag' retrieved from /home/airflow/.local/lib/python3.12/site-packages/airflow/example_dags/tutorial_dag.py
[2025-04-13T17:47:15.772+0000] {logging_mixin.py:190} INFO - [2025-04-13T17:47:15.772+0000] {dag.py:3239} INFO - Sync 1 DAGs
[2025-04-13T17:47:15.791+0000] {logging_mixin.py:190} INFO - [2025-04-13T17:47:15.791+0000] {dag.py:4180} INFO - Setting next_dagrun for tutorial_dag to None, run_after=None
[2025-04-13T17:47:15.819+0000] {processor.py:208} INFO - Processing /home/airflow/.local/lib/python3.12/site-packages/airflow/example_dags/tutorial_dag.py took 0.097 seconds
[2025-04-13T17:47:46.430+0000] {processor.py:186} INFO - Started process (PID=919) to work on /home/airflow/.local/lib/python3.12/site-packages/airflow/example_dags/tutorial_dag.py
[2025-04-13T17:47:46.432+0000] {processor.py:914} INFO - Processing file /home/airflow/.local/lib/python3.12/site-packages/airflow/example_dags/tutorial_dag.py for tasks to queue
[2025-04-13T17:47:46.435+0000] {logging_mixin.py:190} INFO - [2025-04-13T17:47:46.435+0000] {dagbag.py:588} INFO - Filling up the DagBag from /home/airflow/.local/lib/python3.12/site-packages/airflow/example_dags/tutorial_dag.py
[2025-04-13T17:47:46.445+0000] {processor.py:925} INFO - DAG(s) 'tutorial_dag' retrieved from /home/airflow/.local/lib/python3.12/site-packages/airflow/example_dags/tutorial_dag.py
[2025-04-13T17:47:46.469+0000] {logging_mixin.py:190} INFO - [2025-04-13T17:47:46.468+0000] {dag.py:3239} INFO - Sync 1 DAGs
[2025-04-13T17:47:46.491+0000] {logging_mixin.py:190} INFO - [2025-04-13T17:47:46.491+0000] {dag.py:4180} INFO - Setting next_dagrun for tutorial_dag to None, run_after=None
[2025-04-13T17:47:46.518+0000] {processor.py:208} INFO - Processing /home/airflow/.local/lib/python3.12/site-packages/airflow/example_dags/tutorial_dag.py took 0.098 seconds
[2025-04-13T17:48:16.757+0000] {processor.py:186} INFO - Started process (PID=1205) to work on /home/airflow/.local/lib/python3.12/site-packages/airflow/example_dags/tutorial_dag.py
[2025-04-13T17:48:16.759+0000] {processor.py:914} INFO - Processing file /home/airflow/.local/lib/python3.12/site-packages/airflow/example_dags/tutorial_dag.py for tasks to queue
[2025-04-13T17:48:16.761+0000] {logging_mixin.py:190} INFO - [2025-04-13T17:48:16.761+0000] {dagbag.py:588} INFO - Filling up the DagBag from /home/airflow/.local/lib/python3.12/site-packages/airflow/example_dags/tutorial_dag.py
[2025-04-13T17:48:16.771+0000] {processor.py:925} INFO - DAG(s) 'tutorial_dag' retrieved from /home/airflow/.local/lib/python3.12/site-packages/airflow/example_dags/tutorial_dag.py
[2025-04-13T17:48:16.795+0000] {logging_mixin.py:190} INFO - [2025-04-13T17:48:16.795+0000] {dag.py:3239} INFO - Sync 1 DAGs
[2025-04-13T17:48:16.817+0000] {logging_mixin.py:190} INFO - [2025-04-13T17:48:16.817+0000] {dag.py:4180} INFO - Setting next_dagrun for tutorial_dag to None, run_after=None
[2025-04-13T17:48:16.843+0000] {processor.py:208} INFO - Processing /home/airflow/.local/lib/python3.12/site-packages/airflow/example_dags/tutorial_dag.py took 0.094 seconds
[2025-04-13T17:48:47.749+0000] {processor.py:186} INFO - Started process (PID=1496) to work on /home/airflow/.local/lib/python3.12/site-packages/airflow/example_dags/tutorial_dag.py
[2025-04-13T17:48:47.751+0000] {processor.py:914} INFO - Processing file /home/airflow/.local/lib/python3.12/site-packages/airflow/example_dags/tutorial_dag.py for tasks to queue
[2025-04-13T17:48:47.754+0000] {logging_mixin.py:190} INFO - [2025-04-13T17:48:47.754+0000] {dagbag.py:588} INFO - Filling up the DagBag from /home/airflow/.local/lib/python3.12/site-packages/airflow/example_dags/tutorial_dag.py
[2025-04-13T17:48:47.764+0000] {processor.py:925} INFO - DAG(s) 'tutorial_dag' retrieved from /home/airflow/.local/lib/python3.12/site-packages/airflow/example_dags/tutorial_dag.py
[2025-04-13T17:48:47.793+0000] {logging_mixin.py:190} INFO - [2025-04-13T17:48:47.792+0000] {dag.py:3239} INFO - Sync 1 DAGs
[2025-04-13T17:48:47.816+0000] {logging_mixin.py:190} INFO - [2025-04-13T17:48:47.815+0000] {dag.py:4180} INFO - Setting next_dagrun for tutorial_dag to None, run_after=None
[2025-04-13T17:48:47.892+0000] {processor.py:208} INFO - Processing /home/airflow/.local/lib/python3.12/site-packages/airflow/example_dags/tutorial_dag.py took 0.150 seconds
[2025-04-13T17:49:18.290+0000] {processor.py:186} INFO - Started process (PID=1782) to work on /home/airflow/.local/lib/python3.12/site-packages/airflow/example_dags/tutorial_dag.py
[2025-04-13T17:49:18.303+0000] {processor.py:914} INFO - Processing file /home/airflow/.local/lib/python3.12/site-packages/airflow/example_dags/tutorial_dag.py for tasks to queue
[2025-04-13T17:49:18.336+0000] {logging_mixin.py:190} INFO - [2025-04-13T17:49:18.333+0000] {dagbag.py:588} INFO - Filling up the DagBag from /home/airflow/.local/lib/python3.12/site-packages/airflow/example_dags/tutorial_dag.py
[2025-04-13T17:49:18.353+0000] {processor.py:925} INFO - DAG(s) 'tutorial_dag' retrieved from /home/airflow/.local/lib/python3.12/site-packages/airflow/example_dags/tutorial_dag.py
[2025-04-13T17:49:18.403+0000] {logging_mixin.py:190} INFO - [2025-04-13T17:49:18.402+0000] {dag.py:3239} INFO - Sync 1 DAGs
[2025-04-13T17:49:18.482+0000] {logging_mixin.py:190} INFO - [2025-04-13T17:49:18.482+0000] {dag.py:4180} INFO - Setting next_dagrun for tutorial_dag to None, run_after=None
[2025-04-13T17:49:18.514+0000] {processor.py:208} INFO - Processing /home/airflow/.local/lib/python3.12/site-packages/airflow/example_dags/tutorial_dag.py took 0.273 seconds
[2025-04-13T17:49:48.849+0000] {processor.py:186} INFO - Started process (PID=2073) to work on /home/airflow/.local/lib/python3.12/site-packages/airflow/example_dags/tutorial_dag.py
[2025-04-13T17:49:48.852+0000] {processor.py:914} INFO - Processing file /home/airflow/.local/lib/python3.12/site-packages/airflow/example_dags/tutorial_dag.py for tasks to queue
[2025-04-13T17:49:48.858+0000] {logging_mixin.py:190} INFO - [2025-04-13T17:49:48.857+0000] {dagbag.py:588} INFO - Filling up the DagBag from /home/airflow/.local/lib/python3.12/site-packages/airflow/example_dags/tutorial_dag.py
[2025-04-13T17:49:48.877+0000] {processor.py:925} INFO - DAG(s) 'tutorial_dag' retrieved from /home/airflow/.local/lib/python3.12/site-packages/airflow/example_dags/tutorial_dag.py
[2025-04-13T17:49:48.914+0000] {logging_mixin.py:190} INFO - [2025-04-13T17:49:48.914+0000] {dag.py:3239} INFO - Sync 1 DAGs
[2025-04-13T17:49:48.940+0000] {logging_mixin.py:190} INFO - [2025-04-13T17:49:48.940+0000] {dag.py:4180} INFO - Setting next_dagrun for tutorial_dag to None, run_after=None
[2025-04-13T17:49:48.969+0000] {processor.py:208} INFO - Processing /home/airflow/.local/lib/python3.12/site-packages/airflow/example_dags/tutorial_dag.py took 0.138 seconds
[2025-04-13T17:50:19.066+0000] {processor.py:186} INFO - Started process (PID=2364) to work on /home/airflow/.local/lib/python3.12/site-packages/airflow/example_dags/tutorial_dag.py
[2025-04-13T17:50:19.067+0000] {processor.py:914} INFO - Processing file /home/airflow/.local/lib/python3.12/site-packages/airflow/example_dags/tutorial_dag.py for tasks to queue
[2025-04-13T17:50:19.070+0000] {logging_mixin.py:190} INFO - [2025-04-13T17:50:19.070+0000] {dagbag.py:588} INFO - Filling up the DagBag from /home/airflow/.local/lib/python3.12/site-packages/airflow/example_dags/tutorial_dag.py
[2025-04-13T17:50:19.085+0000] {processor.py:925} INFO - DAG(s) 'tutorial_dag' retrieved from /home/airflow/.local/lib/python3.12/site-packages/airflow/example_dags/tutorial_dag.py
[2025-04-13T17:50:19.119+0000] {logging_mixin.py:190} INFO - [2025-04-13T17:50:19.119+0000] {dag.py:3239} INFO - Sync 1 DAGs
[2025-04-13T17:50:19.150+0000] {logging_mixin.py:190} INFO - [2025-04-13T17:50:19.149+0000] {dag.py:4180} INFO - Setting next_dagrun for tutorial_dag to None, run_after=None
[2025-04-13T17:50:19.187+0000] {processor.py:208} INFO - Processing /home/airflow/.local/lib/python3.12/site-packages/airflow/example_dags/tutorial_dag.py took 0.130 seconds
[2025-04-13T17:50:49.693+0000] {processor.py:186} INFO - Started process (PID=2655) to work on /home/airflow/.local/lib/python3.12/site-packages/airflow/example_dags/tutorial_dag.py
[2025-04-13T17:50:49.694+0000] {processor.py:914} INFO - Processing file /home/airflow/.local/lib/python3.12/site-packages/airflow/example_dags/tutorial_dag.py for tasks to queue
[2025-04-13T17:50:49.698+0000] {logging_mixin.py:190} INFO - [2025-04-13T17:50:49.698+0000] {dagbag.py:588} INFO - Filling up the DagBag from /home/airflow/.local/lib/python3.12/site-packages/airflow/example_dags/tutorial_dag.py
[2025-04-13T17:50:49.707+0000] {processor.py:925} INFO - DAG(s) 'tutorial_dag' retrieved from /home/airflow/.local/lib/python3.12/site-packages/airflow/example_dags/tutorial_dag.py
[2025-04-13T17:50:49.733+0000] {logging_mixin.py:190} INFO - [2025-04-13T17:50:49.732+0000] {dag.py:3239} INFO - Sync 1 DAGs
[2025-04-13T17:50:49.750+0000] {logging_mixin.py:190} INFO - [2025-04-13T17:50:49.750+0000] {dag.py:4180} INFO - Setting next_dagrun for tutorial_dag to None, run_after=None
[2025-04-13T17:50:49.776+0000] {processor.py:208} INFO - Processing /home/airflow/.local/lib/python3.12/site-packages/airflow/example_dags/tutorial_dag.py took 0.090 seconds
[2025-04-13T17:51:19.923+0000] {processor.py:186} INFO - Started process (PID=2946) to work on /home/airflow/.local/lib/python3.12/site-packages/airflow/example_dags/tutorial_dag.py
[2025-04-13T17:51:19.924+0000] {processor.py:914} INFO - Processing file /home/airflow/.local/lib/python3.12/site-packages/airflow/example_dags/tutorial_dag.py for tasks to queue
[2025-04-13T17:51:19.927+0000] {logging_mixin.py:190} INFO - [2025-04-13T17:51:19.927+0000] {dagbag.py:588} INFO - Filling up the DagBag from /home/airflow/.local/lib/python3.12/site-packages/airflow/example_dags/tutorial_dag.py
[2025-04-13T17:51:19.936+0000] {processor.py:925} INFO - DAG(s) 'tutorial_dag' retrieved from /home/airflow/.local/lib/python3.12/site-packages/airflow/example_dags/tutorial_dag.py
[2025-04-13T17:51:19.963+0000] {logging_mixin.py:190} INFO - [2025-04-13T17:51:19.962+0000] {dag.py:3239} INFO - Sync 1 DAGs
[2025-04-13T17:51:19.986+0000] {logging_mixin.py:190} INFO - [2025-04-13T17:51:19.986+0000] {dag.py:4180} INFO - Setting next_dagrun for tutorial_dag to None, run_after=None
[2025-04-13T17:51:20.011+0000] {processor.py:208} INFO - Processing /home/airflow/.local/lib/python3.12/site-packages/airflow/example_dags/tutorial_dag.py took 0.097 seconds
[2025-04-13T17:51:50.221+0000] {processor.py:186} INFO - Started process (PID=3237) to work on /home/airflow/.local/lib/python3.12/site-packages/airflow/example_dags/tutorial_dag.py
[2025-04-13T17:51:50.222+0000] {processor.py:914} INFO - Processing file /home/airflow/.local/lib/python3.12/site-packages/airflow/example_dags/tutorial_dag.py for tasks to queue
[2025-04-13T17:51:50.226+0000] {logging_mixin.py:190} INFO - [2025-04-13T17:51:50.225+0000] {dagbag.py:588} INFO - Filling up the DagBag from /home/airflow/.local/lib/python3.12/site-packages/airflow/example_dags/tutorial_dag.py
[2025-04-13T17:51:50.237+0000] {processor.py:925} INFO - DAG(s) 'tutorial_dag' retrieved from /home/airflow/.local/lib/python3.12/site-packages/airflow/example_dags/tutorial_dag.py
[2025-04-13T17:51:50.271+0000] {logging_mixin.py:190} INFO - [2025-04-13T17:51:50.270+0000] {dag.py:3239} INFO - Sync 1 DAGs
[2025-04-13T17:51:50.291+0000] {logging_mixin.py:190} INFO - [2025-04-13T17:51:50.291+0000] {dag.py:4180} INFO - Setting next_dagrun for tutorial_dag to None, run_after=None
[2025-04-13T17:51:50.318+0000] {processor.py:208} INFO - Processing /home/airflow/.local/lib/python3.12/site-packages/airflow/example_dags/tutorial_dag.py took 0.106 seconds
[2025-04-13T18:56:01.048+0000] {processor.py:186} INFO - Started process (PID=344) to work on /home/airflow/.local/lib/python3.12/site-packages/airflow/example_dags/tutorial_dag.py
[2025-04-13T18:56:01.050+0000] {processor.py:914} INFO - Processing file /home/airflow/.local/lib/python3.12/site-packages/airflow/example_dags/tutorial_dag.py for tasks to queue
[2025-04-13T18:56:01.058+0000] {logging_mixin.py:190} INFO - [2025-04-13T18:56:01.055+0000] {dagbag.py:588} INFO - Filling up the DagBag from /home/airflow/.local/lib/python3.12/site-packages/airflow/example_dags/tutorial_dag.py
[2025-04-13T18:56:01.096+0000] {processor.py:925} INFO - DAG(s) 'tutorial_dag' retrieved from /home/airflow/.local/lib/python3.12/site-packages/airflow/example_dags/tutorial_dag.py
[2025-04-13T18:56:01.185+0000] {logging_mixin.py:190} INFO - [2025-04-13T18:56:01.185+0000] {dag.py:3239} INFO - Sync 1 DAGs
[2025-04-13T18:56:01.313+0000] {logging_mixin.py:190} INFO - [2025-04-13T18:56:01.312+0000] {dag.py:4180} INFO - Setting next_dagrun for tutorial_dag to None, run_after=None
[2025-04-13T18:56:01.386+0000] {processor.py:208} INFO - Processing /home/airflow/.local/lib/python3.12/site-packages/airflow/example_dags/tutorial_dag.py took 0.356 seconds
[2025-04-13T18:56:31.687+0000] {processor.py:186} INFO - Started process (PID=635) to work on /home/airflow/.local/lib/python3.12/site-packages/airflow/example_dags/tutorial_dag.py
[2025-04-13T18:56:31.689+0000] {processor.py:914} INFO - Processing file /home/airflow/.local/lib/python3.12/site-packages/airflow/example_dags/tutorial_dag.py for tasks to queue
[2025-04-13T18:56:31.693+0000] {logging_mixin.py:190} INFO - [2025-04-13T18:56:31.692+0000] {dagbag.py:588} INFO - Filling up the DagBag from /home/airflow/.local/lib/python3.12/site-packages/airflow/example_dags/tutorial_dag.py
[2025-04-13T18:56:31.704+0000] {processor.py:925} INFO - DAG(s) 'tutorial_dag' retrieved from /home/airflow/.local/lib/python3.12/site-packages/airflow/example_dags/tutorial_dag.py
[2025-04-13T18:56:31.740+0000] {logging_mixin.py:190} INFO - [2025-04-13T18:56:31.740+0000] {dag.py:3239} INFO - Sync 1 DAGs
[2025-04-13T18:56:31.764+0000] {logging_mixin.py:190} INFO - [2025-04-13T18:56:31.764+0000] {dag.py:4180} INFO - Setting next_dagrun for tutorial_dag to None, run_after=None
[2025-04-13T18:56:31.793+0000] {processor.py:208} INFO - Processing /home/airflow/.local/lib/python3.12/site-packages/airflow/example_dags/tutorial_dag.py took 0.116 seconds
[2025-04-13T18:57:02.202+0000] {processor.py:186} INFO - Started process (PID=926) to work on /home/airflow/.local/lib/python3.12/site-packages/airflow/example_dags/tutorial_dag.py
[2025-04-13T18:57:02.203+0000] {processor.py:914} INFO - Processing file /home/airflow/.local/lib/python3.12/site-packages/airflow/example_dags/tutorial_dag.py for tasks to queue
[2025-04-13T18:57:02.206+0000] {logging_mixin.py:190} INFO - [2025-04-13T18:57:02.206+0000] {dagbag.py:588} INFO - Filling up the DagBag from /home/airflow/.local/lib/python3.12/site-packages/airflow/example_dags/tutorial_dag.py
[2025-04-13T18:57:02.215+0000] {processor.py:925} INFO - DAG(s) 'tutorial_dag' retrieved from /home/airflow/.local/lib/python3.12/site-packages/airflow/example_dags/tutorial_dag.py
[2025-04-13T18:57:02.239+0000] {logging_mixin.py:190} INFO - [2025-04-13T18:57:02.239+0000] {dag.py:3239} INFO - Sync 1 DAGs
[2025-04-13T18:57:02.257+0000] {logging_mixin.py:190} INFO - [2025-04-13T18:57:02.257+0000] {dag.py:4180} INFO - Setting next_dagrun for tutorial_dag to None, run_after=None
[2025-04-13T18:57:02.293+0000] {processor.py:208} INFO - Processing /home/airflow/.local/lib/python3.12/site-packages/airflow/example_dags/tutorial_dag.py took 0.098 seconds
[2025-04-13T18:57:32.936+0000] {processor.py:186} INFO - Started process (PID=1222) to work on /home/airflow/.local/lib/python3.12/site-packages/airflow/example_dags/tutorial_dag.py
[2025-04-13T18:57:32.937+0000] {processor.py:914} INFO - Processing file /home/airflow/.local/lib/python3.12/site-packages/airflow/example_dags/tutorial_dag.py for tasks to queue
[2025-04-13T18:57:32.941+0000] {logging_mixin.py:190} INFO - [2025-04-13T18:57:32.940+0000] {dagbag.py:588} INFO - Filling up the DagBag from /home/airflow/.local/lib/python3.12/site-packages/airflow/example_dags/tutorial_dag.py
[2025-04-13T18:57:32.974+0000] {processor.py:925} INFO - DAG(s) 'tutorial_dag' retrieved from /home/airflow/.local/lib/python3.12/site-packages/airflow/example_dags/tutorial_dag.py
[2025-04-13T18:57:33.004+0000] {logging_mixin.py:190} INFO - [2025-04-13T18:57:33.004+0000] {dag.py:3239} INFO - Sync 1 DAGs
[2025-04-13T18:57:33.032+0000] {logging_mixin.py:190} INFO - [2025-04-13T18:57:33.032+0000] {dag.py:4180} INFO - Setting next_dagrun for tutorial_dag to None, run_after=None
[2025-04-13T18:57:33.073+0000] {processor.py:208} INFO - Processing /home/airflow/.local/lib/python3.12/site-packages/airflow/example_dags/tutorial_dag.py took 0.149 seconds
[2025-04-13T18:58:03.254+0000] {processor.py:186} INFO - Started process (PID=1513) to work on /home/airflow/.local/lib/python3.12/site-packages/airflow/example_dags/tutorial_dag.py
[2025-04-13T18:58:03.256+0000] {processor.py:914} INFO - Processing file /home/airflow/.local/lib/python3.12/site-packages/airflow/example_dags/tutorial_dag.py for tasks to queue
[2025-04-13T18:58:03.259+0000] {logging_mixin.py:190} INFO - [2025-04-13T18:58:03.259+0000] {dagbag.py:588} INFO - Filling up the DagBag from /home/airflow/.local/lib/python3.12/site-packages/airflow/example_dags/tutorial_dag.py
[2025-04-13T18:58:03.277+0000] {processor.py:925} INFO - DAG(s) 'tutorial_dag' retrieved from /home/airflow/.local/lib/python3.12/site-packages/airflow/example_dags/tutorial_dag.py
[2025-04-13T18:58:03.354+0000] {logging_mixin.py:190} INFO - [2025-04-13T18:58:03.354+0000] {dag.py:3239} INFO - Sync 1 DAGs
[2025-04-13T18:58:03.386+0000] {logging_mixin.py:190} INFO - [2025-04-13T18:58:03.386+0000] {dag.py:4180} INFO - Setting next_dagrun for tutorial_dag to None, run_after=None
[2025-04-13T18:58:03.423+0000] {processor.py:208} INFO - Processing /home/airflow/.local/lib/python3.12/site-packages/airflow/example_dags/tutorial_dag.py took 0.187 seconds
