[2025-04-18T16:48:16.798+0000] {local_task_job_runner.py:123} INFO - ::group::Pre task execution logs
[2025-04-18T16:48:16.823+0000] {taskinstance.py:2614} INFO - Dependencies all met for dep_context=non-requeueable deps ti=<TaskInstance: kaggle_seeds_to_gcs.upload_seeds_to_gcs scheduled__2025-01-01T00:00:00+00:00 [queued]>
[2025-04-18T16:48:16.833+0000] {taskinstance.py:2614} INFO - Dependencies all met for dep_context=requeueable deps ti=<TaskInstance: kaggle_seeds_to_gcs.upload_seeds_to_gcs scheduled__2025-01-01T00:00:00+00:00 [queued]>
[2025-04-18T16:48:16.834+0000] {taskinstance.py:2867} INFO - Starting attempt 1 of 2
[2025-04-18T16:48:16.848+0000] {taskinstance.py:2890} INFO - Executing <Task(PythonOperator): upload_seeds_to_gcs> on 2025-01-01 00:00:00+00:00
[2025-04-18T16:48:16.856+0000] {standard_task_runner.py:104} INFO - Running: ['***', 'tasks', 'run', 'kaggle_seeds_to_gcs', 'upload_seeds_to_gcs', 'scheduled__2025-01-01T00:00:00+00:00', '--job-id', '590', '--raw', '--subdir', 'DAGS_FOLDER/kaggle_seeds_to_gcs.py', '--cfg-path', '/tmp/tmpp3e0aaf7']
[2025-04-18T16:48:16.859+0000] {standard_task_runner.py:105} INFO - Job 590: Subtask upload_seeds_to_gcs
[2025-04-18T16:48:16.868+0000] {logging_mixin.py:190} WARNING - /home/***/.local/lib/python3.12/site-packages/***/task/task_runner/standard_task_runner.py:70 DeprecationWarning: This process (pid=18214) is multi-threaded, use of fork() may lead to deadlocks in the child.
[2025-04-18T16:48:16.870+0000] {standard_task_runner.py:72} INFO - Started process 18215 to run task
[2025-04-18T16:48:16.911+0000] {task_command.py:467} INFO - Running <TaskInstance: kaggle_seeds_to_gcs.upload_seeds_to_gcs scheduled__2025-01-01T00:00:00+00:00 [running]> on host f21ba0bbe878
[2025-04-18T16:48:17.164+0000] {taskinstance.py:3134} INFO - Exporting env vars: AIRFLOW_CTX_DAG_OWNER='***' AIRFLOW_CTX_DAG_ID='kaggle_seeds_to_gcs' AIRFLOW_CTX_TASK_ID='upload_seeds_to_gcs' AIRFLOW_CTX_EXECUTION_DATE='2025-01-01T00:00:00+00:00' AIRFLOW_CTX_TRY_NUMBER='1' AIRFLOW_CTX_DAG_RUN_ID='scheduled__2025-01-01T00:00:00+00:00'
[2025-04-18T16:48:17.165+0000] {taskinstance.py:732} INFO - ::endgroup::
[2025-04-18T16:48:17.505+0000] {logging_mixin.py:190} INFO - Uploaded /tmp/kaggle_downloads/carriers.csv to db_project_data_bucket/seeds/carriers.csv
[2025-04-18T16:48:17.638+0000] {logging_mixin.py:190} INFO - Uploaded /tmp/kaggle_downloads/airports.csv to db_project_data_bucket/seeds/airports.csv
[2025-04-18T16:48:17.766+0000] {logging_mixin.py:190} INFO - Uploaded /tmp/kaggle_downloads/plane-data.csv to db_project_data_bucket/seeds/plane-data.csv
[2025-04-18T16:48:17.766+0000] {python.py:240} INFO - Done. Returned value was: None
[2025-04-18T16:48:17.777+0000] {taskinstance.py:341} INFO - ::group::Post task execution logs
[2025-04-18T16:48:17.778+0000] {taskinstance.py:353} INFO - Marking task as SUCCESS. dag_id=kaggle_seeds_to_gcs, task_id=upload_seeds_to_gcs, run_id=scheduled__2025-01-01T00:00:00+00:00, execution_date=20250101T000000, start_date=20250418T164816, end_date=20250418T164817
[2025-04-18T16:48:17.850+0000] {local_task_job_runner.py:266} INFO - Task exited with return code 0
[2025-04-18T16:48:17.867+0000] {taskinstance.py:3901} INFO - 0 downstream tasks scheduled from follow-on schedule check
[2025-04-18T16:48:17.870+0000] {local_task_job_runner.py:245} INFO - ::endgroup::
