[2025-04-14T17:44:20.796+0000] {local_task_job_runner.py:123} INFO - ::group::Pre task execution logs
[2025-04-14T17:44:20.819+0000] {taskinstance.py:2614} INFO - Dependencies all met for dep_context=non-requeueable deps ti=<TaskInstance: dbt_airflow.run_dbt_staging manual__2025-04-14T17:44:19.622619+00:00 [queued]>
[2025-04-14T17:44:20.832+0000] {taskinstance.py:2614} INFO - Dependencies all met for dep_context=requeueable deps ti=<TaskInstance: dbt_airflow.run_dbt_staging manual__2025-04-14T17:44:19.622619+00:00 [queued]>
[2025-04-14T17:44:20.833+0000] {taskinstance.py:2867} INFO - Starting attempt 1 of 2
[2025-04-14T17:44:20.858+0000] {taskinstance.py:2890} INFO - Executing <Task(BashOperator): run_dbt_staging> on 2025-04-14 17:44:19.622619+00:00
[2025-04-14T17:44:20.867+0000] {logging_mixin.py:190} WARNING - /home/***/.local/lib/python3.12/site-packages/***/task/task_runner/standard_task_runner.py:70 DeprecationWarning: This process (pid=15133) is multi-threaded, use of fork() may lead to deadlocks in the child.
[2025-04-14T17:44:20.869+0000] {standard_task_runner.py:72} INFO - Started process 15134 to run task
[2025-04-14T17:44:20.868+0000] {standard_task_runner.py:104} INFO - Running: ['***', 'tasks', 'run', 'dbt_***', 'run_dbt_staging', 'manual__2025-04-14T17:44:19.622619+00:00', '--job-id', '527', '--raw', '--subdir', 'DAGS_FOLDER/run_dbt_model.py', '--cfg-path', '/tmp/tmpxwcmtoif']
[2025-04-14T17:44:20.870+0000] {standard_task_runner.py:105} INFO - Job 527: Subtask run_dbt_staging
[2025-04-14T17:44:20.932+0000] {task_command.py:467} INFO - Running <TaskInstance: dbt_airflow.run_dbt_staging manual__2025-04-14T17:44:19.622619+00:00 [running]> on host b7be566335ce
[2025-04-14T17:44:21.101+0000] {taskinstance.py:3134} INFO - Exporting env vars: AIRFLOW_CTX_DAG_OWNER='***' AIRFLOW_CTX_DAG_ID='dbt_***' AIRFLOW_CTX_TASK_ID='run_dbt_staging' AIRFLOW_CTX_EXECUTION_DATE='2025-04-14T17:44:19.622619+00:00' AIRFLOW_CTX_TRY_NUMBER='1' AIRFLOW_CTX_DAG_RUN_ID='manual__2025-04-14T17:44:19.622619+00:00'
[2025-04-14T17:44:21.104+0000] {taskinstance.py:732} INFO - ::endgroup::
[2025-04-14T17:44:21.136+0000] {subprocess.py:78} INFO - Tmp dir root location: /tmp
[2025-04-14T17:44:21.137+0000] {subprocess.py:88} INFO - Running command: ['/usr/bin/bash', '-c', 'cd /opt/***/dbt && dbt deps && dbt run --models stg_flights']
[2025-04-14T17:44:21.153+0000] {subprocess.py:99} INFO - Output:
[2025-04-14T17:44:27.100+0000] {subprocess.py:106} INFO - [0m17:44:27  Running with dbt=1.7.9
[2025-04-14T17:44:28.603+0000] {subprocess.py:106} INFO - [0m17:44:28  Installing dbt-labs/dbt_utils
[2025-04-14T17:44:33.355+0000] {subprocess.py:106} INFO - [0m17:44:33  Installed from version 1.3.0
[2025-04-14T17:44:33.357+0000] {subprocess.py:106} INFO - [0m17:44:33  Up to date!
[2025-04-14T17:44:40.000+0000] {subprocess.py:106} INFO - [0m17:44:40  Running with dbt=1.7.9
[2025-04-14T17:44:41.642+0000] {subprocess.py:106} INFO - [0m17:44:41  Registered adapter: bigquery=1.7.9
[2025-04-14T17:44:43.066+0000] {subprocess.py:106} INFO - [0m17:44:43  Found 1 seed, 4 models, 1 source, 0 exposures, 0 metrics, 571 macros, 0 groups, 0 semantic models
[2025-04-14T17:44:43.071+0000] {subprocess.py:106} INFO - [0m17:44:43
[2025-04-14T17:44:43.765+0000] {subprocess.py:106} INFO - [0m17:44:43  Concurrency: 1 threads (target='dev')
[2025-04-14T17:44:43.766+0000] {subprocess.py:106} INFO - [0m17:44:43
[2025-04-14T17:44:43.779+0000] {subprocess.py:106} INFO - [0m17:44:43  1 of 1 START sql view model db_project_dataset.stg_flights ..................... [RUN]
[2025-04-14T17:44:44.508+0000] {subprocess.py:106} INFO - [0m17:44:44  1 of 1 OK created sql view model db_project_dataset.stg_flights ................ [[32mCREATE VIEW (0 processed)[0m in 0.73s]
[2025-04-14T17:44:44.516+0000] {subprocess.py:106} INFO - [0m17:44:44
[2025-04-14T17:44:44.517+0000] {subprocess.py:106} INFO - [0m17:44:44  Finished running 1 view model in 0 hours 0 minutes and 1.44 seconds (1.44s).
[2025-04-14T17:44:44.549+0000] {subprocess.py:106} INFO - [0m17:44:44
[2025-04-14T17:44:44.550+0000] {subprocess.py:106} INFO - [0m17:44:44  [32mCompleted successfully[0m
[2025-04-14T17:44:44.552+0000] {subprocess.py:106} INFO - [0m17:44:44
[2025-04-14T17:44:44.553+0000] {subprocess.py:106} INFO - [0m17:44:44  Done. PASS=1 WARN=0 ERROR=0 SKIP=0 TOTAL=1
[2025-04-14T17:44:45.565+0000] {subprocess.py:110} INFO - Command exited with return code 0
[2025-04-14T17:44:45.596+0000] {taskinstance.py:341} INFO - ::group::Post task execution logs
[2025-04-14T17:44:45.597+0000] {taskinstance.py:353} INFO - Marking task as SUCCESS. dag_id=dbt_***, task_id=run_dbt_staging, run_id=manual__2025-04-14T17:44:19.622619+00:00, execution_date=20250414T174419, start_date=20250414T174420, end_date=20250414T174445
[2025-04-14T17:44:45.637+0000] {local_task_job_runner.py:266} INFO - Task exited with return code 0
[2025-04-14T17:44:45.672+0000] {taskinstance.py:3901} INFO - 1 downstream tasks scheduled from follow-on schedule check
[2025-04-14T17:44:45.674+0000] {local_task_job_runner.py:245} INFO - ::endgroup::
