[2025-04-14T17:44:46.015+0000] {local_task_job_runner.py:123} INFO - ::group::Pre task execution logs
[2025-04-14T17:44:46.039+0000] {taskinstance.py:2614} INFO - Dependencies all met for dep_context=non-requeueable deps ti=<TaskInstance: dbt_airflow.run_dbt_seed manual__2025-04-14T17:44:19.622619+00:00 [queued]>
[2025-04-14T17:44:46.051+0000] {taskinstance.py:2614} INFO - Dependencies all met for dep_context=requeueable deps ti=<TaskInstance: dbt_airflow.run_dbt_seed manual__2025-04-14T17:44:19.622619+00:00 [queued]>
[2025-04-14T17:44:46.052+0000] {taskinstance.py:2867} INFO - Starting attempt 1 of 2
[2025-04-14T17:44:46.069+0000] {taskinstance.py:2890} INFO - Executing <Task(BashOperator): run_dbt_seed> on 2025-04-14 17:44:19.622619+00:00
[2025-04-14T17:44:46.076+0000] {logging_mixin.py:190} WARNING - /home/***/.local/lib/python3.12/site-packages/***/task/task_runner/standard_task_runner.py:70 DeprecationWarning: This process (pid=15178) is multi-threaded, use of fork() may lead to deadlocks in the child.
[2025-04-14T17:44:46.077+0000] {standard_task_runner.py:72} INFO - Started process 15179 to run task
[2025-04-14T17:44:46.076+0000] {standard_task_runner.py:104} INFO - Running: ['***', 'tasks', 'run', 'dbt_***', 'run_dbt_seed', 'manual__2025-04-14T17:44:19.622619+00:00', '--job-id', '528', '--raw', '--subdir', 'DAGS_FOLDER/run_dbt_model.py', '--cfg-path', '/tmp/tmp8tur1688']
[2025-04-14T17:44:46.078+0000] {standard_task_runner.py:105} INFO - Job 528: Subtask run_dbt_seed
[2025-04-14T17:44:46.124+0000] {task_command.py:467} INFO - Running <TaskInstance: dbt_airflow.run_dbt_seed manual__2025-04-14T17:44:19.622619+00:00 [running]> on host b7be566335ce
[2025-04-14T17:44:46.217+0000] {taskinstance.py:3134} INFO - Exporting env vars: AIRFLOW_CTX_DAG_OWNER='***' AIRFLOW_CTX_DAG_ID='dbt_***' AIRFLOW_CTX_TASK_ID='run_dbt_seed' AIRFLOW_CTX_EXECUTION_DATE='2025-04-14T17:44:19.622619+00:00' AIRFLOW_CTX_TRY_NUMBER='1' AIRFLOW_CTX_DAG_RUN_ID='manual__2025-04-14T17:44:19.622619+00:00'
[2025-04-14T17:44:46.218+0000] {taskinstance.py:732} INFO - ::endgroup::
[2025-04-14T17:44:46.233+0000] {subprocess.py:78} INFO - Tmp dir root location: /tmp
[2025-04-14T17:44:46.234+0000] {subprocess.py:88} INFO - Running command: ['/usr/bin/bash', '-c', 'cd /opt/***/dbt && dbt seed']
[2025-04-14T17:44:46.242+0000] {subprocess.py:99} INFO - Output:
[2025-04-14T17:44:50.029+0000] {subprocess.py:106} INFO - [0m17:44:50  Running with dbt=1.7.9
[2025-04-14T17:45:01.155+0000] {subprocess.py:106} INFO - [0m17:45:01  Registered adapter: bigquery=1.7.9
[2025-04-14T17:45:02.505+0000] {subprocess.py:106} INFO - [0m17:45:02  Found 1 seed, 4 models, 1 source, 0 exposures, 0 metrics, 571 macros, 0 groups, 0 semantic models
[2025-04-14T17:45:02.512+0000] {subprocess.py:106} INFO - [0m17:45:02
[2025-04-14T17:45:03.352+0000] {subprocess.py:106} INFO - [0m17:45:03  Concurrency: 1 threads (target='dev')
[2025-04-14T17:45:03.354+0000] {subprocess.py:106} INFO - [0m17:45:03
[2025-04-14T17:45:03.368+0000] {subprocess.py:106} INFO - [0m17:45:03  1 of 1 START seed file db_project_dataset.airports ............................. [RUN]
[2025-04-14T17:45:07.612+0000] {subprocess.py:106} INFO - [0m17:45:07  1 of 1 OK loaded seed file db_project_dataset.airports ......................... [[32mINSERT 3376[0m in 4.24s]
[2025-04-14T17:45:07.620+0000] {subprocess.py:106} INFO - [0m17:45:07
[2025-04-14T17:45:07.621+0000] {subprocess.py:106} INFO - [0m17:45:07  Finished running 1 seed in 0 hours 0 minutes and 5.11 seconds (5.11s).
[2025-04-14T17:45:07.655+0000] {subprocess.py:106} INFO - [0m17:45:07
[2025-04-14T17:45:07.656+0000] {subprocess.py:106} INFO - [0m17:45:07  [32mCompleted successfully[0m
[2025-04-14T17:45:07.657+0000] {subprocess.py:106} INFO - [0m17:45:07
[2025-04-14T17:45:07.661+0000] {subprocess.py:106} INFO - [0m17:45:07  Done. PASS=1 WARN=0 ERROR=0 SKIP=0 TOTAL=1
[2025-04-14T17:45:08.680+0000] {subprocess.py:110} INFO - Command exited with return code 0
[2025-04-14T17:45:08.707+0000] {taskinstance.py:341} INFO - ::group::Post task execution logs
[2025-04-14T17:45:08.708+0000] {taskinstance.py:353} INFO - Marking task as SUCCESS. dag_id=dbt_***, task_id=run_dbt_seed, run_id=manual__2025-04-14T17:44:19.622619+00:00, execution_date=20250414T174419, start_date=20250414T174446, end_date=20250414T174508
[2025-04-14T17:45:08.769+0000] {local_task_job_runner.py:266} INFO - Task exited with return code 0
[2025-04-14T17:45:08.800+0000] {taskinstance.py:3901} INFO - 1 downstream tasks scheduled from follow-on schedule check
[2025-04-14T17:45:08.802+0000] {local_task_job_runner.py:245} INFO - ::endgroup::
