[2025-04-14T17:45:09.759+0000] {local_task_job_runner.py:123} INFO - ::group::Pre task execution logs
[2025-04-14T17:45:09.783+0000] {taskinstance.py:2614} INFO - Dependencies all met for dep_context=non-requeueable deps ti=<TaskInstance: dbt_airflow.run_dbt_core manual__2025-04-14T17:44:19.622619+00:00 [queued]>
[2025-04-14T17:45:09.794+0000] {taskinstance.py:2614} INFO - Dependencies all met for dep_context=requeueable deps ti=<TaskInstance: dbt_airflow.run_dbt_core manual__2025-04-14T17:44:19.622619+00:00 [queued]>
[2025-04-14T17:45:09.795+0000] {taskinstance.py:2867} INFO - Starting attempt 1 of 2
[2025-04-14T17:45:09.809+0000] {taskinstance.py:2890} INFO - Executing <Task(BashOperator): run_dbt_core> on 2025-04-14 17:44:19.622619+00:00
[2025-04-14T17:45:09.817+0000] {logging_mixin.py:190} WARNING - /home/***/.local/lib/python3.12/site-packages/***/task/task_runner/standard_task_runner.py:70 DeprecationWarning: This process (pid=15208) is multi-threaded, use of fork() may lead to deadlocks in the child.
[2025-04-14T17:45:09.818+0000] {standard_task_runner.py:72} INFO - Started process 15209 to run task
[2025-04-14T17:45:09.817+0000] {standard_task_runner.py:104} INFO - Running: ['***', 'tasks', 'run', 'dbt_***', 'run_dbt_core', 'manual__2025-04-14T17:44:19.622619+00:00', '--job-id', '529', '--raw', '--subdir', 'DAGS_FOLDER/run_dbt_model.py', '--cfg-path', '/tmp/tmpg6bd05zp']
[2025-04-14T17:45:09.819+0000] {standard_task_runner.py:105} INFO - Job 529: Subtask run_dbt_core
[2025-04-14T17:45:09.866+0000] {task_command.py:467} INFO - Running <TaskInstance: dbt_airflow.run_dbt_core manual__2025-04-14T17:44:19.622619+00:00 [running]> on host b7be566335ce
[2025-04-14T17:45:09.958+0000] {taskinstance.py:3134} INFO - Exporting env vars: AIRFLOW_CTX_DAG_OWNER='***' AIRFLOW_CTX_DAG_ID='dbt_***' AIRFLOW_CTX_TASK_ID='run_dbt_core' AIRFLOW_CTX_EXECUTION_DATE='2025-04-14T17:44:19.622619+00:00' AIRFLOW_CTX_TRY_NUMBER='1' AIRFLOW_CTX_DAG_RUN_ID='manual__2025-04-14T17:44:19.622619+00:00'
[2025-04-14T17:45:09.959+0000] {taskinstance.py:732} INFO - ::endgroup::
[2025-04-14T17:45:09.975+0000] {subprocess.py:78} INFO - Tmp dir root location: /tmp
[2025-04-14T17:45:09.976+0000] {subprocess.py:88} INFO - Running command: ['/usr/bin/bash', '-c', 'cd /opt/***/dbt && dbt run --models core_flights']
[2025-04-14T17:45:09.985+0000] {subprocess.py:99} INFO - Output:
[2025-04-14T17:45:13.628+0000] {subprocess.py:106} INFO - [0m17:45:13  Running with dbt=1.7.9
[2025-04-14T17:45:15.461+0000] {subprocess.py:106} INFO - [0m17:45:15  Registered adapter: bigquery=1.7.9
[2025-04-14T17:45:16.400+0000] {subprocess.py:106} INFO - [0m17:45:16  Found 1 seed, 4 models, 1 source, 0 exposures, 0 metrics, 571 macros, 0 groups, 0 semantic models
[2025-04-14T17:45:16.405+0000] {subprocess.py:106} INFO - [0m17:45:16
[2025-04-14T17:45:17.166+0000] {subprocess.py:106} INFO - [0m17:45:17  Concurrency: 1 threads (target='dev')
[2025-04-14T17:45:17.167+0000] {subprocess.py:106} INFO - [0m17:45:17
[2025-04-14T17:45:17.180+0000] {subprocess.py:106} INFO - [0m17:45:17  1 of 1 START sql table model db_project_dataset.core_flights ................... [RUN]
[2025-04-14T17:45:21.142+0000] {subprocess.py:106} INFO - [0m17:45:21  1 of 1 OK created sql table model db_project_dataset.core_flights .............. [[32mCREATE TABLE (27.0m rows, 2.6 GiB processed)[0m in 3.96s]
[2025-04-14T17:45:21.149+0000] {subprocess.py:106} INFO - [0m17:45:21
[2025-04-14T17:45:21.151+0000] {subprocess.py:106} INFO - [0m17:45:21  Finished running 1 table model in 0 hours 0 minutes and 4.74 seconds (4.74s).
[2025-04-14T17:45:21.178+0000] {subprocess.py:106} INFO - [0m17:45:21
[2025-04-14T17:45:21.179+0000] {subprocess.py:106} INFO - [0m17:45:21  [32mCompleted successfully[0m
[2025-04-14T17:45:21.181+0000] {subprocess.py:106} INFO - [0m17:45:21
[2025-04-14T17:45:21.182+0000] {subprocess.py:106} INFO - [0m17:45:21  Done. PASS=1 WARN=0 ERROR=0 SKIP=0 TOTAL=1
[2025-04-14T17:45:22.261+0000] {subprocess.py:110} INFO - Command exited with return code 0
[2025-04-14T17:45:22.287+0000] {taskinstance.py:341} INFO - ::group::Post task execution logs
[2025-04-14T17:45:22.288+0000] {taskinstance.py:353} INFO - Marking task as SUCCESS. dag_id=dbt_***, task_id=run_dbt_core, run_id=manual__2025-04-14T17:44:19.622619+00:00, execution_date=20250414T174419, start_date=20250414T174509, end_date=20250414T174522
[2025-04-14T17:45:22.324+0000] {local_task_job_runner.py:266} INFO - Task exited with return code 0
[2025-04-14T17:45:22.354+0000] {taskinstance.py:3901} INFO - 1 downstream tasks scheduled from follow-on schedule check
[2025-04-14T17:45:22.356+0000] {local_task_job_runner.py:245} INFO - ::endgroup::
