[2025-04-14T17:40:16.576+0000] {local_task_job_runner.py:123} INFO - ::group::Pre task execution logs
[2025-04-14T17:40:16.597+0000] {taskinstance.py:2614} INFO - Dependencies all met for dep_context=non-requeueable deps ti=<TaskInstance: dbt_airflow.run_dbt_staging manual__2025-04-14T15:18:53.940263+00:00 [queued]>
[2025-04-14T17:40:16.609+0000] {taskinstance.py:2614} INFO - Dependencies all met for dep_context=requeueable deps ti=<TaskInstance: dbt_airflow.run_dbt_staging manual__2025-04-14T15:18:53.940263+00:00 [queued]>
[2025-04-14T17:40:16.610+0000] {taskinstance.py:2867} INFO - Starting attempt 14 of 15
[2025-04-14T17:40:16.640+0000] {taskinstance.py:2890} INFO - Executing <Task(BashOperator): run_dbt_staging> on 2025-04-14 15:18:53.940263+00:00
[2025-04-14T17:40:16.648+0000] {logging_mixin.py:190} WARNING - /home/***/.local/lib/python3.12/site-packages/***/task/task_runner/standard_task_runner.py:70 DeprecationWarning: This process (pid=14846) is multi-threaded, use of fork() may lead to deadlocks in the child.
[2025-04-14T17:40:16.650+0000] {standard_task_runner.py:72} INFO - Started process 14847 to run task
[2025-04-14T17:40:16.648+0000] {standard_task_runner.py:104} INFO - Running: ['***', 'tasks', 'run', 'dbt_***', 'run_dbt_staging', 'manual__2025-04-14T15:18:53.940263+00:00', '--job-id', '523', '--raw', '--subdir', 'DAGS_FOLDER/run_dbt_model.py', '--cfg-path', '/tmp/tmphdiketl9']
[2025-04-14T17:40:16.651+0000] {standard_task_runner.py:105} INFO - Job 523: Subtask run_dbt_staging
[2025-04-14T17:40:16.711+0000] {task_command.py:467} INFO - Running <TaskInstance: dbt_airflow.run_dbt_staging manual__2025-04-14T15:18:53.940263+00:00 [running]> on host b7be566335ce
[2025-04-14T17:40:16.834+0000] {taskinstance.py:3134} INFO - Exporting env vars: AIRFLOW_CTX_DAG_OWNER='***' AIRFLOW_CTX_DAG_ID='dbt_***' AIRFLOW_CTX_TASK_ID='run_dbt_staging' AIRFLOW_CTX_EXECUTION_DATE='2025-04-14T15:18:53.940263+00:00' AIRFLOW_CTX_TRY_NUMBER='14' AIRFLOW_CTX_DAG_RUN_ID='manual__2025-04-14T15:18:53.940263+00:00'
[2025-04-14T17:40:16.836+0000] {taskinstance.py:732} INFO - ::endgroup::
[2025-04-14T17:40:16.863+0000] {subprocess.py:78} INFO - Tmp dir root location: /tmp
[2025-04-14T17:40:16.865+0000] {subprocess.py:88} INFO - Running command: ['/usr/bin/bash', '-c', 'cd /opt/***/dbt && dbt deps && dbt run --models stg_flights']
[2025-04-14T17:40:16.880+0000] {subprocess.py:99} INFO - Output:
[2025-04-14T17:40:21.946+0000] {subprocess.py:106} INFO - [0m17:40:21  Running with dbt=1.7.9
[2025-04-14T17:40:25.974+0000] {subprocess.py:106} INFO - [0m17:40:25  Installing dbt-labs/dbt_utils
[2025-04-14T17:40:30.622+0000] {subprocess.py:106} INFO - [0m17:40:30  Installed from version 1.3.0
[2025-04-14T17:40:30.623+0000] {subprocess.py:106} INFO - [0m17:40:30  Up to date!
[2025-04-14T17:40:35.969+0000] {subprocess.py:106} INFO - [0m17:40:35  Running with dbt=1.7.9
[2025-04-14T17:40:37.623+0000] {subprocess.py:106} INFO - [0m17:40:37  Registered adapter: bigquery=1.7.9
[2025-04-14T17:40:39.292+0000] {subprocess.py:106} INFO - [0m17:40:39  Found 1 seed, 3 models, 1 source, 0 exposures, 0 metrics, 571 macros, 0 groups, 0 semantic models
[2025-04-14T17:40:39.300+0000] {subprocess.py:106} INFO - [0m17:40:39
[2025-04-14T17:40:40.168+0000] {subprocess.py:106} INFO - [0m17:40:40  Concurrency: 1 threads (target='dev')
[2025-04-14T17:40:40.170+0000] {subprocess.py:106} INFO - [0m17:40:40
[2025-04-14T17:40:40.190+0000] {subprocess.py:106} INFO - [0m17:40:40  1 of 1 START sql view model db_project_dataset.stg_flights ..................... [RUN]
[2025-04-14T17:40:41.847+0000] {subprocess.py:106} INFO - [0m17:40:41  1 of 1 OK created sql view model db_project_dataset.stg_flights ................ [[32mCREATE VIEW (0 processed)[0m in 1.65s]
[2025-04-14T17:40:41.853+0000] {subprocess.py:106} INFO - [0m17:40:41
[2025-04-14T17:40:41.854+0000] {subprocess.py:106} INFO - [0m17:40:41  Finished running 1 view model in 0 hours 0 minutes and 2.55 seconds (2.55s).
[2025-04-14T17:40:41.881+0000] {subprocess.py:106} INFO - [0m17:40:41
[2025-04-14T17:40:41.882+0000] {subprocess.py:106} INFO - [0m17:40:41  [32mCompleted successfully[0m
[2025-04-14T17:40:41.883+0000] {subprocess.py:106} INFO - [0m17:40:41
[2025-04-14T17:40:41.885+0000] {subprocess.py:106} INFO - [0m17:40:41  Done. PASS=1 WARN=0 ERROR=0 SKIP=0 TOTAL=1
[2025-04-14T17:40:42.928+0000] {subprocess.py:110} INFO - Command exited with return code 0
[2025-04-14T17:40:43.585+0000] {taskinstance.py:341} INFO - ::group::Post task execution logs
[2025-04-14T17:40:43.588+0000] {taskinstance.py:353} INFO - Marking task as SUCCESS. dag_id=dbt_***, task_id=run_dbt_staging, run_id=manual__2025-04-14T15:18:53.940263+00:00, execution_date=20250414T151853, start_date=20250414T174016, end_date=20250414T174043
[2025-04-14T17:40:43.665+0000] {local_task_job_runner.py:266} INFO - Task exited with return code 0
[2025-04-14T17:40:43.710+0000] {taskinstance.py:3901} INFO - 1 downstream tasks scheduled from follow-on schedule check
[2025-04-14T17:40:43.712+0000] {local_task_job_runner.py:245} INFO - ::endgroup::
