[2025-04-14T15:21:40.951+0000] {local_task_job_runner.py:123} INFO - ::group::Pre task execution logs
[2025-04-14T15:21:40.975+0000] {taskinstance.py:2614} INFO - Dependencies all met for dep_context=non-requeueable deps ti=<TaskInstance: dbt_airflow.run_dbt_staging manual__2025-04-14T15:18:53.940263+00:00 [queued]>
[2025-04-14T15:21:40.986+0000] {taskinstance.py:2614} INFO - Dependencies all met for dep_context=requeueable deps ti=<TaskInstance: dbt_airflow.run_dbt_staging manual__2025-04-14T15:18:53.940263+00:00 [queued]>
[2025-04-14T15:21:40.987+0000] {taskinstance.py:2867} INFO - Starting attempt 3 of 4
[2025-04-14T15:21:41.006+0000] {taskinstance.py:2890} INFO - Executing <Task(BashOperator): run_dbt_staging> on 2025-04-14 15:18:53.940263+00:00
[2025-04-14T15:21:41.014+0000] {logging_mixin.py:190} WARNING - /home/***/.local/lib/python3.12/site-packages/***/task/task_runner/standard_task_runner.py:70 DeprecationWarning: This process (pid=8013) is multi-threaded, use of fork() may lead to deadlocks in the child.
[2025-04-14T15:21:41.016+0000] {standard_task_runner.py:72} INFO - Started process 8014 to run task
[2025-04-14T15:21:41.015+0000] {standard_task_runner.py:104} INFO - Running: ['***', 'tasks', 'run', 'dbt_***', 'run_dbt_staging', 'manual__2025-04-14T15:18:53.940263+00:00', '--job-id', '488', '--raw', '--subdir', 'DAGS_FOLDER/run_dbt_model.py', '--cfg-path', '/tmp/tmpm2098fqy']
[2025-04-14T15:21:41.018+0000] {standard_task_runner.py:105} INFO - Job 488: Subtask run_dbt_staging
[2025-04-14T15:21:41.114+0000] {task_command.py:467} INFO - Running <TaskInstance: dbt_airflow.run_dbt_staging manual__2025-04-14T15:18:53.940263+00:00 [running]> on host b7be566335ce
[2025-04-14T15:21:41.249+0000] {taskinstance.py:3134} INFO - Exporting env vars: AIRFLOW_CTX_DAG_OWNER='***' AIRFLOW_CTX_DAG_ID='dbt_***' AIRFLOW_CTX_TASK_ID='run_dbt_staging' AIRFLOW_CTX_EXECUTION_DATE='2025-04-14T15:18:53.940263+00:00' AIRFLOW_CTX_TRY_NUMBER='3' AIRFLOW_CTX_DAG_RUN_ID='manual__2025-04-14T15:18:53.940263+00:00'
[2025-04-14T15:21:41.250+0000] {taskinstance.py:732} INFO - ::endgroup::
[2025-04-14T15:21:41.276+0000] {subprocess.py:78} INFO - Tmp dir root location: /tmp
[2025-04-14T15:21:41.278+0000] {subprocess.py:88} INFO - Running command: ['/usr/bin/bash', '-c', 'cd /opt/***/dbt && dbt deps && dbt run --models stg_flights']
[2025-04-14T15:21:41.291+0000] {subprocess.py:99} INFO - Output:
[2025-04-14T15:21:45.803+0000] {subprocess.py:106} INFO - [0m15:21:45  Running with dbt=1.7.9
[2025-04-14T15:21:46.829+0000] {subprocess.py:106} INFO - [0m15:21:46  Installing dbt-labs/dbt_utils
[2025-04-14T15:21:51.890+0000] {subprocess.py:106} INFO - [0m15:21:51  Installed from version 1.3.0
[2025-04-14T15:21:51.891+0000] {subprocess.py:106} INFO - [0m15:21:51  Up to date!
[2025-04-14T15:21:57.575+0000] {subprocess.py:106} INFO - [0m15:21:57  Running with dbt=1.7.9
[2025-04-14T15:21:59.467+0000] {subprocess.py:106} INFO - [0m15:21:59  Registered adapter: bigquery=1.7.9
[2025-04-14T15:22:01.391+0000] {subprocess.py:106} INFO - [0m15:22:01  Found 2 models, 1 source, 0 exposures, 0 metrics, 570 macros, 0 groups, 0 semantic models
[2025-04-14T15:22:01.408+0000] {subprocess.py:106} INFO - [0m15:22:01
[2025-04-14T15:22:02.163+0000] {subprocess.py:106} INFO - [0m15:22:02  Concurrency: 1 threads (target='dev')
[2025-04-14T15:22:02.166+0000] {subprocess.py:106} INFO - [0m15:22:02
[2025-04-14T15:22:03.181+0000] {subprocess.py:106} INFO - [0m15:22:03  1 of 1 START sql view model db_project_dataset.stg_flights ..................... [RUN]
[2025-04-14T15:22:04.113+0000] {subprocess.py:106} INFO - [0m15:22:04  1 of 1 OK created sql view model db_project_dataset.stg_flights ................ [[32mCREATE VIEW (0 processed)[0m in 0.93s]
[2025-04-14T15:22:04.124+0000] {subprocess.py:106} INFO - [0m15:22:04
[2025-04-14T15:22:04.125+0000] {subprocess.py:106} INFO - [0m15:22:04  Finished running 1 view model in 0 hours 0 minutes and 2.71 seconds (2.71s).
[2025-04-14T15:22:04.167+0000] {subprocess.py:106} INFO - [0m15:22:04
[2025-04-14T15:22:04.171+0000] {subprocess.py:106} INFO - [0m15:22:04  [32mCompleted successfully[0m
[2025-04-14T15:22:04.174+0000] {subprocess.py:106} INFO - [0m15:22:04
[2025-04-14T15:22:04.175+0000] {subprocess.py:106} INFO - [0m15:22:04  Done. PASS=1 WARN=0 ERROR=0 SKIP=0 TOTAL=1
[2025-04-14T15:22:05.470+0000] {subprocess.py:110} INFO - Command exited with return code 0
[2025-04-14T15:22:05.796+0000] {taskinstance.py:341} INFO - ::group::Post task execution logs
[2025-04-14T15:22:05.797+0000] {taskinstance.py:353} INFO - Marking task as SUCCESS. dag_id=dbt_***, task_id=run_dbt_staging, run_id=manual__2025-04-14T15:18:53.940263+00:00, execution_date=20250414T151853, start_date=20250414T152140, end_date=20250414T152205
[2025-04-14T15:22:06.158+0000] {local_task_job_runner.py:266} INFO - Task exited with return code 0
[2025-04-14T15:22:06.483+0000] {taskinstance.py:3901} INFO - 0 downstream tasks scheduled from follow-on schedule check
[2025-04-14T15:22:06.486+0000] {local_task_job_runner.py:245} INFO - ::endgroup::
