[2025-04-14T17:25:24.100+0000] {local_task_job_runner.py:123} INFO - ::group::Pre task execution logs
[2025-04-14T17:25:24.120+0000] {taskinstance.py:2614} INFO - Dependencies all met for dep_context=non-requeueable deps ti=<TaskInstance: dbt_airflow.run_dbt_staging manual__2025-04-14T15:18:53.940263+00:00 [queued]>
[2025-04-14T17:25:24.130+0000] {taskinstance.py:2614} INFO - Dependencies all met for dep_context=requeueable deps ti=<TaskInstance: dbt_airflow.run_dbt_staging manual__2025-04-14T15:18:53.940263+00:00 [queued]>
[2025-04-14T17:25:24.131+0000] {taskinstance.py:2867} INFO - Starting attempt 13 of 14
[2025-04-14T17:25:24.145+0000] {taskinstance.py:2890} INFO - Executing <Task(BashOperator): run_dbt_staging> on 2025-04-14 15:18:53.940263+00:00
[2025-04-14T17:25:24.154+0000] {standard_task_runner.py:104} INFO - Running: ['***', 'tasks', 'run', 'dbt_***', 'run_dbt_staging', 'manual__2025-04-14T15:18:53.940263+00:00', '--job-id', '518', '--raw', '--subdir', 'DAGS_FOLDER/run_dbt_model.py', '--cfg-path', '/tmp/tmpbtqy4eo4']
[2025-04-14T17:25:24.157+0000] {standard_task_runner.py:105} INFO - Job 518: Subtask run_dbt_staging
[2025-04-14T17:25:24.159+0000] {logging_mixin.py:190} WARNING - /home/***/.local/lib/python3.12/site-packages/***/task/task_runner/standard_task_runner.py:70 DeprecationWarning: This process (pid=14091) is multi-threaded, use of fork() may lead to deadlocks in the child.
[2025-04-14T17:25:24.160+0000] {standard_task_runner.py:72} INFO - Started process 14092 to run task
[2025-04-14T17:25:24.207+0000] {task_command.py:467} INFO - Running <TaskInstance: dbt_airflow.run_dbt_staging manual__2025-04-14T15:18:53.940263+00:00 [running]> on host b7be566335ce
[2025-04-14T17:25:24.289+0000] {taskinstance.py:3134} INFO - Exporting env vars: AIRFLOW_CTX_DAG_OWNER='***' AIRFLOW_CTX_DAG_ID='dbt_***' AIRFLOW_CTX_TASK_ID='run_dbt_staging' AIRFLOW_CTX_EXECUTION_DATE='2025-04-14T15:18:53.940263+00:00' AIRFLOW_CTX_TRY_NUMBER='13' AIRFLOW_CTX_DAG_RUN_ID='manual__2025-04-14T15:18:53.940263+00:00'
[2025-04-14T17:25:24.290+0000] {taskinstance.py:732} INFO - ::endgroup::
[2025-04-14T17:25:24.306+0000] {subprocess.py:78} INFO - Tmp dir root location: /tmp
[2025-04-14T17:25:24.308+0000] {subprocess.py:88} INFO - Running command: ['/usr/bin/bash', '-c', 'cd /opt/***/dbt && dbt deps && dbt run --models stg_flights']
[2025-04-14T17:25:24.317+0000] {subprocess.py:99} INFO - Output:
[2025-04-14T17:25:27.776+0000] {subprocess.py:106} INFO - [0m17:25:27  Running with dbt=1.7.9
[2025-04-14T17:25:28.726+0000] {subprocess.py:106} INFO - [0m17:25:28  Installing dbt-labs/dbt_utils
[2025-04-14T17:25:32.494+0000] {subprocess.py:106} INFO - [0m17:25:32  Installed from version 1.3.0
[2025-04-14T17:25:32.495+0000] {subprocess.py:106} INFO - [0m17:25:32  Up to date!
[2025-04-14T17:25:37.106+0000] {subprocess.py:106} INFO - [0m17:25:37  Running with dbt=1.7.9
[2025-04-14T17:25:38.624+0000] {subprocess.py:106} INFO - [0m17:25:38  Registered adapter: bigquery=1.7.9
[2025-04-14T17:25:40.168+0000] {subprocess.py:106} INFO - [0m17:25:40  Found 1 seed, 3 models, 1 source, 0 exposures, 0 metrics, 571 macros, 0 groups, 0 semantic models
[2025-04-14T17:25:40.172+0000] {subprocess.py:106} INFO - [0m17:25:40
[2025-04-14T17:25:40.907+0000] {subprocess.py:106} INFO - [0m17:25:40  Concurrency: 1 threads (target='dev')
[2025-04-14T17:25:40.909+0000] {subprocess.py:106} INFO - [0m17:25:40
[2025-04-14T17:25:40.920+0000] {subprocess.py:106} INFO - [0m17:25:40  1 of 1 START sql view model db_project_dataset.stg_flights ..................... [RUN]
[2025-04-14T17:25:41.600+0000] {subprocess.py:106} INFO - [0m17:25:41  1 of 1 OK created sql view model db_project_dataset.stg_flights ................ [[32mCREATE VIEW (0 processed)[0m in 0.68s]
[2025-04-14T17:25:41.607+0000] {subprocess.py:106} INFO - [0m17:25:41
[2025-04-14T17:25:41.608+0000] {subprocess.py:106} INFO - [0m17:25:41  Finished running 1 view model in 0 hours 0 minutes and 1.43 seconds (1.43s).
[2025-04-14T17:25:41.633+0000] {subprocess.py:106} INFO - [0m17:25:41
[2025-04-14T17:25:41.635+0000] {subprocess.py:106} INFO - [0m17:25:41  [32mCompleted successfully[0m
[2025-04-14T17:25:41.636+0000] {subprocess.py:106} INFO - [0m17:25:41
[2025-04-14T17:25:41.637+0000] {subprocess.py:106} INFO - [0m17:25:41  Done. PASS=1 WARN=0 ERROR=0 SKIP=0 TOTAL=1
[2025-04-14T17:25:42.640+0000] {subprocess.py:110} INFO - Command exited with return code 0
[2025-04-14T17:25:42.666+0000] {taskinstance.py:341} INFO - ::group::Post task execution logs
[2025-04-14T17:25:42.667+0000] {taskinstance.py:353} INFO - Marking task as SUCCESS. dag_id=dbt_***, task_id=run_dbt_staging, run_id=manual__2025-04-14T15:18:53.940263+00:00, execution_date=20250414T151853, start_date=20250414T172524, end_date=20250414T172542
[2025-04-14T17:25:42.730+0000] {local_task_job_runner.py:266} INFO - Task exited with return code 0
[2025-04-14T17:25:42.762+0000] {taskinstance.py:3901} INFO - 1 downstream tasks scheduled from follow-on schedule check
[2025-04-14T17:25:42.765+0000] {local_task_job_runner.py:245} INFO - ::endgroup::
