[2025-04-14T17:06:39.331+0000] {local_task_job_runner.py:123} INFO - ::group::Pre task execution logs
[2025-04-14T17:06:39.362+0000] {taskinstance.py:2614} INFO - Dependencies all met for dep_context=non-requeueable deps ti=<TaskInstance: dbt_airflow.run_dbt_staging manual__2025-04-14T15:18:53.940263+00:00 [queued]>
[2025-04-14T17:06:39.375+0000] {taskinstance.py:2614} INFO - Dependencies all met for dep_context=requeueable deps ti=<TaskInstance: dbt_airflow.run_dbt_staging manual__2025-04-14T15:18:53.940263+00:00 [queued]>
[2025-04-14T17:06:39.377+0000] {taskinstance.py:2867} INFO - Starting attempt 11 of 12
[2025-04-14T17:06:39.398+0000] {taskinstance.py:2890} INFO - Executing <Task(BashOperator): run_dbt_staging> on 2025-04-14 15:18:53.940263+00:00
[2025-04-14T17:06:39.410+0000] {standard_task_runner.py:104} INFO - Running: ['***', 'tasks', 'run', 'dbt_***', 'run_dbt_staging', 'manual__2025-04-14T15:18:53.940263+00:00', '--job-id', '509', '--raw', '--subdir', 'DAGS_FOLDER/run_dbt_model.py', '--cfg-path', '/tmp/tmp1e1_6g0p']
[2025-04-14T17:06:39.414+0000] {standard_task_runner.py:105} INFO - Job 509: Subtask run_dbt_staging
[2025-04-14T17:06:39.415+0000] {logging_mixin.py:190} WARNING - /home/***/.local/lib/python3.12/site-packages/***/task/task_runner/standard_task_runner.py:70 DeprecationWarning: This process (pid=13080) is multi-threaded, use of fork() may lead to deadlocks in the child.
[2025-04-14T17:06:39.416+0000] {standard_task_runner.py:72} INFO - Started process 13081 to run task
[2025-04-14T17:06:39.495+0000] {task_command.py:467} INFO - Running <TaskInstance: dbt_airflow.run_dbt_staging manual__2025-04-14T15:18:53.940263+00:00 [running]> on host b7be566335ce
[2025-04-14T17:06:39.634+0000] {taskinstance.py:3134} INFO - Exporting env vars: AIRFLOW_CTX_DAG_OWNER='***' AIRFLOW_CTX_DAG_ID='dbt_***' AIRFLOW_CTX_TASK_ID='run_dbt_staging' AIRFLOW_CTX_EXECUTION_DATE='2025-04-14T15:18:53.940263+00:00' AIRFLOW_CTX_TRY_NUMBER='11' AIRFLOW_CTX_DAG_RUN_ID='manual__2025-04-14T15:18:53.940263+00:00'
[2025-04-14T17:06:39.635+0000] {taskinstance.py:732} INFO - ::endgroup::
[2025-04-14T17:06:39.665+0000] {subprocess.py:78} INFO - Tmp dir root location: /tmp
[2025-04-14T17:06:39.666+0000] {subprocess.py:88} INFO - Running command: ['/usr/bin/bash', '-c', 'cd /opt/***/dbt && dbt deps && dbt run --models stg_flights']
[2025-04-14T17:06:39.685+0000] {subprocess.py:99} INFO - Output:
[2025-04-14T17:06:44.372+0000] {subprocess.py:106} INFO - [0m17:06:44  Running with dbt=1.7.9
[2025-04-14T17:06:45.466+0000] {subprocess.py:106} INFO - [0m17:06:45  Installing dbt-labs/dbt_utils
[2025-04-14T17:06:50.167+0000] {subprocess.py:106} INFO - [0m17:06:50  Installed from version 1.3.0
[2025-04-14T17:06:50.168+0000] {subprocess.py:106} INFO - [0m17:06:50  Up to date!
[2025-04-14T17:06:56.625+0000] {subprocess.py:106} INFO - [0m17:06:56  Running with dbt=1.7.9
[2025-04-14T17:07:04.543+0000] {subprocess.py:106} INFO - [0m17:07:04  Registered adapter: bigquery=1.7.9
[2025-04-14T17:07:06.651+0000] {subprocess.py:106} INFO - [0m17:07:06  Found 1 seed, 2 models, 1 source, 0 exposures, 0 metrics, 571 macros, 0 groups, 0 semantic models
[2025-04-14T17:07:06.657+0000] {subprocess.py:106} INFO - [0m17:07:06
[2025-04-14T17:07:07.343+0000] {subprocess.py:106} INFO - [0m17:07:07  Concurrency: 1 threads (target='dev')
[2025-04-14T17:07:07.358+0000] {subprocess.py:106} INFO - [0m17:07:07
[2025-04-14T17:07:07.377+0000] {subprocess.py:106} INFO - [0m17:07:07  1 of 1 START sql view model db_project_dataset.stg_flights ..................... [RUN]
[2025-04-14T17:07:08.225+0000] {subprocess.py:106} INFO - [0m17:07:08  1 of 1 OK created sql view model db_project_dataset.stg_flights ................ [[32mCREATE VIEW (0 processed)[0m in 0.84s]
[2025-04-14T17:07:08.233+0000] {subprocess.py:106} INFO - [0m17:07:08
[2025-04-14T17:07:08.234+0000] {subprocess.py:106} INFO - [0m17:07:08  Finished running 1 view model in 0 hours 0 minutes and 1.57 seconds (1.57s).
[2025-04-14T17:07:08.263+0000] {subprocess.py:106} INFO - [0m17:07:08
[2025-04-14T17:07:08.264+0000] {subprocess.py:106} INFO - [0m17:07:08  [32mCompleted successfully[0m
[2025-04-14T17:07:08.266+0000] {subprocess.py:106} INFO - [0m17:07:08
[2025-04-14T17:07:08.268+0000] {subprocess.py:106} INFO - [0m17:07:08  Done. PASS=1 WARN=0 ERROR=0 SKIP=0 TOTAL=1
[2025-04-14T17:07:09.687+0000] {subprocess.py:110} INFO - Command exited with return code 0
[2025-04-14T17:07:09.715+0000] {taskinstance.py:341} INFO - ::group::Post task execution logs
[2025-04-14T17:07:09.716+0000] {taskinstance.py:353} INFO - Marking task as SUCCESS. dag_id=dbt_***, task_id=run_dbt_staging, run_id=manual__2025-04-14T15:18:53.940263+00:00, execution_date=20250414T151853, start_date=20250414T170639, end_date=20250414T170709
[2025-04-14T17:07:09.771+0000] {local_task_job_runner.py:266} INFO - Task exited with return code 0
[2025-04-14T17:07:09.802+0000] {taskinstance.py:3901} INFO - 1 downstream tasks scheduled from follow-on schedule check
[2025-04-14T17:07:09.804+0000] {local_task_job_runner.py:245} INFO - ::endgroup::
