[2025-04-14T17:09:25.967+0000] {local_task_job_runner.py:123} INFO - ::group::Pre task execution logs
[2025-04-14T17:09:25.988+0000] {taskinstance.py:2614} INFO - Dependencies all met for dep_context=non-requeueable deps ti=<TaskInstance: dbt_airflow.run_dbt_staging manual__2025-04-14T15:18:53.940263+00:00 [queued]>
[2025-04-14T17:09:25.998+0000] {taskinstance.py:2614} INFO - Dependencies all met for dep_context=requeueable deps ti=<TaskInstance: dbt_airflow.run_dbt_staging manual__2025-04-14T15:18:53.940263+00:00 [queued]>
[2025-04-14T17:09:25.998+0000] {taskinstance.py:2867} INFO - Starting attempt 12 of 13
[2025-04-14T17:09:26.013+0000] {taskinstance.py:2890} INFO - Executing <Task(BashOperator): run_dbt_staging> on 2025-04-14 15:18:53.940263+00:00
[2025-04-14T17:09:26.020+0000] {standard_task_runner.py:104} INFO - Running: ['***', 'tasks', 'run', 'dbt_***', 'run_dbt_staging', 'manual__2025-04-14T15:18:53.940263+00:00', '--job-id', '511', '--raw', '--subdir', 'DAGS_FOLDER/run_dbt_model.py', '--cfg-path', '/tmp/tmpe7uyx0zg']
[2025-04-14T17:09:26.023+0000] {standard_task_runner.py:105} INFO - Job 511: Subtask run_dbt_staging
[2025-04-14T17:09:26.023+0000] {logging_mixin.py:190} WARNING - /home/***/.local/lib/python3.12/site-packages/***/task/task_runner/standard_task_runner.py:70 DeprecationWarning: This process (pid=13235) is multi-threaded, use of fork() may lead to deadlocks in the child.
[2025-04-14T17:09:26.024+0000] {standard_task_runner.py:72} INFO - Started process 13236 to run task
[2025-04-14T17:09:26.069+0000] {task_command.py:467} INFO - Running <TaskInstance: dbt_airflow.run_dbt_staging manual__2025-04-14T15:18:53.940263+00:00 [running]> on host b7be566335ce
[2025-04-14T17:09:26.154+0000] {taskinstance.py:3134} INFO - Exporting env vars: AIRFLOW_CTX_DAG_OWNER='***' AIRFLOW_CTX_DAG_ID='dbt_***' AIRFLOW_CTX_TASK_ID='run_dbt_staging' AIRFLOW_CTX_EXECUTION_DATE='2025-04-14T15:18:53.940263+00:00' AIRFLOW_CTX_TRY_NUMBER='12' AIRFLOW_CTX_DAG_RUN_ID='manual__2025-04-14T15:18:53.940263+00:00'
[2025-04-14T17:09:26.155+0000] {taskinstance.py:732} INFO - ::endgroup::
[2025-04-14T17:09:26.171+0000] {subprocess.py:78} INFO - Tmp dir root location: /tmp
[2025-04-14T17:09:26.172+0000] {subprocess.py:88} INFO - Running command: ['/usr/bin/bash', '-c', 'cd /opt/***/dbt && dbt deps && dbt run --models stg_flights']
[2025-04-14T17:09:26.180+0000] {subprocess.py:99} INFO - Output:
[2025-04-14T17:09:29.828+0000] {subprocess.py:106} INFO - [0m17:09:29  Running with dbt=1.7.9
[2025-04-14T17:09:30.613+0000] {subprocess.py:106} INFO - [0m17:09:30  Installing dbt-labs/dbt_utils
[2025-04-14T17:09:35.247+0000] {subprocess.py:106} INFO - [0m17:09:35  Installed from version 1.3.0
[2025-04-14T17:09:35.248+0000] {subprocess.py:106} INFO - [0m17:09:35  Up to date!
[2025-04-14T17:09:41.495+0000] {subprocess.py:106} INFO - [0m17:09:41  Running with dbt=1.7.9
[2025-04-14T17:09:44.070+0000] {subprocess.py:106} INFO - [0m17:09:44  Registered adapter: bigquery=1.7.9
[2025-04-14T17:09:45.990+0000] {subprocess.py:106} INFO - [0m17:09:45  Found 1 seed, 2 models, 1 source, 0 exposures, 0 metrics, 571 macros, 0 groups, 0 semantic models
[2025-04-14T17:09:45.996+0000] {subprocess.py:106} INFO - [0m17:09:45
[2025-04-14T17:09:46.853+0000] {subprocess.py:106} INFO - [0m17:09:46  Concurrency: 1 threads (target='dev')
[2025-04-14T17:09:46.867+0000] {subprocess.py:106} INFO - [0m17:09:46
[2025-04-14T17:09:46.905+0000] {subprocess.py:106} INFO - [0m17:09:46  1 of 1 START sql view model db_project_dataset.stg_flights ..................... [RUN]
[2025-04-14T17:09:47.671+0000] {subprocess.py:106} INFO - [0m17:09:47  1 of 1 OK created sql view model db_project_dataset.stg_flights ................ [[32mCREATE VIEW (0 processed)[0m in 0.76s]
[2025-04-14T17:09:47.679+0000] {subprocess.py:106} INFO - [0m17:09:47
[2025-04-14T17:09:47.681+0000] {subprocess.py:106} INFO - [0m17:09:47  Finished running 1 view model in 0 hours 0 minutes and 1.68 seconds (1.68s).
[2025-04-14T17:09:47.724+0000] {subprocess.py:106} INFO - [0m17:09:47
[2025-04-14T17:09:47.726+0000] {subprocess.py:106} INFO - [0m17:09:47  [32mCompleted successfully[0m
[2025-04-14T17:09:47.728+0000] {subprocess.py:106} INFO - [0m17:09:47
[2025-04-14T17:09:47.730+0000] {subprocess.py:106} INFO - [0m17:09:47  Done. PASS=1 WARN=0 ERROR=0 SKIP=0 TOTAL=1
[2025-04-14T17:09:48.843+0000] {subprocess.py:110} INFO - Command exited with return code 0
[2025-04-14T17:09:48.875+0000] {taskinstance.py:341} INFO - ::group::Post task execution logs
[2025-04-14T17:09:48.876+0000] {taskinstance.py:353} INFO - Marking task as SUCCESS. dag_id=dbt_***, task_id=run_dbt_staging, run_id=manual__2025-04-14T15:18:53.940263+00:00, execution_date=20250414T151853, start_date=20250414T170925, end_date=20250414T170948
[2025-04-14T17:09:48.941+0000] {local_task_job_runner.py:266} INFO - Task exited with return code 0
[2025-04-14T17:09:48.974+0000] {taskinstance.py:3901} INFO - 1 downstream tasks scheduled from follow-on schedule check
[2025-04-14T17:09:48.977+0000] {local_task_job_runner.py:245} INFO - ::endgroup::
