[2025-04-14T16:37:28.258+0000] {local_task_job_runner.py:123} INFO - ::group::Pre task execution logs
[2025-04-14T16:37:28.281+0000] {taskinstance.py:2614} INFO - Dependencies all met for dep_context=non-requeueable deps ti=<TaskInstance: dbt_airflow.run_dbt_staging manual__2025-04-14T15:18:53.940263+00:00 [queued]>
[2025-04-14T16:37:28.293+0000] {taskinstance.py:2614} INFO - Dependencies all met for dep_context=requeueable deps ti=<TaskInstance: dbt_airflow.run_dbt_staging manual__2025-04-14T15:18:53.940263+00:00 [queued]>
[2025-04-14T16:37:28.294+0000] {taskinstance.py:2867} INFO - Starting attempt 4 of 5
[2025-04-14T16:37:28.310+0000] {taskinstance.py:2890} INFO - Executing <Task(BashOperator): run_dbt_staging> on 2025-04-14 15:18:53.940263+00:00
[2025-04-14T16:37:28.320+0000] {logging_mixin.py:190} WARNING - /home/***/.local/lib/python3.12/site-packages/***/task/task_runner/standard_task_runner.py:70 DeprecationWarning: This process (pid=11331) is multi-threaded, use of fork() may lead to deadlocks in the child.
[2025-04-14T16:37:28.323+0000] {standard_task_runner.py:72} INFO - Started process 11332 to run task
[2025-04-14T16:37:28.321+0000] {standard_task_runner.py:104} INFO - Running: ['***', 'tasks', 'run', 'dbt_***', 'run_dbt_staging', 'manual__2025-04-14T15:18:53.940263+00:00', '--job-id', '489', '--raw', '--subdir', 'DAGS_FOLDER/run_dbt_model.py', '--cfg-path', '/tmp/tmprz5aetir']
[2025-04-14T16:37:28.326+0000] {standard_task_runner.py:105} INFO - Job 489: Subtask run_dbt_staging
[2025-04-14T16:37:28.391+0000] {task_command.py:467} INFO - Running <TaskInstance: dbt_airflow.run_dbt_staging manual__2025-04-14T15:18:53.940263+00:00 [running]> on host b7be566335ce
[2025-04-14T16:37:28.489+0000] {taskinstance.py:3134} INFO - Exporting env vars: AIRFLOW_CTX_DAG_OWNER='***' AIRFLOW_CTX_DAG_ID='dbt_***' AIRFLOW_CTX_TASK_ID='run_dbt_staging' AIRFLOW_CTX_EXECUTION_DATE='2025-04-14T15:18:53.940263+00:00' AIRFLOW_CTX_TRY_NUMBER='4' AIRFLOW_CTX_DAG_RUN_ID='manual__2025-04-14T15:18:53.940263+00:00'
[2025-04-14T16:37:28.490+0000] {taskinstance.py:732} INFO - ::endgroup::
[2025-04-14T16:37:28.505+0000] {subprocess.py:78} INFO - Tmp dir root location: /tmp
[2025-04-14T16:37:28.507+0000] {subprocess.py:88} INFO - Running command: ['/usr/bin/bash', '-c', 'cd /opt/***/dbt && dbt deps && dbt run --models stg_flights']
[2025-04-14T16:37:28.519+0000] {subprocess.py:99} INFO - Output:
[2025-04-14T16:37:32.870+0000] {subprocess.py:106} INFO - [0m16:37:32  Running with dbt=1.7.9
[2025-04-14T16:37:34.812+0000] {subprocess.py:106} INFO - [0m16:37:34  Installing dbt-labs/dbt_utils
[2025-04-14T16:37:38.879+0000] {subprocess.py:106} INFO - [0m16:37:38  Installed from version 1.3.0
[2025-04-14T16:37:38.880+0000] {subprocess.py:106} INFO - [0m16:37:38  Up to date!
[2025-04-14T16:37:45.959+0000] {subprocess.py:106} INFO - [0m16:37:45  Running with dbt=1.7.9
[2025-04-14T16:37:47.798+0000] {subprocess.py:106} INFO - [0m16:37:47  Registered adapter: bigquery=1.7.9
[2025-04-14T16:37:47.872+0000] {subprocess.py:106} INFO - [0m16:37:47  Unable to do partial parsing because a project dependency has been added
[2025-04-14T16:37:51.447+0000] {subprocess.py:106} INFO - [0m16:37:51  Found 2 models, 1 seed, 1 source, 0 exposures, 0 metrics, 570 macros, 0 groups, 0 semantic models
[2025-04-14T16:37:51.460+0000] {subprocess.py:106} INFO - [0m16:37:51
[2025-04-14T16:37:52.275+0000] {subprocess.py:106} INFO - [0m16:37:52  Concurrency: 1 threads (target='dev')
[2025-04-14T16:37:52.276+0000] {subprocess.py:106} INFO - [0m16:37:52
[2025-04-14T16:37:52.296+0000] {subprocess.py:106} INFO - [0m16:37:52  1 of 1 START sql view model db_project_dataset.stg_flights ..................... [RUN]
[2025-04-14T16:37:53.933+0000] {subprocess.py:106} INFO - [0m16:37:53  1 of 1 OK created sql view model db_project_dataset.stg_flights ................ [[32mCREATE VIEW (0 processed)[0m in 1.63s]
[2025-04-14T16:37:53.940+0000] {subprocess.py:106} INFO - [0m16:37:53
[2025-04-14T16:37:53.942+0000] {subprocess.py:106} INFO - [0m16:37:53  Finished running 1 view model in 0 hours 0 minutes and 2.48 seconds (2.48s).
[2025-04-14T16:37:53.979+0000] {subprocess.py:106} INFO - [0m16:37:53
[2025-04-14T16:37:53.980+0000] {subprocess.py:106} INFO - [0m16:37:53  [32mCompleted successfully[0m
[2025-04-14T16:37:53.981+0000] {subprocess.py:106} INFO - [0m16:37:53
[2025-04-14T16:37:53.982+0000] {subprocess.py:106} INFO - [0m16:37:53  Done. PASS=1 WARN=0 ERROR=0 SKIP=0 TOTAL=1
[2025-04-14T16:37:55.099+0000] {subprocess.py:110} INFO - Command exited with return code 0
[2025-04-14T16:37:55.130+0000] {taskinstance.py:341} INFO - ::group::Post task execution logs
[2025-04-14T16:37:55.131+0000] {taskinstance.py:353} INFO - Marking task as SUCCESS. dag_id=dbt_***, task_id=run_dbt_staging, run_id=manual__2025-04-14T15:18:53.940263+00:00, execution_date=20250414T151853, start_date=20250414T163728, end_date=20250414T163755
[2025-04-14T16:37:55.207+0000] {local_task_job_runner.py:266} INFO - Task exited with return code 0
[2025-04-14T16:37:55.245+0000] {taskinstance.py:3901} INFO - 1 downstream tasks scheduled from follow-on schedule check
[2025-04-14T16:37:55.248+0000] {local_task_job_runner.py:245} INFO - ::endgroup::
