[2025-04-14T15:11:28.704+0000] {local_task_job_runner.py:123} INFO - ::group::Pre task execution logs
[2025-04-14T15:11:28.730+0000] {taskinstance.py:2614} INFO - Dependencies all met for dep_context=non-requeueable deps ti=<TaskInstance: spark_csv_to_bigquery.submit_spark_job manual__2025-04-14T14:50:58.793505+00:00 [queued]>
[2025-04-14T15:11:28.742+0000] {taskinstance.py:2614} INFO - Dependencies all met for dep_context=requeueable deps ti=<TaskInstance: spark_csv_to_bigquery.submit_spark_job manual__2025-04-14T14:50:58.793505+00:00 [queued]>
[2025-04-14T15:11:28.743+0000] {taskinstance.py:2867} INFO - Starting attempt 10 of 10
[2025-04-14T15:11:28.757+0000] {taskinstance.py:2890} INFO - Executing <Task(DataprocSubmitJobOperator): submit_spark_job> on 2025-04-14 14:50:58.793505+00:00
[2025-04-14T15:11:28.767+0000] {logging_mixin.py:190} WARNING - /home/***/.local/lib/python3.12/site-packages/***/task/task_runner/standard_task_runner.py:70 DeprecationWarning: This process (pid=7124) is multi-threaded, use of fork() may lead to deadlocks in the child.
[2025-04-14T15:11:28.766+0000] {standard_task_runner.py:104} INFO - Running: ['***', 'tasks', 'run', 'spark_csv_to_bigquery', 'submit_spark_job', 'manual__2025-04-14T14:50:58.793505+00:00', '--job-id', '485', '--raw', '--subdir', 'DAGS_FOLDER/spark_job/spark_job.py', '--cfg-path', '/tmp/tmpl9adp1vu']
[2025-04-14T15:11:28.768+0000] {standard_task_runner.py:72} INFO - Started process 7125 to run task
[2025-04-14T15:11:28.769+0000] {standard_task_runner.py:105} INFO - Job 485: Subtask submit_spark_job
[2025-04-14T15:11:28.821+0000] {task_command.py:467} INFO - Running <TaskInstance: spark_csv_to_bigquery.submit_spark_job manual__2025-04-14T14:50:58.793505+00:00 [running]> on host b7be566335ce
[2025-04-14T15:11:28.910+0000] {taskinstance.py:3134} INFO - Exporting env vars: AIRFLOW_CTX_DAG_OWNER='***' AIRFLOW_CTX_DAG_ID='spark_csv_to_bigquery' AIRFLOW_CTX_TASK_ID='submit_spark_job' AIRFLOW_CTX_EXECUTION_DATE='2025-04-14T14:50:58.793505+00:00' AIRFLOW_CTX_TRY_NUMBER='10' AIRFLOW_CTX_DAG_RUN_ID='manual__2025-04-14T14:50:58.793505+00:00'
[2025-04-14T15:11:28.912+0000] {taskinstance.py:732} INFO - ::endgroup::
[2025-04-14T15:11:28.927+0000] {dataproc.py:2618} INFO - Submitting job
[2025-04-14T15:11:28.929+0000] {crypto.py:82} WARNING - empty cryptography key - values will not be stored encrypted.
[2025-04-14T15:11:28.930+0000] {connection.py:277} WARNING - Connection schemes (type: google_cloud) shall not contain '_' according to RFC3986.
[2025-04-14T15:11:28.931+0000] {base.py:84} INFO - Retrieving connection 'google_cloud_default'
[2025-04-14T15:11:29.261+0000] {dataproc.py:2630} INFO - Job 2e5cc3d2-ff31-4b33-bfb1-82e0ce73f58a submitted successfully.
[2025-04-14T15:11:29.392+0000] {dataproc.py:2665} INFO - Waiting for job 2e5cc3d2-ff31-4b33-bfb1-82e0ce73f58a to complete
[2025-04-14T15:16:15.950+0000] {dataproc.py:2669} INFO - Job 2e5cc3d2-ff31-4b33-bfb1-82e0ce73f58a completed successfully.
[2025-04-14T15:16:15.978+0000] {taskinstance.py:341} INFO - ::group::Post task execution logs
[2025-04-14T15:16:15.978+0000] {taskinstance.py:353} INFO - Marking task as SUCCESS. dag_id=spark_csv_to_bigquery, task_id=submit_spark_job, run_id=manual__2025-04-14T14:50:58.793505+00:00, execution_date=20250414T145058, start_date=20250414T151128, end_date=20250414T151615
[2025-04-14T15:16:16.047+0000] {local_task_job_runner.py:266} INFO - Task exited with return code 0
[2025-04-14T15:16:16.069+0000] {taskinstance.py:3901} INFO - 0 downstream tasks scheduled from follow-on schedule check
[2025-04-14T15:16:16.071+0000] {local_task_job_runner.py:245} INFO - ::endgroup::
