[2025-04-14T17:25:43.743+0000] {local_task_job_runner.py:123} INFO - ::group::Pre task execution logs
[2025-04-14T17:25:43.770+0000] {taskinstance.py:2614} INFO - Dependencies all met for dep_context=non-requeueable deps ti=<TaskInstance: dbt_airflow.run_dbt_seed manual__2025-04-14T15:18:53.940263+00:00 [queued]>
[2025-04-14T17:25:43.780+0000] {taskinstance.py:2614} INFO - Dependencies all met for dep_context=requeueable deps ti=<TaskInstance: dbt_airflow.run_dbt_seed manual__2025-04-14T15:18:53.940263+00:00 [queued]>
[2025-04-14T17:25:43.781+0000] {taskinstance.py:2867} INFO - Starting attempt 5 of 6
[2025-04-14T17:25:43.795+0000] {taskinstance.py:2890} INFO - Executing <Task(BashOperator): run_dbt_seed> on 2025-04-14 15:18:53.940263+00:00
[2025-04-14T17:25:43.802+0000] {logging_mixin.py:190} WARNING - /home/***/.local/lib/python3.12/site-packages/***/task/task_runner/standard_task_runner.py:70 DeprecationWarning: This process (pid=14142) is multi-threaded, use of fork() may lead to deadlocks in the child.
[2025-04-14T17:25:43.803+0000] {standard_task_runner.py:72} INFO - Started process 14143 to run task
[2025-04-14T17:25:43.802+0000] {standard_task_runner.py:104} INFO - Running: ['***', 'tasks', 'run', 'dbt_***', 'run_dbt_seed', 'manual__2025-04-14T15:18:53.940263+00:00', '--job-id', '519', '--raw', '--subdir', 'DAGS_FOLDER/run_dbt_model.py', '--cfg-path', '/tmp/tmpsdf490fa']
[2025-04-14T17:25:43.805+0000] {standard_task_runner.py:105} INFO - Job 519: Subtask run_dbt_seed
[2025-04-14T17:25:43.851+0000] {task_command.py:467} INFO - Running <TaskInstance: dbt_airflow.run_dbt_seed manual__2025-04-14T15:18:53.940263+00:00 [running]> on host b7be566335ce
[2025-04-14T17:25:43.931+0000] {taskinstance.py:3134} INFO - Exporting env vars: AIRFLOW_CTX_DAG_OWNER='***' AIRFLOW_CTX_DAG_ID='dbt_***' AIRFLOW_CTX_TASK_ID='run_dbt_seed' AIRFLOW_CTX_EXECUTION_DATE='2025-04-14T15:18:53.940263+00:00' AIRFLOW_CTX_TRY_NUMBER='5' AIRFLOW_CTX_DAG_RUN_ID='manual__2025-04-14T15:18:53.940263+00:00'
[2025-04-14T17:25:43.932+0000] {taskinstance.py:732} INFO - ::endgroup::
[2025-04-14T17:25:43.948+0000] {subprocess.py:78} INFO - Tmp dir root location: /tmp
[2025-04-14T17:25:43.949+0000] {subprocess.py:88} INFO - Running command: ['/usr/bin/bash', '-c', 'cd /opt/***/dbt && dbt seed']
[2025-04-14T17:25:43.958+0000] {subprocess.py:99} INFO - Output:
[2025-04-14T17:25:47.341+0000] {subprocess.py:106} INFO - [0m17:25:47  Running with dbt=1.7.9
[2025-04-14T17:25:48.848+0000] {subprocess.py:106} INFO - [0m17:25:48  Registered adapter: bigquery=1.7.9
[2025-04-14T17:25:49.855+0000] {subprocess.py:106} INFO - [0m17:25:49  Found 1 seed, 3 models, 1 source, 0 exposures, 0 metrics, 571 macros, 0 groups, 0 semantic models
[2025-04-14T17:25:49.860+0000] {subprocess.py:106} INFO - [0m17:25:49
[2025-04-14T17:25:50.576+0000] {subprocess.py:106} INFO - [0m17:25:50  Concurrency: 1 threads (target='dev')
[2025-04-14T17:25:50.577+0000] {subprocess.py:106} INFO - [0m17:25:50
[2025-04-14T17:25:50.589+0000] {subprocess.py:106} INFO - [0m17:25:50  1 of 1 START seed file db_project_dataset.airports ............................. [RUN]
[2025-04-14T17:25:54.576+0000] {subprocess.py:106} INFO - [0m17:25:54  1 of 1 OK loaded seed file db_project_dataset.airports ......................... [[32mINSERT 3376[0m in 3.98s]
[2025-04-14T17:25:54.584+0000] {subprocess.py:106} INFO - [0m17:25:54
[2025-04-14T17:25:54.585+0000] {subprocess.py:106} INFO - [0m17:25:54  Finished running 1 seed in 0 hours 0 minutes and 4.72 seconds (4.72s).
[2025-04-14T17:25:54.613+0000] {subprocess.py:106} INFO - [0m17:25:54
[2025-04-14T17:25:54.614+0000] {subprocess.py:106} INFO - [0m17:25:54  [32mCompleted successfully[0m
[2025-04-14T17:25:54.616+0000] {subprocess.py:106} INFO - [0m17:25:54
[2025-04-14T17:25:54.617+0000] {subprocess.py:106} INFO - [0m17:25:54  Done. PASS=1 WARN=0 ERROR=0 SKIP=0 TOTAL=1
[2025-04-14T17:25:55.697+0000] {subprocess.py:110} INFO - Command exited with return code 0
[2025-04-14T17:25:55.729+0000] {taskinstance.py:341} INFO - ::group::Post task execution logs
[2025-04-14T17:25:55.730+0000] {taskinstance.py:353} INFO - Marking task as SUCCESS. dag_id=dbt_***, task_id=run_dbt_seed, run_id=manual__2025-04-14T15:18:53.940263+00:00, execution_date=20250414T151853, start_date=20250414T172543, end_date=20250414T172555
[2025-04-14T17:25:55.778+0000] {local_task_job_runner.py:266} INFO - Task exited with return code 0
[2025-04-14T17:25:55.806+0000] {taskinstance.py:3901} INFO - 1 downstream tasks scheduled from follow-on schedule check
[2025-04-14T17:25:55.808+0000] {local_task_job_runner.py:245} INFO - ::endgroup::
