[2025-04-14T17:40:44.842+0000] {local_task_job_runner.py:123} INFO - ::group::Pre task execution logs
[2025-04-14T17:40:44.873+0000] {taskinstance.py:2614} INFO - Dependencies all met for dep_context=non-requeueable deps ti=<TaskInstance: dbt_airflow.run_dbt_seed manual__2025-04-14T15:18:53.940263+00:00 [queued]>
[2025-04-14T17:40:44.887+0000] {taskinstance.py:2614} INFO - Dependencies all met for dep_context=requeueable deps ti=<TaskInstance: dbt_airflow.run_dbt_seed manual__2025-04-14T15:18:53.940263+00:00 [queued]>
[2025-04-14T17:40:44.887+0000] {taskinstance.py:2867} INFO - Starting attempt 6 of 7
[2025-04-14T17:40:44.906+0000] {taskinstance.py:2890} INFO - Executing <Task(BashOperator): run_dbt_seed> on 2025-04-14 15:18:53.940263+00:00
[2025-04-14T17:40:44.914+0000] {logging_mixin.py:190} WARNING - /home/***/.local/lib/python3.12/site-packages/***/task/task_runner/standard_task_runner.py:70 DeprecationWarning: This process (pid=14897) is multi-threaded, use of fork() may lead to deadlocks in the child.
[2025-04-14T17:40:44.916+0000] {standard_task_runner.py:72} INFO - Started process 14898 to run task
[2025-04-14T17:40:44.914+0000] {standard_task_runner.py:104} INFO - Running: ['***', 'tasks', 'run', 'dbt_***', 'run_dbt_seed', 'manual__2025-04-14T15:18:53.940263+00:00', '--job-id', '524', '--raw', '--subdir', 'DAGS_FOLDER/run_dbt_model.py', '--cfg-path', '/tmp/tmp2xf22taq']
[2025-04-14T17:40:44.917+0000] {standard_task_runner.py:105} INFO - Job 524: Subtask run_dbt_seed
[2025-04-14T17:40:44.972+0000] {task_command.py:467} INFO - Running <TaskInstance: dbt_airflow.run_dbt_seed manual__2025-04-14T15:18:53.940263+00:00 [running]> on host b7be566335ce
[2025-04-14T17:40:45.104+0000] {taskinstance.py:3134} INFO - Exporting env vars: AIRFLOW_CTX_DAG_OWNER='***' AIRFLOW_CTX_DAG_ID='dbt_***' AIRFLOW_CTX_TASK_ID='run_dbt_seed' AIRFLOW_CTX_EXECUTION_DATE='2025-04-14T15:18:53.940263+00:00' AIRFLOW_CTX_TRY_NUMBER='6' AIRFLOW_CTX_DAG_RUN_ID='manual__2025-04-14T15:18:53.940263+00:00'
[2025-04-14T17:40:45.105+0000] {taskinstance.py:732} INFO - ::endgroup::
[2025-04-14T17:40:45.127+0000] {subprocess.py:78} INFO - Tmp dir root location: /tmp
[2025-04-14T17:40:45.130+0000] {subprocess.py:88} INFO - Running command: ['/usr/bin/bash', '-c', 'cd /opt/***/dbt && dbt seed']
[2025-04-14T17:40:45.145+0000] {subprocess.py:99} INFO - Output:
[2025-04-14T17:40:50.164+0000] {subprocess.py:106} INFO - [0m17:40:50  Running with dbt=1.7.9
[2025-04-14T17:40:53.075+0000] {subprocess.py:106} INFO - [0m17:40:53  Registered adapter: bigquery=1.7.9
[2025-04-14T17:40:54.561+0000] {subprocess.py:106} INFO - [0m17:40:54  Found 1 seed, 3 models, 1 source, 0 exposures, 0 metrics, 571 macros, 0 groups, 0 semantic models
[2025-04-14T17:40:54.569+0000] {subprocess.py:106} INFO - [0m17:40:54
[2025-04-14T17:40:55.889+0000] {subprocess.py:106} INFO - [0m17:40:55  Concurrency: 1 threads (target='dev')
[2025-04-14T17:40:55.891+0000] {subprocess.py:106} INFO - [0m17:40:55
[2025-04-14T17:40:55.905+0000] {subprocess.py:106} INFO - [0m17:40:55  1 of 1 START seed file db_project_dataset.airports ............................. [RUN]
[2025-04-14T17:41:00.072+0000] {subprocess.py:106} INFO - [0m17:41:00  1 of 1 OK loaded seed file db_project_dataset.airports ......................... [[32mINSERT 3376[0m in 4.16s]
[2025-04-14T17:41:00.081+0000] {subprocess.py:106} INFO - [0m17:41:00
[2025-04-14T17:41:00.082+0000] {subprocess.py:106} INFO - [0m17:41:00  Finished running 1 seed in 0 hours 0 minutes and 5.51 seconds (5.51s).
[2025-04-14T17:41:00.113+0000] {subprocess.py:106} INFO - [0m17:41:00
[2025-04-14T17:41:00.115+0000] {subprocess.py:106} INFO - [0m17:41:00  [32mCompleted successfully[0m
[2025-04-14T17:41:00.116+0000] {subprocess.py:106} INFO - [0m17:41:00
[2025-04-14T17:41:00.118+0000] {subprocess.py:106} INFO - [0m17:41:00  Done. PASS=1 WARN=0 ERROR=0 SKIP=0 TOTAL=1
[2025-04-14T17:41:01.332+0000] {subprocess.py:110} INFO - Command exited with return code 0
[2025-04-14T17:41:01.365+0000] {taskinstance.py:341} INFO - ::group::Post task execution logs
[2025-04-14T17:41:01.366+0000] {taskinstance.py:353} INFO - Marking task as SUCCESS. dag_id=dbt_***, task_id=run_dbt_seed, run_id=manual__2025-04-14T15:18:53.940263+00:00, execution_date=20250414T151853, start_date=20250414T174044, end_date=20250414T174101
[2025-04-14T17:41:01.478+0000] {local_task_job_runner.py:266} INFO - Task exited with return code 0
[2025-04-14T17:41:01.517+0000] {taskinstance.py:3901} INFO - 0 downstream tasks scheduled from follow-on schedule check
[2025-04-14T17:41:01.524+0000] {local_task_job_runner.py:245} INFO - ::endgroup::
