[2025-04-14T16:49:48.059+0000] {local_task_job_runner.py:123} INFO - ::group::Pre task execution logs
[2025-04-14T16:49:48.085+0000] {taskinstance.py:2614} INFO - Dependencies all met for dep_context=non-requeueable deps ti=<TaskInstance: dbt_airflow.run_dbt_seed manual__2025-04-14T15:18:53.940263+00:00 [queued]>
[2025-04-14T16:49:48.099+0000] {taskinstance.py:2614} INFO - Dependencies all met for dep_context=requeueable deps ti=<TaskInstance: dbt_airflow.run_dbt_seed manual__2025-04-14T15:18:53.940263+00:00 [queued]>
[2025-04-14T16:49:48.100+0000] {taskinstance.py:2867} INFO - Starting attempt 4 of 5
[2025-04-14T16:49:48.121+0000] {taskinstance.py:2890} INFO - Executing <Task(BashOperator): run_dbt_seed> on 2025-04-14 15:18:53.940263+00:00
[2025-04-14T16:49:48.131+0000] {logging_mixin.py:190} WARNING - /home/***/.local/lib/python3.12/site-packages/***/task/task_runner/standard_task_runner.py:70 DeprecationWarning: This process (pid=12030) is multi-threaded, use of fork() may lead to deadlocks in the child.
[2025-04-14T16:49:48.132+0000] {standard_task_runner.py:72} INFO - Started process 12031 to run task
[2025-04-14T16:49:48.131+0000] {standard_task_runner.py:104} INFO - Running: ['***', 'tasks', 'run', 'dbt_***', 'run_dbt_seed', 'manual__2025-04-14T15:18:53.940263+00:00', '--job-id', '496', '--raw', '--subdir', 'DAGS_FOLDER/run_dbt_model.py', '--cfg-path', '/tmp/tmpe277oxov']
[2025-04-14T16:49:48.134+0000] {standard_task_runner.py:105} INFO - Job 496: Subtask run_dbt_seed
[2025-04-14T16:49:48.197+0000] {task_command.py:467} INFO - Running <TaskInstance: dbt_airflow.run_dbt_seed manual__2025-04-14T15:18:53.940263+00:00 [running]> on host b7be566335ce
[2025-04-14T16:49:48.286+0000] {taskinstance.py:3134} INFO - Exporting env vars: AIRFLOW_CTX_DAG_OWNER='***' AIRFLOW_CTX_DAG_ID='dbt_***' AIRFLOW_CTX_TASK_ID='run_dbt_seed' AIRFLOW_CTX_EXECUTION_DATE='2025-04-14T15:18:53.940263+00:00' AIRFLOW_CTX_TRY_NUMBER='4' AIRFLOW_CTX_DAG_RUN_ID='manual__2025-04-14T15:18:53.940263+00:00'
[2025-04-14T16:49:48.288+0000] {taskinstance.py:732} INFO - ::endgroup::
[2025-04-14T16:49:48.310+0000] {subprocess.py:78} INFO - Tmp dir root location: /tmp
[2025-04-14T16:49:48.312+0000] {subprocess.py:88} INFO - Running command: ['/usr/bin/bash', '-c', 'cd /opt/***/dbt && dbt seed']
[2025-04-14T16:49:48.325+0000] {subprocess.py:99} INFO - Output:
[2025-04-14T16:49:52.879+0000] {subprocess.py:106} INFO - [0m16:49:52  Running with dbt=1.7.9
[2025-04-14T16:49:55.727+0000] {subprocess.py:106} INFO - [0m16:49:55  Registered adapter: bigquery=1.7.9
[2025-04-14T16:49:55.803+0000] {subprocess.py:106} INFO - [0m16:49:55  Unable to do partial parsing because a project config has changed
[2025-04-14T16:50:00.315+0000] {subprocess.py:106} INFO - [0m16:50:00  Found 2 models, 1 seed, 1 source, 0 exposures, 0 metrics, 570 macros, 0 groups, 0 semantic models
[2025-04-14T16:50:00.324+0000] {subprocess.py:106} INFO - [0m16:50:00
[2025-04-14T16:50:01.220+0000] {subprocess.py:106} INFO - [0m16:50:01  Concurrency: 1 threads (target='dev')
[2025-04-14T16:50:01.222+0000] {subprocess.py:106} INFO - [0m16:50:01
[2025-04-14T16:50:01.875+0000] {subprocess.py:106} INFO - [0m16:50:01  1 of 1 START seed file db_project_dataset.airports ............................. [RUN]
[2025-04-14T16:50:06.076+0000] {subprocess.py:106} INFO - [0m16:50:06  1 of 1 OK loaded seed file db_project_dataset.airports ......................... [[32mINSERT 3376[0m in 4.20s]
[2025-04-14T16:50:06.089+0000] {subprocess.py:106} INFO - [0m16:50:06
[2025-04-14T16:50:06.090+0000] {subprocess.py:106} INFO - [0m16:50:06  Finished running 1 seed in 0 hours 0 minutes and 5.76 seconds (5.76s).
[2025-04-14T16:50:06.138+0000] {subprocess.py:106} INFO - [0m16:50:06
[2025-04-14T16:50:06.140+0000] {subprocess.py:106} INFO - [0m16:50:06  [32mCompleted successfully[0m
[2025-04-14T16:50:06.142+0000] {subprocess.py:106} INFO - [0m16:50:06
[2025-04-14T16:50:06.148+0000] {subprocess.py:106} INFO - [0m16:50:06  Done. PASS=1 WARN=0 ERROR=0 SKIP=0 TOTAL=1
[2025-04-14T16:50:07.282+0000] {subprocess.py:110} INFO - Command exited with return code 0
[2025-04-14T16:50:07.307+0000] {taskinstance.py:341} INFO - ::group::Post task execution logs
[2025-04-14T16:50:07.308+0000] {taskinstance.py:353} INFO - Marking task as SUCCESS. dag_id=dbt_***, task_id=run_dbt_seed, run_id=manual__2025-04-14T15:18:53.940263+00:00, execution_date=20250414T151853, start_date=20250414T164948, end_date=20250414T165007
[2025-04-14T16:50:07.346+0000] {local_task_job_runner.py:266} INFO - Task exited with return code 0
[2025-04-14T16:50:07.362+0000] {taskinstance.py:3901} INFO - 0 downstream tasks scheduled from follow-on schedule check
[2025-04-14T16:50:07.365+0000] {local_task_job_runner.py:245} INFO - ::endgroup::
