[2025-04-17T21:00:18.490+0000] {local_task_job_runner.py:123} INFO - ::group::Pre task execution logs
[2025-04-17T21:00:18.514+0000] {taskinstance.py:2614} INFO - Dependencies all met for dep_context=non-requeueable deps ti=<TaskInstance: kaggle_to_gcs.download_csv_from_kaggle scheduled__1989-01-01T00:00:00+00:00 [queued]>
[2025-04-17T21:00:18.524+0000] {taskinstance.py:2614} INFO - Dependencies all met for dep_context=requeueable deps ti=<TaskInstance: kaggle_to_gcs.download_csv_from_kaggle scheduled__1989-01-01T00:00:00+00:00 [queued]>
[2025-04-17T21:00:18.540+0000] {taskinstance.py:2867} INFO - Starting attempt 1 of 2
[2025-04-17T21:00:18.561+0000] {taskinstance.py:2890} INFO - Executing <Task(PythonOperator): download_csv_from_kaggle> on 1989-01-01 00:00:00+00:00
[2025-04-17T21:00:18.572+0000] {standard_task_runner.py:104} INFO - Running: ['***', 'tasks', 'run', 'kaggle_to_gcs', 'download_csv_from_kaggle', 'scheduled__1989-01-01T00:00:00+00:00', '--job-id', '550', '--raw', '--subdir', 'DAGS_FOLDER/kaggle_to_gcs.py', '--cfg-path', '/tmp/tmpd8o3d63s']
[2025-04-17T21:00:18.576+0000] {standard_task_runner.py:105} INFO - Job 550: Subtask download_csv_from_kaggle
[2025-04-17T21:00:18.577+0000] {logging_mixin.py:190} WARNING - /home/***/.local/lib/python3.12/site-packages/***/task/task_runner/standard_task_runner.py:70 DeprecationWarning: This process (pid=1934) is multi-threaded, use of fork() may lead to deadlocks in the child.
[2025-04-17T21:00:18.579+0000] {standard_task_runner.py:72} INFO - Started process 1936 to run task
[2025-04-17T21:00:18.636+0000] {task_command.py:467} INFO - Running <TaskInstance: kaggle_to_gcs.download_csv_from_kaggle scheduled__1989-01-01T00:00:00+00:00 [running]> on host f21ba0bbe878
[2025-04-17T21:00:18.752+0000] {taskinstance.py:3134} INFO - Exporting env vars: AIRFLOW_CTX_DAG_OWNER='***' AIRFLOW_CTX_DAG_ID='kaggle_to_gcs' AIRFLOW_CTX_TASK_ID='download_csv_from_kaggle' AIRFLOW_CTX_EXECUTION_DATE='1989-01-01T00:00:00+00:00' AIRFLOW_CTX_TRY_NUMBER='1' AIRFLOW_CTX_DAG_RUN_ID='scheduled__1989-01-01T00:00:00+00:00'
[2025-04-17T21:00:18.753+0000] {taskinstance.py:732} INFO - ::endgroup::
[2025-04-17T21:00:18.780+0000] {logging_mixin.py:190} INFO - Dataset URL: https://www.kaggle.com/datasets/viggo123/data-fight-usa-dataset
[2025-04-17T21:01:51.613+0000] {job.py:229} INFO - Heartbeat recovered after 24.90 seconds
[2025-04-17T21:01:55.601+0000] {logging_mixin.py:190} INFO - Downloading 1989.csv to /tmp/kaggle_downloads
[2025-04-17T21:01:55.611+0000] {logging_mixin.py:190} WARNING -   0%|          | 0.00/464M [00:00<?, ?B/s]
[2025-04-17T21:01:55.712+0000] {logging_mixin.py:190} WARNING -  22%|##2       | 104M/464M [00:00<00:00, 1.09GB/s]
[2025-04-17T21:01:55.929+0000] {logging_mixin.py:190} WARNING -  45%|####4     | 208M/464M [00:00<00:00, 646MB/s] 
[2025-04-17T21:01:56.065+0000] {logging_mixin.py:190} WARNING -  60%|######    | 279M/464M [00:00<00:00, 606MB/s]
[2025-04-17T21:01:56.172+0000] {logging_mixin.py:190} WARNING -  82%|########2 | 381M/464M [00:00<00:00, 729MB/s]
[2025-04-17T21:01:56.273+0000] {logging_mixin.py:190} WARNING - 100%|##########| 464M/464M [00:00<00:00, 768MB/s]
[2025-04-17T21:01:56.275+0000] {logging_mixin.py:190} WARNING - 100%|##########| 464M/464M [00:00<00:00, 734MB/s]
[2025-04-17T21:01:56.316+0000] {python.py:240} INFO - Done. Returned value was: /tmp/kaggle_downloads/1989.csv
[2025-04-17T21:01:56.348+0000] {taskinstance.py:341} INFO - ::group::Post task execution logs
[2025-04-17T21:01:56.349+0000] {taskinstance.py:353} INFO - Marking task as SUCCESS. dag_id=kaggle_to_gcs, task_id=download_csv_from_kaggle, run_id=scheduled__1989-01-01T00:00:00+00:00, execution_date=19890101T000000, start_date=20250417T210018, end_date=20250417T210156
[2025-04-17T21:01:56.413+0000] {local_task_job_runner.py:266} INFO - Task exited with return code 0
[2025-04-17T21:01:56.447+0000] {taskinstance.py:3901} INFO - 1 downstream tasks scheduled from follow-on schedule check
[2025-04-17T21:01:56.449+0000] {local_task_job_runner.py:245} INFO - ::endgroup::
