[2025-04-13T21:24:47.546+0000] {local_task_job_runner.py:123} INFO - ::group::Pre task execution logs
[2025-04-13T21:24:47.574+0000] {taskinstance.py:2614} INFO - Dependencies all met for dep_context=non-requeueable deps ti=<TaskInstance: gcs_dlt_data_pipeline.download_file scheduled__1992-01-01T00:00:00+00:00 [queued]>
[2025-04-13T21:24:47.590+0000] {taskinstance.py:2614} INFO - Dependencies all met for dep_context=requeueable deps ti=<TaskInstance: gcs_dlt_data_pipeline.download_file scheduled__1992-01-01T00:00:00+00:00 [queued]>
[2025-04-13T21:24:47.591+0000] {taskinstance.py:2867} INFO - Starting attempt 4 of 4
[2025-04-13T21:24:47.869+0000] {taskinstance.py:2890} INFO - Executing <Task(PythonOperator): download_file> on 1992-01-01 00:00:00+00:00
[2025-04-13T21:24:47.886+0000] {logging_mixin.py:190} WARNING - /home/***/.local/lib/python3.12/site-packages/***/task/task_runner/standard_task_runner.py:70 DeprecationWarning: This process (pid=792) is multi-threaded, use of fork() may lead to deadlocks in the child.
[2025-04-13T21:24:47.887+0000] {standard_task_runner.py:104} INFO - Running: ['***', 'tasks', 'run', 'gcs_dlt_data_pipeline', 'download_file', 'scheduled__1992-01-01T00:00:00+00:00', '--job-id', '337', '--raw', '--subdir', 'DAGS_FOLDER/first_stage/first_stage.py', '--cfg-path', '/tmp/tmpd7f8tmnc']
[2025-04-13T21:24:47.890+0000] {standard_task_runner.py:72} INFO - Started process 803 to run task
[2025-04-13T21:24:47.891+0000] {standard_task_runner.py:105} INFO - Job 337: Subtask download_file
[2025-04-13T21:24:48.006+0000] {task_command.py:467} INFO - Running <TaskInstance: gcs_dlt_data_pipeline.download_file scheduled__1992-01-01T00:00:00+00:00 [running]> on host 3330be1269a6
[2025-04-13T21:24:48.145+0000] {taskinstance.py:3134} INFO - Exporting env vars: AIRFLOW_CTX_DAG_OWNER='***' AIRFLOW_CTX_DAG_ID='gcs_dlt_data_pipeline' AIRFLOW_CTX_TASK_ID='download_file' AIRFLOW_CTX_EXECUTION_DATE='1992-01-01T00:00:00+00:00' AIRFLOW_CTX_TRY_NUMBER='4' AIRFLOW_CTX_DAG_RUN_ID='scheduled__1992-01-01T00:00:00+00:00'
[2025-04-13T21:24:48.447+0000] {taskinstance.py:732} INFO - ::endgroup::
[2025-04-13T21:24:48.466+0000] {logging_mixin.py:190} INFO - Source File Path: raw/1992.csv.bz2
[2025-04-13T21:24:48.467+0000] {logging_mixin.py:190} INFO - Destination File Path: /tmp/1992.csv.bz2
[2025-04-13T21:24:48.468+0000] {logging_mixin.py:190} INFO - Downloading raw/1992.csv.bz2 from bucket db_project_data_bucket to /tmp/1992.csv.bz2
[2025-04-13T21:24:52.329+0000] {logging_mixin.py:190} INFO - Downloaded db_project_data_bucket/raw/1992.csv.bz2 to /tmp/1992.csv.bz2
[2025-04-13T21:25:44.680+0000] {python.py:240} INFO - Done. Returned value was: /tmp/1992.csv
[2025-04-13T21:25:45.120+0000] {taskinstance.py:341} INFO - ::group::Post task execution logs
[2025-04-13T21:25:45.121+0000] {taskinstance.py:353} INFO - Marking task as SUCCESS. dag_id=gcs_dlt_data_pipeline, task_id=download_file, run_id=scheduled__1992-01-01T00:00:00+00:00, execution_date=19920101T000000, start_date=20250413T212447, end_date=20250413T212545
[2025-04-13T21:25:45.254+0000] {local_task_job_runner.py:266} INFO - Task exited with return code 0
[2025-04-13T21:25:45.348+0000] {taskinstance.py:3901} INFO - 1 downstream tasks scheduled from follow-on schedule check
[2025-04-13T21:25:45.353+0000] {local_task_job_runner.py:245} INFO - ::endgroup::
