[2025-04-18T18:46:20.233+0000] {local_task_job_runner.py:123} INFO - ::group::Pre task execution logs
[2025-04-18T18:46:20.252+0000] {taskinstance.py:2614} INFO - Dependencies all met for dep_context=non-requeueable deps ti=<TaskInstance: spark_csv_to_bigquery.upload_spark_to_gcs manual__2025-04-18T16:50:25.119251+00:00 [queued]>
[2025-04-18T18:46:20.261+0000] {taskinstance.py:2614} INFO - Dependencies all met for dep_context=requeueable deps ti=<TaskInstance: spark_csv_to_bigquery.upload_spark_to_gcs manual__2025-04-18T16:50:25.119251+00:00 [queued]>
[2025-04-18T18:46:20.262+0000] {taskinstance.py:2867} INFO - Starting attempt 11 of 11
[2025-04-18T18:46:20.278+0000] {taskinstance.py:2890} INFO - Executing <Task(PythonOperator): upload_spark_to_gcs> on 2025-04-18 16:50:25.119251+00:00
[2025-04-18T18:46:20.286+0000] {standard_task_runner.py:104} INFO - Running: ['***', 'tasks', 'run', 'spark_csv_to_bigquery', 'upload_spark_to_gcs', 'manual__2025-04-18T16:50:25.119251+00:00', '--job-id', '616', '--raw', '--subdir', 'DAGS_FOLDER/spark_job/spark_job.py', '--cfg-path', '/tmp/tmpfb81s2us']
[2025-04-18T18:46:20.288+0000] {logging_mixin.py:190} WARNING - /home/***/.local/lib/python3.12/site-packages/***/task/task_runner/standard_task_runner.py:70 DeprecationWarning: This process (pid=31844) is multi-threaded, use of fork() may lead to deadlocks in the child.
[2025-04-18T18:46:20.292+0000] {standard_task_runner.py:105} INFO - Job 616: Subtask upload_spark_to_gcs
[2025-04-18T18:46:20.292+0000] {standard_task_runner.py:72} INFO - Started process 31850 to run task
[2025-04-18T18:46:20.356+0000] {task_command.py:467} INFO - Running <TaskInstance: spark_csv_to_bigquery.upload_spark_to_gcs manual__2025-04-18T16:50:25.119251+00:00 [running]> on host f21ba0bbe878
[2025-04-18T18:46:20.449+0000] {taskinstance.py:3134} INFO - Exporting env vars: AIRFLOW_CTX_DAG_OWNER='***' AIRFLOW_CTX_DAG_ID='spark_csv_to_bigquery' AIRFLOW_CTX_TASK_ID='upload_spark_to_gcs' AIRFLOW_CTX_EXECUTION_DATE='2025-04-18T16:50:25.119251+00:00' AIRFLOW_CTX_TRY_NUMBER='11' AIRFLOW_CTX_DAG_RUN_ID='manual__2025-04-18T16:50:25.119251+00:00'
[2025-04-18T18:46:20.451+0000] {taskinstance.py:732} INFO - ::endgroup::
[2025-04-18T18:46:20.472+0000] {crypto.py:82} WARNING - empty cryptography key - values will not be stored encrypted.
[2025-04-18T18:46:20.473+0000] {connection.py:277} WARNING - Connection schemes (type: google_cloud) shall not contain '_' according to RFC3986.
[2025-04-18T18:46:20.474+0000] {base.py:84} INFO - Retrieving connection 'google_cloud_default'
[2025-04-18T18:46:20.980+0000] {gcs.py:578} INFO - File /opt/***/dags/spark_job/main_spark.py uploaded to code/main_spark.py in db_project_data_bucket bucket
[2025-04-18T18:46:20.980+0000] {hook.py:208} WARNING - Data lineage tracking is disabled. Register a hook lineage reader to start tracking hook lineage.
[2025-04-18T18:46:20.982+0000] {python.py:240} INFO - Done. Returned value was: None
[2025-04-18T18:46:20.992+0000] {taskinstance.py:341} INFO - ::group::Post task execution logs
[2025-04-18T18:46:20.993+0000] {taskinstance.py:353} INFO - Marking task as SUCCESS. dag_id=spark_csv_to_bigquery, task_id=upload_spark_to_gcs, run_id=manual__2025-04-18T16:50:25.119251+00:00, execution_date=20250418T165025, start_date=20250418T184620, end_date=20250418T184620
[2025-04-18T18:46:21.069+0000] {local_task_job_runner.py:266} INFO - Task exited with return code 0
[2025-04-18T18:46:21.101+0000] {taskinstance.py:3901} INFO - 1 downstream tasks scheduled from follow-on schedule check
[2025-04-18T18:46:21.104+0000] {local_task_job_runner.py:245} INFO - ::endgroup::
