[2025-04-18T18:00:21.518+0000] {local_task_job_runner.py:123} INFO - ::group::Pre task execution logs
[2025-04-18T18:00:21.540+0000] {taskinstance.py:2614} INFO - Dependencies all met for dep_context=non-requeueable deps ti=<TaskInstance: spark_csv_to_bigquery.upload_spark_to_gcs manual__2025-04-18T16:50:25.119251+00:00 [queued]>
[2025-04-18T18:00:21.551+0000] {taskinstance.py:2614} INFO - Dependencies all met for dep_context=requeueable deps ti=<TaskInstance: spark_csv_to_bigquery.upload_spark_to_gcs manual__2025-04-18T16:50:25.119251+00:00 [queued]>
[2025-04-18T18:00:21.552+0000] {taskinstance.py:2867} INFO - Starting attempt 10 of 10
[2025-04-18T18:00:21.568+0000] {taskinstance.py:2890} INFO - Executing <Task(PythonOperator): upload_spark_to_gcs> on 2025-04-18 16:50:25.119251+00:00
[2025-04-18T18:00:21.586+0000] {logging_mixin.py:190} WARNING - /home/***/.local/lib/python3.12/site-packages/***/task/task_runner/standard_task_runner.py:70 DeprecationWarning: This process (pid=26136) is multi-threaded, use of fork() may lead to deadlocks in the child.
[2025-04-18T18:00:21.588+0000] {standard_task_runner.py:72} INFO - Started process 26137 to run task
[2025-04-18T18:00:21.582+0000] {standard_task_runner.py:104} INFO - Running: ['***', 'tasks', 'run', 'spark_csv_to_bigquery', 'upload_spark_to_gcs', 'manual__2025-04-18T16:50:25.119251+00:00', '--job-id', '614', '--raw', '--subdir', 'DAGS_FOLDER/spark_job/spark_job.py', '--cfg-path', '/tmp/tmpv6rub9mf']
[2025-04-18T18:00:21.590+0000] {standard_task_runner.py:105} INFO - Job 614: Subtask upload_spark_to_gcs
[2025-04-18T18:00:21.649+0000] {task_command.py:467} INFO - Running <TaskInstance: spark_csv_to_bigquery.upload_spark_to_gcs manual__2025-04-18T16:50:25.119251+00:00 [running]> on host f21ba0bbe878
[2025-04-18T18:00:21.740+0000] {taskinstance.py:3134} INFO - Exporting env vars: AIRFLOW_CTX_DAG_OWNER='***' AIRFLOW_CTX_DAG_ID='spark_csv_to_bigquery' AIRFLOW_CTX_TASK_ID='upload_spark_to_gcs' AIRFLOW_CTX_EXECUTION_DATE='2025-04-18T16:50:25.119251+00:00' AIRFLOW_CTX_TRY_NUMBER='10' AIRFLOW_CTX_DAG_RUN_ID='manual__2025-04-18T16:50:25.119251+00:00'
[2025-04-18T18:00:21.742+0000] {taskinstance.py:732} INFO - ::endgroup::
[2025-04-18T18:00:21.758+0000] {crypto.py:82} WARNING - empty cryptography key - values will not be stored encrypted.
[2025-04-18T18:00:21.759+0000] {connection.py:277} WARNING - Connection schemes (type: google_cloud) shall not contain '_' according to RFC3986.
[2025-04-18T18:00:21.760+0000] {base.py:84} INFO - Retrieving connection 'google_cloud_default'
[2025-04-18T18:00:22.207+0000] {gcs.py:578} INFO - File /opt/***/dags/spark_job/main_spark.py uploaded to code/main_spark.py in db_project_data_bucket bucket
[2025-04-18T18:00:22.208+0000] {hook.py:208} WARNING - Data lineage tracking is disabled. Register a hook lineage reader to start tracking hook lineage.
[2025-04-18T18:00:22.209+0000] {python.py:240} INFO - Done. Returned value was: None
[2025-04-18T18:00:22.221+0000] {taskinstance.py:341} INFO - ::group::Post task execution logs
[2025-04-18T18:00:22.221+0000] {taskinstance.py:353} INFO - Marking task as SUCCESS. dag_id=spark_csv_to_bigquery, task_id=upload_spark_to_gcs, run_id=manual__2025-04-18T16:50:25.119251+00:00, execution_date=20250418T165025, start_date=20250418T180021, end_date=20250418T180022
[2025-04-18T18:00:22.287+0000] {local_task_job_runner.py:266} INFO - Task exited with return code 0
[2025-04-18T18:00:22.321+0000] {taskinstance.py:3901} INFO - 1 downstream tasks scheduled from follow-on schedule check
[2025-04-18T18:00:22.323+0000] {local_task_job_runner.py:245} INFO - ::endgroup::
