[2025-04-18T17:08:57.777+0000] {local_task_job_runner.py:123} INFO - ::group::Pre task execution logs
[2025-04-18T17:08:57.800+0000] {taskinstance.py:2614} INFO - Dependencies all met for dep_context=non-requeueable deps ti=<TaskInstance: spark_csv_to_bigquery.upload_spark_to_gcs manual__2025-04-18T16:50:25.119251+00:00 [queued]>
[2025-04-18T17:08:57.812+0000] {taskinstance.py:2614} INFO - Dependencies all met for dep_context=requeueable deps ti=<TaskInstance: spark_csv_to_bigquery.upload_spark_to_gcs manual__2025-04-18T16:50:25.119251+00:00 [queued]>
[2025-04-18T17:08:57.813+0000] {taskinstance.py:2867} INFO - Starting attempt 7 of 7
[2025-04-18T17:08:57.835+0000] {taskinstance.py:2890} INFO - Executing <Task(PythonOperator): upload_spark_to_gcs> on 2025-04-18 16:50:25.119251+00:00
[2025-04-18T17:08:57.844+0000] {logging_mixin.py:190} WARNING - /home/***/.local/lib/python3.12/site-packages/***/task/task_runner/standard_task_runner.py:70 DeprecationWarning: This process (pid=19911) is multi-threaded, use of fork() may lead to deadlocks in the child.
[2025-04-18T17:08:57.846+0000] {standard_task_runner.py:72} INFO - Started process 19923 to run task
[2025-04-18T17:08:57.844+0000] {standard_task_runner.py:104} INFO - Running: ['***', 'tasks', 'run', 'spark_csv_to_bigquery', 'upload_spark_to_gcs', 'manual__2025-04-18T16:50:25.119251+00:00', '--job-id', '607', '--raw', '--subdir', 'DAGS_FOLDER/spark_job/spark_job.py', '--cfg-path', '/tmp/tmpdypoygne']
[2025-04-18T17:08:57.847+0000] {standard_task_runner.py:105} INFO - Job 607: Subtask upload_spark_to_gcs
[2025-04-18T17:08:57.898+0000] {task_command.py:467} INFO - Running <TaskInstance: spark_csv_to_bigquery.upload_spark_to_gcs manual__2025-04-18T16:50:25.119251+00:00 [running]> on host f21ba0bbe878
[2025-04-18T17:08:57.999+0000] {taskinstance.py:3134} INFO - Exporting env vars: AIRFLOW_CTX_DAG_OWNER='***' AIRFLOW_CTX_DAG_ID='spark_csv_to_bigquery' AIRFLOW_CTX_TASK_ID='upload_spark_to_gcs' AIRFLOW_CTX_EXECUTION_DATE='2025-04-18T16:50:25.119251+00:00' AIRFLOW_CTX_TRY_NUMBER='7' AIRFLOW_CTX_DAG_RUN_ID='manual__2025-04-18T16:50:25.119251+00:00'
[2025-04-18T17:08:58.000+0000] {taskinstance.py:732} INFO - ::endgroup::
[2025-04-18T17:08:58.019+0000] {crypto.py:82} WARNING - empty cryptography key - values will not be stored encrypted.
[2025-04-18T17:08:58.019+0000] {connection.py:277} WARNING - Connection schemes (type: google_cloud) shall not contain '_' according to RFC3986.
[2025-04-18T17:08:58.020+0000] {base.py:84} INFO - Retrieving connection 'google_cloud_default'
[2025-04-18T17:08:58.364+0000] {gcs.py:578} INFO - File /opt/***/dags/spark_job/main_spark.py uploaded to code/main_spark.py in db_project_data_bucket bucket
[2025-04-18T17:08:58.365+0000] {hook.py:208} WARNING - Data lineage tracking is disabled. Register a hook lineage reader to start tracking hook lineage.
[2025-04-18T17:08:58.365+0000] {python.py:240} INFO - Done. Returned value was: None
[2025-04-18T17:08:58.378+0000] {taskinstance.py:341} INFO - ::group::Post task execution logs
[2025-04-18T17:08:58.379+0000] {taskinstance.py:353} INFO - Marking task as SUCCESS. dag_id=spark_csv_to_bigquery, task_id=upload_spark_to_gcs, run_id=manual__2025-04-18T16:50:25.119251+00:00, execution_date=20250418T165025, start_date=20250418T170857, end_date=20250418T170858
[2025-04-18T17:08:58.423+0000] {local_task_job_runner.py:266} INFO - Task exited with return code 0
[2025-04-18T17:08:58.441+0000] {local_task_job_runner.py:245} INFO - ::endgroup::
