[2025-04-14T17:42:15.347+0000] {local_task_job_runner.py:123} INFO - ::group::Pre task execution logs
[2025-04-14T17:42:15.374+0000] {taskinstance.py:2614} INFO - Dependencies all met for dep_context=non-requeueable deps ti=<TaskInstance: dbt_airflow.run_dbt_marts manual__2025-04-14T15:18:53.940263+00:00 [queued]>
[2025-04-14T17:42:15.388+0000] {taskinstance.py:2614} INFO - Dependencies all met for dep_context=requeueable deps ti=<TaskInstance: dbt_airflow.run_dbt_marts manual__2025-04-14T15:18:53.940263+00:00 [queued]>
[2025-04-14T17:42:15.389+0000] {taskinstance.py:2867} INFO - Starting attempt 6 of 7
[2025-04-14T17:42:15.409+0000] {taskinstance.py:2890} INFO - Executing <Task(BashOperator): run_dbt_marts> on 2025-04-14 15:18:53.940263+00:00
[2025-04-14T17:42:15.419+0000] {logging_mixin.py:190} WARNING - /home/***/.local/lib/python3.12/site-packages/***/task/task_runner/standard_task_runner.py:70 DeprecationWarning: This process (pid=14994) is multi-threaded, use of fork() may lead to deadlocks in the child.
[2025-04-14T17:42:15.421+0000] {standard_task_runner.py:72} INFO - Started process 14995 to run task
[2025-04-14T17:42:15.420+0000] {standard_task_runner.py:104} INFO - Running: ['***', 'tasks', 'run', 'dbt_***', 'run_dbt_marts', 'manual__2025-04-14T15:18:53.940263+00:00', '--job-id', '526', '--raw', '--subdir', 'DAGS_FOLDER/run_dbt_model.py', '--cfg-path', '/tmp/tmpkae7hjuo']
[2025-04-14T17:42:15.424+0000] {standard_task_runner.py:105} INFO - Job 526: Subtask run_dbt_marts
[2025-04-14T17:42:15.478+0000] {task_command.py:467} INFO - Running <TaskInstance: dbt_airflow.run_dbt_marts manual__2025-04-14T15:18:53.940263+00:00 [running]> on host b7be566335ce
[2025-04-14T17:42:15.669+0000] {taskinstance.py:3134} INFO - Exporting env vars: AIRFLOW_CTX_DAG_OWNER='***' AIRFLOW_CTX_DAG_ID='dbt_***' AIRFLOW_CTX_TASK_ID='run_dbt_marts' AIRFLOW_CTX_EXECUTION_DATE='2025-04-14T15:18:53.940263+00:00' AIRFLOW_CTX_TRY_NUMBER='6' AIRFLOW_CTX_DAG_RUN_ID='manual__2025-04-14T15:18:53.940263+00:00'
[2025-04-14T17:42:15.673+0000] {taskinstance.py:732} INFO - ::endgroup::
[2025-04-14T17:42:15.720+0000] {subprocess.py:78} INFO - Tmp dir root location: /tmp
[2025-04-14T17:42:15.722+0000] {subprocess.py:88} INFO - Running command: ['/usr/bin/bash', '-c', 'cd /opt/***/dbt && dbt run --models fact_departures_by_airport_year']
[2025-04-14T17:42:15.736+0000] {subprocess.py:99} INFO - Output:
[2025-04-14T17:42:21.183+0000] {subprocess.py:106} INFO - [0m17:42:21  Running with dbt=1.7.9
[2025-04-14T17:42:23.411+0000] {subprocess.py:106} INFO - [0m17:42:23  Registered adapter: bigquery=1.7.9
[2025-04-14T17:42:24.674+0000] {subprocess.py:106} INFO - [0m17:42:24  Found 1 seed, 3 models, 1 source, 0 exposures, 0 metrics, 571 macros, 0 groups, 0 semantic models
[2025-04-14T17:42:24.680+0000] {subprocess.py:106} INFO - [0m17:42:24
[2025-04-14T17:42:25.592+0000] {subprocess.py:106} INFO - [0m17:42:25  Concurrency: 1 threads (target='dev')
[2025-04-14T17:42:25.594+0000] {subprocess.py:106} INFO - [0m17:42:25
[2025-04-14T17:42:25.612+0000] {subprocess.py:106} INFO - [0m17:42:25  1 of 1 START sql table model db_project_dataset.fact_departures_by_airport_year  [RUN]
[2025-04-14T17:42:27.774+0000] {subprocess.py:106} INFO - [0m17:42:27  1 of 1 OK created sql table model db_project_dataset.fact_departures_by_airport_year  [[32mCREATE TABLE (262.0 rows, 128.7 MiB processed)[0m in 2.16s]
[2025-04-14T17:42:27.781+0000] {subprocess.py:106} INFO - [0m17:42:27
[2025-04-14T17:42:27.783+0000] {subprocess.py:106} INFO - [0m17:42:27  Finished running 1 table model in 0 hours 0 minutes and 3.10 seconds (3.10s).
[2025-04-14T17:42:27.818+0000] {subprocess.py:106} INFO - [0m17:42:27
[2025-04-14T17:42:27.819+0000] {subprocess.py:106} INFO - [0m17:42:27  [32mCompleted successfully[0m
[2025-04-14T17:42:27.821+0000] {subprocess.py:106} INFO - [0m17:42:27
[2025-04-14T17:42:27.823+0000] {subprocess.py:106} INFO - [0m17:42:27  Done. PASS=1 WARN=0 ERROR=0 SKIP=0 TOTAL=1
[2025-04-14T17:42:28.848+0000] {subprocess.py:110} INFO - Command exited with return code 0
[2025-04-14T17:42:28.875+0000] {taskinstance.py:341} INFO - ::group::Post task execution logs
[2025-04-14T17:42:28.876+0000] {taskinstance.py:353} INFO - Marking task as SUCCESS. dag_id=dbt_***, task_id=run_dbt_marts, run_id=manual__2025-04-14T15:18:53.940263+00:00, execution_date=20250414T151853, start_date=20250414T174215, end_date=20250414T174228
[2025-04-14T17:42:28.937+0000] {local_task_job_runner.py:266} INFO - Task exited with return code 0
[2025-04-14T17:42:28.955+0000] {taskinstance.py:3901} INFO - 0 downstream tasks scheduled from follow-on schedule check
[2025-04-14T17:42:28.957+0000] {local_task_job_runner.py:245} INFO - ::endgroup::
