[2025-04-18T12:10:51.375+0000] {local_task_job_runner.py:123} INFO - ::group::Pre task execution logs
[2025-04-18T12:10:51.419+0000] {taskinstance.py:2614} INFO - Dependencies all met for dep_context=non-requeueable deps ti=<TaskInstance: kaggle_to_gcs.download_csv_from_kaggle scheduled__1999-01-01T00:00:00+00:00 [queued]>
[2025-04-18T12:10:51.434+0000] {taskinstance.py:2614} INFO - Dependencies all met for dep_context=requeueable deps ti=<TaskInstance: kaggle_to_gcs.download_csv_from_kaggle scheduled__1999-01-01T00:00:00+00:00 [queued]>
[2025-04-18T12:10:51.436+0000] {taskinstance.py:2867} INFO - Starting attempt 2 of 2
[2025-04-18T12:10:51.502+0000] {taskinstance.py:2890} INFO - Executing <Task(PythonOperator): download_csv_from_kaggle> on 1999-01-01 00:00:00+00:00
[2025-04-18T12:10:51.522+0000] {logging_mixin.py:190} WARNING - /home/***/.local/lib/python3.12/site-packages/***/task/task_runner/standard_task_runner.py:70 DeprecationWarning: This process (pid=2685) is multi-threaded, use of fork() may lead to deadlocks in the child.
[2025-04-18T12:10:51.524+0000] {standard_task_runner.py:72} INFO - Started process 2696 to run task
[2025-04-18T12:10:51.537+0000] {standard_task_runner.py:104} INFO - Running: ['***', 'tasks', 'run', 'kaggle_to_gcs', 'download_csv_from_kaggle', 'scheduled__1999-01-01T00:00:00+00:00', '--job-id', '571', '--raw', '--subdir', 'DAGS_FOLDER/kaggle_to_gcs.py', '--cfg-path', '/tmp/tmpvc5fs6m_']
[2025-04-18T12:10:51.543+0000] {standard_task_runner.py:105} INFO - Job 571: Subtask download_csv_from_kaggle
[2025-04-18T12:10:51.708+0000] {task_command.py:467} INFO - Running <TaskInstance: kaggle_to_gcs.download_csv_from_kaggle scheduled__1999-01-01T00:00:00+00:00 [running]> on host f21ba0bbe878
[2025-04-18T12:10:52.219+0000] {taskinstance.py:3134} INFO - Exporting env vars: AIRFLOW_CTX_DAG_OWNER='***' AIRFLOW_CTX_DAG_ID='kaggle_to_gcs' AIRFLOW_CTX_TASK_ID='download_csv_from_kaggle' AIRFLOW_CTX_EXECUTION_DATE='1999-01-01T00:00:00+00:00' AIRFLOW_CTX_TRY_NUMBER='2' AIRFLOW_CTX_DAG_RUN_ID='scheduled__1999-01-01T00:00:00+00:00'
[2025-04-18T12:10:52.221+0000] {taskinstance.py:732} INFO - ::endgroup::
[2025-04-18T12:10:52.266+0000] {logging_mixin.py:190} INFO - Dataset URL: https://www.kaggle.com/datasets/viggo123/data-fight-usa-dataset
[2025-04-18T12:12:18.560+0000] {job.py:229} INFO - Heartbeat recovered after 33.58 seconds
[2025-04-18T12:12:35.978+0000] {job.py:229} INFO - Heartbeat recovered after 12.29 seconds
[2025-04-18T12:13:33.540+0000] {job.py:229} INFO - Heartbeat recovered after 41.30 seconds
[2025-04-18T12:14:35.071+0000] {job.py:229} INFO - Heartbeat recovered after 17.68 seconds
[2025-04-18T12:15:08.032+0000] {job.py:229} INFO - Heartbeat recovered after 11.85 seconds
[2025-04-18T12:15:35.928+0000] {logging_mixin.py:190} INFO - Downloading 1999.csv to /tmp/kaggle_downloads
[2025-04-18T12:15:36.222+0000] {logging_mixin.py:190} WARNING -   0%|          | 0.00/527M [00:00<?, ?B/s]
[2025-04-18T12:15:36.324+0000] {logging_mixin.py:190} WARNING -  14%|#4        | 76.0M/527M [00:00<00:00, 791MB/s]
[2025-04-18T12:15:36.546+0000] {logging_mixin.py:190} WARNING -  29%|##8       | 152M/527M [00:00<00:00, 464MB/s] 
[2025-04-18T12:15:36.649+0000] {logging_mixin.py:190} WARNING -  41%|####      | 215M/527M [00:00<00:00, 523MB/s]
[2025-04-18T12:15:36.750+0000] {logging_mixin.py:190} WARNING -  53%|#####2    | 277M/527M [00:00<00:00, 561MB/s]
[2025-04-18T12:15:36.866+0000] {logging_mixin.py:190} WARNING -  64%|######3   | 335M/527M [00:00<00:00, 549MB/s]
[2025-04-18T12:15:36.978+0000] {logging_mixin.py:190} WARNING -  77%|#######6  | 405M/527M [00:00<00:00, 583MB/s]
[2025-04-18T12:15:37.136+0000] {logging_mixin.py:190} WARNING -  88%|########7 | 463M/527M [00:00<00:00, 506MB/s]
[2025-04-18T12:15:37.254+0000] {logging_mixin.py:190} WARNING -  97%|#########7| 514M/527M [00:01<00:00, 490MB/s]
[2025-04-18T12:15:37.319+0000] {logging_mixin.py:190} WARNING - 100%|##########| 527M/527M [00:01<00:00, 505MB/s]
[2025-04-18T12:15:38.505+0000] {python.py:240} INFO - Done. Returned value was: /tmp/kaggle_downloads/1999.csv
[2025-04-18T12:15:38.780+0000] {taskinstance.py:341} INFO - ::group::Post task execution logs
[2025-04-18T12:15:38.794+0000] {taskinstance.py:353} INFO - Marking task as SUCCESS. dag_id=kaggle_to_gcs, task_id=download_csv_from_kaggle, run_id=scheduled__1999-01-01T00:00:00+00:00, execution_date=19990101T000000, start_date=20250418T121051, end_date=20250418T121538
[2025-04-18T12:15:39.726+0000] {local_task_job_runner.py:266} INFO - Task exited with return code 0
[2025-04-18T12:15:39.854+0000] {taskinstance.py:3901} INFO - 1 downstream tasks scheduled from follow-on schedule check
[2025-04-18T12:15:39.866+0000] {local_task_job_runner.py:245} INFO - ::endgroup::
