[2025-04-18T20:29:50.859+0000] {local_task_job_runner.py:123} INFO - ::group::Pre task execution logs
[2025-04-18T20:29:50.885+0000] {taskinstance.py:2614} INFO - Dependencies all met for dep_context=non-requeueable deps ti=<TaskInstance: run_dbt.run_dbt_seed manual__2025-04-18T19:56:57.798037+00:00 [queued]>
[2025-04-18T20:29:50.896+0000] {taskinstance.py:2614} INFO - Dependencies all met for dep_context=requeueable deps ti=<TaskInstance: run_dbt.run_dbt_seed manual__2025-04-18T19:56:57.798037+00:00 [queued]>
[2025-04-18T20:29:50.898+0000] {taskinstance.py:2867} INFO - Starting attempt 6 of 7
[2025-04-18T20:29:50.912+0000] {taskinstance.py:2890} INFO - Executing <Task(BashOperator): run_dbt_seed> on 2025-04-18 19:56:57.798037+00:00
[2025-04-18T20:29:50.920+0000] {logging_mixin.py:190} WARNING - /home/***/.local/lib/python3.12/site-packages/***/task/task_runner/standard_task_runner.py:70 DeprecationWarning: This process (pid=44220) is multi-threaded, use of fork() may lead to deadlocks in the child.
[2025-04-18T20:29:50.919+0000] {standard_task_runner.py:104} INFO - Running: ['***', 'tasks', 'run', 'run_dbt', 'run_dbt_seed', 'manual__2025-04-18T19:56:57.798037+00:00', '--job-id', '636', '--raw', '--subdir', 'DAGS_FOLDER/run_dbt_model.py', '--cfg-path', '/tmp/tmpg6r8v8qj']
[2025-04-18T20:29:50.921+0000] {standard_task_runner.py:72} INFO - Started process 44221 to run task
[2025-04-18T20:29:50.922+0000] {standard_task_runner.py:105} INFO - Job 636: Subtask run_dbt_seed
[2025-04-18T20:29:50.969+0000] {task_command.py:467} INFO - Running <TaskInstance: run_dbt.run_dbt_seed manual__2025-04-18T19:56:57.798037+00:00 [running]> on host f21ba0bbe878
[2025-04-18T20:29:51.052+0000] {taskinstance.py:3134} INFO - Exporting env vars: AIRFLOW_CTX_DAG_OWNER='***' AIRFLOW_CTX_DAG_ID='run_dbt' AIRFLOW_CTX_TASK_ID='run_dbt_seed' AIRFLOW_CTX_EXECUTION_DATE='2025-04-18T19:56:57.798037+00:00' AIRFLOW_CTX_TRY_NUMBER='6' AIRFLOW_CTX_DAG_RUN_ID='manual__2025-04-18T19:56:57.798037+00:00'
[2025-04-18T20:29:51.053+0000] {taskinstance.py:732} INFO - ::endgroup::
[2025-04-18T20:29:51.069+0000] {subprocess.py:78} INFO - Tmp dir root location: /tmp
[2025-04-18T20:29:51.070+0000] {subprocess.py:88} INFO - Running command: ['/usr/bin/bash', '-c', 'cd /opt/***/dbt && dbt seed']
[2025-04-18T20:29:51.077+0000] {subprocess.py:99} INFO - Output:
[2025-04-18T20:29:53.754+0000] {subprocess.py:106} INFO - [0m20:29:53  Running with dbt=1.8.1
[2025-04-18T20:29:55.150+0000] {subprocess.py:106} INFO - [0m20:29:55  Registered adapter: bigquery=1.8.1
[2025-04-18T20:29:57.076+0000] {subprocess.py:106} INFO - [0m20:29:57  Found 10 models, 1 seed, 1 source, 602 macros
[2025-04-18T20:29:57.082+0000] {subprocess.py:106} INFO - [0m20:29:57
[2025-04-18T20:29:57.805+0000] {subprocess.py:106} INFO - [0m20:29:57  Concurrency: 1 threads (target='dev')
[2025-04-18T20:29:57.806+0000] {subprocess.py:106} INFO - [0m20:29:57
[2025-04-18T20:29:57.820+0000] {subprocess.py:106} INFO - [0m20:29:57  1 of 1 START seed file db_project_dataset.airports ............................. [RUN]
[2025-04-18T20:30:01.888+0000] {subprocess.py:106} INFO - [0m20:30:01  1 of 1 OK loaded seed file db_project_dataset.airports ......................... [[32mINSERT 3376[0m in 4.06s]
[2025-04-18T20:30:01.893+0000] {subprocess.py:106} INFO - [0m20:30:01
[2025-04-18T20:30:01.894+0000] {subprocess.py:106} INFO - [0m20:30:01  Finished running 1 seed in 0 hours 0 minutes and 4.81 seconds (4.81s).
[2025-04-18T20:30:01.981+0000] {subprocess.py:106} INFO - [0m20:30:01
[2025-04-18T20:30:01.982+0000] {subprocess.py:106} INFO - [0m20:30:01  [32mCompleted successfully[0m
[2025-04-18T20:30:01.983+0000] {subprocess.py:106} INFO - [0m20:30:01
[2025-04-18T20:30:01.984+0000] {subprocess.py:106} INFO - [0m20:30:01  Done. PASS=1 WARN=0 ERROR=0 SKIP=0 TOTAL=1
[2025-04-18T20:30:03.015+0000] {subprocess.py:110} INFO - Command exited with return code 0
[2025-04-18T20:30:03.041+0000] {taskinstance.py:341} INFO - ::group::Post task execution logs
[2025-04-18T20:30:03.042+0000] {taskinstance.py:353} INFO - Marking task as SUCCESS. dag_id=run_dbt, task_id=run_dbt_seed, run_id=manual__2025-04-18T19:56:57.798037+00:00, execution_date=20250418T195657, start_date=20250418T202950, end_date=20250418T203003
[2025-04-18T20:30:03.117+0000] {local_task_job_runner.py:266} INFO - Task exited with return code 0
[2025-04-18T20:30:03.140+0000] {taskinstance.py:3901} INFO - 1 downstream tasks scheduled from follow-on schedule check
[2025-04-18T20:30:03.143+0000] {local_task_job_runner.py:245} INFO - ::endgroup::
