[2025-04-18T20:20:02.651+0000] {local_task_job_runner.py:123} INFO - ::group::Pre task execution logs
[2025-04-18T20:20:02.676+0000] {taskinstance.py:2614} INFO - Dependencies all met for dep_context=non-requeueable deps ti=<TaskInstance: run_dbt.run_dbt_seed manual__2025-04-18T19:56:57.798037+00:00 [queued]>
[2025-04-18T20:20:02.688+0000] {taskinstance.py:2614} INFO - Dependencies all met for dep_context=requeueable deps ti=<TaskInstance: run_dbt.run_dbt_seed manual__2025-04-18T19:56:57.798037+00:00 [queued]>
[2025-04-18T20:20:02.689+0000] {taskinstance.py:2867} INFO - Starting attempt 3 of 4
[2025-04-18T20:20:02.704+0000] {taskinstance.py:2890} INFO - Executing <Task(BashOperator): run_dbt_seed> on 2025-04-18 19:56:57.798037+00:00
[2025-04-18T20:20:02.711+0000] {logging_mixin.py:190} WARNING - /home/***/.local/lib/python3.12/site-packages/***/task/task_runner/standard_task_runner.py:70 DeprecationWarning: This process (pid=43443) is multi-threaded, use of fork() may lead to deadlocks in the child.
[2025-04-18T20:20:02.713+0000] {standard_task_runner.py:72} INFO - Started process 43444 to run task
[2025-04-18T20:20:02.711+0000] {standard_task_runner.py:104} INFO - Running: ['***', 'tasks', 'run', 'run_dbt', 'run_dbt_seed', 'manual__2025-04-18T19:56:57.798037+00:00', '--job-id', '627', '--raw', '--subdir', 'DAGS_FOLDER/run_dbt_model.py', '--cfg-path', '/tmp/tmp6hjqic3u']
[2025-04-18T20:20:02.714+0000] {standard_task_runner.py:105} INFO - Job 627: Subtask run_dbt_seed
[2025-04-18T20:20:02.762+0000] {task_command.py:467} INFO - Running <TaskInstance: run_dbt.run_dbt_seed manual__2025-04-18T19:56:57.798037+00:00 [running]> on host f21ba0bbe878
[2025-04-18T20:20:02.848+0000] {taskinstance.py:3134} INFO - Exporting env vars: AIRFLOW_CTX_DAG_OWNER='***' AIRFLOW_CTX_DAG_ID='run_dbt' AIRFLOW_CTX_TASK_ID='run_dbt_seed' AIRFLOW_CTX_EXECUTION_DATE='2025-04-18T19:56:57.798037+00:00' AIRFLOW_CTX_TRY_NUMBER='3' AIRFLOW_CTX_DAG_RUN_ID='manual__2025-04-18T19:56:57.798037+00:00'
[2025-04-18T20:20:02.849+0000] {taskinstance.py:732} INFO - ::endgroup::
[2025-04-18T20:20:02.865+0000] {subprocess.py:78} INFO - Tmp dir root location: /tmp
[2025-04-18T20:20:02.867+0000] {subprocess.py:88} INFO - Running command: ['/usr/bin/bash', '-c', 'cd /opt/***/dbt && dbt seed']
[2025-04-18T20:20:02.877+0000] {subprocess.py:99} INFO - Output:
[2025-04-18T20:20:05.383+0000] {subprocess.py:106} INFO - [0m20:20:05  Running with dbt=1.8.1
[2025-04-18T20:20:06.733+0000] {subprocess.py:106} INFO - [0m20:20:06  Registered adapter: bigquery=1.8.1
[2025-04-18T20:20:08.708+0000] {subprocess.py:106} INFO - [0m20:20:08  Found 10 models, 1 seed, 1 source, 602 macros
[2025-04-18T20:20:08.712+0000] {subprocess.py:106} INFO - [0m20:20:08
[2025-04-18T20:20:09.559+0000] {subprocess.py:106} INFO - [0m20:20:09  Concurrency: 1 threads (target='dev')
[2025-04-18T20:20:09.560+0000] {subprocess.py:106} INFO - [0m20:20:09
[2025-04-18T20:20:09.573+0000] {subprocess.py:106} INFO - [0m20:20:09  1 of 1 START seed file db_project_dataset.airports ............................. [RUN]
[2025-04-18T20:20:14.357+0000] {subprocess.py:106} INFO - [0m20:20:14  1 of 1 OK loaded seed file db_project_dataset.airports ......................... [[32mINSERT 3376[0m in 4.78s]
[2025-04-18T20:20:14.363+0000] {subprocess.py:106} INFO - [0m20:20:14
[2025-04-18T20:20:14.364+0000] {subprocess.py:106} INFO - [0m20:20:14  Finished running 1 seed in 0 hours 0 minutes and 5.65 seconds (5.65s).
[2025-04-18T20:20:14.463+0000] {subprocess.py:106} INFO - [0m20:20:14
[2025-04-18T20:20:14.464+0000] {subprocess.py:106} INFO - [0m20:20:14  [32mCompleted successfully[0m
[2025-04-18T20:20:14.464+0000] {subprocess.py:106} INFO - [0m20:20:14
[2025-04-18T20:20:14.465+0000] {subprocess.py:106} INFO - [0m20:20:14  Done. PASS=1 WARN=0 ERROR=0 SKIP=0 TOTAL=1
[2025-04-18T20:20:15.473+0000] {subprocess.py:110} INFO - Command exited with return code 0
[2025-04-18T20:20:15.497+0000] {taskinstance.py:341} INFO - ::group::Post task execution logs
[2025-04-18T20:20:15.497+0000] {taskinstance.py:353} INFO - Marking task as SUCCESS. dag_id=run_dbt, task_id=run_dbt_seed, run_id=manual__2025-04-18T19:56:57.798037+00:00, execution_date=20250418T195657, start_date=20250418T202002, end_date=20250418T202015
[2025-04-18T20:20:15.554+0000] {local_task_job_runner.py:266} INFO - Task exited with return code 0
[2025-04-18T20:20:15.575+0000] {taskinstance.py:3901} INFO - 1 downstream tasks scheduled from follow-on schedule check
[2025-04-18T20:20:15.577+0000] {local_task_job_runner.py:245} INFO - ::endgroup::
