[2025-04-18T20:34:12.233+0000] {local_task_job_runner.py:123} INFO - ::group::Pre task execution logs
[2025-04-18T20:34:12.265+0000] {taskinstance.py:2614} INFO - Dependencies all met for dep_context=non-requeueable deps ti=<TaskInstance: run_dbt.run_dbt_seed manual__2025-04-18T19:56:57.798037+00:00 [queued]>
[2025-04-18T20:34:12.279+0000] {taskinstance.py:2614} INFO - Dependencies all met for dep_context=requeueable deps ti=<TaskInstance: run_dbt.run_dbt_seed manual__2025-04-18T19:56:57.798037+00:00 [queued]>
[2025-04-18T20:34:12.280+0000] {taskinstance.py:2867} INFO - Starting attempt 8 of 9
[2025-04-18T20:34:12.295+0000] {taskinstance.py:2890} INFO - Executing <Task(BashOperator): run_dbt_seed> on 2025-04-18 19:56:57.798037+00:00
[2025-04-18T20:34:12.302+0000] {logging_mixin.py:190} WARNING - /home/***/.local/lib/python3.12/site-packages/***/task/task_runner/standard_task_runner.py:70 DeprecationWarning: This process (pid=44597) is multi-threaded, use of fork() may lead to deadlocks in the child.
[2025-04-18T20:34:12.303+0000] {standard_task_runner.py:72} INFO - Started process 44598 to run task
[2025-04-18T20:34:12.302+0000] {standard_task_runner.py:104} INFO - Running: ['***', 'tasks', 'run', 'run_dbt', 'run_dbt_seed', 'manual__2025-04-18T19:56:57.798037+00:00', '--job-id', '641', '--raw', '--subdir', 'DAGS_FOLDER/run_dbt_model.py', '--cfg-path', '/tmp/tmpuera9rvb']
[2025-04-18T20:34:12.305+0000] {standard_task_runner.py:105} INFO - Job 641: Subtask run_dbt_seed
[2025-04-18T20:34:12.355+0000] {task_command.py:467} INFO - Running <TaskInstance: run_dbt.run_dbt_seed manual__2025-04-18T19:56:57.798037+00:00 [running]> on host f21ba0bbe878
[2025-04-18T20:34:12.445+0000] {taskinstance.py:3134} INFO - Exporting env vars: AIRFLOW_CTX_DAG_OWNER='***' AIRFLOW_CTX_DAG_ID='run_dbt' AIRFLOW_CTX_TASK_ID='run_dbt_seed' AIRFLOW_CTX_EXECUTION_DATE='2025-04-18T19:56:57.798037+00:00' AIRFLOW_CTX_TRY_NUMBER='8' AIRFLOW_CTX_DAG_RUN_ID='manual__2025-04-18T19:56:57.798037+00:00'
[2025-04-18T20:34:12.446+0000] {taskinstance.py:732} INFO - ::endgroup::
[2025-04-18T20:34:12.461+0000] {subprocess.py:78} INFO - Tmp dir root location: /tmp
[2025-04-18T20:34:12.463+0000] {subprocess.py:88} INFO - Running command: ['/usr/bin/bash', '-c', 'cd /opt/***/dbt && dbt seed']
[2025-04-18T20:34:12.470+0000] {subprocess.py:99} INFO - Output:
[2025-04-18T20:34:16.286+0000] {subprocess.py:106} INFO - [0m20:34:16  Running with dbt=1.8.1
[2025-04-18T20:34:19.832+0000] {subprocess.py:106} INFO - [0m20:34:19  Registered adapter: bigquery=1.8.1
[2025-04-18T20:34:23.254+0000] {subprocess.py:106} INFO - [0m20:34:23  Found 1 seed, 10 models, 1 source, 602 macros
[2025-04-18T20:34:23.262+0000] {subprocess.py:106} INFO - [0m20:34:23
[2025-04-18T20:34:24.241+0000] {subprocess.py:106} INFO - [0m20:34:24  Concurrency: 1 threads (target='dev')
[2025-04-18T20:34:24.243+0000] {subprocess.py:106} INFO - [0m20:34:24
[2025-04-18T20:34:24.256+0000] {subprocess.py:106} INFO - [0m20:34:24  1 of 1 START seed file db_project_dataset.airports ............................. [RUN]
[2025-04-18T20:34:28.967+0000] {subprocess.py:106} INFO - [0m20:34:28  1 of 1 OK loaded seed file db_project_dataset.airports ......................... [[32mINSERT 3376[0m in 4.71s]
[2025-04-18T20:34:28.977+0000] {subprocess.py:106} INFO - [0m20:34:28
[2025-04-18T20:34:28.978+0000] {subprocess.py:106} INFO - [0m20:34:28  Finished running 1 seed in 0 hours 0 minutes and 5.71 seconds (5.71s).
[2025-04-18T20:34:29.139+0000] {subprocess.py:106} INFO - [0m20:34:29
[2025-04-18T20:34:29.146+0000] {subprocess.py:106} INFO - [0m20:34:29  [32mCompleted successfully[0m
[2025-04-18T20:34:29.152+0000] {subprocess.py:106} INFO - [0m20:34:29
[2025-04-18T20:34:29.155+0000] {subprocess.py:106} INFO - [0m20:34:29  Done. PASS=1 WARN=0 ERROR=0 SKIP=0 TOTAL=1
[2025-04-18T20:34:30.376+0000] {subprocess.py:110} INFO - Command exited with return code 0
[2025-04-18T20:34:30.401+0000] {taskinstance.py:341} INFO - ::group::Post task execution logs
[2025-04-18T20:34:30.402+0000] {taskinstance.py:353} INFO - Marking task as SUCCESS. dag_id=run_dbt, task_id=run_dbt_seed, run_id=manual__2025-04-18T19:56:57.798037+00:00, execution_date=20250418T195657, start_date=20250418T203412, end_date=20250418T203430
[2025-04-18T20:34:30.445+0000] {local_task_job_runner.py:266} INFO - Task exited with return code 0
[2025-04-18T20:34:30.471+0000] {taskinstance.py:3901} INFO - 1 downstream tasks scheduled from follow-on schedule check
[2025-04-18T20:34:30.474+0000] {local_task_job_runner.py:245} INFO - ::endgroup::
