[2025-04-18T19:59:30.149+0000] {local_task_job_runner.py:123} INFO - ::group::Pre task execution logs
[2025-04-18T19:59:30.175+0000] {taskinstance.py:2614} INFO - Dependencies all met for dep_context=non-requeueable deps ti=<TaskInstance: run_dbt.run_dbt_seed manual__2025-04-18T19:56:57.798037+00:00 [queued]>
[2025-04-18T19:59:30.189+0000] {taskinstance.py:2614} INFO - Dependencies all met for dep_context=requeueable deps ti=<TaskInstance: run_dbt.run_dbt_seed manual__2025-04-18T19:56:57.798037+00:00 [queued]>
[2025-04-18T19:59:30.190+0000] {taskinstance.py:2867} INFO - Starting attempt 2 of 3
[2025-04-18T19:59:30.205+0000] {taskinstance.py:2890} INFO - Executing <Task(BashOperator): run_dbt_seed> on 2025-04-18 19:56:57.798037+00:00
[2025-04-18T19:59:30.215+0000] {logging_mixin.py:190} WARNING - /home/***/.local/lib/python3.12/site-packages/***/task/task_runner/standard_task_runner.py:70 DeprecationWarning: This process (pid=42038) is multi-threaded, use of fork() may lead to deadlocks in the child.
[2025-04-18T19:59:30.214+0000] {standard_task_runner.py:104} INFO - Running: ['***', 'tasks', 'run', 'run_dbt', 'run_dbt_seed', 'manual__2025-04-18T19:56:57.798037+00:00', '--job-id', '623', '--raw', '--subdir', 'DAGS_FOLDER/run_dbt_model.py', '--cfg-path', '/tmp/tmpkfp8tggb']
[2025-04-18T19:59:30.217+0000] {standard_task_runner.py:72} INFO - Started process 42039 to run task
[2025-04-18T19:59:30.218+0000] {standard_task_runner.py:105} INFO - Job 623: Subtask run_dbt_seed
[2025-04-18T19:59:30.266+0000] {task_command.py:467} INFO - Running <TaskInstance: run_dbt.run_dbt_seed manual__2025-04-18T19:56:57.798037+00:00 [running]> on host f21ba0bbe878
[2025-04-18T19:59:30.344+0000] {taskinstance.py:3134} INFO - Exporting env vars: AIRFLOW_CTX_DAG_OWNER='***' AIRFLOW_CTX_DAG_ID='run_dbt' AIRFLOW_CTX_TASK_ID='run_dbt_seed' AIRFLOW_CTX_EXECUTION_DATE='2025-04-18T19:56:57.798037+00:00' AIRFLOW_CTX_TRY_NUMBER='2' AIRFLOW_CTX_DAG_RUN_ID='manual__2025-04-18T19:56:57.798037+00:00'
[2025-04-18T19:59:30.345+0000] {taskinstance.py:732} INFO - ::endgroup::
[2025-04-18T19:59:30.361+0000] {subprocess.py:78} INFO - Tmp dir root location: /tmp
[2025-04-18T19:59:30.363+0000] {subprocess.py:88} INFO - Running command: ['/usr/bin/bash', '-c', 'cd /opt/***/dbt && dbt seed']
[2025-04-18T19:59:30.371+0000] {subprocess.py:99} INFO - Output:
[2025-04-18T19:59:32.962+0000] {subprocess.py:106} INFO - [0m19:59:32  Running with dbt=1.8.1
[2025-04-18T19:59:34.282+0000] {subprocess.py:106} INFO - [0m19:59:34  Registered adapter: bigquery=1.8.1
[2025-04-18T19:59:34.638+0000] {subprocess.py:106} INFO - [0m19:59:34  Unable to do partial parsing because of a version mismatch
[2025-04-18T19:59:38.325+0000] {subprocess.py:106} INFO - [0m19:59:38  Found 10 models, 1 seed, 1 source, 602 macros
[2025-04-18T19:59:38.330+0000] {subprocess.py:106} INFO - [0m19:59:38
[2025-04-18T19:59:39.344+0000] {subprocess.py:106} INFO - [0m19:59:39  Concurrency: 1 threads (target='dev')
[2025-04-18T19:59:39.345+0000] {subprocess.py:106} INFO - [0m19:59:39
[2025-04-18T19:59:39.359+0000] {subprocess.py:106} INFO - [0m19:59:39  1 of 1 START seed file db_project_dataset.airports ............................. [RUN]
[2025-04-18T19:59:44.393+0000] {subprocess.py:106} INFO - [0m19:59:44  1 of 1 OK loaded seed file db_project_dataset.airports ......................... [[32mINSERT 3376[0m in 5.03s]
[2025-04-18T19:59:44.400+0000] {subprocess.py:106} INFO - [0m19:59:44
[2025-04-18T19:59:44.401+0000] {subprocess.py:106} INFO - [0m19:59:44  Finished running 1 seed in 0 hours 0 minutes and 6.07 seconds (6.07s).
[2025-04-18T19:59:44.498+0000] {subprocess.py:106} INFO - [0m19:59:44
[2025-04-18T19:59:44.499+0000] {subprocess.py:106} INFO - [0m19:59:44  [32mCompleted successfully[0m
[2025-04-18T19:59:44.500+0000] {subprocess.py:106} INFO - [0m19:59:44
[2025-04-18T19:59:44.501+0000] {subprocess.py:106} INFO - [0m19:59:44  Done. PASS=1 WARN=0 ERROR=0 SKIP=0 TOTAL=1
[2025-04-18T19:59:45.516+0000] {subprocess.py:110} INFO - Command exited with return code 0
[2025-04-18T19:59:45.542+0000] {taskinstance.py:341} INFO - ::group::Post task execution logs
[2025-04-18T19:59:45.543+0000] {taskinstance.py:353} INFO - Marking task as SUCCESS. dag_id=run_dbt, task_id=run_dbt_seed, run_id=manual__2025-04-18T19:56:57.798037+00:00, execution_date=20250418T195657, start_date=20250418T195930, end_date=20250418T195945
[2025-04-18T19:59:45.611+0000] {local_task_job_runner.py:266} INFO - Task exited with return code 0
[2025-04-18T19:59:45.633+0000] {taskinstance.py:3901} INFO - 1 downstream tasks scheduled from follow-on schedule check
[2025-04-18T19:59:45.636+0000] {local_task_job_runner.py:245} INFO - ::endgroup::
