[2025-04-18T20:32:25.620+0000] {local_task_job_runner.py:123} INFO - ::group::Pre task execution logs
[2025-04-18T20:32:25.649+0000] {taskinstance.py:2614} INFO - Dependencies all met for dep_context=non-requeueable deps ti=<TaskInstance: run_dbt.run_dbt_seed manual__2025-04-18T19:56:57.798037+00:00 [queued]>
[2025-04-18T20:32:25.662+0000] {taskinstance.py:2614} INFO - Dependencies all met for dep_context=requeueable deps ti=<TaskInstance: run_dbt.run_dbt_seed manual__2025-04-18T19:56:57.798037+00:00 [queued]>
[2025-04-18T20:32:25.663+0000] {taskinstance.py:2867} INFO - Starting attempt 7 of 8
[2025-04-18T20:32:25.679+0000] {taskinstance.py:2890} INFO - Executing <Task(BashOperator): run_dbt_seed> on 2025-04-18 19:56:57.798037+00:00
[2025-04-18T20:32:25.687+0000] {logging_mixin.py:190} WARNING - /home/***/.local/lib/python3.12/site-packages/***/task/task_runner/standard_task_runner.py:70 DeprecationWarning: This process (pid=44438) is multi-threaded, use of fork() may lead to deadlocks in the child.
[2025-04-18T20:32:25.689+0000] {standard_task_runner.py:72} INFO - Started process 44442 to run task
[2025-04-18T20:32:25.687+0000] {standard_task_runner.py:104} INFO - Running: ['***', 'tasks', 'run', 'run_dbt', 'run_dbt_seed', 'manual__2025-04-18T19:56:57.798037+00:00', '--job-id', '639', '--raw', '--subdir', 'DAGS_FOLDER/run_dbt_model.py', '--cfg-path', '/tmp/tmpcj2sbvda']
[2025-04-18T20:32:25.690+0000] {standard_task_runner.py:105} INFO - Job 639: Subtask run_dbt_seed
[2025-04-18T20:32:25.747+0000] {task_command.py:467} INFO - Running <TaskInstance: run_dbt.run_dbt_seed manual__2025-04-18T19:56:57.798037+00:00 [running]> on host f21ba0bbe878
[2025-04-18T20:32:25.841+0000] {taskinstance.py:3134} INFO - Exporting env vars: AIRFLOW_CTX_DAG_OWNER='***' AIRFLOW_CTX_DAG_ID='run_dbt' AIRFLOW_CTX_TASK_ID='run_dbt_seed' AIRFLOW_CTX_EXECUTION_DATE='2025-04-18T19:56:57.798037+00:00' AIRFLOW_CTX_TRY_NUMBER='7' AIRFLOW_CTX_DAG_RUN_ID='manual__2025-04-18T19:56:57.798037+00:00'
[2025-04-18T20:32:25.842+0000] {taskinstance.py:732} INFO - ::endgroup::
[2025-04-18T20:32:25.858+0000] {subprocess.py:78} INFO - Tmp dir root location: /tmp
[2025-04-18T20:32:25.860+0000] {subprocess.py:88} INFO - Running command: ['/usr/bin/bash', '-c', 'cd /opt/***/dbt && dbt seed']
[2025-04-18T20:32:25.869+0000] {subprocess.py:99} INFO - Output:
[2025-04-18T20:32:28.527+0000] {subprocess.py:106} INFO - [0m20:32:28  Running with dbt=1.8.1
[2025-04-18T20:32:30.547+0000] {subprocess.py:106} INFO - [0m20:32:30  Registered adapter: bigquery=1.8.1
[2025-04-18T20:32:33.276+0000] {subprocess.py:106} INFO - [0m20:32:33  Found 1 seed, 10 models, 1 source, 602 macros
[2025-04-18T20:32:33.286+0000] {subprocess.py:106} INFO - [0m20:32:33
[2025-04-18T20:32:34.090+0000] {subprocess.py:106} INFO - [0m20:32:34  Concurrency: 1 threads (target='dev')
[2025-04-18T20:32:34.092+0000] {subprocess.py:106} INFO - [0m20:32:34
[2025-04-18T20:32:34.113+0000] {subprocess.py:106} INFO - [0m20:32:34  1 of 1 START seed file db_project_dataset.airports ............................. [RUN]
[2025-04-18T20:32:37.133+0000] {subprocess.py:106} INFO - [0m20:32:37  1 of 1 OK loaded seed file db_project_dataset.airports ......................... [[32mINSERT 3376[0m in 3.02s]
[2025-04-18T20:32:37.139+0000] {subprocess.py:106} INFO - [0m20:32:37
[2025-04-18T20:32:37.140+0000] {subprocess.py:106} INFO - [0m20:32:37  Finished running 1 seed in 0 hours 0 minutes and 3.85 seconds (3.85s).
[2025-04-18T20:32:37.247+0000] {subprocess.py:106} INFO - [0m20:32:37
[2025-04-18T20:32:37.248+0000] {subprocess.py:106} INFO - [0m20:32:37  [32mCompleted successfully[0m
[2025-04-18T20:32:37.250+0000] {subprocess.py:106} INFO - [0m20:32:37
[2025-04-18T20:32:37.251+0000] {subprocess.py:106} INFO - [0m20:32:37  Done. PASS=1 WARN=0 ERROR=0 SKIP=0 TOTAL=1
[2025-04-18T20:32:38.344+0000] {subprocess.py:110} INFO - Command exited with return code 0
[2025-04-18T20:32:38.369+0000] {taskinstance.py:341} INFO - ::group::Post task execution logs
[2025-04-18T20:32:38.370+0000] {taskinstance.py:353} INFO - Marking task as SUCCESS. dag_id=run_dbt, task_id=run_dbt_seed, run_id=manual__2025-04-18T19:56:57.798037+00:00, execution_date=20250418T195657, start_date=20250418T203225, end_date=20250418T203238
[2025-04-18T20:32:38.426+0000] {local_task_job_runner.py:266} INFO - Task exited with return code 0
[2025-04-18T20:32:38.476+0000] {taskinstance.py:3901} INFO - 1 downstream tasks scheduled from follow-on schedule check
[2025-04-18T20:32:38.481+0000] {local_task_job_runner.py:245} INFO - ::endgroup::
