[2025-04-18T21:25:49.821+0000] {local_task_job_runner.py:123} INFO - ::group::Pre task execution logs
[2025-04-18T21:25:49.853+0000] {taskinstance.py:2614} INFO - Dependencies all met for dep_context=non-requeueable deps ti=<TaskInstance: run_dbt.run_dbt_seed manual__2025-04-18T19:56:57.798037+00:00 [queued]>
[2025-04-18T21:25:49.868+0000] {taskinstance.py:2614} INFO - Dependencies all met for dep_context=requeueable deps ti=<TaskInstance: run_dbt.run_dbt_seed manual__2025-04-18T19:56:57.798037+00:00 [queued]>
[2025-04-18T21:25:49.869+0000] {taskinstance.py:2867} INFO - Starting attempt 9 of 10
[2025-04-18T21:25:49.888+0000] {taskinstance.py:2890} INFO - Executing <Task(BashOperator): run_dbt_seed> on 2025-04-18 19:56:57.798037+00:00
[2025-04-18T21:25:49.896+0000] {logging_mixin.py:190} WARNING - /home/***/.local/lib/python3.12/site-packages/***/task/task_runner/standard_task_runner.py:70 DeprecationWarning: This process (pid=48359) is multi-threaded, use of fork() may lead to deadlocks in the child.
[2025-04-18T21:25:49.898+0000] {standard_task_runner.py:72} INFO - Started process 48362 to run task
[2025-04-18T21:25:49.896+0000] {standard_task_runner.py:104} INFO - Running: ['***', 'tasks', 'run', 'run_dbt', 'run_dbt_seed', 'manual__2025-04-18T19:56:57.798037+00:00', '--job-id', '661', '--raw', '--subdir', 'DAGS_FOLDER/run_dbt_model.py', '--cfg-path', '/tmp/tmp282pik22']
[2025-04-18T21:25:49.899+0000] {standard_task_runner.py:105} INFO - Job 661: Subtask run_dbt_seed
[2025-04-18T21:25:49.957+0000] {task_command.py:467} INFO - Running <TaskInstance: run_dbt.run_dbt_seed manual__2025-04-18T19:56:57.798037+00:00 [running]> on host f21ba0bbe878
[2025-04-18T21:25:50.050+0000] {taskinstance.py:3134} INFO - Exporting env vars: AIRFLOW_CTX_DAG_OWNER='***' AIRFLOW_CTX_DAG_ID='run_dbt' AIRFLOW_CTX_TASK_ID='run_dbt_seed' AIRFLOW_CTX_EXECUTION_DATE='2025-04-18T19:56:57.798037+00:00' AIRFLOW_CTX_TRY_NUMBER='9' AIRFLOW_CTX_DAG_RUN_ID='manual__2025-04-18T19:56:57.798037+00:00'
[2025-04-18T21:25:50.052+0000] {taskinstance.py:732} INFO - ::endgroup::
[2025-04-18T21:25:50.071+0000] {subprocess.py:78} INFO - Tmp dir root location: /tmp
[2025-04-18T21:25:50.073+0000] {subprocess.py:88} INFO - Running command: ['/usr/bin/bash', '-c', 'cd /opt/***/dbt && dbt seed']
[2025-04-18T21:25:50.082+0000] {subprocess.py:99} INFO - Output:
[2025-04-18T21:25:53.913+0000] {subprocess.py:106} INFO - [0m21:25:53  Running with dbt=1.8.1
[2025-04-18T21:25:55.295+0000] {subprocess.py:106} INFO - [0m21:25:55  Registered adapter: bigquery=1.8.1
[2025-04-18T21:25:57.106+0000] {subprocess.py:106} INFO - [0m21:25:57  Found 1 seed, 10 models, 1 source, 602 macros
[2025-04-18T21:25:57.110+0000] {subprocess.py:106} INFO - [0m21:25:57
[2025-04-18T21:25:57.798+0000] {subprocess.py:106} INFO - [0m21:25:57  Concurrency: 1 threads (target='dev')
[2025-04-18T21:25:57.799+0000] {subprocess.py:106} INFO - [0m21:25:57
[2025-04-18T21:25:57.811+0000] {subprocess.py:106} INFO - [0m21:25:57  1 of 1 START seed file db_project_dataset.airports ............................. [RUN]
[2025-04-18T21:26:00.757+0000] {subprocess.py:106} INFO - [0m21:26:00  1 of 1 OK loaded seed file db_project_dataset.airports ......................... [[32mINSERT 3376[0m in 2.94s]
[2025-04-18T21:26:00.763+0000] {subprocess.py:106} INFO - [0m21:26:00
[2025-04-18T21:26:00.764+0000] {subprocess.py:106} INFO - [0m21:26:00  Finished running 1 seed in 0 hours 0 minutes and 3.65 seconds (3.65s).
[2025-04-18T21:26:00.862+0000] {subprocess.py:106} INFO - [0m21:26:00
[2025-04-18T21:26:00.863+0000] {subprocess.py:106} INFO - [0m21:26:00  [32mCompleted successfully[0m
[2025-04-18T21:26:00.864+0000] {subprocess.py:106} INFO - [0m21:26:00
[2025-04-18T21:26:00.865+0000] {subprocess.py:106} INFO - [0m21:26:00  Done. PASS=1 WARN=0 ERROR=0 SKIP=0 TOTAL=1
[2025-04-18T21:26:01.875+0000] {subprocess.py:110} INFO - Command exited with return code 0
[2025-04-18T21:26:01.907+0000] {taskinstance.py:341} INFO - ::group::Post task execution logs
[2025-04-18T21:26:01.908+0000] {taskinstance.py:353} INFO - Marking task as SUCCESS. dag_id=run_dbt, task_id=run_dbt_seed, run_id=manual__2025-04-18T19:56:57.798037+00:00, execution_date=20250418T195657, start_date=20250418T212549, end_date=20250418T212601
[2025-04-18T21:26:01.990+0000] {local_task_job_runner.py:266} INFO - Task exited with return code 0
[2025-04-18T21:26:02.019+0000] {taskinstance.py:3901} INFO - 1 downstream tasks scheduled from follow-on schedule check
[2025-04-18T21:26:02.024+0000] {local_task_job_runner.py:245} INFO - ::endgroup::
