[2025-04-14T17:45:41.541+0000] {local_task_job_runner.py:123} INFO - ::group::Pre task execution logs
[2025-04-14T17:45:41.606+0000] {taskinstance.py:2614} INFO - Dependencies all met for dep_context=non-requeueable deps ti=<TaskInstance: dbt_airflow.run_dbt_mart2 manual__2025-04-14T17:44:19.622619+00:00 [queued]>
[2025-04-14T17:45:41.623+0000] {taskinstance.py:2614} INFO - Dependencies all met for dep_context=requeueable deps ti=<TaskInstance: dbt_airflow.run_dbt_mart2 manual__2025-04-14T17:44:19.622619+00:00 [queued]>
[2025-04-14T17:45:41.626+0000] {taskinstance.py:2867} INFO - Starting attempt 1 of 2
[2025-04-14T17:45:41.642+0000] {taskinstance.py:2890} INFO - Executing <Task(BashOperator): run_dbt_mart2> on 2025-04-14 17:44:19.622619+00:00
[2025-04-14T17:45:41.650+0000] {logging_mixin.py:190} WARNING - /home/***/.local/lib/python3.12/site-packages/***/task/task_runner/standard_task_runner.py:70 DeprecationWarning: This process (pid=15268) is multi-threaded, use of fork() may lead to deadlocks in the child.
[2025-04-14T17:45:41.652+0000] {standard_task_runner.py:72} INFO - Started process 15269 to run task
[2025-04-14T17:45:41.650+0000] {standard_task_runner.py:104} INFO - Running: ['***', 'tasks', 'run', 'dbt_***', 'run_dbt_mart2', 'manual__2025-04-14T17:44:19.622619+00:00', '--job-id', '531', '--raw', '--subdir', 'DAGS_FOLDER/run_dbt_model.py', '--cfg-path', '/tmp/tmpwhh2x6vy']
[2025-04-14T17:45:41.653+0000] {standard_task_runner.py:105} INFO - Job 531: Subtask run_dbt_mart2
[2025-04-14T17:45:41.704+0000] {task_command.py:467} INFO - Running <TaskInstance: dbt_airflow.run_dbt_mart2 manual__2025-04-14T17:44:19.622619+00:00 [running]> on host b7be566335ce
[2025-04-14T17:45:41.829+0000] {taskinstance.py:3134} INFO - Exporting env vars: AIRFLOW_CTX_DAG_OWNER='***' AIRFLOW_CTX_DAG_ID='dbt_***' AIRFLOW_CTX_TASK_ID='run_dbt_mart2' AIRFLOW_CTX_EXECUTION_DATE='2025-04-14T17:44:19.622619+00:00' AIRFLOW_CTX_TRY_NUMBER='1' AIRFLOW_CTX_DAG_RUN_ID='manual__2025-04-14T17:44:19.622619+00:00'
[2025-04-14T17:45:41.830+0000] {taskinstance.py:732} INFO - ::endgroup::
[2025-04-14T17:45:41.849+0000] {subprocess.py:78} INFO - Tmp dir root location: /tmp
[2025-04-14T17:45:41.851+0000] {subprocess.py:88} INFO - Running command: ['/usr/bin/bash', '-c', 'cd /opt/***/dbt && dbt run --models fact_delays_by_flight_num']
[2025-04-14T17:45:41.861+0000] {subprocess.py:99} INFO - Output:
[2025-04-14T17:45:46.254+0000] {subprocess.py:106} INFO - [0m17:45:46  Running with dbt=1.7.9
[2025-04-14T17:45:49.148+0000] {subprocess.py:106} INFO - [0m17:45:49  Registered adapter: bigquery=1.7.9
[2025-04-14T17:45:50.375+0000] {subprocess.py:106} INFO - [0m17:45:50  Found 1 seed, 4 models, 1 source, 0 exposures, 0 metrics, 571 macros, 0 groups, 0 semantic models
[2025-04-14T17:45:50.379+0000] {subprocess.py:106} INFO - [0m17:45:50
[2025-04-14T17:45:51.180+0000] {subprocess.py:106} INFO - [0m17:45:51  Concurrency: 1 threads (target='dev')
[2025-04-14T17:45:51.181+0000] {subprocess.py:106} INFO - [0m17:45:51
[2025-04-14T17:45:51.201+0000] {subprocess.py:106} INFO - [0m17:45:51  1 of 1 START sql view model db_project_dataset.fact_delays_by_flight_num ....... [RUN]
[2025-04-14T17:45:51.945+0000] {subprocess.py:106} INFO - [0m17:45:51  1 of 1 OK created sql view model db_project_dataset.fact_delays_by_flight_num .. [[32mCREATE VIEW (0 processed)[0m in 0.73s]
[2025-04-14T17:45:51.954+0000] {subprocess.py:106} INFO - [0m17:45:51
[2025-04-14T17:45:51.955+0000] {subprocess.py:106} INFO - [0m17:45:51  Finished running 1 view model in 0 hours 0 minutes and 1.57 seconds (1.57s).
[2025-04-14T17:45:51.990+0000] {subprocess.py:106} INFO - [0m17:45:51
[2025-04-14T17:45:51.992+0000] {subprocess.py:106} INFO - [0m17:45:51  [32mCompleted successfully[0m
[2025-04-14T17:45:51.993+0000] {subprocess.py:106} INFO - [0m17:45:51
[2025-04-14T17:45:51.997+0000] {subprocess.py:106} INFO - [0m17:45:51  Done. PASS=1 WARN=0 ERROR=0 SKIP=0 TOTAL=1
[2025-04-14T17:45:53.149+0000] {subprocess.py:110} INFO - Command exited with return code 0
[2025-04-14T17:45:53.179+0000] {taskinstance.py:341} INFO - ::group::Post task execution logs
[2025-04-14T17:45:53.180+0000] {taskinstance.py:353} INFO - Marking task as SUCCESS. dag_id=dbt_***, task_id=run_dbt_mart2, run_id=manual__2025-04-14T17:44:19.622619+00:00, execution_date=20250414T174419, start_date=20250414T174541, end_date=20250414T174553
[2025-04-14T17:45:53.239+0000] {local_task_job_runner.py:266} INFO - Task exited with return code 0
[2025-04-14T17:45:53.264+0000] {taskinstance.py:3901} INFO - 0 downstream tasks scheduled from follow-on schedule check
[2025-04-14T17:45:53.267+0000] {local_task_job_runner.py:245} INFO - ::endgroup::
