[2025-04-18T12:05:57.870+0000] {local_task_job_runner.py:123} INFO - ::group::Pre task execution logs
[2025-04-18T12:05:57.933+0000] {taskinstance.py:2614} INFO - Dependencies all met for dep_context=non-requeueable deps ti=<TaskInstance: kaggle_to_gcs.download_csv_from_kaggle scheduled__2004-01-01T00:00:00+00:00 [queued]>
[2025-04-18T12:05:57.978+0000] {taskinstance.py:2614} INFO - Dependencies all met for dep_context=requeueable deps ti=<TaskInstance: kaggle_to_gcs.download_csv_from_kaggle scheduled__2004-01-01T00:00:00+00:00 [queued]>
[2025-04-18T12:05:57.993+0000] {taskinstance.py:2867} INFO - Starting attempt 1 of 2
[2025-04-18T12:05:58.551+0000] {taskinstance.py:2890} INFO - Executing <Task(PythonOperator): download_csv_from_kaggle> on 2004-01-01 00:00:00+00:00
[2025-04-18T12:05:58.579+0000] {logging_mixin.py:190} WARNING - /home/***/.local/lib/python3.12/site-packages/***/task/task_runner/standard_task_runner.py:70 DeprecationWarning: This process (pid=2400) is multi-threaded, use of fork() may lead to deadlocks in the child.
[2025-04-18T12:05:58.582+0000] {standard_task_runner.py:72} INFO - Started process 2408 to run task
[2025-04-18T12:05:58.596+0000] {standard_task_runner.py:104} INFO - Running: ['***', 'tasks', 'run', 'kaggle_to_gcs', 'download_csv_from_kaggle', 'scheduled__2004-01-01T00:00:00+00:00', '--job-id', '566', '--raw', '--subdir', 'DAGS_FOLDER/kaggle_to_gcs.py', '--cfg-path', '/tmp/tmpqj_yyqqo']
[2025-04-18T12:05:58.605+0000] {standard_task_runner.py:105} INFO - Job 566: Subtask download_csv_from_kaggle
[2025-04-18T12:05:59.456+0000] {task_command.py:467} INFO - Running <TaskInstance: kaggle_to_gcs.download_csv_from_kaggle scheduled__2004-01-01T00:00:00+00:00 [running]> on host f21ba0bbe878
[2025-04-18T12:05:59.654+0000] {taskinstance.py:3134} INFO - Exporting env vars: AIRFLOW_CTX_DAG_OWNER='***' AIRFLOW_CTX_DAG_ID='kaggle_to_gcs' AIRFLOW_CTX_TASK_ID='download_csv_from_kaggle' AIRFLOW_CTX_EXECUTION_DATE='2004-01-01T00:00:00+00:00' AIRFLOW_CTX_TRY_NUMBER='1' AIRFLOW_CTX_DAG_RUN_ID='scheduled__2004-01-01T00:00:00+00:00'
[2025-04-18T12:05:59.655+0000] {taskinstance.py:732} INFO - ::endgroup::
[2025-04-18T12:05:59.710+0000] {logging_mixin.py:190} INFO - Dataset URL: https://www.kaggle.com/datasets/viggo123/data-fight-usa-dataset
[2025-04-18T12:07:25.568+0000] {logging_mixin.py:190} INFO - Downloading 2004.csv to /tmp/kaggle_downloads
[2025-04-18T12:07:25.610+0000] {logging_mixin.py:190} WARNING -   0%|          | 0.00/639M [00:00<?, ?B/s]
[2025-04-18T12:07:25.713+0000] {logging_mixin.py:190} WARNING -   7%|7         | 45.0M/639M [00:00<00:01, 466MB/s]
[2025-04-18T12:07:25.815+0000] {logging_mixin.py:190} WARNING -  16%|#5        | 100M/639M [00:00<00:01, 526MB/s] 
[2025-04-18T12:07:25.960+0000] {logging_mixin.py:190} WARNING -  24%|##3       | 151M/639M [00:00<00:01, 440MB/s]
[2025-04-18T12:07:26.098+0000] {logging_mixin.py:190} WARNING -  31%|###       | 195M/639M [00:00<00:01, 395MB/s]
[2025-04-18T12:07:26.241+0000] {logging_mixin.py:190} WARNING -  37%|###6      | 234M/639M [00:00<00:01, 352MB/s]
[2025-04-18T12:07:26.376+0000] {logging_mixin.py:190} WARNING -  42%|####2     | 269M/639M [00:00<00:01, 325MB/s]
[2025-04-18T12:07:26.477+0000] {logging_mixin.py:190} WARNING -  49%|####8     | 312M/639M [00:00<00:00, 358MB/s]
[2025-04-18T12:07:26.578+0000] {logging_mixin.py:190} WARNING -  56%|#####5    | 355M/639M [00:00<00:00, 382MB/s]
[2025-04-18T12:07:26.754+0000] {logging_mixin.py:190} WARNING -  62%|######1   | 393M/639M [00:01<00:00, 318MB/s]
[2025-04-18T12:07:26.855+0000] {logging_mixin.py:190} WARNING -  67%|######7   | 431M/639M [00:01<00:00, 337MB/s]
[2025-04-18T12:07:26.957+0000] {logging_mixin.py:190} WARNING -  73%|#######3  | 467M/639M [00:01<00:00, 347MB/s]
[2025-04-18T12:07:27.097+0000] {logging_mixin.py:190} WARNING -  79%|#######8  | 502M/639M [00:01<00:00, 317MB/s]
[2025-04-18T12:07:27.197+0000] {logging_mixin.py:190} WARNING -  89%|########9 | 569M/639M [00:01<00:00, 417MB/s]
[2025-04-18T12:07:27.300+0000] {logging_mixin.py:190} WARNING -  96%|#########5| 612M/639M [00:01<00:00, 423MB/s]
[2025-04-18T12:07:27.392+0000] {logging_mixin.py:190} WARNING - 100%|##########| 639M/639M [00:01<00:00, 376MB/s]
[2025-04-18T12:07:27.484+0000] {python.py:240} INFO - Done. Returned value was: /tmp/kaggle_downloads/2004.csv
[2025-04-18T12:07:27.531+0000] {taskinstance.py:341} INFO - ::group::Post task execution logs
[2025-04-18T12:07:27.532+0000] {taskinstance.py:353} INFO - Marking task as SUCCESS. dag_id=kaggle_to_gcs, task_id=download_csv_from_kaggle, run_id=scheduled__2004-01-01T00:00:00+00:00, execution_date=20040101T000000, start_date=20250418T120557, end_date=20250418T120727
[2025-04-18T12:07:27.958+0000] {local_task_job_runner.py:266} INFO - Task exited with return code 0
[2025-04-18T12:07:28.061+0000] {taskinstance.py:3901} INFO - 1 downstream tasks scheduled from follow-on schedule check
[2025-04-18T12:07:28.064+0000] {local_task_job_runner.py:245} INFO - ::endgroup::
