[2025-04-18T12:19:40.920+0000] {local_task_job_runner.py:123} INFO - ::group::Pre task execution logs
[2025-04-18T12:19:40.939+0000] {taskinstance.py:2614} INFO - Dependencies all met for dep_context=non-requeueable deps ti=<TaskInstance: kaggle_to_gcs.download_csv_from_kaggle scheduled__2006-01-01T00:00:00+00:00 [queued]>
[2025-04-18T12:19:40.949+0000] {taskinstance.py:2614} INFO - Dependencies all met for dep_context=requeueable deps ti=<TaskInstance: kaggle_to_gcs.download_csv_from_kaggle scheduled__2006-01-01T00:00:00+00:00 [queued]>
[2025-04-18T12:19:40.950+0000] {taskinstance.py:2867} INFO - Starting attempt 2 of 2
[2025-04-18T12:19:40.966+0000] {taskinstance.py:2890} INFO - Executing <Task(PythonOperator): download_csv_from_kaggle> on 2006-01-01 00:00:00+00:00
[2025-04-18T12:19:40.978+0000] {logging_mixin.py:190} WARNING - /home/***/.local/lib/python3.12/site-packages/***/task/task_runner/standard_task_runner.py:70 DeprecationWarning: This process (pid=3099) is multi-threaded, use of fork() may lead to deadlocks in the child.
[2025-04-18T12:19:40.981+0000] {standard_task_runner.py:72} INFO - Started process 3118 to run task
[2025-04-18T12:19:40.979+0000] {standard_task_runner.py:104} INFO - Running: ['***', 'tasks', 'run', 'kaggle_to_gcs', 'download_csv_from_kaggle', 'scheduled__2006-01-01T00:00:00+00:00', '--job-id', '581', '--raw', '--subdir', 'DAGS_FOLDER/kaggle_to_gcs.py', '--cfg-path', '/tmp/tmp6kkx1mmj']
[2025-04-18T12:19:40.982+0000] {standard_task_runner.py:105} INFO - Job 581: Subtask download_csv_from_kaggle
[2025-04-18T12:19:41.042+0000] {task_command.py:467} INFO - Running <TaskInstance: kaggle_to_gcs.download_csv_from_kaggle scheduled__2006-01-01T00:00:00+00:00 [running]> on host f21ba0bbe878
[2025-04-18T12:19:41.161+0000] {taskinstance.py:3134} INFO - Exporting env vars: AIRFLOW_CTX_DAG_OWNER='***' AIRFLOW_CTX_DAG_ID='kaggle_to_gcs' AIRFLOW_CTX_TASK_ID='download_csv_from_kaggle' AIRFLOW_CTX_EXECUTION_DATE='2006-01-01T00:00:00+00:00' AIRFLOW_CTX_TRY_NUMBER='2' AIRFLOW_CTX_DAG_RUN_ID='scheduled__2006-01-01T00:00:00+00:00'
[2025-04-18T12:19:41.162+0000] {taskinstance.py:732} INFO - ::endgroup::
[2025-04-18T12:19:41.183+0000] {logging_mixin.py:190} INFO - Dataset URL: https://www.kaggle.com/datasets/viggo123/data-fight-usa-dataset
[2025-04-18T12:20:45.194+0000] {logging_mixin.py:190} INFO - Downloading 2006.csv to /tmp/kaggle_downloads
[2025-04-18T12:20:45.222+0000] {logging_mixin.py:190} WARNING -   0%|          | 0.00/641M [00:00<?, ?B/s]
[2025-04-18T12:20:45.373+0000] {logging_mixin.py:190} WARNING -  11%|#         | 68.0M/641M [00:00<00:01, 584MB/s]
[2025-04-18T12:20:45.446+0000] {logging_mixin.py:190} WARNING -  20%|#9        | 126M/641M [00:00<00:00, 595MB/s] 
[2025-04-18T12:20:45.547+0000] {logging_mixin.py:190} WARNING -  35%|###4      | 222M/641M [00:00<00:00, 772MB/s]
[2025-04-18T12:20:45.654+0000] {logging_mixin.py:190} WARNING -  46%|####6     | 297M/641M [00:00<00:00, 757MB/s]
[2025-04-18T12:20:45.865+0000] {logging_mixin.py:190} WARNING -  58%|#####7    | 370M/641M [00:00<00:00, 548MB/s]
[2025-04-18T12:20:45.966+0000] {logging_mixin.py:190} WARNING -  68%|######8   | 436M/641M [00:00<00:00, 585MB/s]
[2025-04-18T12:20:46.080+0000] {logging_mixin.py:190} WARNING -  78%|#######7  | 498M/641M [00:00<00:00, 581MB/s]
[2025-04-18T12:20:46.181+0000] {logging_mixin.py:190} WARNING -  89%|########9 | 571M/641M [00:00<00:00, 630MB/s]
[2025-04-18T12:20:46.312+0000] {logging_mixin.py:190} WARNING -  99%|#########9| 635M/641M [00:01<00:00, 589MB/s]
[2025-04-18T12:20:46.326+0000] {logging_mixin.py:190} WARNING - 100%|##########| 641M/641M [00:01<00:00, 610MB/s]
[2025-04-18T12:20:46.365+0000] {python.py:240} INFO - Done. Returned value was: /tmp/kaggle_downloads/2006.csv
[2025-04-18T12:20:46.579+0000] {taskinstance.py:341} INFO - ::group::Post task execution logs
[2025-04-18T12:20:46.580+0000] {taskinstance.py:353} INFO - Marking task as SUCCESS. dag_id=kaggle_to_gcs, task_id=download_csv_from_kaggle, run_id=scheduled__2006-01-01T00:00:00+00:00, execution_date=20060101T000000, start_date=20250418T121940, end_date=20250418T122046
[2025-04-18T12:20:46.705+0000] {local_task_job_runner.py:266} INFO - Task exited with return code 0
[2025-04-18T12:20:46.754+0000] {taskinstance.py:3901} INFO - 1 downstream tasks scheduled from follow-on schedule check
[2025-04-18T12:20:46.756+0000] {local_task_job_runner.py:245} INFO - ::endgroup::
