[2025-04-17T21:03:21.860+0000] {local_task_job_runner.py:123} INFO - ::group::Pre task execution logs
[2025-04-17T21:03:21.880+0000] {taskinstance.py:2614} INFO - Dependencies all met for dep_context=non-requeueable deps ti=<TaskInstance: kaggle_to_gcs.download_csv_from_kaggle scheduled__1988-01-01T00:00:00+00:00 [queued]>
[2025-04-17T21:03:21.894+0000] {taskinstance.py:2614} INFO - Dependencies all met for dep_context=requeueable deps ti=<TaskInstance: kaggle_to_gcs.download_csv_from_kaggle scheduled__1988-01-01T00:00:00+00:00 [queued]>
[2025-04-17T21:03:21.895+0000] {taskinstance.py:2867} INFO - Starting attempt 4 of 5
[2025-04-17T21:03:21.915+0000] {taskinstance.py:2890} INFO - Executing <Task(PythonOperator): download_csv_from_kaggle> on 1988-01-01 00:00:00+00:00
[2025-04-17T21:03:21.924+0000] {standard_task_runner.py:104} INFO - Running: ['***', 'tasks', 'run', 'kaggle_to_gcs', 'download_csv_from_kaggle', 'scheduled__1988-01-01T00:00:00+00:00', '--job-id', '553', '--raw', '--subdir', 'DAGS_FOLDER/kaggle_to_gcs.py', '--cfg-path', '/tmp/tmp2so7dbj3']
[2025-04-17T21:03:21.927+0000] {standard_task_runner.py:105} INFO - Job 553: Subtask download_csv_from_kaggle
[2025-04-17T21:03:21.929+0000] {logging_mixin.py:190} WARNING - /home/***/.local/lib/python3.12/site-packages/***/task/task_runner/standard_task_runner.py:70 DeprecationWarning: This process (pid=2080) is multi-threaded, use of fork() may lead to deadlocks in the child.
[2025-04-17T21:03:21.930+0000] {standard_task_runner.py:72} INFO - Started process 2082 to run task
[2025-04-17T21:03:21.987+0000] {task_command.py:467} INFO - Running <TaskInstance: kaggle_to_gcs.download_csv_from_kaggle scheduled__1988-01-01T00:00:00+00:00 [running]> on host f21ba0bbe878
[2025-04-17T21:03:22.102+0000] {taskinstance.py:3134} INFO - Exporting env vars: AIRFLOW_CTX_DAG_OWNER='***' AIRFLOW_CTX_DAG_ID='kaggle_to_gcs' AIRFLOW_CTX_TASK_ID='download_csv_from_kaggle' AIRFLOW_CTX_EXECUTION_DATE='1988-01-01T00:00:00+00:00' AIRFLOW_CTX_TRY_NUMBER='4' AIRFLOW_CTX_DAG_RUN_ID='scheduled__1988-01-01T00:00:00+00:00'
[2025-04-17T21:03:22.104+0000] {taskinstance.py:732} INFO - ::endgroup::
[2025-04-17T21:03:22.134+0000] {logging_mixin.py:190} INFO - Dataset URL: https://www.kaggle.com/datasets/viggo123/data-fight-usa-dataset
[2025-04-17T21:04:18.532+0000] {logging_mixin.py:190} INFO - Downloading 1988.csv to /tmp/kaggle_downloads
[2025-04-17T21:04:18.539+0000] {logging_mixin.py:190} WARNING -   0%|          | 0.00/478M [00:00<?, ?B/s]
[2025-04-17T21:04:18.665+0000] {logging_mixin.py:190} WARNING -  26%|##6       | 126M/478M [00:00<00:00, 1.06GB/s]
[2025-04-17T21:04:18.799+0000] {logging_mixin.py:190} WARNING -  48%|####7     | 227M/478M [00:00<00:00, 898MB/s] 
[2025-04-17T21:04:18.900+0000] {logging_mixin.py:190} WARNING -  68%|######8   | 327M/478M [00:00<00:00, 955MB/s]
[2025-04-17T21:04:19.000+0000] {logging_mixin.py:190} WARNING -  89%|########8 | 423M/478M [00:00<00:00, 971MB/s]
[2025-04-17T21:04:19.085+0000] {logging_mixin.py:190} WARNING - 100%|##########| 478M/478M [00:00<00:00, 920MB/s]
[2025-04-17T21:04:19.116+0000] {python.py:240} INFO - Done. Returned value was: /tmp/kaggle_downloads/1988.csv
[2025-04-17T21:04:19.163+0000] {taskinstance.py:341} INFO - ::group::Post task execution logs
[2025-04-17T21:04:19.164+0000] {taskinstance.py:353} INFO - Marking task as SUCCESS. dag_id=kaggle_to_gcs, task_id=download_csv_from_kaggle, run_id=scheduled__1988-01-01T00:00:00+00:00, execution_date=19880101T000000, start_date=20250417T210321, end_date=20250417T210419
[2025-04-17T21:04:19.257+0000] {local_task_job_runner.py:266} INFO - Task exited with return code 0
[2025-04-17T21:04:19.292+0000] {taskinstance.py:3901} INFO - 1 downstream tasks scheduled from follow-on schedule check
[2025-04-17T21:04:19.297+0000] {local_task_job_runner.py:245} INFO - ::endgroup::
