[2025-04-14T17:45:22.728+0000] {local_task_job_runner.py:123} INFO - ::group::Pre task execution logs
[2025-04-14T17:45:22.753+0000] {taskinstance.py:2614} INFO - Dependencies all met for dep_context=non-requeueable deps ti=<TaskInstance: dbt_airflow.run_dbt_mart1 manual__2025-04-14T17:44:19.622619+00:00 [queued]>
[2025-04-14T17:45:22.764+0000] {taskinstance.py:2614} INFO - Dependencies all met for dep_context=requeueable deps ti=<TaskInstance: dbt_airflow.run_dbt_mart1 manual__2025-04-14T17:44:19.622619+00:00 [queued]>
[2025-04-14T17:45:22.765+0000] {taskinstance.py:2867} INFO - Starting attempt 1 of 2
[2025-04-14T17:45:22.779+0000] {taskinstance.py:2890} INFO - Executing <Task(BashOperator): run_dbt_mart1> on 2025-04-14 17:44:19.622619+00:00
[2025-04-14T17:45:22.786+0000] {logging_mixin.py:190} WARNING - /home/***/.local/lib/python3.12/site-packages/***/task/task_runner/standard_task_runner.py:70 DeprecationWarning: This process (pid=15238) is multi-threaded, use of fork() may lead to deadlocks in the child.
[2025-04-14T17:45:22.788+0000] {standard_task_runner.py:72} INFO - Started process 15239 to run task
[2025-04-14T17:45:22.786+0000] {standard_task_runner.py:104} INFO - Running: ['***', 'tasks', 'run', 'dbt_***', 'run_dbt_mart1', 'manual__2025-04-14T17:44:19.622619+00:00', '--job-id', '530', '--raw', '--subdir', 'DAGS_FOLDER/run_dbt_model.py', '--cfg-path', '/tmp/tmpuikzv4vt']
[2025-04-14T17:45:22.789+0000] {standard_task_runner.py:105} INFO - Job 530: Subtask run_dbt_mart1
[2025-04-14T17:45:22.836+0000] {task_command.py:467} INFO - Running <TaskInstance: dbt_airflow.run_dbt_mart1 manual__2025-04-14T17:44:19.622619+00:00 [running]> on host b7be566335ce
[2025-04-14T17:45:22.923+0000] {taskinstance.py:3134} INFO - Exporting env vars: AIRFLOW_CTX_DAG_OWNER='***' AIRFLOW_CTX_DAG_ID='dbt_***' AIRFLOW_CTX_TASK_ID='run_dbt_mart1' AIRFLOW_CTX_EXECUTION_DATE='2025-04-14T17:44:19.622619+00:00' AIRFLOW_CTX_TRY_NUMBER='1' AIRFLOW_CTX_DAG_RUN_ID='manual__2025-04-14T17:44:19.622619+00:00'
[2025-04-14T17:45:22.924+0000] {taskinstance.py:732} INFO - ::endgroup::
[2025-04-14T17:45:22.940+0000] {subprocess.py:78} INFO - Tmp dir root location: /tmp
[2025-04-14T17:45:22.942+0000] {subprocess.py:88} INFO - Running command: ['/usr/bin/bash', '-c', 'cd /opt/***/dbt && dbt run --models fact_departures_by_airport_year']
[2025-04-14T17:45:22.954+0000] {subprocess.py:99} INFO - Output:
[2025-04-14T17:45:26.898+0000] {subprocess.py:106} INFO - [0m17:45:26  Running with dbt=1.7.9
[2025-04-14T17:45:31.785+0000] {subprocess.py:106} INFO - [0m17:45:31  Registered adapter: bigquery=1.7.9
[2025-04-14T17:45:33.532+0000] {subprocess.py:106} INFO - [0m17:45:33  Found 1 seed, 4 models, 1 source, 0 exposures, 0 metrics, 571 macros, 0 groups, 0 semantic models
[2025-04-14T17:45:33.540+0000] {subprocess.py:106} INFO - [0m17:45:33
[2025-04-14T17:45:34.654+0000] {subprocess.py:106} INFO - [0m17:45:34  Concurrency: 1 threads (target='dev')
[2025-04-14T17:45:34.655+0000] {subprocess.py:106} INFO - [0m17:45:34
[2025-04-14T17:45:34.671+0000] {subprocess.py:106} INFO - [0m17:45:34  1 of 1 START sql table model db_project_dataset.fact_departures_by_airport_year  [RUN]
[2025-04-14T17:45:37.112+0000] {subprocess.py:106} INFO - [0m17:45:37  1 of 1 OK created sql table model db_project_dataset.fact_departures_by_airport_year  [[32mCREATE TABLE (262.0 rows, 128.7 MiB processed)[0m in 2.43s]
[2025-04-14T17:45:37.139+0000] {subprocess.py:106} INFO - [0m17:45:37
[2025-04-14T17:45:37.143+0000] {subprocess.py:106} INFO - [0m17:45:37  Finished running 1 table model in 0 hours 0 minutes and 3.59 seconds (3.59s).
[2025-04-14T17:45:37.213+0000] {subprocess.py:106} INFO - [0m17:45:37
[2025-04-14T17:45:37.215+0000] {subprocess.py:106} INFO - [0m17:45:37  [32mCompleted successfully[0m
[2025-04-14T17:45:37.217+0000] {subprocess.py:106} INFO - [0m17:45:37
[2025-04-14T17:45:37.219+0000] {subprocess.py:106} INFO - [0m17:45:37  Done. PASS=1 WARN=0 ERROR=0 SKIP=0 TOTAL=1
[2025-04-14T17:45:40.074+0000] {subprocess.py:110} INFO - Command exited with return code 0
[2025-04-14T17:45:40.108+0000] {taskinstance.py:341} INFO - ::group::Post task execution logs
[2025-04-14T17:45:40.110+0000] {taskinstance.py:353} INFO - Marking task as SUCCESS. dag_id=dbt_***, task_id=run_dbt_mart1, run_id=manual__2025-04-14T17:44:19.622619+00:00, execution_date=20250414T174419, start_date=20250414T174522, end_date=20250414T174540
[2025-04-14T17:45:40.189+0000] {local_task_job_runner.py:266} INFO - Task exited with return code 0
[2025-04-14T17:45:40.222+0000] {taskinstance.py:3901} INFO - 1 downstream tasks scheduled from follow-on schedule check
[2025-04-14T17:45:40.226+0000] {local_task_job_runner.py:245} INFO - ::endgroup::
