[2025-04-13T19:22:53.061+0000] {local_task_job_runner.py:123} INFO - ::group::Pre task execution logs
[2025-04-13T19:22:53.081+0000] {taskinstance.py:2614} INFO - Dependencies all met for dep_context=non-requeueable deps ti=<TaskInstance: gcs_dlt_data_pipeline.download_file scheduled__1987-01-01T00:00:00+00:00 [queued]>
[2025-04-13T19:22:53.090+0000] {taskinstance.py:2614} INFO - Dependencies all met for dep_context=requeueable deps ti=<TaskInstance: gcs_dlt_data_pipeline.download_file scheduled__1987-01-01T00:00:00+00:00 [queued]>
[2025-04-13T19:22:53.091+0000] {taskinstance.py:2867} INFO - Starting attempt 9 of 10
[2025-04-13T19:22:53.112+0000] {taskinstance.py:2890} INFO - Executing <Task(PythonOperator): download_file> on 1987-01-01 00:00:00+00:00
[2025-04-13T19:22:53.125+0000] {standard_task_runner.py:104} INFO - Running: ['***', 'tasks', 'run', 'gcs_dlt_data_pipeline', 'download_file', 'scheduled__1987-01-01T00:00:00+00:00', '--job-id', '147', '--raw', '--subdir', 'DAGS_FOLDER/first_stage/first_stage.py', '--cfg-path', '/tmp/tmpz6vz7cal']
[2025-04-13T19:22:53.129+0000] {standard_task_runner.py:105} INFO - Job 147: Subtask download_file
[2025-04-13T19:22:53.135+0000] {logging_mixin.py:190} WARNING - /home/***/.local/lib/python3.12/site-packages/***/task/task_runner/standard_task_runner.py:70 DeprecationWarning: This process (pid=886) is multi-threaded, use of fork() may lead to deadlocks in the child.
[2025-04-13T19:22:53.136+0000] {standard_task_runner.py:72} INFO - Started process 888 to run task
[2025-04-13T19:22:53.200+0000] {task_command.py:467} INFO - Running <TaskInstance: gcs_dlt_data_pipeline.download_file scheduled__1987-01-01T00:00:00+00:00 [running]> on host 0728476a73c7
[2025-04-13T19:22:53.313+0000] {taskinstance.py:3134} INFO - Exporting env vars: AIRFLOW_CTX_DAG_OWNER='***' AIRFLOW_CTX_DAG_ID='gcs_dlt_data_pipeline' AIRFLOW_CTX_TASK_ID='download_file' AIRFLOW_CTX_EXECUTION_DATE='1987-01-01T00:00:00+00:00' AIRFLOW_CTX_TRY_NUMBER='9' AIRFLOW_CTX_DAG_RUN_ID='scheduled__1987-01-01T00:00:00+00:00'
[2025-04-13T19:22:53.315+0000] {taskinstance.py:732} INFO - ::endgroup::
[2025-04-13T19:22:53.329+0000] {logging_mixin.py:190} INFO - Source File Path: /raw/1987.csv.bz2
[2025-04-13T19:22:53.330+0000] {logging_mixin.py:190} INFO - Destination File Path: /files/1987.csv.bz2
[2025-04-13T19:22:53.330+0000] {taskinstance.py:3313} ERROR - Task failed with exception
Traceback (most recent call last):
  File "/home/airflow/.local/lib/python3.12/site-packages/airflow/models/taskinstance.py", line 768, in _execute_task
    result = _execute_callable(context=context, **execute_callable_kwargs)
             ^^^^^^^^^^^^^^^^^^^^^^^^^^^^^^^^^^^^^^^^^^^^^^^^^^^^^^^^^^^^^
  File "/home/airflow/.local/lib/python3.12/site-packages/airflow/models/taskinstance.py", line 734, in _execute_callable
    return ExecutionCallableRunner(
           ^^^^^^^^^^^^^^^^^^^^^^^^
  File "/home/airflow/.local/lib/python3.12/site-packages/airflow/utils/operator_helpers.py", line 252, in run
    return self.func(*args, **kwargs)
           ^^^^^^^^^^^^^^^^^^^^^^^^^^
  File "/home/airflow/.local/lib/python3.12/site-packages/airflow/models/baseoperator.py", line 424, in wrapper
    return func(self, *args, **kwargs)
           ^^^^^^^^^^^^^^^^^^^^^^^^^^^
  File "/home/airflow/.local/lib/python3.12/site-packages/airflow/operators/python.py", line 238, in execute
    return_value = self.execute_callable()
                   ^^^^^^^^^^^^^^^^^^^^^^^
  File "/home/airflow/.local/lib/python3.12/site-packages/airflow/operators/python.py", line 256, in execute_callable
    return runner.run(*self.op_args, **self.op_kwargs)
           ^^^^^^^^^^^^^^^^^^^^^^^^^^^^^^^^^^^^^^^^^^^
  File "/home/airflow/.local/lib/python3.12/site-packages/airflow/utils/operator_helpers.py", line 252, in run
    return self.func(*args, **kwargs)
           ^^^^^^^^^^^^^^^^^^^^^^^^^^
  File "/opt/airflow/dags/first_stage/first_stage.py", line 46, in gcs_source
    download_gcs_file(GCS_BUCKET_NAME, source_file_name, destination_file_name)
  File "/opt/airflow/dags/first_stage/first_stage.py", line 24, in download_gcs_file
    blob.download_to_filename(destination_file_name)
  File "/usr/local/lib/python3.12/contextlib.py", line 81, in inner
    return func(*args, **kwds)
           ^^^^^^^^^^^^^^^^^^^
  File "/home/airflow/.local/lib/python3.12/site-packages/google/cloud/storage/blob.py", line 1349, in download_to_filename
    self._handle_filename_and_download(
  File "/home/airflow/.local/lib/python3.12/site-packages/google/cloud/storage/blob.py", line 1223, in _handle_filename_and_download
    with open(filename, "wb") as file_obj:
         ^^^^^^^^^^^^^^^^^^^^
FileNotFoundError: [Errno 2] No such file or directory: '/files/1987.csv.bz2'
[2025-04-13T19:22:53.350+0000] {taskinstance.py:1226} INFO - Marking task as UP_FOR_RETRY. dag_id=gcs_dlt_data_pipeline, task_id=download_file, run_id=scheduled__1987-01-01T00:00:00+00:00, execution_date=19870101T000000, start_date=20250413T192253, end_date=20250413T192253
[2025-04-13T19:22:53.393+0000] {taskinstance.py:341} INFO - ::group::Post task execution logs
[2025-04-13T19:22:53.394+0000] {standard_task_runner.py:124} ERROR - Failed to execute job 147 for task download_file ([Errno 2] No such file or directory: '/files/1987.csv.bz2'; 888)
Traceback (most recent call last):
  File "/home/airflow/.local/lib/python3.12/site-packages/airflow/task/task_runner/standard_task_runner.py", line 117, in _start_by_fork
    ret = args.func(args, dag=self.dag)
          ^^^^^^^^^^^^^^^^^^^^^^^^^^^^^
  File "/home/airflow/.local/lib/python3.12/site-packages/airflow/cli/cli_config.py", line 49, in command
    return func(*args, **kwargs)
           ^^^^^^^^^^^^^^^^^^^^^
  File "/home/airflow/.local/lib/python3.12/site-packages/airflow/utils/cli.py", line 116, in wrapper
    return f(*args, **kwargs)
           ^^^^^^^^^^^^^^^^^^
  File "/home/airflow/.local/lib/python3.12/site-packages/airflow/cli/commands/task_command.py", line 483, in task_run
    task_return_code = _run_task_by_selected_method(args, _dag, ti)
                       ^^^^^^^^^^^^^^^^^^^^^^^^^^^^^^^^^^^^^^^^^^^^
  File "/home/airflow/.local/lib/python3.12/site-packages/airflow/cli/commands/task_command.py", line 256, in _run_task_by_selected_method
    return _run_raw_task(args, ti)
           ^^^^^^^^^^^^^^^^^^^^^^^
  File "/home/airflow/.local/lib/python3.12/site-packages/airflow/cli/commands/task_command.py", line 341, in _run_raw_task
    return ti._run_raw_task(
           ^^^^^^^^^^^^^^^^^
  File "/home/airflow/.local/lib/python3.12/site-packages/airflow/utils/session.py", line 97, in wrapper
    return func(*args, session=session, **kwargs)
           ^^^^^^^^^^^^^^^^^^^^^^^^^^^^^^^^^^^^^^
  File "/home/airflow/.local/lib/python3.12/site-packages/airflow/models/taskinstance.py", line 3006, in _run_raw_task
    return _run_raw_task(
           ^^^^^^^^^^^^^^
  File "/home/airflow/.local/lib/python3.12/site-packages/airflow/models/taskinstance.py", line 274, in _run_raw_task
    TaskInstance._execute_task_with_callbacks(
  File "/home/airflow/.local/lib/python3.12/site-packages/airflow/models/taskinstance.py", line 3161, in _execute_task_with_callbacks
    result = self._execute_task(context, task_orig)
             ^^^^^^^^^^^^^^^^^^^^^^^^^^^^^^^^^^^^^^
  File "/home/airflow/.local/lib/python3.12/site-packages/airflow/models/taskinstance.py", line 3185, in _execute_task
    return _execute_task(self, context, task_orig)
           ^^^^^^^^^^^^^^^^^^^^^^^^^^^^^^^^^^^^^^^
  File "/home/airflow/.local/lib/python3.12/site-packages/airflow/models/taskinstance.py", line 768, in _execute_task
    result = _execute_callable(context=context, **execute_callable_kwargs)
             ^^^^^^^^^^^^^^^^^^^^^^^^^^^^^^^^^^^^^^^^^^^^^^^^^^^^^^^^^^^^^
  File "/home/airflow/.local/lib/python3.12/site-packages/airflow/models/taskinstance.py", line 734, in _execute_callable
    return ExecutionCallableRunner(
           ^^^^^^^^^^^^^^^^^^^^^^^^
  File "/home/airflow/.local/lib/python3.12/site-packages/airflow/utils/operator_helpers.py", line 252, in run
    return self.func(*args, **kwargs)
           ^^^^^^^^^^^^^^^^^^^^^^^^^^
  File "/home/airflow/.local/lib/python3.12/site-packages/airflow/models/baseoperator.py", line 424, in wrapper
    return func(self, *args, **kwargs)
           ^^^^^^^^^^^^^^^^^^^^^^^^^^^
  File "/home/airflow/.local/lib/python3.12/site-packages/airflow/operators/python.py", line 238, in execute
    return_value = self.execute_callable()
                   ^^^^^^^^^^^^^^^^^^^^^^^
  File "/home/airflow/.local/lib/python3.12/site-packages/airflow/operators/python.py", line 256, in execute_callable
    return runner.run(*self.op_args, **self.op_kwargs)
           ^^^^^^^^^^^^^^^^^^^^^^^^^^^^^^^^^^^^^^^^^^^
  File "/home/airflow/.local/lib/python3.12/site-packages/airflow/utils/operator_helpers.py", line 252, in run
    return self.func(*args, **kwargs)
           ^^^^^^^^^^^^^^^^^^^^^^^^^^
  File "/opt/airflow/dags/first_stage/first_stage.py", line 46, in gcs_source
    download_gcs_file(GCS_BUCKET_NAME, source_file_name, destination_file_name)
  File "/opt/airflow/dags/first_stage/first_stage.py", line 24, in download_gcs_file
    blob.download_to_filename(destination_file_name)
  File "/usr/local/lib/python3.12/contextlib.py", line 81, in inner
    return func(*args, **kwds)
           ^^^^^^^^^^^^^^^^^^^
  File "/home/airflow/.local/lib/python3.12/site-packages/google/cloud/storage/blob.py", line 1349, in download_to_filename
    self._handle_filename_and_download(
  File "/home/airflow/.local/lib/python3.12/site-packages/google/cloud/storage/blob.py", line 1223, in _handle_filename_and_download
    with open(filename, "wb") as file_obj:
         ^^^^^^^^^^^^^^^^^^^^
FileNotFoundError: [Errno 2] No such file or directory: '/files/1987.csv.bz2'
[2025-04-13T19:22:53.433+0000] {local_task_job_runner.py:266} INFO - Task exited with return code 1
[2025-04-13T19:22:53.472+0000] {taskinstance.py:3901} INFO - 0 downstream tasks scheduled from follow-on schedule check
[2025-04-13T19:22:53.474+0000] {local_task_job_runner.py:245} INFO - ::endgroup::
