[2025-04-13T19:38:36.854+0000] {local_task_job_runner.py:123} INFO - ::group::Pre task execution logs
[2025-04-13T19:38:36.882+0000] {taskinstance.py:2614} INFO - Dependencies all met for dep_context=non-requeueable deps ti=<TaskInstance: gcs_dlt_data_pipeline.download_file scheduled__1987-01-01T00:00:00+00:00 [queued]>
[2025-04-13T19:38:36.893+0000] {taskinstance.py:2614} INFO - Dependencies all met for dep_context=requeueable deps ti=<TaskInstance: gcs_dlt_data_pipeline.download_file scheduled__1987-01-01T00:00:00+00:00 [queued]>
[2025-04-13T19:38:36.899+0000] {taskinstance.py:2867} INFO - Starting attempt 24 of 25
[2025-04-13T19:38:36.923+0000] {taskinstance.py:2890} INFO - Executing <Task(PythonOperator): download_file> on 1987-01-01 00:00:00+00:00
[2025-04-13T19:38:36.938+0000] {logging_mixin.py:190} WARNING - /home/***/.local/lib/python3.12/site-packages/***/task/task_runner/standard_task_runner.py:70 DeprecationWarning: This process (pid=1446) is multi-threaded, use of fork() may lead to deadlocks in the child.
[2025-04-13T19:38:36.939+0000] {standard_task_runner.py:72} INFO - Started process 1448 to run task
[2025-04-13T19:38:36.940+0000] {standard_task_runner.py:104} INFO - Running: ['***', 'tasks', 'run', 'gcs_dlt_data_pipeline', 'download_file', 'scheduled__1987-01-01T00:00:00+00:00', '--job-id', '164', '--raw', '--subdir', 'DAGS_FOLDER/first_stage/first_stage.py', '--cfg-path', '/tmp/tmpiyzgp_b4']
[2025-04-13T19:38:36.948+0000] {standard_task_runner.py:105} INFO - Job 164: Subtask download_file
[2025-04-13T19:38:37.084+0000] {task_command.py:467} INFO - Running <TaskInstance: gcs_dlt_data_pipeline.download_file scheduled__1987-01-01T00:00:00+00:00 [running]> on host 0728476a73c7
[2025-04-13T19:38:38.044+0000] {taskinstance.py:3134} INFO - Exporting env vars: AIRFLOW_CTX_DAG_OWNER='***' AIRFLOW_CTX_DAG_ID='gcs_dlt_data_pipeline' AIRFLOW_CTX_TASK_ID='download_file' AIRFLOW_CTX_EXECUTION_DATE='1987-01-01T00:00:00+00:00' AIRFLOW_CTX_TRY_NUMBER='24' AIRFLOW_CTX_DAG_RUN_ID='scheduled__1987-01-01T00:00:00+00:00'
[2025-04-13T19:38:38.052+0000] {taskinstance.py:732} INFO - ::endgroup::
[2025-04-13T19:38:38.132+0000] {logging_mixin.py:190} INFO - Source File Path: raw/1987.csv.bz2
[2025-04-13T19:38:38.134+0000] {logging_mixin.py:190} INFO - Destination File Path: /tmp/1987.csv.bz2
[2025-04-13T19:38:38.141+0000] {logging_mixin.py:190} INFO - Downloading raw/1987.csv.bz2 from bucket db_project_data_bucket to /tmp/1987.csv.bz2
[2025-04-13T19:38:39.652+0000] {logging_mixin.py:190} INFO - Downloaded db_project_data_bucket/raw/1987.csv.bz2 to /tmp/1987.csv.bz2
[2025-04-13T19:38:45.897+0000] {python.py:240} INFO - Done. Returned value was: /tmp/1987.csv
[2025-04-13T19:38:45.937+0000] {taskinstance.py:341} INFO - ::group::Post task execution logs
[2025-04-13T19:38:45.938+0000] {taskinstance.py:353} INFO - Marking task as SUCCESS. dag_id=gcs_dlt_data_pipeline, task_id=download_file, run_id=scheduled__1987-01-01T00:00:00+00:00, execution_date=19870101T000000, start_date=20250413T193836, end_date=20250413T193845
[2025-04-13T19:38:46.027+0000] {local_task_job_runner.py:266} INFO - Task exited with return code 0
[2025-04-13T19:38:46.037+0000] {local_task_job_runner.py:245} INFO - ::endgroup::
