[2025-04-13T21:30:30.147+0000] {local_task_job_runner.py:123} INFO - ::group::Pre task execution logs
[2025-04-13T21:30:30.186+0000] {taskinstance.py:2614} INFO - Dependencies all met for dep_context=non-requeueable deps ti=<TaskInstance: gcs_dlt_data_pipeline.process_data scheduled__1987-01-01T00:00:00+00:00 [queued]>
[2025-04-13T21:30:30.247+0000] {taskinstance.py:2614} INFO - Dependencies all met for dep_context=requeueable deps ti=<TaskInstance: gcs_dlt_data_pipeline.process_data scheduled__1987-01-01T00:00:00+00:00 [queued]>
[2025-04-13T21:30:30.250+0000] {taskinstance.py:2867} INFO - Starting attempt 7 of 8
[2025-04-13T21:30:30.270+0000] {taskinstance.py:2890} INFO - Executing <Task(PythonOperator): process_data> on 1987-01-01 00:00:00+00:00
[2025-04-13T21:30:30.280+0000] {logging_mixin.py:190} WARNING - /home/***/.local/lib/python3.12/site-packages/***/task/task_runner/standard_task_runner.py:70 DeprecationWarning: This process (pid=983) is multi-threaded, use of fork() may lead to deadlocks in the child.
[2025-04-13T21:30:30.282+0000] {standard_task_runner.py:72} INFO - Started process 985 to run task
[2025-04-13T21:30:30.281+0000] {standard_task_runner.py:104} INFO - Running: ['***', 'tasks', 'run', 'gcs_dlt_data_pipeline', 'process_data', 'scheduled__1987-01-01T00:00:00+00:00', '--job-id', '346', '--raw', '--subdir', 'DAGS_FOLDER/first_stage/first_stage.py', '--cfg-path', '/tmp/tmpmilchvf0']
[2025-04-13T21:30:30.284+0000] {standard_task_runner.py:105} INFO - Job 346: Subtask process_data
[2025-04-13T21:30:30.359+0000] {task_command.py:467} INFO - Running <TaskInstance: gcs_dlt_data_pipeline.process_data scheduled__1987-01-01T00:00:00+00:00 [running]> on host 3330be1269a6
[2025-04-13T21:30:30.464+0000] {taskinstance.py:3134} INFO - Exporting env vars: AIRFLOW_CTX_DAG_OWNER='***' AIRFLOW_CTX_DAG_ID='gcs_dlt_data_pipeline' AIRFLOW_CTX_TASK_ID='process_data' AIRFLOW_CTX_EXECUTION_DATE='1987-01-01T00:00:00+00:00' AIRFLOW_CTX_TRY_NUMBER='7' AIRFLOW_CTX_DAG_RUN_ID='scheduled__1987-01-01T00:00:00+00:00'
[2025-04-13T21:30:30.466+0000] {taskinstance.py:732} INFO - ::endgroup::
[2025-04-13T21:30:34.921+0000] {logging_mixin.py:190} INFO - 'Year'
[2025-04-13T21:30:34.922+0000] {logging_mixin.py:190} INFO - 'Month'
[2025-04-13T21:30:34.922+0000] {logging_mixin.py:190} INFO - 'DayofMonth'
[2025-04-13T21:30:34.923+0000] {logging_mixin.py:190} INFO - 'DayOfWeek'
[2025-04-13T21:30:34.924+0000] {logging_mixin.py:190} INFO - 'DepTime'
[2025-04-13T21:30:34.925+0000] {logging_mixin.py:190} INFO - 'CRSDepTime'
[2025-04-13T21:30:34.926+0000] {logging_mixin.py:190} INFO - 'ArrTime'
[2025-04-13T21:30:34.926+0000] {logging_mixin.py:190} INFO - 'CRSArrTime'
[2025-04-13T21:30:34.927+0000] {logging_mixin.py:190} INFO - 'UniqueCarrier'
[2025-04-13T21:30:34.928+0000] {logging_mixin.py:190} INFO - 'FlightNum'
[2025-04-13T21:30:34.929+0000] {logging_mixin.py:190} INFO - 'TailNum'
[2025-04-13T21:30:34.930+0000] {logging_mixin.py:190} INFO - 'ActualElapsedTime'
[2025-04-13T21:30:34.931+0000] {logging_mixin.py:190} INFO - 'CRSElapsedTime'
[2025-04-13T21:30:34.932+0000] {logging_mixin.py:190} INFO - 'AirTime'
[2025-04-13T21:30:34.933+0000] {logging_mixin.py:190} INFO - 'ArrDelay'
[2025-04-13T21:30:34.934+0000] {logging_mixin.py:190} INFO - 'DepDelay'
[2025-04-13T21:30:34.935+0000] {logging_mixin.py:190} INFO - 'Origin'
[2025-04-13T21:30:34.936+0000] {logging_mixin.py:190} INFO - 'Dest'
[2025-04-13T21:30:34.936+0000] {logging_mixin.py:190} INFO - 'Distance'
[2025-04-13T21:30:34.937+0000] {logging_mixin.py:190} INFO - 'TaxiIn'
[2025-04-13T21:30:34.938+0000] {logging_mixin.py:190} INFO - 'TaxiOut'
[2025-04-13T21:30:34.939+0000] {logging_mixin.py:190} INFO - 'Cancelled'
[2025-04-13T21:30:34.940+0000] {logging_mixin.py:190} INFO - 'CancellationCode'
[2025-04-13T21:30:34.941+0000] {logging_mixin.py:190} INFO - 'Diverted'
[2025-04-13T21:30:34.941+0000] {logging_mixin.py:190} INFO - 'CarrierDelay'
[2025-04-13T21:30:34.942+0000] {logging_mixin.py:190} INFO - 'WeatherDelay'
[2025-04-13T21:30:34.943+0000] {logging_mixin.py:190} INFO - 'NASDelay'
[2025-04-13T21:30:34.944+0000] {logging_mixin.py:190} INFO - 'SecurityDelay'
[2025-04-13T21:30:34.945+0000] {logging_mixin.py:190} INFO - 'LateAircraftDelay'
[2025-04-13T21:30:35.099+0000] {taskinstance.py:3313} ERROR - Task failed with exception
Traceback (most recent call last):
  File "/home/airflow/.local/lib/python3.12/site-packages/airflow/models/taskinstance.py", line 763, in _execute_task
    result = _execute_callable(context=context, **execute_callable_kwargs)
             ^^^^^^^^^^^^^^^^^^^^^^^^^^^^^^^^^^^^^^^^^^^^^^^^^^^^^^^^^^^^^
  File "/home/airflow/.local/lib/python3.12/site-packages/airflow/models/taskinstance.py", line 734, in _execute_callable
    return ExecutionCallableRunner(
           ^^^^^^^^^^^^^^^^^^^^^^^^
  File "/home/airflow/.local/lib/python3.12/site-packages/airflow/utils/operator_helpers.py", line 252, in run
    return self.func(*args, **kwargs)
           ^^^^^^^^^^^^^^^^^^^^^^^^^^
  File "/home/airflow/.local/lib/python3.12/site-packages/airflow/models/baseoperator.py", line 424, in wrapper
    return func(self, *args, **kwargs)
           ^^^^^^^^^^^^^^^^^^^^^^^^^^^
  File "/home/airflow/.local/lib/python3.12/site-packages/airflow/operators/python.py", line 238, in execute
    return_value = self.execute_callable()
                   ^^^^^^^^^^^^^^^^^^^^^^^
  File "/home/airflow/.local/lib/python3.12/site-packages/airflow/operators/python.py", line 256, in execute_callable
    return runner.run(*self.op_args, **self.op_kwargs)
           ^^^^^^^^^^^^^^^^^^^^^^^^^^^^^^^^^^^^^^^^^^^
  File "/home/airflow/.local/lib/python3.12/site-packages/airflow/utils/operator_helpers.py", line 252, in run
    return self.func(*args, **kwargs)
           ^^^^^^^^^^^^^^^^^^^^^^^^^^
  File "/opt/airflow/dags/first_stage/first_stage.py", line 56, in transform_data
    df.drop(columns_to_remove, inplace=True)
  File "/home/airflow/.local/lib/python3.12/site-packages/pandas/core/frame.py", line 5344, in drop
    return super().drop(
           ^^^^^^^^^^^^^
  File "/home/airflow/.local/lib/python3.12/site-packages/pandas/core/generic.py", line 4711, in drop
    obj = obj._drop_axis(labels, axis, level=level, errors=errors)
          ^^^^^^^^^^^^^^^^^^^^^^^^^^^^^^^^^^^^^^^^^^^^^^^^^^^^^^^^
  File "/home/airflow/.local/lib/python3.12/site-packages/pandas/core/generic.py", line 4753, in _drop_axis
    new_axis = axis.drop(labels, errors=errors)
               ^^^^^^^^^^^^^^^^^^^^^^^^^^^^^^^^
  File "/home/airflow/.local/lib/python3.12/site-packages/pandas/core/indexes/base.py", line 7000, in drop
    raise KeyError(f"{labels[mask].tolist()} not found in axis")
KeyError: "['TaxiIn', 'TaxiOut', 'Cancelled', 'CancellationCode', 'Diverted', 'CarrierDelay', 'WeatherDelay', 'NASDelay', 'SecurityDelay', 'LateAircraftDelay'] not found in axis"
[2025-04-13T21:30:35.128+0000] {taskinstance.py:1226} INFO - Marking task as UP_FOR_RETRY. dag_id=gcs_dlt_data_pipeline, task_id=process_data, run_id=scheduled__1987-01-01T00:00:00+00:00, execution_date=19870101T000000, start_date=20250413T213030, end_date=20250413T213035
[2025-04-13T21:30:35.170+0000] {taskinstance.py:341} INFO - ::group::Post task execution logs
[2025-04-13T21:30:35.171+0000] {standard_task_runner.py:124} ERROR - Failed to execute job 346 for task process_data ("['TaxiIn', 'TaxiOut', 'Cancelled', 'CancellationCode', 'Diverted', 'CarrierDelay', 'WeatherDelay', 'NASDelay', 'SecurityDelay', 'LateAircraftDelay'] not found in axis"; 985)
Traceback (most recent call last):
  File "/home/airflow/.local/lib/python3.12/site-packages/airflow/task/task_runner/standard_task_runner.py", line 117, in _start_by_fork
    ret = args.func(args, dag=self.dag)
          ^^^^^^^^^^^^^^^^^^^^^^^^^^^^^
  File "/home/airflow/.local/lib/python3.12/site-packages/airflow/cli/cli_config.py", line 49, in command
    return func(*args, **kwargs)
           ^^^^^^^^^^^^^^^^^^^^^
  File "/home/airflow/.local/lib/python3.12/site-packages/airflow/utils/cli.py", line 116, in wrapper
    return f(*args, **kwargs)
           ^^^^^^^^^^^^^^^^^^
  File "/home/airflow/.local/lib/python3.12/site-packages/airflow/cli/commands/task_command.py", line 483, in task_run
    task_return_code = _run_task_by_selected_method(args, _dag, ti)
                       ^^^^^^^^^^^^^^^^^^^^^^^^^^^^^^^^^^^^^^^^^^^^
  File "/home/airflow/.local/lib/python3.12/site-packages/airflow/cli/commands/task_command.py", line 256, in _run_task_by_selected_method
    return _run_raw_task(args, ti)
           ^^^^^^^^^^^^^^^^^^^^^^^
  File "/home/airflow/.local/lib/python3.12/site-packages/airflow/cli/commands/task_command.py", line 341, in _run_raw_task
    return ti._run_raw_task(
           ^^^^^^^^^^^^^^^^^
  File "/home/airflow/.local/lib/python3.12/site-packages/airflow/utils/session.py", line 97, in wrapper
    return func(*args, session=session, **kwargs)
           ^^^^^^^^^^^^^^^^^^^^^^^^^^^^^^^^^^^^^^
  File "/home/airflow/.local/lib/python3.12/site-packages/airflow/models/taskinstance.py", line 3006, in _run_raw_task
    return _run_raw_task(
           ^^^^^^^^^^^^^^
  File "/home/airflow/.local/lib/python3.12/site-packages/airflow/models/taskinstance.py", line 274, in _run_raw_task
    TaskInstance._execute_task_with_callbacks(
  File "/home/airflow/.local/lib/python3.12/site-packages/airflow/models/taskinstance.py", line 3161, in _execute_task_with_callbacks
    result = self._execute_task(context, task_orig)
             ^^^^^^^^^^^^^^^^^^^^^^^^^^^^^^^^^^^^^^
  File "/home/airflow/.local/lib/python3.12/site-packages/airflow/models/taskinstance.py", line 3185, in _execute_task
    return _execute_task(self, context, task_orig)
           ^^^^^^^^^^^^^^^^^^^^^^^^^^^^^^^^^^^^^^^
  File "/home/airflow/.local/lib/python3.12/site-packages/airflow/models/taskinstance.py", line 763, in _execute_task
    result = _execute_callable(context=context, **execute_callable_kwargs)
             ^^^^^^^^^^^^^^^^^^^^^^^^^^^^^^^^^^^^^^^^^^^^^^^^^^^^^^^^^^^^^
  File "/home/airflow/.local/lib/python3.12/site-packages/airflow/models/taskinstance.py", line 734, in _execute_callable
    return ExecutionCallableRunner(
           ^^^^^^^^^^^^^^^^^^^^^^^^
  File "/home/airflow/.local/lib/python3.12/site-packages/airflow/utils/operator_helpers.py", line 252, in run
    return self.func(*args, **kwargs)
           ^^^^^^^^^^^^^^^^^^^^^^^^^^
  File "/home/airflow/.local/lib/python3.12/site-packages/airflow/models/baseoperator.py", line 424, in wrapper
    return func(self, *args, **kwargs)
           ^^^^^^^^^^^^^^^^^^^^^^^^^^^
  File "/home/airflow/.local/lib/python3.12/site-packages/airflow/operators/python.py", line 238, in execute
    return_value = self.execute_callable()
                   ^^^^^^^^^^^^^^^^^^^^^^^
  File "/home/airflow/.local/lib/python3.12/site-packages/airflow/operators/python.py", line 256, in execute_callable
    return runner.run(*self.op_args, **self.op_kwargs)
           ^^^^^^^^^^^^^^^^^^^^^^^^^^^^^^^^^^^^^^^^^^^
  File "/home/airflow/.local/lib/python3.12/site-packages/airflow/utils/operator_helpers.py", line 252, in run
    return self.func(*args, **kwargs)
           ^^^^^^^^^^^^^^^^^^^^^^^^^^
  File "/opt/airflow/dags/first_stage/first_stage.py", line 56, in transform_data
    df.drop(columns_to_remove, inplace=True)
  File "/home/airflow/.local/lib/python3.12/site-packages/pandas/core/frame.py", line 5344, in drop
    return super().drop(
           ^^^^^^^^^^^^^
  File "/home/airflow/.local/lib/python3.12/site-packages/pandas/core/generic.py", line 4711, in drop
    obj = obj._drop_axis(labels, axis, level=level, errors=errors)
          ^^^^^^^^^^^^^^^^^^^^^^^^^^^^^^^^^^^^^^^^^^^^^^^^^^^^^^^^
  File "/home/airflow/.local/lib/python3.12/site-packages/pandas/core/generic.py", line 4753, in _drop_axis
    new_axis = axis.drop(labels, errors=errors)
               ^^^^^^^^^^^^^^^^^^^^^^^^^^^^^^^^
  File "/home/airflow/.local/lib/python3.12/site-packages/pandas/core/indexes/base.py", line 7000, in drop
    raise KeyError(f"{labels[mask].tolist()} not found in axis")
KeyError: "['TaxiIn', 'TaxiOut', 'Cancelled', 'CancellationCode', 'Diverted', 'CarrierDelay', 'WeatherDelay', 'NASDelay', 'SecurityDelay', 'LateAircraftDelay'] not found in axis"
[2025-04-13T21:30:35.243+0000] {local_task_job_runner.py:266} INFO - Task exited with return code 1
[2025-04-13T21:30:35.291+0000] {standard_task_runner.py:217} INFO - Process not found (most likely exited), stop collecting metrics
[2025-04-13T21:30:35.296+0000] {taskinstance.py:3901} INFO - 0 downstream tasks scheduled from follow-on schedule check
[2025-04-13T21:30:35.299+0000] {local_task_job_runner.py:245} INFO - ::endgroup::
