[2025-04-14T11:38:41.426+0000] {local_task_job_runner.py:123} INFO - ::group::Pre task execution logs
[2025-04-14T11:38:41.450+0000] {taskinstance.py:2614} INFO - Dependencies all met for dep_context=non-requeueable deps ti=<TaskInstance: spark_csv_to_parquet.submit_spark_job manual__2025-04-14T08:42:22.510334+00:00 [queued]>
[2025-04-14T11:38:41.462+0000] {taskinstance.py:2614} INFO - Dependencies all met for dep_context=requeueable deps ti=<TaskInstance: spark_csv_to_parquet.submit_spark_job manual__2025-04-14T08:42:22.510334+00:00 [queued]>
[2025-04-14T11:38:41.463+0000] {taskinstance.py:2867} INFO - Starting attempt 14 of 14
[2025-04-14T11:38:41.480+0000] {taskinstance.py:2890} INFO - Executing <Task(DataprocSubmitJobOperator): submit_spark_job> on 2025-04-14 08:42:22.510334+00:00
[2025-04-14T11:38:41.488+0000] {logging_mixin.py:190} WARNING - /home/***/.local/lib/python3.12/site-packages/***/task/task_runner/standard_task_runner.py:70 DeprecationWarning: This process (pid=10751) is multi-threaded, use of fork() may lead to deadlocks in the child.
[2025-04-14T11:38:41.490+0000] {standard_task_runner.py:72} INFO - Started process 10752 to run task
[2025-04-14T11:38:41.488+0000] {standard_task_runner.py:104} INFO - Running: ['***', 'tasks', 'run', 'spark_csv_to_parquet', 'submit_spark_job', 'manual__2025-04-14T08:42:22.510334+00:00', '--job-id', '367', '--raw', '--subdir', 'DAGS_FOLDER/spark_job/spark_job.py', '--cfg-path', '/tmp/tmp0ojey59y']
[2025-04-14T11:38:41.491+0000] {standard_task_runner.py:105} INFO - Job 367: Subtask submit_spark_job
[2025-04-14T11:38:41.542+0000] {task_command.py:467} INFO - Running <TaskInstance: spark_csv_to_parquet.submit_spark_job manual__2025-04-14T08:42:22.510334+00:00 [running]> on host 3330be1269a6
[2025-04-14T11:38:41.636+0000] {taskinstance.py:3134} INFO - Exporting env vars: AIRFLOW_CTX_DAG_OWNER='***' AIRFLOW_CTX_DAG_ID='spark_csv_to_parquet' AIRFLOW_CTX_TASK_ID='submit_spark_job' AIRFLOW_CTX_EXECUTION_DATE='2025-04-14T08:42:22.510334+00:00' AIRFLOW_CTX_TRY_NUMBER='14' AIRFLOW_CTX_DAG_RUN_ID='manual__2025-04-14T08:42:22.510334+00:00'
[2025-04-14T11:38:41.637+0000] {taskinstance.py:732} INFO - ::endgroup::
[2025-04-14T11:38:41.671+0000] {dataproc.py:2618} INFO - Submitting job
[2025-04-14T11:38:41.689+0000] {connection.py:277} WARNING - Connection schemes (type: google_cloud_platform) shall not contain '_' according to RFC3986.
[2025-04-14T11:38:41.694+0000] {base.py:84} INFO - Retrieving connection 'google_cloud_default'
[2025-04-14T11:38:42.137+0000] {dataproc.py:2630} INFO - Job 8e69dbac-8f3b-4d9e-9908-6d14e146bec3 submitted successfully.
[2025-04-14T11:38:42.160+0000] {dataproc.py:2665} INFO - Waiting for job 8e69dbac-8f3b-4d9e-9908-6d14e146bec3 to complete
[2025-04-14T11:39:22.938+0000] {dataproc.py:2669} INFO - Job 8e69dbac-8f3b-4d9e-9908-6d14e146bec3 completed successfully.
[2025-04-14T11:39:22.968+0000] {taskinstance.py:341} INFO - ::group::Post task execution logs
[2025-04-14T11:39:22.968+0000] {taskinstance.py:353} INFO - Marking task as SUCCESS. dag_id=spark_csv_to_parquet, task_id=submit_spark_job, run_id=manual__2025-04-14T08:42:22.510334+00:00, execution_date=20250414T084222, start_date=20250414T113841, end_date=20250414T113922
[2025-04-14T11:39:23.020+0000] {local_task_job_runner.py:266} INFO - Task exited with return code 0
[2025-04-14T11:39:23.037+0000] {taskinstance.py:3901} INFO - 0 downstream tasks scheduled from follow-on schedule check
[2025-04-14T11:39:23.040+0000] {local_task_job_runner.py:245} INFO - ::endgroup::
