[2025-04-14T09:29:02.981+0000] {local_task_job_runner.py:123} INFO - ::group::Pre task execution logs
[2025-04-14T09:29:03.010+0000] {taskinstance.py:2614} INFO - Dependencies all met for dep_context=non-requeueable deps ti=<TaskInstance: spark_csv_to_parquet.submit_spark_job manual__2025-04-14T08:42:22.510334+00:00 [queued]>
[2025-04-14T09:29:03.025+0000] {taskinstance.py:2614} INFO - Dependencies all met for dep_context=requeueable deps ti=<TaskInstance: spark_csv_to_parquet.submit_spark_job manual__2025-04-14T08:42:22.510334+00:00 [queued]>
[2025-04-14T09:29:03.027+0000] {taskinstance.py:2867} INFO - Starting attempt 8 of 8
[2025-04-14T09:29:03.050+0000] {taskinstance.py:2890} INFO - Executing <Task(DataprocSubmitJobOperator): submit_spark_job> on 2025-04-14 08:42:22.510334+00:00
[2025-04-14T09:29:03.064+0000] {standard_task_runner.py:104} INFO - Running: ['***', 'tasks', 'run', 'spark_csv_to_parquet', 'submit_spark_job', 'manual__2025-04-14T08:42:22.510334+00:00', '--job-id', '361', '--raw', '--subdir', 'DAGS_FOLDER/spark_job/spark_job.py', '--cfg-path', '/tmp/tmpfsrelo81']
[2025-04-14T09:29:03.065+0000] {logging_mixin.py:190} WARNING - /home/***/.local/lib/python3.12/site-packages/***/task/task_runner/standard_task_runner.py:70 DeprecationWarning: This process (pid=5948) is multi-threaded, use of fork() may lead to deadlocks in the child.
[2025-04-14T09:29:03.067+0000] {standard_task_runner.py:105} INFO - Job 361: Subtask submit_spark_job
[2025-04-14T09:29:03.067+0000] {standard_task_runner.py:72} INFO - Started process 5949 to run task
[2025-04-14T09:29:03.133+0000] {task_command.py:467} INFO - Running <TaskInstance: spark_csv_to_parquet.submit_spark_job manual__2025-04-14T08:42:22.510334+00:00 [running]> on host 3330be1269a6
[2025-04-14T09:29:03.247+0000] {taskinstance.py:3134} INFO - Exporting env vars: AIRFLOW_CTX_DAG_OWNER='***' AIRFLOW_CTX_DAG_ID='spark_csv_to_parquet' AIRFLOW_CTX_TASK_ID='submit_spark_job' AIRFLOW_CTX_EXECUTION_DATE='2025-04-14T08:42:22.510334+00:00' AIRFLOW_CTX_TRY_NUMBER='8' AIRFLOW_CTX_DAG_RUN_ID='manual__2025-04-14T08:42:22.510334+00:00'
[2025-04-14T09:29:03.249+0000] {taskinstance.py:732} INFO - ::endgroup::
[2025-04-14T09:29:03.272+0000] {dataproc.py:2618} INFO - Submitting job
[2025-04-14T09:29:03.282+0000] {connection.py:277} WARNING - Connection schemes (type: google_cloud_platform) shall not contain '_' according to RFC3986.
[2025-04-14T09:29:03.286+0000] {base.py:84} INFO - Retrieving connection 'google_cloud_default'
[2025-04-14T09:29:03.749+0000] {dataproc.py:2630} INFO - Job e7d47780-0bc5-41b5-aa82-515c002101ca submitted successfully.
[2025-04-14T09:29:03.766+0000] {dataproc.py:2665} INFO - Waiting for job e7d47780-0bc5-41b5-aa82-515c002101ca to complete
[2025-04-14T09:29:44.517+0000] {dataproc.py:2669} INFO - Job e7d47780-0bc5-41b5-aa82-515c002101ca completed successfully.
[2025-04-14T09:29:44.556+0000] {taskinstance.py:341} INFO - ::group::Post task execution logs
[2025-04-14T09:29:44.598+0000] {taskinstance.py:353} INFO - Marking task as SUCCESS. dag_id=spark_csv_to_parquet, task_id=submit_spark_job, run_id=manual__2025-04-14T08:42:22.510334+00:00, execution_date=20250414T084222, start_date=20250414T092903, end_date=20250414T092944
[2025-04-14T09:29:44.763+0000] {local_task_job_runner.py:266} INFO - Task exited with return code 0
[2025-04-14T09:29:44.811+0000] {taskinstance.py:3901} INFO - 0 downstream tasks scheduled from follow-on schedule check
[2025-04-14T09:29:44.813+0000] {local_task_job_runner.py:245} INFO - ::endgroup::
