[2025-04-14T09:24:54.447+0000] {local_task_job_runner.py:123} INFO - ::group::Pre task execution logs
[2025-04-14T09:24:54.485+0000] {taskinstance.py:2614} INFO - Dependencies all met for dep_context=non-requeueable deps ti=<TaskInstance: spark_csv_to_parquet.submit_spark_job manual__2025-04-14T08:42:22.510334+00:00 [queued]>
[2025-04-14T09:24:54.511+0000] {taskinstance.py:2614} INFO - Dependencies all met for dep_context=requeueable deps ti=<TaskInstance: spark_csv_to_parquet.submit_spark_job manual__2025-04-14T08:42:22.510334+00:00 [queued]>
[2025-04-14T09:24:54.513+0000] {taskinstance.py:2867} INFO - Starting attempt 7 of 7
[2025-04-14T09:24:54.545+0000] {taskinstance.py:2890} INFO - Executing <Task(DataprocSubmitJobOperator): submit_spark_job> on 2025-04-14 08:42:22.510334+00:00
[2025-04-14T09:24:54.562+0000] {standard_task_runner.py:104} INFO - Running: ['***', 'tasks', 'run', 'spark_csv_to_parquet', 'submit_spark_job', 'manual__2025-04-14T08:42:22.510334+00:00', '--job-id', '360', '--raw', '--subdir', 'DAGS_FOLDER/spark_job/spark_job.py', '--cfg-path', '/tmp/tmpqrflmwpc']
[2025-04-14T09:24:54.569+0000] {standard_task_runner.py:105} INFO - Job 360: Subtask submit_spark_job
[2025-04-14T09:24:54.563+0000] {logging_mixin.py:190} WARNING - /home/***/.local/lib/python3.12/site-packages/***/task/task_runner/standard_task_runner.py:70 DeprecationWarning: This process (pid=5734) is multi-threaded, use of fork() may lead to deadlocks in the child.
[2025-04-14T09:24:54.577+0000] {standard_task_runner.py:72} INFO - Started process 5735 to run task
[2025-04-14T09:24:54.699+0000] {task_command.py:467} INFO - Running <TaskInstance: spark_csv_to_parquet.submit_spark_job manual__2025-04-14T08:42:22.510334+00:00 [running]> on host 3330be1269a6
[2025-04-14T09:24:54.797+0000] {taskinstance.py:3134} INFO - Exporting env vars: AIRFLOW_CTX_DAG_OWNER='***' AIRFLOW_CTX_DAG_ID='spark_csv_to_parquet' AIRFLOW_CTX_TASK_ID='submit_spark_job' AIRFLOW_CTX_EXECUTION_DATE='2025-04-14T08:42:22.510334+00:00' AIRFLOW_CTX_TRY_NUMBER='7' AIRFLOW_CTX_DAG_RUN_ID='manual__2025-04-14T08:42:22.510334+00:00'
[2025-04-14T09:24:54.799+0000] {taskinstance.py:732} INFO - ::endgroup::
[2025-04-14T09:24:54.820+0000] {dataproc.py:2618} INFO - Submitting job
[2025-04-14T09:24:54.831+0000] {connection.py:277} WARNING - Connection schemes (type: google_cloud_platform) shall not contain '_' according to RFC3986.
[2025-04-14T09:24:54.834+0000] {base.py:84} INFO - Retrieving connection 'google_cloud_default'
[2025-04-14T09:24:55.148+0000] {dataproc.py:2630} INFO - Job ec3adb55-1370-4016-b79e-9c313180c844 submitted successfully.
[2025-04-14T09:24:55.167+0000] {dataproc.py:2665} INFO - Waiting for job ec3adb55-1370-4016-b79e-9c313180c844 to complete
[2025-04-14T09:25:36.171+0000] {dataproc.py:2669} INFO - Job ec3adb55-1370-4016-b79e-9c313180c844 completed successfully.
[2025-04-14T09:25:36.197+0000] {taskinstance.py:341} INFO - ::group::Post task execution logs
[2025-04-14T09:25:36.198+0000] {taskinstance.py:353} INFO - Marking task as SUCCESS. dag_id=spark_csv_to_parquet, task_id=submit_spark_job, run_id=manual__2025-04-14T08:42:22.510334+00:00, execution_date=20250414T084222, start_date=20250414T092454, end_date=20250414T092536
[2025-04-14T09:25:36.260+0000] {local_task_job_runner.py:266} INFO - Task exited with return code 0
[2025-04-14T09:25:36.280+0000] {taskinstance.py:3901} INFO - 0 downstream tasks scheduled from follow-on schedule check
[2025-04-14T09:25:36.283+0000] {local_task_job_runner.py:245} INFO - ::endgroup::
