[2025-04-13T20:20:32.660+0000] {local_task_job_runner.py:123} INFO - ::group::Pre task execution logs
[2025-04-13T20:20:32.676+0000] {taskinstance.py:2614} INFO - Dependencies all met for dep_context=non-requeueable deps ti=<TaskInstance: gcs_dlt_data_pipeline.download_file scheduled__2000-01-01T00:00:00+00:00 [queued]>
[2025-04-13T20:20:32.685+0000] {taskinstance.py:2614} INFO - Dependencies all met for dep_context=requeueable deps ti=<TaskInstance: gcs_dlt_data_pipeline.download_file scheduled__2000-01-01T00:00:00+00:00 [queued]>
[2025-04-13T20:20:32.686+0000] {taskinstance.py:2867} INFO - Starting attempt 4 of 5
[2025-04-13T20:20:32.698+0000] {taskinstance.py:2890} INFO - Executing <Task(PythonOperator): download_file> on 2000-01-01 00:00:00+00:00
[2025-04-13T20:20:32.706+0000] {standard_task_runner.py:104} INFO - Running: ['***', 'tasks', 'run', 'gcs_dlt_data_pipeline', 'download_file', 'scheduled__2000-01-01T00:00:00+00:00', '--job-id', '237', '--raw', '--subdir', 'DAGS_FOLDER/first_stage/first_stage.py', '--cfg-path', '/tmp/tmps6ql23ax']
[2025-04-13T20:20:32.709+0000] {standard_task_runner.py:105} INFO - Job 237: Subtask download_file
[2025-04-13T20:20:32.710+0000] {logging_mixin.py:190} WARNING - /home/***/.local/lib/python3.12/site-packages/***/task/task_runner/standard_task_runner.py:70 DeprecationWarning: This process (pid=632) is multi-threaded, use of fork() may lead to deadlocks in the child.
[2025-04-13T20:20:32.711+0000] {standard_task_runner.py:72} INFO - Started process 634 to run task
[2025-04-13T20:20:32.758+0000] {task_command.py:467} INFO - Running <TaskInstance: gcs_dlt_data_pipeline.download_file scheduled__2000-01-01T00:00:00+00:00 [running]> on host 7f7577d1d274
[2025-04-13T20:20:32.852+0000] {taskinstance.py:3134} INFO - Exporting env vars: AIRFLOW_CTX_DAG_OWNER='***' AIRFLOW_CTX_DAG_ID='gcs_dlt_data_pipeline' AIRFLOW_CTX_TASK_ID='download_file' AIRFLOW_CTX_EXECUTION_DATE='2000-01-01T00:00:00+00:00' AIRFLOW_CTX_TRY_NUMBER='4' AIRFLOW_CTX_DAG_RUN_ID='scheduled__2000-01-01T00:00:00+00:00'
[2025-04-13T20:20:32.854+0000] {taskinstance.py:732} INFO - ::endgroup::
[2025-04-13T20:20:32.881+0000] {logging_mixin.py:190} INFO - Source File Path: raw/2000.csv.bz2
[2025-04-13T20:20:32.882+0000] {logging_mixin.py:190} INFO - Destination File Path: /tmp/2000.csv.bz2
[2025-04-13T20:20:32.882+0000] {logging_mixin.py:190} INFO - Downloading raw/2000.csv.bz2 from bucket db_project_data_bucket to /tmp/2000.csv.bz2
[2025-04-13T20:20:37.527+0000] {logging_mixin.py:190} INFO - Downloaded db_project_data_bucket/raw/2000.csv.bz2 to /tmp/2000.csv.bz2
[2025-04-13T20:20:59.889+0000] {python.py:240} INFO - Done. Returned value was: /tmp/2000.csv
[2025-04-13T20:20:59.941+0000] {taskinstance.py:341} INFO - ::group::Post task execution logs
[2025-04-13T20:20:59.942+0000] {taskinstance.py:353} INFO - Marking task as SUCCESS. dag_id=gcs_dlt_data_pipeline, task_id=download_file, run_id=scheduled__2000-01-01T00:00:00+00:00, execution_date=20000101T000000, start_date=20250413T202032, end_date=20250413T202059
[2025-04-13T20:21:00.004+0000] {local_task_job_runner.py:266} INFO - Task exited with return code 0
[2025-04-13T20:21:00.038+0000] {taskinstance.py:3901} INFO - 1 downstream tasks scheduled from follow-on schedule check
[2025-04-13T20:21:00.040+0000] {local_task_job_runner.py:245} INFO - ::endgroup::
