[2025-04-13T20:07:55.730+0000] {local_task_job_runner.py:123} INFO - ::group::Pre task execution logs
[2025-04-13T20:07:56.043+0000] {taskinstance.py:2614} INFO - Dependencies all met for dep_context=non-requeueable deps ti=<TaskInstance: gcs_dlt_data_pipeline.download_file scheduled__2000-01-01T00:00:00+00:00 [queued]>
[2025-04-13T20:07:56.053+0000] {taskinstance.py:2614} INFO - Dependencies all met for dep_context=requeueable deps ti=<TaskInstance: gcs_dlt_data_pipeline.download_file scheduled__2000-01-01T00:00:00+00:00 [queued]>
[2025-04-13T20:07:56.054+0000] {taskinstance.py:2867} INFO - Starting attempt 3 of 2
[2025-04-13T20:07:56.348+0000] {taskinstance.py:2890} INFO - Executing <Task(PythonOperator): download_file> on 2000-01-01 00:00:00+00:00
[2025-04-13T20:07:56.411+0000] {standard_task_runner.py:104} INFO - Running: ['***', 'tasks', 'run', 'gcs_dlt_data_pipeline', 'download_file', 'scheduled__2000-01-01T00:00:00+00:00', '--job-id', '214', '--raw', '--subdir', 'DAGS_FOLDER/first_stage/first_stage.py', '--cfg-path', '/tmp/tmpvuzjjedw']
[2025-04-13T20:07:56.426+0000] {standard_task_runner.py:105} INFO - Job 214: Subtask download_file
[2025-04-13T20:07:56.443+0000] {logging_mixin.py:190} WARNING - /home/***/.local/lib/python3.12/site-packages/***/task/task_runner/standard_task_runner.py:70 DeprecationWarning: This process (pid=234) is multi-threaded, use of fork() may lead to deadlocks in the child.
[2025-04-13T20:07:56.452+0000] {standard_task_runner.py:72} INFO - Started process 249 to run task
[2025-04-13T20:07:56.647+0000] {task_command.py:467} INFO - Running <TaskInstance: gcs_dlt_data_pipeline.download_file scheduled__2000-01-01T00:00:00+00:00 [running]> on host 7f7577d1d274
[2025-04-13T20:07:57.350+0000] {taskinstance.py:3134} INFO - Exporting env vars: AIRFLOW_CTX_DAG_OWNER='***' AIRFLOW_CTX_DAG_ID='gcs_dlt_data_pipeline' AIRFLOW_CTX_TASK_ID='download_file' AIRFLOW_CTX_EXECUTION_DATE='2000-01-01T00:00:00+00:00' AIRFLOW_CTX_TRY_NUMBER='3' AIRFLOW_CTX_DAG_RUN_ID='scheduled__2000-01-01T00:00:00+00:00'
[2025-04-13T20:07:57.354+0000] {taskinstance.py:732} INFO - ::endgroup::
[2025-04-13T20:07:57.448+0000] {logging_mixin.py:190} INFO - Source File Path: raw/2000.csv.bz2
[2025-04-13T20:07:57.449+0000] {logging_mixin.py:190} INFO - Destination File Path: /tmp/2000.csv.bz2
[2025-04-13T20:07:57.453+0000] {logging_mixin.py:190} INFO - Downloading raw/2000.csv.bz2 from bucket db_project_data_bucket to /tmp/2000.csv.bz2
[2025-04-13T20:08:39.104+0000] {logging_mixin.py:190} INFO - Downloaded db_project_data_bucket/raw/2000.csv.bz2 to /tmp/2000.csv.bz2
[2025-04-13T20:09:47.890+0000] {python.py:240} INFO - Done. Returned value was: /tmp/2000.csv
[2025-04-13T20:09:48.313+0000] {taskinstance.py:341} INFO - ::group::Post task execution logs
[2025-04-13T20:09:48.326+0000] {taskinstance.py:353} INFO - Marking task as SUCCESS. dag_id=gcs_dlt_data_pipeline, task_id=download_file, run_id=scheduled__2000-01-01T00:00:00+00:00, execution_date=20000101T000000, start_date=20250413T200756, end_date=20250413T200948
[2025-04-13T20:09:48.440+0000] {local_task_job_runner.py:266} INFO - Task exited with return code 0
[2025-04-13T20:09:48.629+0000] {taskinstance.py:3901} INFO - 1 downstream tasks scheduled from follow-on schedule check
[2025-04-13T20:09:48.632+0000] {local_task_job_runner.py:245} INFO - ::endgroup::
